{"body_size_bytes":0,"environment":"development","host":"49d81104c2d3","level":"info","message":"HTTP request start","method":"GET","request_id":"0410b618-b492-48d4-8b49-05e7f077db36","route":"/api/v1/users/current","service":"task-manager","timestamp":"2025-11-18T08:16:00.279Z","user_id":"anonymous"}
{"environment":"development","host":"49d81104c2d3","level":"info","message":"userAuth - token verified successfully","service":"task-manager","timestamp":"2025-11-18T08:16:00.320Z","userId":"691ae2bcd0d83515c1a8e308"}
{"environment":"development","host":"49d81104c2d3","level":"info","message":"Current user fetched from DB and cached","service":"task-manager","timestamp":"2025-11-18T08:16:00.376Z","userId":"691ae2bcd0d83515c1a8e308"}
{"duration":"0.103s","environment":"development","host":"49d81104c2d3","level":"info","message":"HTTP request end","request_id":"0410b618-b492-48d4-8b49-05e7f077db36","service":"task-manager","status_code":200,"timestamp":"2025-11-18T08:16:00.383Z"}
{"body_size_bytes":0,"environment":"development","host":"49d81104c2d3","level":"info","message":"HTTP request start","method":"GET","request_id":"1c881371-b4ba-4f51-b7fd-67bd1c8de95f","route":"/api/v1/users/current","service":"task-manager","timestamp":"2025-11-18T08:16:07.699Z","user_id":"anonymous"}
{"environment":"development","host":"49d81104c2d3","level":"info","message":"userAuth - token verified successfully","service":"task-manager","timestamp":"2025-11-18T08:16:07.704Z","userId":"691ae2bcd0d83515c1a8e308"}
{"environment":"development","host":"49d81104c2d3","level":"info","message":"Current user retrieved from cache","service":"task-manager","timestamp":"2025-11-18T08:16:07.705Z","userId":"691ae2bcd0d83515c1a8e308"}
{"duration":"0.008s","environment":"development","host":"49d81104c2d3","level":"info","message":"HTTP request end","request_id":"1c881371-b4ba-4f51-b7fd-67bd1c8de95f","service":"task-manager","status_code":200,"timestamp":"2025-11-18T08:16:07.707Z"}
{"body_size_bytes":0,"environment":"development","host":"49d81104c2d3","level":"info","message":"HTTP request start","method":"POST","request_id":"d1fad125-a0a6-45d4-9ae3-c6d656e85942","route":"/api/v1/auth/users/logout","service":"task-manager","timestamp":"2025-11-18T08:16:16.751Z","user_id":"anonymous"}
{"environment":"development","host":"49d81104c2d3","level":"info","message":"logoutAccount - start","method":"POST","route":"/api/v1/auth/users/logout","service":"task-manager","timestamp":"2025-11-18T08:16:16.753Z","userId":"anonymous"}
{"environment":"development","host":"49d81104c2d3","level":"info","message":"logoutAccount - user logged out successfully","service":"task-manager","timestamp":"2025-11-18T08:16:16.754Z","userId":"anonymous"}
{"duration":"0.009s","environment":"development","host":"49d81104c2d3","level":"info","message":"HTTP request end","request_id":"d1fad125-a0a6-45d4-9ae3-c6d656e85942","service":"task-manager","status_code":200,"timestamp":"2025-11-18T08:16:16.761Z"}
{"body_size_bytes":57,"environment":"development","host":"49d81104c2d3","level":"info","message":"HTTP request start","method":"POST","request_id":"ab2d694a-fd16-4a7f-b35a-108b0583b41b","route":"/api/v1/auth/users/login","service":"task-manager","timestamp":"2025-11-18T08:16:22.894Z","user_id":"anonymous"}
{"body":{"email":"pm.lola2022@gmail.com","password":"Pm123456@"},"environment":"development","host":"49d81104c2d3","level":"info","message":"loginAccount - start","method":"POST","route":"/api/v1/auth/users/login","service":"task-manager","timestamp":"2025-11-18T08:16:22.896Z"}
{"email":"pm.lola2022@gmail.com","environment":"development","host":"49d81104c2d3","level":"warn","message":"loginAccount - invalid password","service":"task-manager","timestamp":"2025-11-18T08:16:23.103Z"}
{"body":{"email":"pm.lola2022@gmail.com","password":"Pm123456@"},"environment":"development","host":"49d81104c2d3","level":"error","message":"Express error caught Invalid password","method":"POST","path":"/api/v1/auth/users/login","service":"task-manager","status":401,"timestamp":"2025-11-18T08:16:23.104Z","user":"anonymous"}
{"duration":"0.211s","environment":"development","host":"49d81104c2d3","level":"info","message":"HTTP request end","request_id":"ab2d694a-fd16-4a7f-b35a-108b0583b41b","service":"task-manager","status_code":401,"timestamp":"2025-11-18T08:16:23.105Z"}
{"body_size_bytes":57,"environment":"development","host":"49d81104c2d3","level":"info","message":"HTTP request start","method":"POST","request_id":"075d087f-b8a1-43e2-ae36-35a4d10c7a89","route":"/api/v1/auth/users/login","service":"task-manager","timestamp":"2025-11-18T08:16:37.516Z","user_id":"anonymous"}
{"body":{"email":"pm.lola2022@gmail.com","password":"Pm12345@"},"environment":"development","host":"49d81104c2d3","level":"info","message":"loginAccount - start","method":"POST","route":"/api/v1/auth/users/login","service":"task-manager","timestamp":"2025-11-18T08:16:37.517Z"}
{"email":"pm.lola2022@gmail.com","environment":"development","host":"49d81104c2d3","level":"info","message":"loginAccount - user logged in successfully","service":"task-manager","timestamp":"2025-11-18T08:16:37.635Z","userId":"691ae2bcd0d83515c1a8e308"}
{"duration":"0.120s","environment":"development","host":"49d81104c2d3","level":"info","message":"HTTP request end","request_id":"075d087f-b8a1-43e2-ae36-35a4d10c7a89","service":"task-manager","status_code":200,"timestamp":"2025-11-18T08:16:37.636Z"}
{"body_size_bytes":0,"environment":"development","host":"49d81104c2d3","level":"info","message":"HTTP request start","method":"GET","request_id":"9fb5732b-8aa8-44f5-896e-54f45235f3e6","route":"/api/v1/users/current","service":"task-manager","timestamp":"2025-11-18T08:16:43.474Z","user_id":"anonymous"}
{"environment":"development","host":"49d81104c2d3","level":"info","message":"userAuth - token verified successfully","service":"task-manager","timestamp":"2025-11-18T08:16:43.484Z","userId":"691ae2bcd0d83515c1a8e308"}
{"environment":"development","host":"49d81104c2d3","level":"info","message":"Current user retrieved from cache","service":"task-manager","timestamp":"2025-11-18T08:16:43.485Z","userId":"691ae2bcd0d83515c1a8e308"}
{"duration":"0.018s","environment":"development","host":"49d81104c2d3","level":"info","message":"HTTP request end","request_id":"9fb5732b-8aa8-44f5-896e-54f45235f3e6","service":"task-manager","status_code":304,"timestamp":"2025-11-18T08:16:43.493Z"}
{"body_size_bytes":0,"environment":"development","host":"49d81104c2d3","level":"info","message":"HTTP request start","method":"GET","request_id":"3e2cc801-c430-4fda-ab8a-882c6f2f859e","route":"/api/v1/users/current","service":"task-manager","timestamp":"2025-11-18T08:27:48.261Z","user_id":"anonymous"}
{"environment":"development","host":"49d81104c2d3","level":"info","message":"userAuth - token verified successfully","service":"task-manager","timestamp":"2025-11-18T08:27:48.267Z","userId":"691ae2bcd0d83515c1a8e308"}
{"environment":"development","host":"49d81104c2d3","level":"info","message":"Current user fetched from DB and cached","service":"task-manager","timestamp":"2025-11-18T08:27:48.272Z","userId":"691ae2bcd0d83515c1a8e308"}
{"duration":"0.013s","environment":"development","host":"49d81104c2d3","level":"info","message":"HTTP request end","request_id":"3e2cc801-c430-4fda-ab8a-882c6f2f859e","service":"task-manager","status_code":200,"timestamp":"2025-11-18T08:27:48.274Z"}
{"body_size_bytes":0,"environment":"development","host":"49d81104c2d3","level":"info","message":"HTTP request start","method":"GET","request_id":"a1d0cdac-0a96-414c-8008-d44c9dc0eb1c","route":"/api/v1/users/current","service":"task-manager","timestamp":"2025-11-18T08:30:26.711Z","user_id":"anonymous"}
{"environment":"development","host":"49d81104c2d3","level":"info","message":"userAuth - token verified successfully","service":"task-manager","timestamp":"2025-11-18T08:30:26.716Z","userId":"691ae2bcd0d83515c1a8e308"}
{"environment":"development","host":"49d81104c2d3","level":"info","message":"Current user fetched from DB and cached","service":"task-manager","timestamp":"2025-11-18T08:30:26.721Z","userId":"691ae2bcd0d83515c1a8e308"}
{"duration":"0.012s","environment":"development","host":"49d81104c2d3","level":"info","message":"HTTP request end","request_id":"a1d0cdac-0a96-414c-8008-d44c9dc0eb1c","service":"task-manager","status_code":304,"timestamp":"2025-11-18T08:30:26.723Z"}
{"body_size_bytes":0,"environment":"development","host":"49d81104c2d3","level":"info","message":"HTTP request start","method":"GET","request_id":"af99ea31-5172-4aa9-923a-6cbadf3cd171","route":"/api/v1/users/current","service":"task-manager","timestamp":"2025-11-18T08:30:52.781Z","user_id":"anonymous"}
{"environment":"development","host":"49d81104c2d3","level":"info","message":"userAuth - token verified successfully","service":"task-manager","timestamp":"2025-11-18T08:30:52.785Z","userId":"691ae2bcd0d83515c1a8e308"}
{"environment":"development","host":"49d81104c2d3","level":"info","message":"Current user retrieved from cache","service":"task-manager","timestamp":"2025-11-18T08:30:52.785Z","userId":"691ae2bcd0d83515c1a8e308"}
{"duration":"0.007s","environment":"development","host":"49d81104c2d3","level":"info","message":"HTTP request end","request_id":"af99ea31-5172-4aa9-923a-6cbadf3cd171","service":"task-manager","status_code":200,"timestamp":"2025-11-18T08:30:52.788Z"}
{"body_size_bytes":0,"environment":"development","host":"49d81104c2d3","level":"info","message":"HTTP request start","method":"GET","request_id":"3a6231e7-7d2b-4c73-befa-da515539f1fb","route":"/api/v1/users/current","service":"task-manager","timestamp":"2025-11-18T08:30:57.998Z","user_id":"anonymous"}
{"environment":"development","host":"49d81104c2d3","level":"info","message":"userAuth - token verified successfully","service":"task-manager","timestamp":"2025-11-18T08:30:58.002Z","userId":"691ae2bcd0d83515c1a8e308"}
{"environment":"development","host":"49d81104c2d3","level":"info","message":"Current user retrieved from cache","service":"task-manager","timestamp":"2025-11-18T08:30:58.003Z","userId":"691ae2bcd0d83515c1a8e308"}
{"duration":"0.007s","environment":"development","host":"49d81104c2d3","level":"info","message":"HTTP request end","request_id":"3a6231e7-7d2b-4c73-befa-da515539f1fb","service":"task-manager","status_code":304,"timestamp":"2025-11-18T08:30:58.005Z"}
{"body_size_bytes":0,"environment":"development","host":"49d81104c2d3","level":"info","message":"HTTP request start","method":"GET","request_id":"4d79178f-82f6-4f77-9f7f-067f01104994","route":"/api/v1/users/current","service":"task-manager","timestamp":"2025-11-18T08:31:15.479Z","user_id":"anonymous"}
{"environment":"development","host":"49d81104c2d3","level":"info","message":"userAuth - token verified successfully","service":"task-manager","timestamp":"2025-11-18T08:31:15.484Z","userId":"691ae2bcd0d83515c1a8e308"}
{"environment":"development","host":"49d81104c2d3","level":"info","message":"Current user retrieved from cache","service":"task-manager","timestamp":"2025-11-18T08:31:15.484Z","userId":"691ae2bcd0d83515c1a8e308"}
{"duration":"0.007s","environment":"development","host":"49d81104c2d3","level":"info","message":"HTTP request end","request_id":"4d79178f-82f6-4f77-9f7f-067f01104994","service":"task-manager","status_code":304,"timestamp":"2025-11-18T08:31:15.486Z"}
{"body_size_bytes":0,"environment":"development","host":"49d81104c2d3","level":"info","message":"HTTP request start","method":"GET","request_id":"8a1069da-0b54-43ab-841c-688d720f8ba5","route":"/api/v1/users/current","service":"task-manager","timestamp":"2025-11-18T08:31:59.091Z","user_id":"anonymous"}
{"environment":"development","host":"49d81104c2d3","level":"info","message":"userAuth - token verified successfully","service":"task-manager","timestamp":"2025-11-18T08:31:59.094Z","userId":"691ae2bcd0d83515c1a8e308"}
{"environment":"development","host":"49d81104c2d3","level":"info","message":"Current user retrieved from cache","service":"task-manager","timestamp":"2025-11-18T08:31:59.094Z","userId":"691ae2bcd0d83515c1a8e308"}
{"duration":"0.006s","environment":"development","host":"49d81104c2d3","level":"info","message":"HTTP request end","request_id":"8a1069da-0b54-43ab-841c-688d720f8ba5","service":"task-manager","status_code":304,"timestamp":"2025-11-18T08:31:59.096Z"}
{"body_size_bytes":0,"environment":"development","host":"49d81104c2d3","level":"info","message":"HTTP request start","method":"GET","request_id":"f28009be-3403-4d03-9b5d-af84e75fdb77","route":"/api/v1/users/current","service":"task-manager","timestamp":"2025-11-18T08:32:06.980Z","user_id":"anonymous"}
{"environment":"development","host":"49d81104c2d3","level":"info","message":"userAuth - token verified successfully","service":"task-manager","timestamp":"2025-11-18T08:32:06.985Z","userId":"691ae2bcd0d83515c1a8e308"}
{"environment":"development","host":"49d81104c2d3","level":"info","message":"Current user fetched from DB and cached","service":"task-manager","timestamp":"2025-11-18T08:32:06.990Z","userId":"691ae2bcd0d83515c1a8e308"}
{"duration":"0.011s","environment":"development","host":"49d81104c2d3","level":"info","message":"HTTP request end","request_id":"f28009be-3403-4d03-9b5d-af84e75fdb77","service":"task-manager","status_code":200,"timestamp":"2025-11-18T08:32:06.991Z"}
