{"body_size_bytes":0,"environment":"development","host":"e2062f21fdd9","level":"info","message":"HTTP request start","method":"GET","request_id":"26011ebf-55a4-4170-9357-889bdf11eeb0","route":"/api/v1/users/current","service":"task-manager","timestamp":"2026-02-03T17:21:55.761Z","user_id":"anonymous"}
{"environment":"development","host":"e2062f21fdd9","level":"info","message":"userAuth - token verified successfully","service":"task-manager","timestamp":"2026-02-03T17:21:55.775Z","userId":"6920e485997fd01bfe2282bb"}
{"environment":"development","host":"e2062f21fdd9","level":"info","message":"Current user fetched from DB and cached","service":"task-manager","timestamp":"2026-02-03T17:21:55.811Z","userId":"6920e485997fd01bfe2282bb"}
{"duration":"0.060s","environment":"development","host":"e2062f21fdd9","level":"info","message":"HTTP request end","request_id":"26011ebf-55a4-4170-9357-889bdf11eeb0","service":"task-manager","status_code":200,"timestamp":"2026-02-03T17:21:55.822Z"}
{"body_size_bytes":0,"environment":"development","host":"e2062f21fdd9","level":"info","message":"HTTP request start","method":"POST","request_id":"64184432-fa2c-4cad-a235-7401f0cc418e","route":"/api/v1/auth/users/logout","service":"task-manager","timestamp":"2026-02-03T17:22:01.812Z","user_id":"anonymous"}
{"environment":"development","host":"e2062f21fdd9","level":"info","message":"logoutAccount - start","method":"POST","route":"/api/v1/auth/users/logout","service":"task-manager","timestamp":"2026-02-03T17:22:01.818Z","userId":"anonymous"}
{"environment":"development","host":"e2062f21fdd9","level":"info","message":"logoutAccount - user logged out successfully","service":"task-manager","timestamp":"2026-02-03T17:22:01.824Z","userId":"anonymous"}
{"duration":"0.020s","environment":"development","host":"e2062f21fdd9","level":"info","message":"HTTP request end","request_id":"64184432-fa2c-4cad-a235-7401f0cc418e","service":"task-manager","status_code":200,"timestamp":"2026-02-03T17:22:01.833Z"}
{"body_size_bytes":0,"environment":"development","host":"e2062f21fdd9","level":"info","message":"HTTP request start","method":"POST","request_id":"7960e930-f6e5-4b3f-95e1-4810177bdab5","route":"/api/v1/auth/users/logout","service":"task-manager","timestamp":"2026-02-03T17:22:13.613Z","user_id":"anonymous"}
{"environment":"development","host":"e2062f21fdd9","level":"info","message":"logoutAccount - start","method":"POST","route":"/api/v1/auth/users/logout","service":"task-manager","timestamp":"2026-02-03T17:22:13.618Z","userId":"anonymous"}
{"environment":"development","host":"e2062f21fdd9","level":"info","message":"logoutAccount - user logged out successfully","service":"task-manager","timestamp":"2026-02-03T17:22:13.620Z","userId":"anonymous"}
{"duration":"0.014s","environment":"development","host":"e2062f21fdd9","level":"info","message":"HTTP request end","request_id":"7960e930-f6e5-4b3f-95e1-4810177bdab5","service":"task-manager","status_code":200,"timestamp":"2026-02-03T17:22:13.628Z"}
{"body_size_bytes":0,"environment":"development","host":"e2062f21fdd9","level":"info","message":"HTTP request start","method":"POST","request_id":"4fa8e81a-c8ad-4970-bba0-3efd8ca1713e","route":"/api/v1/auth/users/logout","service":"task-manager","timestamp":"2026-02-03T17:25:24.735Z","user_id":"anonymous"}
{"environment":"development","host":"e2062f21fdd9","level":"info","message":"logoutAccount - start","method":"POST","route":"/api/v1/auth/users/logout","service":"task-manager","timestamp":"2026-02-03T17:25:24.737Z","userId":"anonymous"}
{"environment":"development","host":"e2062f21fdd9","level":"info","message":"logoutAccount - user logged out successfully","service":"task-manager","timestamp":"2026-02-03T17:25:24.739Z","userId":"anonymous"}
{"duration":"0.011s","environment":"development","host":"e2062f21fdd9","level":"info","message":"HTTP request end","request_id":"4fa8e81a-c8ad-4970-bba0-3efd8ca1713e","service":"task-manager","status_code":200,"timestamp":"2026-02-03T17:25:24.746Z"}
{"body_size_bytes":0,"environment":"development","host":"e2062f21fdd9","level":"info","message":"HTTP request start","method":"GET","request_id":"378747d4-684d-46ce-9257-f9f8b56dd855","route":"/api/v1/users/current","service":"task-manager","timestamp":"2026-02-03T17:36:43.857Z","user_id":"anonymous"}
{"environment":"development","host":"e2062f21fdd9","level":"info","message":"userAuth - no token provided","method":"GET","path":"/current","service":"task-manager","timestamp":"2026-02-03T17:36:43.859Z"}
{"environment":"development","host":"e2062f21fdd9","level":"warn","message":"Unauthorized attempt to access current user","service":"task-manager","timestamp":"2026-02-03T17:36:43.861Z"}
{"duration":"0.009s","environment":"development","host":"e2062f21fdd9","level":"info","message":"HTTP request end","request_id":"378747d4-684d-46ce-9257-f9f8b56dd855","service":"task-manager","status_code":401,"timestamp":"2026-02-03T17:36:43.866Z"}
{"body_size_bytes":0,"environment":"development","host":"e2062f21fdd9","level":"info","message":"HTTP request start","method":"GET","request_id":"97ce8456-928a-46a2-a34d-7aa0a9e33145","route":"/api/v1/users/current","service":"task-manager","timestamp":"2026-02-03T17:36:59.720Z","user_id":"anonymous"}
{"environment":"development","host":"e2062f21fdd9","level":"info","message":"userAuth - no token provided","method":"GET","path":"/current","service":"task-manager","timestamp":"2026-02-03T17:36:59.723Z"}
{"environment":"development","host":"e2062f21fdd9","level":"warn","message":"Unauthorized attempt to access current user","service":"task-manager","timestamp":"2026-02-03T17:36:59.724Z"}
{"duration":"0.012s","environment":"development","host":"e2062f21fdd9","level":"info","message":"HTTP request end","request_id":"97ce8456-928a-46a2-a34d-7aa0a9e33145","service":"task-manager","status_code":401,"timestamp":"2026-02-03T17:36:59.732Z"}
{"body_size_bytes":0,"environment":"development","host":"e2062f21fdd9","level":"info","message":"HTTP request start","method":"GET","request_id":"313ef638-c97a-4ae9-a275-2dcfb6ea43ba","route":"/api/v1/users/current","service":"task-manager","timestamp":"2026-02-03T17:38:39.871Z","user_id":"anonymous"}
{"environment":"development","host":"e2062f21fdd9","level":"info","message":"userAuth - no token provided","method":"GET","path":"/current","service":"task-manager","timestamp":"2026-02-03T17:38:39.874Z"}
{"environment":"development","host":"e2062f21fdd9","level":"warn","message":"Unauthorized attempt to access current user","service":"task-manager","timestamp":"2026-02-03T17:38:39.875Z"}
{"duration":"0.022s","environment":"development","host":"e2062f21fdd9","level":"info","message":"HTTP request end","request_id":"313ef638-c97a-4ae9-a275-2dcfb6ea43ba","service":"task-manager","status_code":401,"timestamp":"2026-02-03T17:38:39.895Z"}
{"body_size_bytes":0,"environment":"development","host":"e2062f21fdd9","level":"info","message":"HTTP request start","method":"GET","request_id":"135b6aec-8d41-4458-ac97-e865cf50f86a","route":"/api/v1/users/current","service":"task-manager","timestamp":"2026-02-03T17:38:44.309Z","user_id":"anonymous"}
{"environment":"development","host":"e2062f21fdd9","level":"info","message":"userAuth - no token provided","method":"GET","path":"/current","service":"task-manager","timestamp":"2026-02-03T17:38:44.310Z"}
{"environment":"development","host":"e2062f21fdd9","level":"warn","message":"Unauthorized attempt to access current user","service":"task-manager","timestamp":"2026-02-03T17:38:44.312Z"}
{"duration":"0.010s","environment":"development","host":"e2062f21fdd9","level":"info","message":"HTTP request end","request_id":"135b6aec-8d41-4458-ac97-e865cf50f86a","service":"task-manager","status_code":401,"timestamp":"2026-02-03T17:38:44.319Z"}
{"body_size_bytes":0,"environment":"development","host":"e2062f21fdd9","level":"info","message":"HTTP request start","method":"GET","request_id":"b969576e-25b2-42bf-b514-2d3d29638bf2","route":"/api/v1/users/current","service":"task-manager","timestamp":"2026-02-03T17:38:48.385Z","user_id":"anonymous"}
{"environment":"development","host":"e2062f21fdd9","level":"info","message":"userAuth - no token provided","method":"GET","path":"/current","service":"task-manager","timestamp":"2026-02-03T17:38:48.385Z"}
{"environment":"development","host":"e2062f21fdd9","level":"warn","message":"Unauthorized attempt to access current user","service":"task-manager","timestamp":"2026-02-03T17:38:48.386Z"}
{"duration":"0.005s","environment":"development","host":"e2062f21fdd9","level":"info","message":"HTTP request end","request_id":"b969576e-25b2-42bf-b514-2d3d29638bf2","service":"task-manager","status_code":401,"timestamp":"2026-02-03T17:38:48.390Z"}
{"body_size_bytes":0,"environment":"development","host":"e2062f21fdd9","level":"info","message":"HTTP request start","method":"GET","request_id":"06763e75-b56b-4080-96d6-91a3a4a1ae2d","route":"/api/v1/users/current","service":"task-manager","timestamp":"2026-02-03T17:38:53.281Z","user_id":"anonymous"}
{"environment":"development","host":"e2062f21fdd9","level":"info","message":"userAuth - no token provided","method":"GET","path":"/current","service":"task-manager","timestamp":"2026-02-03T17:38:53.283Z"}
{"environment":"development","host":"e2062f21fdd9","level":"warn","message":"Unauthorized attempt to access current user","service":"task-manager","timestamp":"2026-02-03T17:38:53.284Z"}
{"duration":"0.011s","environment":"development","host":"e2062f21fdd9","level":"info","message":"HTTP request end","request_id":"06763e75-b56b-4080-96d6-91a3a4a1ae2d","service":"task-manager","status_code":401,"timestamp":"2026-02-03T17:38:53.293Z"}
{"body_size_bytes":56,"environment":"development","host":"e2062f21fdd9","level":"info","message":"HTTP request start","method":"POST","request_id":"06745147-589c-4d80-be16-92a6f6c42fa3","route":"/api/v1/auth/users/login","service":"task-manager","timestamp":"2026-02-03T17:41:09.677Z","user_id":"anonymous"}
{"body":{"email":"a.badila@laposte.net","password":"Amina35@"},"environment":"development","host":"e2062f21fdd9","level":"info","message":"loginAccount - start","method":"POST","route":"/api/v1/auth/users/login","service":"task-manager","timestamp":"2026-02-03T17:41:09.680Z"}
{"email":"a.badila@laposte.net","environment":"development","host":"e2062f21fdd9","level":"info","message":"loginAccount - user logged in successfully","service":"task-manager","timestamp":"2026-02-03T17:41:09.801Z","userId":"6920e485997fd01bfe2282bb"}
{"duration":"0.126s","environment":"development","host":"e2062f21fdd9","level":"info","message":"HTTP request end","request_id":"06745147-589c-4d80-be16-92a6f6c42fa3","service":"task-manager","status_code":200,"timestamp":"2026-02-03T17:41:09.803Z"}
{"body_size_bytes":0,"environment":"development","host":"e2062f21fdd9","level":"info","message":"HTTP request start","method":"POST","request_id":"6971eb1d-ae1c-4b55-92ba-2f0e7a54bcf3","route":"/api/v1/auth/users/logout","service":"task-manager","timestamp":"2026-02-03T17:41:28.426Z","user_id":"anonymous"}
{"environment":"development","host":"e2062f21fdd9","level":"info","message":"logoutAccount - start","method":"POST","route":"/api/v1/auth/users/logout","service":"task-manager","timestamp":"2026-02-03T17:41:28.427Z","userId":"anonymous"}
{"environment":"development","host":"e2062f21fdd9","level":"info","message":"logoutAccount - user logged out successfully","service":"task-manager","timestamp":"2026-02-03T17:41:28.427Z","userId":"anonymous"}
{"duration":"0.003s","environment":"development","host":"e2062f21fdd9","level":"info","message":"HTTP request end","request_id":"6971eb1d-ae1c-4b55-92ba-2f0e7a54bcf3","service":"task-manager","status_code":200,"timestamp":"2026-02-03T17:41:28.429Z"}
{"body_size_bytes":56,"environment":"development","host":"e2062f21fdd9","level":"info","message":"HTTP request start","method":"POST","request_id":"db232f91-f331-45e7-83a0-17a4acaa9ada","route":"/api/v1/auth/users/login","service":"task-manager","timestamp":"2026-02-03T17:50:33.352Z","user_id":"anonymous"}
{"body":{"email":"a.badila@laposte.net","password":"Amina35@"},"environment":"development","host":"e2062f21fdd9","level":"info","message":"loginAccount - start","method":"POST","route":"/api/v1/auth/users/login","service":"task-manager","timestamp":"2026-02-03T17:50:33.354Z"}
{"email":"a.badila@laposte.net","environment":"development","host":"e2062f21fdd9","level":"info","message":"loginAccount - user logged in successfully","service":"task-manager","timestamp":"2026-02-03T17:50:33.637Z","userId":"6920e485997fd01bfe2282bb"}
{"duration":"0.287s","environment":"development","host":"e2062f21fdd9","level":"info","message":"HTTP request end","request_id":"db232f91-f331-45e7-83a0-17a4acaa9ada","service":"task-manager","status_code":200,"timestamp":"2026-02-03T17:50:33.639Z"}
{"body_size_bytes":0,"environment":"development","host":"e2062f21fdd9","level":"info","message":"HTTP request start","method":"GET","request_id":"5964e74b-bce6-44fd-89d0-12377385dbce","route":"/api/v1/users/current","service":"task-manager","timestamp":"2026-02-03T18:09:51.069Z","user_id":"anonymous"}
{"environment":"development","host":"e2062f21fdd9","level":"info","message":"userAuth - token verified successfully","service":"task-manager","timestamp":"2026-02-03T18:09:51.080Z","userId":"6920e485997fd01bfe2282bb"}
{"environment":"development","host":"e2062f21fdd9","level":"info","message":"Current user fetched from DB and cached","service":"task-manager","timestamp":"2026-02-03T18:09:51.100Z","userId":"6920e485997fd01bfe2282bb"}
{"duration":"0.036s","environment":"development","host":"e2062f21fdd9","level":"info","message":"HTTP request end","request_id":"5964e74b-bce6-44fd-89d0-12377385dbce","service":"task-manager","status_code":200,"timestamp":"2026-02-03T18:09:51.105Z"}
{"body_size_bytes":0,"environment":"development","host":"e2062f21fdd9","level":"info","message":"HTTP request start","method":"POST","request_id":"f5bd9718-2260-4c9b-a3b5-66ab01500bf1","route":"/api/v1/auth/users/logout","service":"task-manager","timestamp":"2026-02-03T18:13:10.023Z","user_id":"anonymous"}
{"environment":"development","host":"e2062f21fdd9","level":"info","message":"logoutAccount - start","method":"POST","route":"/api/v1/auth/users/logout","service":"task-manager","timestamp":"2026-02-03T18:13:10.025Z","userId":"anonymous"}
{"environment":"development","host":"e2062f21fdd9","level":"info","message":"logoutAccount - user logged out successfully","service":"task-manager","timestamp":"2026-02-03T18:13:10.026Z","userId":"anonymous"}
{"duration":"0.008s","environment":"development","host":"e2062f21fdd9","level":"info","message":"HTTP request end","request_id":"f5bd9718-2260-4c9b-a3b5-66ab01500bf1","service":"task-manager","status_code":200,"timestamp":"2026-02-03T18:13:10.031Z"}
{"body_size_bytes":56,"environment":"development","host":"e2062f21fdd9","level":"info","message":"HTTP request start","method":"POST","request_id":"d3aeda8f-072e-4cfb-8e5c-efeff2e52210","route":"/api/v1/auth/users/login","service":"task-manager","timestamp":"2026-02-03T18:13:38.624Z","user_id":"anonymous"}
{"body":{"email":"a.badila@laposte.net","password":"Amina35@"},"environment":"development","host":"e2062f21fdd9","level":"info","message":"loginAccount - start","method":"POST","route":"/api/v1/auth/users/login","service":"task-manager","timestamp":"2026-02-03T18:13:38.625Z"}
{"email":"a.badila@laposte.net","environment":"development","host":"e2062f21fdd9","level":"info","message":"loginAccount - user logged in successfully","service":"task-manager","timestamp":"2026-02-03T18:13:38.749Z","userId":"6920e485997fd01bfe2282bb"}
{"duration":"0.127s","environment":"development","host":"e2062f21fdd9","level":"info","message":"HTTP request end","request_id":"d3aeda8f-072e-4cfb-8e5c-efeff2e52210","service":"task-manager","status_code":200,"timestamp":"2026-02-03T18:13:38.751Z"}
{"body_size_bytes":0,"environment":"development","host":"e2062f21fdd9","level":"info","message":"HTTP request start","method":"POST","request_id":"a822ead5-fb60-4274-93ca-734d2d3a721d","route":"/api/v1/auth/users/logout","service":"task-manager","timestamp":"2026-02-03T18:13:43.336Z","user_id":"anonymous"}
{"environment":"development","host":"e2062f21fdd9","level":"info","message":"logoutAccount - start","method":"POST","route":"/api/v1/auth/users/logout","service":"task-manager","timestamp":"2026-02-03T18:13:43.337Z","userId":"anonymous"}
{"environment":"development","host":"e2062f21fdd9","level":"info","message":"logoutAccount - user logged out successfully","service":"task-manager","timestamp":"2026-02-03T18:13:43.338Z","userId":"anonymous"}
{"duration":"0.008s","environment":"development","host":"e2062f21fdd9","level":"info","message":"HTTP request end","request_id":"a822ead5-fb60-4274-93ca-734d2d3a721d","service":"task-manager","status_code":200,"timestamp":"2026-02-03T18:13:43.344Z"}
{"body_size_bytes":56,"environment":"development","host":"e2062f21fdd9","level":"info","message":"HTTP request start","method":"POST","request_id":"d3c8e584-1e1e-43a6-ada5-3517dd7965e4","route":"/api/v1/auth/users/login","service":"task-manager","timestamp":"2026-02-03T18:15:09.304Z","user_id":"anonymous"}
{"body":{"email":"a.badila@laposte.net","password":"Amina35@"},"environment":"development","host":"e2062f21fdd9","level":"info","message":"loginAccount - start","method":"POST","route":"/api/v1/auth/users/login","service":"task-manager","timestamp":"2026-02-03T18:15:09.306Z"}
{"email":"a.badila@laposte.net","environment":"development","host":"e2062f21fdd9","level":"info","message":"loginAccount - user logged in successfully","service":"task-manager","timestamp":"2026-02-03T18:15:09.482Z","userId":"6920e485997fd01bfe2282bb"}
{"duration":"0.180s","environment":"development","host":"e2062f21fdd9","level":"info","message":"HTTP request end","request_id":"d3c8e584-1e1e-43a6-ada5-3517dd7965e4","service":"task-manager","status_code":200,"timestamp":"2026-02-03T18:15:09.484Z"}
{"body_size_bytes":0,"environment":"development","host":"e2062f21fdd9","level":"info","message":"HTTP request start","method":"GET","request_id":"40951904-86ca-4518-87e0-e237051dc44b","route":"/api/v1/users/current","service":"task-manager","timestamp":"2026-02-03T18:30:07.810Z","user_id":"anonymous"}
{"environment":"development","host":"e2062f21fdd9","level":"info","message":"userAuth - token verified successfully","service":"task-manager","timestamp":"2026-02-03T18:30:07.814Z","userId":"6920e485997fd01bfe2282bb"}
{"environment":"development","host":"e2062f21fdd9","level":"info","message":"Current user fetched from DB and cached","service":"task-manager","timestamp":"2026-02-03T18:30:07.824Z","userId":"6920e485997fd01bfe2282bb"}
{"duration":"0.017s","environment":"development","host":"e2062f21fdd9","level":"info","message":"HTTP request end","request_id":"40951904-86ca-4518-87e0-e237051dc44b","service":"task-manager","status_code":200,"timestamp":"2026-02-03T18:30:07.827Z"}
{"body_size_bytes":0,"environment":"development","host":"e2062f21fdd9","level":"info","message":"HTTP request start","method":"POST","request_id":"1a063c1e-bab9-4ecc-97fe-c939c91fe589","route":"/api/v1/auth/users/logout","service":"task-manager","timestamp":"2026-02-03T20:33:15.791Z","user_id":"anonymous"}
{"environment":"development","host":"e2062f21fdd9","level":"info","message":"logoutAccount - start","method":"POST","route":"/api/v1/auth/users/logout","service":"task-manager","timestamp":"2026-02-03T20:33:15.792Z","userId":"anonymous"}
{"environment":"development","host":"e2062f21fdd9","level":"info","message":"logoutAccount - user logged out successfully","service":"task-manager","timestamp":"2026-02-03T20:33:15.794Z","userId":"anonymous"}
{"duration":"0.010s","environment":"development","host":"e2062f21fdd9","level":"info","message":"HTTP request end","request_id":"1a063c1e-bab9-4ecc-97fe-c939c91fe589","service":"task-manager","status_code":200,"timestamp":"2026-02-03T20:33:15.802Z"}
{"body_size_bytes":56,"environment":"development","host":"e2062f21fdd9","level":"info","message":"HTTP request start","method":"POST","request_id":"d48b27c7-159f-4cb8-bc3c-2083993c6457","route":"/api/v1/auth/users/login","service":"task-manager","timestamp":"2026-02-03T20:34:21.219Z","user_id":"anonymous"}
{"body":{"email":"a.badila@laposte.net","password":"Amina35@"},"environment":"development","host":"e2062f21fdd9","level":"info","message":"loginAccount - start","method":"POST","route":"/api/v1/auth/users/login","service":"task-manager","timestamp":"2026-02-03T20:34:21.221Z"}
{"email":"a.badila@laposte.net","environment":"development","host":"e2062f21fdd9","level":"info","message":"loginAccount - user logged in successfully","service":"task-manager","timestamp":"2026-02-03T20:34:21.603Z","userId":"6920e485997fd01bfe2282bb"}
{"duration":"0.390s","environment":"development","host":"e2062f21fdd9","level":"info","message":"HTTP request end","request_id":"d48b27c7-159f-4cb8-bc3c-2083993c6457","service":"task-manager","status_code":200,"timestamp":"2026-02-03T20:34:21.608Z"}
{"body_size_bytes":0,"environment":"development","host":"e2062f21fdd9","level":"info","message":"HTTP request start","method":"POST","request_id":"5b6c20db-3ba8-4556-bb0a-da22d68b29e9","route":"/api/v1/auth/users/send-otp-verify","service":"task-manager","timestamp":"2026-02-03T20:37:05.634Z","user_id":"anonymous"}
{"environment":"development","host":"e2062f21fdd9","level":"info","message":"userAuth - token verified successfully","service":"task-manager","timestamp":"2026-02-03T20:37:05.647Z","userId":"6920e485997fd01bfe2282bb"}
{"environment":"development","host":"e2062f21fdd9","level":"info","message":"sendOtpVerificationEmail - start","service":"task-manager","timestamp":"2026-02-03T20:37:05.649Z","userId":"6920e485997fd01bfe2282bb"}
{"environment":"development","host":"e2062f21fdd9","level":"info","message":"sendOtpVerificationEmail - OTP saved successfully","otp":"697648","service":"task-manager","timestamp":"2026-02-03T20:37:05.727Z","userId":"6920e485997fd01bfe2282bb"}
{"environment":"development","host":"e2062f21fdd9","level":"info","message":"sendOtpVerificationEmail - OTP email ready to send","service":"task-manager","timestamp":"2026-02-03T20:37:05.728Z","userEmail":"a.badila@laposte.net"}
{"duration":"0.098s","environment":"development","host":"e2062f21fdd9","level":"info","message":"HTTP request end","request_id":"5b6c20db-3ba8-4556-bb0a-da22d68b29e9","service":"task-manager","status_code":200,"timestamp":"2026-02-03T20:37:05.734Z"}
{"body_size_bytes":0,"environment":"development","host":"e2062f21fdd9","level":"info","message":"HTTP request start","method":"POST","request_id":"8a4781c7-bb8e-436a-986b-5c164a674189","route":"/api/v1/auth/users/logout","service":"task-manager","timestamp":"2026-02-03T20:38:45.818Z","user_id":"anonymous"}
{"environment":"development","host":"e2062f21fdd9","level":"info","message":"logoutAccount - start","method":"POST","route":"/api/v1/auth/users/logout","service":"task-manager","timestamp":"2026-02-03T20:38:45.821Z","userId":"anonymous"}
{"environment":"development","host":"e2062f21fdd9","level":"info","message":"logoutAccount - user logged out successfully","service":"task-manager","timestamp":"2026-02-03T20:38:45.822Z","userId":"anonymous"}
{"duration":"0.016s","environment":"development","host":"e2062f21fdd9","level":"info","message":"HTTP request end","request_id":"8a4781c7-bb8e-436a-986b-5c164a674189","service":"task-manager","status_code":200,"timestamp":"2026-02-03T20:38:45.834Z"}
{"body_size_bytes":56,"environment":"development","host":"e2062f21fdd9","level":"info","message":"HTTP request start","method":"POST","request_id":"866e1a43-9e99-4f0f-80c1-a5502fd94329","route":"/api/v1/auth/users/login","service":"task-manager","timestamp":"2026-02-03T20:39:36.585Z","user_id":"anonymous"}
{"body":{"email":"a.badila@laposte.net","password":"Amina35@"},"environment":"development","host":"e2062f21fdd9","level":"info","message":"loginAccount - start","method":"POST","route":"/api/v1/auth/users/login","service":"task-manager","timestamp":"2026-02-03T20:39:36.587Z"}
{"email":"a.badila@laposte.net","environment":"development","host":"e2062f21fdd9","level":"info","message":"loginAccount - user logged in successfully","service":"task-manager","timestamp":"2026-02-03T20:39:36.878Z","userId":"6920e485997fd01bfe2282bb"}
{"duration":"0.296s","environment":"development","host":"e2062f21fdd9","level":"info","message":"HTTP request end","request_id":"866e1a43-9e99-4f0f-80c1-a5502fd94329","service":"task-manager","status_code":200,"timestamp":"2026-02-03T20:39:36.882Z"}
{"body_size_bytes":0,"environment":"development","host":"e2062f21fdd9","level":"info","message":"HTTP request start","method":"GET","request_id":"133a3a79-310a-411f-a2dc-c1c04510f4d6","route":"/api/v1/users/current","service":"task-manager","timestamp":"2026-02-03T20:59:07.772Z","user_id":"anonymous"}
{"environment":"development","host":"e2062f21fdd9","level":"info","message":"userAuth - token verified successfully","service":"task-manager","timestamp":"2026-02-03T20:59:07.783Z","userId":"6920e485997fd01bfe2282bb"}
{"environment":"development","host":"e2062f21fdd9","level":"info","message":"Current user fetched from DB and cached","service":"task-manager","timestamp":"2026-02-03T20:59:07.808Z","userId":"6920e485997fd01bfe2282bb"}
{"duration":"0.045s","environment":"development","host":"e2062f21fdd9","level":"info","message":"HTTP request end","request_id":"133a3a79-310a-411f-a2dc-c1c04510f4d6","service":"task-manager","status_code":200,"timestamp":"2026-02-03T20:59:07.818Z"}
{"body_size_bytes":0,"environment":"development","host":"e2062f21fdd9","level":"info","message":"HTTP request start","method":"POST","request_id":"854162d0-b520-461b-b9d0-96eec4489f4d","route":"/api/v1/auth/users/logout","service":"task-manager","timestamp":"2026-02-03T20:59:20.879Z","user_id":"anonymous"}
{"environment":"development","host":"e2062f21fdd9","level":"info","message":"logoutAccount - start","method":"POST","route":"/api/v1/auth/users/logout","service":"task-manager","timestamp":"2026-02-03T20:59:20.881Z","userId":"anonymous"}
{"environment":"development","host":"e2062f21fdd9","level":"info","message":"logoutAccount - user logged out successfully","service":"task-manager","timestamp":"2026-02-03T20:59:20.882Z","userId":"anonymous"}
{"duration":"0.008s","environment":"development","host":"e2062f21fdd9","level":"info","message":"HTTP request end","request_id":"854162d0-b520-461b-b9d0-96eec4489f4d","service":"task-manager","status_code":200,"timestamp":"2026-02-03T20:59:20.887Z"}
{"body_size_bytes":56,"environment":"development","host":"e2062f21fdd9","level":"info","message":"HTTP request start","method":"POST","request_id":"2ec79378-1c99-4532-b10f-e003e6141bf1","route":"/api/v1/auth/users/login","service":"task-manager","timestamp":"2026-02-03T21:01:32.057Z","user_id":"anonymous"}
{"body":{"email":"a.badila@laposte.net","password":"Amina35@"},"environment":"development","host":"e2062f21fdd9","level":"info","message":"loginAccount - start","method":"POST","route":"/api/v1/auth/users/login","service":"task-manager","timestamp":"2026-02-03T21:01:32.059Z"}
{"email":"a.badila@laposte.net","environment":"development","host":"e2062f21fdd9","level":"info","message":"loginAccount - user logged in successfully","service":"task-manager","timestamp":"2026-02-03T21:01:32.414Z","userId":"6920e485997fd01bfe2282bb"}
{"duration":"0.361s","environment":"development","host":"e2062f21fdd9","level":"info","message":"HTTP request end","request_id":"2ec79378-1c99-4532-b10f-e003e6141bf1","service":"task-manager","status_code":200,"timestamp":"2026-02-03T21:01:32.418Z"}
{"body_size_bytes":0,"environment":"development","host":"e2062f21fdd9","level":"info","message":"HTTP request start","method":"GET","request_id":"d36cbf0e-ceea-4911-8c46-277a335f69ab","route":"/api/v1/users/current","service":"task-manager","timestamp":"2026-02-03T22:20:18.816Z","user_id":"anonymous"}
{"environment":"development","host":"e2062f21fdd9","level":"info","message":"userAuth - token verified successfully","service":"task-manager","timestamp":"2026-02-03T22:20:18.819Z","userId":"6920e485997fd01bfe2282bb"}
{"environment":"development","host":"e2062f21fdd9","level":"info","message":"Current user fetched from DB and cached","service":"task-manager","timestamp":"2026-02-03T22:20:18.823Z","userId":"6920e485997fd01bfe2282bb"}
{"duration":"0.008s","environment":"development","host":"e2062f21fdd9","level":"info","message":"HTTP request end","request_id":"d36cbf0e-ceea-4911-8c46-277a335f69ab","service":"task-manager","status_code":200,"timestamp":"2026-02-03T22:20:18.824Z"}
