{"body_size_bytes":0,"environment":"development","host":"e8c01f84d5cd","level":"info","message":"HTTP request start","method":"GET","request_id":"bb9057b3-8603-4f5d-a474-67f2f4fdb04f","route":"/","service":"task-manager","timestamp":"2025-10-31T16:29:56.626Z","user_id":"anonymous"}
{"duration":"0.024s","environment":"development","host":"e8c01f84d5cd","level":"info","message":"HTTP request end","request_id":"bb9057b3-8603-4f5d-a474-67f2f4fdb04f","service":"task-manager","status_code":200,"timestamp":"2025-10-31T16:29:56.648Z"}
{"body_size_bytes":0,"environment":"development","host":"e8c01f84d5cd","level":"info","message":"HTTP request start","method":"GET","request_id":"b529e838-e359-4588-a777-4a8050b72875","route":"/favicon.ico","service":"task-manager","timestamp":"2025-10-31T16:29:57.055Z","user_id":"anonymous"}
{"duration":"0.003s","environment":"development","host":"e8c01f84d5cd","level":"info","message":"HTTP request end","request_id":"b529e838-e359-4588-a777-4a8050b72875","service":"task-manager","status_code":404,"timestamp":"2025-10-31T16:29:57.059Z"}
{"body_size_bytes":0,"environment":"development","host":"e8c01f84d5cd","level":"info","message":"HTTP request start","method":"GET","request_id":"71e4326a-5990-4331-b638-3c3acb7a150d","route":"/metrics","service":"task-manager","timestamp":"2025-10-31T16:30:35.863Z","user_id":"anonymous"}
{"duration":"0.002s","environment":"development","host":"e8c01f84d5cd","level":"info","message":"HTTP request end","request_id":"71e4326a-5990-4331-b638-3c3acb7a150d","service":"task-manager","status_code":404,"timestamp":"2025-10-31T16:30:35.866Z"}
{"body_size_bytes":0,"environment":"development","host":"e8c01f84d5cd","level":"info","message":"HTTP request start","method":"GET","request_id":"e6651172-7a9b-49fe-a5b2-38c0763e0e4b","route":"/api/metrics","service":"task-manager","timestamp":"2025-10-31T16:31:14.934Z","user_id":"anonymous"}
{"duration":"0.011s","environment":"development","host":"e8c01f84d5cd","level":"info","message":"HTTP request end","request_id":"e6651172-7a9b-49fe-a5b2-38c0763e0e4b","service":"task-manager","status_code":200,"timestamp":"2025-10-31T16:31:14.945Z"}
{"body_size_bytes":0,"environment":"development","host":"e8c01f84d5cd","level":"info","message":"HTTP request start","method":"GET","request_id":"22b40352-1bac-4bb0-9e8b-fea870b46657","route":"/api/monitoring","service":"task-manager","timestamp":"2025-10-31T16:32:06.992Z","user_id":"anonymous"}
{"duration":"0.029s","environment":"development","host":"e8c01f84d5cd","level":"info","message":"HTTP request end","request_id":"22b40352-1bac-4bb0-9e8b-fea870b46657","service":"task-manager","status_code":500,"timestamp":"2025-10-31T16:32:07.022Z"}
{"body_size_bytes":0,"environment":"development","host":"f6b4b65b6c9c","level":"info","message":"HTTP request start","method":"GET","request_id":"116589c5-f050-4524-8ee6-16c94dd7c58d","route":"/api/monitoring","service":"task-manager","timestamp":"2025-10-31T16:48:40.111Z","user_id":"anonymous"}
{"duration":"0.046s","environment":"development","host":"f6b4b65b6c9c","level":"info","message":"HTTP request end","request_id":"116589c5-f050-4524-8ee6-16c94dd7c58d","service":"task-manager","status_code":500,"timestamp":"2025-10-31T16:48:40.157Z"}
{"body_size_bytes":0,"environment":"development","host":"f6b4b65b6c9c","level":"info","message":"HTTP request start","method":"GET","request_id":"75bc31b9-b8d7-416e-875b-30fdd3b2476a","route":"/api/monitoring","service":"task-manager","timestamp":"2025-10-31T16:48:42.988Z","user_id":"anonymous"}
{"duration":"0.014s","environment":"development","host":"f6b4b65b6c9c","level":"info","message":"HTTP request end","request_id":"75bc31b9-b8d7-416e-875b-30fdd3b2476a","service":"task-manager","status_code":500,"timestamp":"2025-10-31T16:48:43.003Z"}
{"body_size_bytes":0,"environment":"development","host":"f6b4b65b6c9c","level":"info","message":"HTTP request start","method":"GET","request_id":"31168831-3985-45b9-adfd-7fa7264a4a29","route":"/api/monitoring","service":"task-manager","timestamp":"2025-10-31T16:48:48.798Z","user_id":"anonymous"}
{"duration":"0.010s","environment":"development","host":"f6b4b65b6c9c","level":"info","message":"HTTP request end","request_id":"31168831-3985-45b9-adfd-7fa7264a4a29","service":"task-manager","status_code":500,"timestamp":"2025-10-31T16:48:48.808Z"}
{"body_size_bytes":0,"environment":"development","host":"f6b4b65b6c9c","level":"info","message":"HTTP request start","method":"GET","request_id":"3d714363-d6b8-47ec-aa05-59b6d61f8f59","route":"/","service":"task-manager","timestamp":"2025-10-31T16:49:04.327Z","user_id":"anonymous"}
{"duration":"0.003s","environment":"development","host":"f6b4b65b6c9c","level":"info","message":"HTTP request end","request_id":"3d714363-d6b8-47ec-aa05-59b6d61f8f59","service":"task-manager","status_code":304,"timestamp":"2025-10-31T16:49:04.331Z"}
{"body_size_bytes":0,"environment":"development","host":"f6b4b65b6c9c","level":"info","message":"HTTP request start","method":"GET","request_id":"f46eb9ca-2e27-4e5a-8831-a9f7b127c63f","route":"/api/metrics","service":"task-manager","timestamp":"2025-10-31T16:49:16.196Z","user_id":"anonymous"}
{"duration":"0.015s","environment":"development","host":"f6b4b65b6c9c","level":"info","message":"HTTP request end","request_id":"f46eb9ca-2e27-4e5a-8831-a9f7b127c63f","service":"task-manager","status_code":200,"timestamp":"2025-10-31T16:49:16.211Z"}
{"body_size_bytes":0,"environment":"development","host":"f6b4b65b6c9c","level":"info","message":"HTTP request start","method":"GET","request_id":"b8e5c95b-e71d-4318-b980-513f80022349","route":"/api/monitoring","service":"task-manager","timestamp":"2025-10-31T16:49:48.312Z","user_id":"anonymous"}
{"duration":"0.011s","environment":"development","host":"f6b4b65b6c9c","level":"info","message":"HTTP request end","request_id":"b8e5c95b-e71d-4318-b980-513f80022349","service":"task-manager","status_code":500,"timestamp":"2025-10-31T16:49:48.323Z"}
{"body_size_bytes":0,"environment":"development","host":"0b1eeffd42d0","level":"info","message":"HTTP request start","method":"GET","request_id":"3082f2fc-f63b-4235-91f7-0ebdc26c6735","route":"/api/monitoring","service":"task-manager","timestamp":"2025-10-31T17:09:44.309Z","user_id":"anonymous"}
{"environment":"development","host":"0b1eeffd42d0","level":"info","message":"getMonitoringData - start monitoring request","service":"task-manager","timestamp":"2025-10-31T17:09:44.319Z"}
{"environment":"development","error":"Command failed: git rev-parse --short HEAD\nfatal: not a git repository (or any parent up to mount point /usr/src)\nStopping at filesystem boundary (GIT_DISCOVERY_ACROSS_FILESYSTEM not set).\n","host":"0b1eeffd42d0","level":"warn","message":"getMonitoringData - git commit SHA not found","service":"task-manager","timestamp":"2025-10-31T17:09:44.342Z"}
{"activeUsers":0,"commit":"unknown","connections":2,"dbStatus":"connected","environment":"development","host":"0b1eeffd42d0","level":"info","loadavg":[0.83,0.46,0.29],"memory":{"heap":"24 MB","rss":"86 MB"},"message":"getMonitoringData - monitoring data prepared","pid":18,"service":"task-manager","status":"ok","timestamp":"2025-10-31T17:09:44.344Z","totalUsers":0,"uptime":"36s"}
{"duration":"0.046s","environment":"development","host":"0b1eeffd42d0","level":"info","message":"HTTP request end","request_id":"3082f2fc-f63b-4235-91f7-0ebdc26c6735","service":"task-manager","status_code":200,"timestamp":"2025-10-31T17:09:44.352Z"}
