{"body_size_bytes":57,"environment":"development","host":"7fc5bb342232","level":"info","message":"HTTP request start","method":"POST","request_id":"bc729fd3-82ac-49d4-bcd4-91381e6e7f28","route":"/api/v1/auth/users/login","service":"task-manager","timestamp":"2025-11-03T22:14:23.100Z","user_id":"anonymous"}
{"body":{"email":"pm.lola2022@gmail.com","password":"Pm12345@"},"environment":"development","host":"7fc5bb342232","level":"info","message":"loginAccount - start","method":"POST","route":"/api/v1/auth/users/login","service":"task-manager","timestamp":"2025-11-03T22:14:23.104Z"}
{"email":"pm.lola2022@gmail.com","environment":"development","host":"7fc5bb342232","level":"warn","message":"loginAccount - user not found","service":"task-manager","timestamp":"2025-11-03T22:14:23.244Z"}
{"body":{"email":"pm.lola2022@gmail.com","password":"Pm12345@"},"environment":"development","host":"7fc5bb342232","level":"error","message":"Express error caught User not found","method":"POST","path":"/api/v1/auth/users/login","service":"task-manager","status":404,"timestamp":"2025-11-03T22:14:23.245Z","user":"anonymous"}
{"duration":"0.151s","environment":"development","host":"7fc5bb342232","level":"info","message":"HTTP request end","request_id":"bc729fd3-82ac-49d4-bcd4-91381e6e7f28","service":"task-manager","status_code":404,"timestamp":"2025-11-03T22:14:23.251Z"}
{"body_size_bytes":123,"environment":"development","host":"7fc5bb342232","level":"info","message":"HTTP request start","method":"POST","request_id":"a19208e2-2db7-4af6-856b-05cf7a3819e8","route":"/api/v1/auth/users/register","service":"task-manager","timestamp":"2025-11-03T22:14:47.885Z","user_id":"anonymous"}
{"body":{"email":"pm.lola2022@gmail.com","password":"Pm12345@","password_confirm":"Pm12345@","role":"admin","username":"spe1012"},"environment":"development","host":"7fc5bb342232","level":"info","message":"createAccount - start","method":"POST","route":"/api/v1/auth/users/register","service":"task-manager","timestamp":"2025-11-03T22:14:47.886Z"}
{"email":"pm.lola2022@gmail.com","environment":"development","host":"7fc5bb342232","level":"info","message":"createAccount - user created successfully","service":"task-manager","timestamp":"2025-11-03T22:14:48.040Z","userId":"69092957e76f61a21376d8e3"}
{"duration":"0.157s","environment":"development","host":"7fc5bb342232","level":"info","message":"HTTP request end","request_id":"a19208e2-2db7-4af6-856b-05cf7a3819e8","service":"task-manager","status_code":201,"timestamp":"2025-11-03T22:14:48.042Z"}
{"body_size_bytes":108,"environment":"development","host":"7fc5bb342232","level":"info","message":"HTTP request start","method":"GET","request_id":"8242c041-60a6-4e50-8e18-2db3789d7482","route":"/api/v1/users/","service":"task-manager","timestamp":"2025-11-03T22:59:37.720Z","user_id":"anonymous"}
{"environment":"development","host":"7fc5bb342232","level":"info","message":"userAuth - no token provided","method":"GET","path":"/","service":"task-manager","timestamp":"2025-11-03T22:59:37.731Z"}
{"environment":"development","host":"7fc5bb342232","level":"warn","message":"No users found in database","requestedBy":"anonymous","service":"task-manager","timestamp":"2025-11-03T22:59:37.760Z"}
{"body":{"email":"pm.lola2022@gmail.com","password":"Pm12345@","password_confirm":"Pm12345@","username":"spe1012"},"environment":"development","host":"7fc5bb342232","level":"error","message":"Express error caught No users found","method":"GET","path":"/api/v1/users/","service":"task-manager","status":404,"timestamp":"2025-11-03T22:59:37.762Z","user":"anonymous"}
{"duration":"0.048s","environment":"development","host":"7fc5bb342232","level":"info","message":"HTTP request end","request_id":"8242c041-60a6-4e50-8e18-2db3789d7482","service":"task-manager","status_code":404,"timestamp":"2025-11-03T22:59:37.767Z"}
{"body_size_bytes":108,"environment":"development","host":"7fc5bb342232","level":"info","message":"HTTP request start","method":"GET","request_id":"7bd0efa3-7284-4852-b80a-6826d9bc69c8","route":"/api/v1/users/","service":"task-manager","timestamp":"2025-11-03T22:59:43.730Z","user_id":"anonymous"}
{"environment":"development","host":"7fc5bb342232","level":"info","message":"userAuth - no token provided","method":"GET","path":"/","service":"task-manager","timestamp":"2025-11-03T22:59:43.730Z"}
{"environment":"development","host":"7fc5bb342232","level":"warn","message":"No users found in database","requestedBy":"anonymous","service":"task-manager","timestamp":"2025-11-03T22:59:43.733Z"}
{"body":{"email":"pm.lola2022@gmail.com","password":"Pm12345@","password_confirm":"Pm12345@","username":"spe1012"},"environment":"development","host":"7fc5bb342232","level":"error","message":"Express error caught No users found","method":"GET","path":"/api/v1/users/","service":"task-manager","status":404,"timestamp":"2025-11-03T22:59:43.734Z","user":"anonymous"}
{"duration":"0.006s","environment":"development","host":"7fc5bb342232","level":"info","message":"HTTP request end","request_id":"7bd0efa3-7284-4852-b80a-6826d9bc69c8","service":"task-manager","status_code":404,"timestamp":"2025-11-03T22:59:43.736Z"}
{"body_size_bytes":57,"environment":"development","host":"7fc5bb342232","level":"info","message":"HTTP request start","method":"POST","request_id":"78515f55-d844-4ce8-b719-71a594cd89f8","route":"/api/v1/auth/users/login","service":"task-manager","timestamp":"2025-11-03T23:00:06.724Z","user_id":"anonymous"}
{"body":{"email":"pm.lola2022@gmail.com","password":"Pm12345@"},"environment":"development","host":"7fc5bb342232","level":"info","message":"loginAccount - start","method":"POST","route":"/api/v1/auth/users/login","service":"task-manager","timestamp":"2025-11-03T23:00:06.724Z"}
{"email":"pm.lola2022@gmail.com","environment":"development","host":"7fc5bb342232","level":"info","message":"loginAccount - user logged in successfully","service":"task-manager","timestamp":"2025-11-03T23:00:06.811Z","userId":"69092957e76f61a21376d8e3"}
{"duration":"0.088s","environment":"development","host":"7fc5bb342232","level":"info","message":"HTTP request end","request_id":"78515f55-d844-4ce8-b719-71a594cd89f8","service":"task-manager","status_code":200,"timestamp":"2025-11-03T23:00:06.812Z"}
{"body_size_bytes":108,"environment":"development","host":"7fc5bb342232","level":"info","message":"HTTP request start","method":"GET","request_id":"6c9968cf-94e6-41e2-a0ac-b42294b7e2b4","route":"/api/v1/users/","service":"task-manager","timestamp":"2025-11-03T23:00:16.218Z","user_id":"anonymous"}
{"environment":"development","host":"7fc5bb342232","level":"info","message":"userAuth - token verified successfully","service":"task-manager","timestamp":"2025-11-03T23:00:16.224Z","userId":"69092957e76f61a21376d8e3"}
{"environment":"development","host":"7fc5bb342232","level":"warn","message":"No users found in database","requestedBy":"69092957e76f61a21376d8e3","service":"task-manager","timestamp":"2025-11-03T23:00:16.227Z"}
{"body":{"email":"pm.lola2022@gmail.com","password":"Pm12345@","password_confirm":"Pm12345@","username":"spe1012"},"environment":"development","host":"7fc5bb342232","level":"error","message":"Express error caught No users found","method":"GET","path":"/api/v1/users/","service":"task-manager","status":404,"timestamp":"2025-11-03T23:00:16.227Z","user":{"id":"69092957e76f61a21376d8e3"}}
{"duration":"0.010s","environment":"development","host":"7fc5bb342232","level":"info","message":"HTTP request end","request_id":"6c9968cf-94e6-41e2-a0ac-b42294b7e2b4","service":"task-manager","status_code":404,"timestamp":"2025-11-03T23:00:16.228Z"}
{"body_size_bytes":108,"environment":"development","host":"7fc5bb342232","level":"info","message":"HTTP request start","method":"GET","request_id":"9c247445-5915-4c0e-b4af-c5ab86a6edd6","route":"/api/v1/users/","service":"task-manager","timestamp":"2025-11-03T23:01:10.977Z","user_id":"anonymous"}
{"environment":"development","host":"7fc5bb342232","level":"info","message":"userAuth - token verified successfully","service":"task-manager","timestamp":"2025-11-03T23:01:10.979Z","userId":"69092957e76f61a21376d8e3"}
{"environment":"development","host":"7fc5bb342232","level":"warn","message":"No users found in database","requestedBy":"69092957e76f61a21376d8e3","service":"task-manager","timestamp":"2025-11-03T23:01:10.983Z"}
{"body":{"email":"pm.lola2022@gmail.com","password":"Pm12345@","password_confirm":"Pm12345@","username":"spe1012"},"environment":"development","host":"7fc5bb342232","level":"error","message":"Express error caught No users found","method":"GET","path":"/api/v1/users/","service":"task-manager","status":404,"timestamp":"2025-11-03T23:01:10.983Z","user":{"id":"69092957e76f61a21376d8e3"}}
{"duration":"0.007s","environment":"development","host":"7fc5bb342232","level":"info","message":"HTTP request end","request_id":"9c247445-5915-4c0e-b4af-c5ab86a6edd6","service":"task-manager","status_code":404,"timestamp":"2025-11-03T23:01:10.984Z"}
{"body_size_bytes":123,"environment":"development","host":"7fc5bb342232","level":"info","message":"HTTP request start","method":"POST","request_id":"f20201b0-ff21-425f-ac3c-b348659ec8c4","route":"/api/v1/auth/users/register","service":"task-manager","timestamp":"2025-11-03T23:01:58.143Z","user_id":"anonymous"}
{"body":{"email":"pm.lola2022@gmail.com","password":"Pm12345@","password_confirm":"Pm12345@","role":"admin","username":"spe1012"},"environment":"development","host":"7fc5bb342232","level":"info","message":"createAccount - start","method":"POST","route":"/api/v1/auth/users/register","service":"task-manager","timestamp":"2025-11-03T23:01:58.143Z"}
{"email":"pm.lola2022@gmail.com","environment":"development","host":"7fc5bb342232","level":"warn","message":"createAccount - user already exists","service":"task-manager","timestamp":"2025-11-03T23:01:58.148Z"}
{"body":{"email":"pm.lola2022@gmail.com","password":"Pm12345@","password_confirm":"Pm12345@","role":"admin","username":"spe1012"},"environment":"development","host":"7fc5bb342232","level":"error","message":"Express error caught User already exists.","method":"POST","path":"/api/v1/auth/users/register","service":"task-manager","status":400,"timestamp":"2025-11-03T23:01:58.149Z","user":"anonymous"}
{"duration":"0.007s","environment":"development","host":"7fc5bb342232","level":"info","message":"HTTP request end","request_id":"f20201b0-ff21-425f-ac3c-b348659ec8c4","service":"task-manager","status_code":400,"timestamp":"2025-11-03T23:01:58.150Z"}
{"body_size_bytes":57,"environment":"development","host":"7fc5bb342232","level":"info","message":"HTTP request start","method":"POST","request_id":"898af1f5-dffb-46c0-9c33-e5dffed665e0","route":"/api/v1/auth/users/login","service":"task-manager","timestamp":"2025-11-03T23:02:07.164Z","user_id":"anonymous"}
{"body":{"email":"pm.lola2022@gmail.com","password":"Pm12345@"},"environment":"development","host":"7fc5bb342232","level":"info","message":"loginAccount - start","method":"POST","route":"/api/v1/auth/users/login","service":"task-manager","timestamp":"2025-11-03T23:02:07.165Z"}
{"email":"pm.lola2022@gmail.com","environment":"development","host":"7fc5bb342232","level":"info","message":"loginAccount - user logged in successfully","service":"task-manager","timestamp":"2025-11-03T23:02:07.228Z","userId":"69092957e76f61a21376d8e3"}
{"duration":"0.066s","environment":"development","host":"7fc5bb342232","level":"info","message":"HTTP request end","request_id":"898af1f5-dffb-46c0-9c33-e5dffed665e0","service":"task-manager","status_code":200,"timestamp":"2025-11-03T23:02:07.230Z"}
{"body_size_bytes":108,"environment":"development","host":"7fc5bb342232","level":"info","message":"HTTP request start","method":"GET","request_id":"649fbb49-bbce-40bf-8907-96f70dc013de","route":"/api/v1/users/","service":"task-manager","timestamp":"2025-11-03T23:02:37.227Z","user_id":"anonymous"}
{"environment":"development","host":"7fc5bb342232","level":"info","message":"userAuth - token verified successfully","service":"task-manager","timestamp":"2025-11-03T23:02:37.231Z","userId":"69092957e76f61a21376d8e3"}
{"environment":"development","host":"7fc5bb342232","level":"warn","message":"No users found in database","requestedBy":"69092957e76f61a21376d8e3","service":"task-manager","timestamp":"2025-11-03T23:02:37.236Z"}
{"body":{"email":"pm.lola2022@gmail.com","password":"Pm12345@","password_confirm":"Pm12345@","username":"spe1012"},"environment":"development","host":"7fc5bb342232","level":"error","message":"Express error caught No users found","method":"GET","path":"/api/v1/users/","service":"task-manager","status":404,"timestamp":"2025-11-03T23:02:37.236Z","user":{"id":"69092957e76f61a21376d8e3"}}
{"duration":"0.011s","environment":"development","host":"7fc5bb342232","level":"info","message":"HTTP request end","request_id":"649fbb49-bbce-40bf-8907-96f70dc013de","service":"task-manager","status_code":404,"timestamp":"2025-11-03T23:02:37.239Z"}
{"body_size_bytes":123,"environment":"development","host":"5c466adba4d8","level":"info","message":"HTTP request start","method":"POST","request_id":"6b895d34-6e6e-4463-a7b9-6dd92a30817b","route":"/api/v1/auth/users/register","service":"task-manager","timestamp":"2025-11-03T23:08:48.161Z","user_id":"anonymous"}
{"body":{"email":"pm.lola2022@gmail.com","password":"Pm12345@","password_confirm":"Pm12345@","role":"admin","username":"spe1012"},"environment":"development","host":"5c466adba4d8","level":"info","message":"createAccount - start","method":"POST","route":"/api/v1/auth/users/register","service":"task-manager","timestamp":"2025-11-03T23:08:48.163Z"}
{"email":"pm.lola2022@gmail.com","environment":"development","host":"5c466adba4d8","level":"warn","message":"createAccount - user already exists","service":"task-manager","timestamp":"2025-11-03T23:08:48.190Z"}
{"body":{"email":"pm.lola2022@gmail.com","password":"Pm12345@","password_confirm":"Pm12345@","role":"admin","username":"spe1012"},"environment":"development","host":"5c466adba4d8","level":"error","message":"Express error caught User already exists.","method":"POST","path":"/api/v1/auth/users/register","service":"task-manager","status":400,"timestamp":"2025-11-03T23:08:48.191Z","user":"anonymous"}
{"duration":"0.037s","environment":"development","host":"5c466adba4d8","level":"info","message":"HTTP request end","request_id":"6b895d34-6e6e-4463-a7b9-6dd92a30817b","service":"task-manager","status_code":400,"timestamp":"2025-11-03T23:08:48.198Z"}
{"body_size_bytes":123,"environment":"development","host":"5c466adba4d8","level":"info","message":"HTTP request start","method":"POST","request_id":"17e4292a-b2b5-4b44-880d-6849a76d92fa","route":"/api/v1/auth/users/register","service":"task-manager","timestamp":"2025-11-03T23:08:50.618Z","user_id":"anonymous"}
{"body":{"email":"pm.lola2022@gmail.com","password":"Pm12345@","password_confirm":"Pm12345@","role":"admin","username":"spe1012"},"environment":"development","host":"5c466adba4d8","level":"info","message":"createAccount - start","method":"POST","route":"/api/v1/auth/users/register","service":"task-manager","timestamp":"2025-11-03T23:08:50.618Z"}
{"email":"pm.lola2022@gmail.com","environment":"development","host":"5c466adba4d8","level":"warn","message":"createAccount - user already exists","service":"task-manager","timestamp":"2025-11-03T23:08:50.622Z"}
{"body":{"email":"pm.lola2022@gmail.com","password":"Pm12345@","password_confirm":"Pm12345@","role":"admin","username":"spe1012"},"environment":"development","host":"5c466adba4d8","level":"error","message":"Express error caught User already exists.","method":"POST","path":"/api/v1/auth/users/register","service":"task-manager","status":400,"timestamp":"2025-11-03T23:08:50.623Z","user":"anonymous"}
{"duration":"0.007s","environment":"development","host":"5c466adba4d8","level":"info","message":"HTTP request end","request_id":"17e4292a-b2b5-4b44-880d-6849a76d92fa","service":"task-manager","status_code":400,"timestamp":"2025-11-03T23:08:50.625Z"}
{"body_size_bytes":57,"environment":"development","host":"5c466adba4d8","level":"info","message":"HTTP request start","method":"POST","request_id":"298f7c83-7cea-4550-a46e-2d78562ec976","route":"/api/v1/auth/users/login","service":"task-manager","timestamp":"2025-11-03T23:09:02.030Z","user_id":"anonymous"}
{"body":{"email":"pm.lola2022@gmail.com","password":"Pm12345@"},"environment":"development","host":"5c466adba4d8","level":"info","message":"loginAccount - start","method":"POST","route":"/api/v1/auth/users/login","service":"task-manager","timestamp":"2025-11-03T23:09:02.031Z"}
{"email":"pm.lola2022@gmail.com","environment":"development","host":"5c466adba4d8","level":"info","message":"loginAccount - user logged in successfully","service":"task-manager","timestamp":"2025-11-03T23:09:02.134Z","userId":"69092957e76f61a21376d8e3"}
{"duration":"0.107s","environment":"development","host":"5c466adba4d8","level":"info","message":"HTTP request end","request_id":"298f7c83-7cea-4550-a46e-2d78562ec976","service":"task-manager","status_code":200,"timestamp":"2025-11-03T23:09:02.137Z"}
{"body_size_bytes":108,"environment":"development","host":"5c466adba4d8","level":"info","message":"HTTP request start","method":"GET","request_id":"7b49b7ee-bed0-408d-82f4-73a38117c862","route":"/api/v1/users/","service":"task-manager","timestamp":"2025-11-03T23:09:07.228Z","user_id":"anonymous"}
{"environment":"development","host":"5c466adba4d8","level":"info","message":"userAuth - token verified successfully","service":"task-manager","timestamp":"2025-11-03T23:09:07.232Z","userId":"69092957e76f61a21376d8e3"}
{"environment":"development","host":"5c466adba4d8","level":"warn","message":"No users found in database","requestedBy":"69092957e76f61a21376d8e3","service":"task-manager","timestamp":"2025-11-03T23:09:07.238Z"}
{"body":{"email":"pm.lola2022@gmail.com","password":"Pm12345@","password_confirm":"Pm12345@","username":"spe1012"},"environment":"development","host":"5c466adba4d8","level":"error","message":"Express error caught No users found","method":"GET","path":"/api/v1/users/","service":"task-manager","status":404,"timestamp":"2025-11-03T23:09:07.238Z","user":{"id":"69092957e76f61a21376d8e3"}}
{"duration":"0.012s","environment":"development","host":"5c466adba4d8","level":"info","message":"HTTP request end","request_id":"7b49b7ee-bed0-408d-82f4-73a38117c862","service":"task-manager","status_code":404,"timestamp":"2025-11-03T23:09:07.240Z"}
{"body_size_bytes":108,"environment":"development","host":"5c466adba4d8","level":"info","message":"HTTP request start","method":"GET","request_id":"43fd0a13-02fd-4f5c-b4ff-ee5fb3b37f7e","route":"/api/v1/users/","service":"task-manager","timestamp":"2025-11-03T23:12:23.713Z","user_id":"anonymous"}
{"environment":"development","host":"5c466adba4d8","level":"info","message":"userAuth - token verified successfully","service":"task-manager","timestamp":"2025-11-03T23:12:23.715Z","userId":"69092957e76f61a21376d8e3"}
{"environment":"development","host":"5c466adba4d8","level":"warn","message":"No users found in database","requestedBy":"69092957e76f61a21376d8e3","service":"task-manager","timestamp":"2025-11-03T23:12:23.718Z"}
{"body":{"email":"pm.lola2022@gmail.com","password":"Pm12345@","password_confirm":"Pm12345@","username":"spe1012"},"environment":"development","host":"5c466adba4d8","level":"error","message":"Express error caught No users found","method":"GET","path":"/api/v1/users/","service":"task-manager","status":404,"timestamp":"2025-11-03T23:12:23.718Z","user":{"id":"69092957e76f61a21376d8e3"}}
{"duration":"0.007s","environment":"development","host":"5c466adba4d8","level":"info","message":"HTTP request end","request_id":"43fd0a13-02fd-4f5c-b4ff-ee5fb3b37f7e","service":"task-manager","status_code":404,"timestamp":"2025-11-03T23:12:23.720Z"}
{"body_size_bytes":108,"environment":"development","host":"5c466adba4d8","level":"info","message":"HTTP request start","method":"GET","request_id":"c96ca724-c9d3-42f3-b004-4e4f0bbc338f","route":"/api/v1/admin/dashboard","service":"task-manager","timestamp":"2025-11-03T23:13:35.024Z","user_id":"anonymous"}
{"duration":"0.002s","environment":"development","host":"5c466adba4d8","level":"info","message":"HTTP request end","request_id":"c96ca724-c9d3-42f3-b004-4e4f0bbc338f","service":"task-manager","status_code":404,"timestamp":"2025-11-03T23:13:35.026Z"}
{"body_size_bytes":108,"environment":"development","host":"5c466adba4d8","level":"info","message":"HTTP request start","method":"GET","request_id":"103c4496-09d0-4cc6-b170-0a466887fbe9","route":"/api/v1/users/","service":"task-manager","timestamp":"2025-11-03T23:14:08.192Z","user_id":"anonymous"}
{"environment":"development","host":"5c466adba4d8","level":"info","message":"userAuth - token verified successfully","service":"task-manager","timestamp":"2025-11-03T23:14:08.194Z","userId":"69092957e76f61a21376d8e3"}
{"environment":"development","host":"5c466adba4d8","level":"warn","message":"No users found in database","requestedBy":"69092957e76f61a21376d8e3","service":"task-manager","timestamp":"2025-11-03T23:14:08.197Z"}
{"body":{"email":"pm.lola2022@gmail.com","password":"Pm12345@","password_confirm":"Pm12345@","username":"spe1012"},"environment":"development","host":"5c466adba4d8","level":"error","message":"Express error caught No users found","method":"GET","path":"/api/v1/users/","service":"task-manager","status":404,"timestamp":"2025-11-03T23:14:08.197Z","user":{"id":"69092957e76f61a21376d8e3"}}
{"duration":"0.007s","environment":"development","host":"5c466adba4d8","level":"info","message":"HTTP request end","request_id":"103c4496-09d0-4cc6-b170-0a466887fbe9","service":"task-manager","status_code":404,"timestamp":"2025-11-03T23:14:08.198Z"}
{"body_size_bytes":108,"environment":"development","host":"5c466adba4d8","level":"info","message":"HTTP request start","method":"GET","request_id":"9024bf83-d4ed-4242-81af-4dad29a2d9b6","route":"/api/v1/admin/dashboard","service":"task-manager","timestamp":"2025-11-03T23:14:35.426Z","user_id":"anonymous"}
{"duration":"0.002s","environment":"development","host":"5c466adba4d8","level":"info","message":"HTTP request end","request_id":"9024bf83-d4ed-4242-81af-4dad29a2d9b6","service":"task-manager","status_code":404,"timestamp":"2025-11-03T23:14:35.428Z"}
{"body_size_bytes":108,"environment":"development","host":"b90212427f9c","level":"info","message":"HTTP request start","method":"GET","request_id":"ee3548c3-02fc-477a-9509-d0c4a7bcb6f6","route":"/api/v1/admin/dashboard","service":"task-manager","timestamp":"2025-11-03T23:17:01.805Z","user_id":"anonymous"}
{"environment":"development","host":"b90212427f9c","level":"info","message":"userAuth - token verified successfully","service":"task-manager","timestamp":"2025-11-03T23:17:01.810Z","userId":"69092957e76f61a21376d8e3"}
{"duration":"0.011s","environment":"development","host":"b90212427f9c","level":"info","message":"HTTP request end","request_id":"ee3548c3-02fc-477a-9509-d0c4a7bcb6f6","service":"task-manager","status_code":403,"timestamp":"2025-11-03T23:17:01.816Z"}
{"body_size_bytes":123,"environment":"development","host":"b90212427f9c","level":"info","message":"HTTP request start","method":"POST","request_id":"9f43e341-e4ef-464d-9834-b61a498f5aa9","route":"/api/v1/auth/users/register","service":"task-manager","timestamp":"2025-11-03T23:17:44.440Z","user_id":"anonymous"}
{"body":{"email":"pm.lola2022@gmail.com","password":"Pm12345@","password_confirm":"Pm12345@","role":"admin","username":"spe1012"},"environment":"development","host":"b90212427f9c","level":"info","message":"createAccount - start","method":"POST","route":"/api/v1/auth/users/register","service":"task-manager","timestamp":"2025-11-03T23:17:44.441Z"}
{"email":"pm.lola2022@gmail.com","environment":"development","host":"b90212427f9c","level":"info","message":"createAccount - user created successfully","service":"task-manager","timestamp":"2025-11-03T23:17:44.567Z","userId":"69093818f39aaadd760288b9"}
{"duration":"0.129s","environment":"development","host":"b90212427f9c","level":"info","message":"HTTP request end","request_id":"9f43e341-e4ef-464d-9834-b61a498f5aa9","service":"task-manager","status_code":201,"timestamp":"2025-11-03T23:17:44.569Z"}
{"body_size_bytes":57,"environment":"development","host":"b90212427f9c","level":"info","message":"HTTP request start","method":"POST","request_id":"e3b8db86-edde-4874-8812-5ab36adfe646","route":"/api/v1/auth/users/login","service":"task-manager","timestamp":"2025-11-03T23:17:50.758Z","user_id":"anonymous"}
{"body":{"email":"pm.lola2022@gmail.com","password":"Pm12345@"},"environment":"development","host":"b90212427f9c","level":"info","message":"loginAccount - start","method":"POST","route":"/api/v1/auth/users/login","service":"task-manager","timestamp":"2025-11-03T23:17:50.759Z"}
{"email":"pm.lola2022@gmail.com","environment":"development","host":"b90212427f9c","level":"info","message":"loginAccount - user logged in successfully","service":"task-manager","timestamp":"2025-11-03T23:17:50.835Z","userId":"69093818f39aaadd760288b9"}
{"duration":"0.079s","environment":"development","host":"b90212427f9c","level":"info","message":"HTTP request end","request_id":"e3b8db86-edde-4874-8812-5ab36adfe646","service":"task-manager","status_code":200,"timestamp":"2025-11-03T23:17:50.837Z"}
{"body_size_bytes":108,"environment":"development","host":"b90212427f9c","level":"info","message":"HTTP request start","method":"GET","request_id":"a87badb2-782b-4b67-bad3-e5c6b802c7d5","route":"/api/v1/admin/dashboard","service":"task-manager","timestamp":"2025-11-03T23:17:56.896Z","user_id":"anonymous"}
{"environment":"development","host":"b90212427f9c","level":"info","message":"userAuth - token verified successfully","service":"task-manager","timestamp":"2025-11-03T23:17:56.899Z","userId":"69093818f39aaadd760288b9"}
{"duration":"0.004s","environment":"development","host":"b90212427f9c","level":"info","message":"HTTP request end","request_id":"a87badb2-782b-4b67-bad3-e5c6b802c7d5","service":"task-manager","status_code":403,"timestamp":"2025-11-03T23:17:56.900Z"}
{"body_size_bytes":108,"environment":"development","host":"b90212427f9c","level":"info","message":"HTTP request start","method":"GET","request_id":"87430842-3ab6-41a7-a091-9e21eac8f5ce","route":"/api/v1/admin/dashboard","service":"task-manager","timestamp":"2025-11-03T23:18:01.075Z","user_id":"anonymous"}
{"environment":"development","host":"b90212427f9c","level":"info","message":"userAuth - token verified successfully","service":"task-manager","timestamp":"2025-11-03T23:18:01.078Z","userId":"69093818f39aaadd760288b9"}
{"duration":"0.005s","environment":"development","host":"b90212427f9c","level":"info","message":"HTTP request end","request_id":"87430842-3ab6-41a7-a091-9e21eac8f5ce","service":"task-manager","status_code":403,"timestamp":"2025-11-03T23:18:01.080Z"}
{"body_size_bytes":108,"environment":"development","host":"b90212427f9c","level":"info","message":"HTTP request start","method":"GET","request_id":"d24f9206-7a3e-4a18-ac43-d8c85052223e","route":"/api/v1/admin/dashboard","service":"task-manager","timestamp":"2025-11-03T23:18:09.608Z","user_id":"anonymous"}
{"environment":"development","host":"b90212427f9c","level":"info","message":"userAuth - token verified successfully","service":"task-manager","timestamp":"2025-11-03T23:18:09.610Z","userId":"69093818f39aaadd760288b9"}
{"duration":"0.004s","environment":"development","host":"b90212427f9c","level":"info","message":"HTTP request end","request_id":"d24f9206-7a3e-4a18-ac43-d8c85052223e","service":"task-manager","status_code":403,"timestamp":"2025-11-03T23:18:09.612Z"}
{"body_size_bytes":108,"environment":"development","host":"b90212427f9c","level":"info","message":"HTTP request start","method":"GET","request_id":"8fc77188-93d6-49af-8744-4a40b7a6bdf3","route":"/api/v1/users/","service":"task-manager","timestamp":"2025-11-03T23:18:34.434Z","user_id":"anonymous"}
{"environment":"development","host":"b90212427f9c","level":"info","message":"userAuth - token verified successfully","service":"task-manager","timestamp":"2025-11-03T23:18:34.436Z","userId":"69093818f39aaadd760288b9"}
{"environment":"development","host":"b90212427f9c","level":"warn","message":"No users found in database","requestedBy":"69093818f39aaadd760288b9","service":"task-manager","timestamp":"2025-11-03T23:18:34.441Z"}
{"body":{"email":"pm.lola2022@gmail.com","password":"Pm12345@","password_confirm":"Pm12345@","username":"spe1012"},"environment":"development","host":"b90212427f9c","level":"error","message":"Express error caught No users found","method":"GET","path":"/api/v1/users/","service":"task-manager","status":404,"timestamp":"2025-11-03T23:18:34.442Z","user":{"id":"69093818f39aaadd760288b9"}}
{"duration":"0.010s","environment":"development","host":"b90212427f9c","level":"info","message":"HTTP request end","request_id":"8fc77188-93d6-49af-8744-4a40b7a6bdf3","service":"task-manager","status_code":404,"timestamp":"2025-11-03T23:18:34.445Z"}
{"body_size_bytes":108,"environment":"development","host":"b90212427f9c","level":"info","message":"HTTP request start","method":"GET","request_id":"60eba800-303b-409f-af3e-abf9134ffdb2","route":"/api/v1/users/","service":"task-manager","timestamp":"2025-11-03T23:18:37.352Z","user_id":"anonymous"}
{"environment":"development","host":"b90212427f9c","level":"info","message":"userAuth - token verified successfully","service":"task-manager","timestamp":"2025-11-03T23:18:37.354Z","userId":"69093818f39aaadd760288b9"}
{"environment":"development","host":"b90212427f9c","level":"warn","message":"No users found in database","requestedBy":"69093818f39aaadd760288b9","service":"task-manager","timestamp":"2025-11-03T23:18:37.358Z"}
{"body":{"email":"pm.lola2022@gmail.com","password":"Pm12345@","password_confirm":"Pm12345@","username":"spe1012"},"environment":"development","host":"b90212427f9c","level":"error","message":"Express error caught No users found","method":"GET","path":"/api/v1/users/","service":"task-manager","status":404,"timestamp":"2025-11-03T23:18:37.358Z","user":{"id":"69093818f39aaadd760288b9"}}
{"duration":"0.008s","environment":"development","host":"b90212427f9c","level":"info","message":"HTTP request end","request_id":"60eba800-303b-409f-af3e-abf9134ffdb2","service":"task-manager","status_code":404,"timestamp":"2025-11-03T23:18:37.361Z"}
{"body_size_bytes":108,"environment":"development","host":"b90212427f9c","level":"info","message":"HTTP request start","method":"GET","request_id":"e8a934c7-0d29-4ef1-9b66-9bfbdbceef5f","route":"/api/v1/users/current","service":"task-manager","timestamp":"2025-11-03T23:18:46.290Z","user_id":"anonymous"}
{"environment":"development","host":"b90212427f9c","level":"info","message":"userAuth - token verified successfully","service":"task-manager","timestamp":"2025-11-03T23:18:46.292Z","userId":"69093818f39aaadd760288b9"}
{"environment":"development","host":"b90212427f9c","level":"info","message":"Current user fetched from DB and cached","service":"task-manager","timestamp":"2025-11-03T23:18:46.299Z","userId":"69093818f39aaadd760288b9"}
{"duration":"0.011s","environment":"development","host":"b90212427f9c","level":"info","message":"HTTP request end","request_id":"e8a934c7-0d29-4ef1-9b66-9bfbdbceef5f","service":"task-manager","status_code":200,"timestamp":"2025-11-03T23:18:46.301Z"}
{"body_size_bytes":108,"environment":"development","host":"b90212427f9c","level":"info","message":"HTTP request start","method":"GET","request_id":"ef96aad4-0f90-4d6f-ad92-8e29507adacf","route":"/api/v1/users/","service":"task-manager","timestamp":"2025-11-03T23:20:36.692Z","user_id":"anonymous"}
{"environment":"development","host":"b90212427f9c","level":"info","message":"userAuth - token verified successfully","service":"task-manager","timestamp":"2025-11-03T23:20:36.695Z","userId":"69093818f39aaadd760288b9"}
{"environment":"development","host":"b90212427f9c","level":"warn","message":"No users found in database","requestedBy":"69093818f39aaadd760288b9","service":"task-manager","timestamp":"2025-11-03T23:20:36.697Z"}
{"body":{"email":"pm.lola2022@gmail.com","password":"Pm12345@","password_confirm":"Pm12345@","username":"spe1012"},"environment":"development","host":"b90212427f9c","level":"error","message":"Express error caught No users found","method":"GET","path":"/api/v1/users/","service":"task-manager","status":404,"timestamp":"2025-11-03T23:20:36.698Z","user":{"id":"69093818f39aaadd760288b9"}}
{"duration":"0.007s","environment":"development","host":"b90212427f9c","level":"info","message":"HTTP request end","request_id":"ef96aad4-0f90-4d6f-ad92-8e29507adacf","service":"task-manager","status_code":404,"timestamp":"2025-11-03T23:20:36.699Z"}
{"body_size_bytes":108,"environment":"development","host":"b90212427f9c","level":"info","message":"HTTP request start","method":"GET","request_id":"af93bf59-c77b-40ee-aece-40584ec8997b","route":"/api/v1/admin/dashboard","service":"task-manager","timestamp":"2025-11-03T23:20:59.839Z","user_id":"anonymous"}
{"environment":"development","host":"b90212427f9c","level":"info","message":"userAuth - token verified successfully","service":"task-manager","timestamp":"2025-11-03T23:20:59.842Z","userId":"69093818f39aaadd760288b9"}
{"duration":"0.004s","environment":"development","host":"b90212427f9c","level":"info","message":"HTTP request end","request_id":"af93bf59-c77b-40ee-aece-40584ec8997b","service":"task-manager","status_code":403,"timestamp":"2025-11-03T23:20:59.843Z"}
{"body_size_bytes":108,"environment":"development","host":"b90212427f9c","level":"info","message":"HTTP request start","method":"GET","request_id":"de864bad-1b89-4614-ae20-83c86a048aff","route":"/api/v1/admin/dashboard","service":"task-manager","timestamp":"2025-11-03T23:23:40.716Z","user_id":"anonymous"}
{"environment":"development","host":"b90212427f9c","level":"info","message":"userAuth - token verified successfully","service":"task-manager","timestamp":"2025-11-03T23:23:40.718Z","userId":"69093818f39aaadd760288b9"}
{"duration":"0.003s","environment":"development","host":"b90212427f9c","level":"info","message":"HTTP request end","request_id":"de864bad-1b89-4614-ae20-83c86a048aff","service":"task-manager","status_code":403,"timestamp":"2025-11-03T23:23:40.719Z"}
{"body_size_bytes":108,"environment":"development","host":"b90212427f9c","level":"info","message":"HTTP request start","method":"GET","request_id":"6b6704d4-65ef-4ab4-ba68-1e61010fc695","route":"/api/v1/admin/dashboard","service":"task-manager","timestamp":"2025-11-03T23:23:42.237Z","user_id":"anonymous"}
{"environment":"development","host":"b90212427f9c","level":"info","message":"userAuth - token verified successfully","service":"task-manager","timestamp":"2025-11-03T23:23:42.238Z","userId":"69093818f39aaadd760288b9"}
{"duration":"0.003s","environment":"development","host":"b90212427f9c","level":"info","message":"HTTP request end","request_id":"6b6704d4-65ef-4ab4-ba68-1e61010fc695","service":"task-manager","status_code":403,"timestamp":"2025-11-03T23:23:42.239Z"}
{"body_size_bytes":108,"environment":"development","host":"b90212427f9c","level":"info","message":"HTTP request start","method":"GET","request_id":"4e932808-5232-4a71-91ce-a8328968fec5","route":"/api/v1/admin/dashboard","service":"task-manager","timestamp":"2025-11-03T23:23:59.783Z","user_id":"anonymous"}
{"environment":"development","host":"b90212427f9c","level":"info","message":"userAuth - token verified successfully","service":"task-manager","timestamp":"2025-11-03T23:23:59.785Z","userId":"69093818f39aaadd760288b9"}
{"duration":"0.003s","environment":"development","host":"b90212427f9c","level":"info","message":"HTTP request end","request_id":"4e932808-5232-4a71-91ce-a8328968fec5","service":"task-manager","status_code":403,"timestamp":"2025-11-03T23:23:59.786Z"}
{"body_size_bytes":123,"environment":"development","host":"b91bb651854c","level":"info","message":"HTTP request start","method":"POST","request_id":"ef4b89fd-c97d-489a-899c-40db03c5a7a0","route":"/api/v1/auth/users/register","service":"task-manager","timestamp":"2025-11-03T23:25:08.311Z","user_id":"anonymous"}
{"body":{"email":"pm.lola2022@gmail.com","password":"Pm12345@","password_confirm":"Pm12345@","role":"admin","username":"spe1012"},"environment":"development","host":"b91bb651854c","level":"info","message":"createAccount - start","method":"POST","route":"/api/v1/auth/users/register","service":"task-manager","timestamp":"2025-11-03T23:25:08.313Z"}
{"email":"pm.lola2022@gmail.com","environment":"development","host":"b91bb651854c","level":"info","message":"createAccount - user created successfully","service":"task-manager","timestamp":"2025-11-03T23:25:08.405Z","userId":"690939d473aa9fecf01da6d6"}
{"duration":"0.102s","environment":"development","host":"b91bb651854c","level":"info","message":"HTTP request end","request_id":"ef4b89fd-c97d-489a-899c-40db03c5a7a0","service":"task-manager","status_code":201,"timestamp":"2025-11-03T23:25:08.413Z"}
{"body_size_bytes":57,"environment":"development","host":"b91bb651854c","level":"info","message":"HTTP request start","method":"POST","request_id":"a69d3578-a025-45f3-96ac-b69e9c974688","route":"/api/v1/auth/users/login","service":"task-manager","timestamp":"2025-11-03T23:25:13.041Z","user_id":"anonymous"}
{"body":{"email":"pm.lola2022@gmail.com","password":"Pm12345@"},"environment":"development","host":"b91bb651854c","level":"info","message":"loginAccount - start","method":"POST","route":"/api/v1/auth/users/login","service":"task-manager","timestamp":"2025-11-03T23:25:13.042Z"}
{"email":"pm.lola2022@gmail.com","environment":"development","host":"b91bb651854c","level":"info","message":"loginAccount - user logged in successfully","service":"task-manager","timestamp":"2025-11-03T23:25:13.106Z","userId":"690939d473aa9fecf01da6d6"}
{"duration":"0.066s","environment":"development","host":"b91bb651854c","level":"info","message":"HTTP request end","request_id":"a69d3578-a025-45f3-96ac-b69e9c974688","service":"task-manager","status_code":200,"timestamp":"2025-11-03T23:25:13.107Z"}
{"body_size_bytes":108,"environment":"development","host":"b91bb651854c","level":"info","message":"HTTP request start","method":"GET","request_id":"28de4525-c178-4d8d-b7d7-57dac7a6a255","route":"/api/v1/admin/dashboard","service":"task-manager","timestamp":"2025-11-03T23:25:24.127Z","user_id":"anonymous"}
{"environment":"development","host":"b91bb651854c","level":"info","message":"userAuth - token verified successfully","service":"task-manager","timestamp":"2025-11-03T23:25:24.131Z","userId":"690939d473aa9fecf01da6d6"}
{"body":{"email":"pm.lola2022@gmail.com","password":"Pm12345@","password_confirm":"Pm12345@","username":"spe1012"},"environment":"development","host":"b91bb651854c","level":"error","message":"Express error caught Access denied: admin role required","method":"GET","path":"/api/v1/admin/dashboard","service":"task-manager","status":403,"timestamp":"2025-11-03T23:25:24.132Z","user":{"id":"690939d473aa9fecf01da6d6"}}
{"duration":"0.007s","environment":"development","host":"b91bb651854c","level":"info","message":"HTTP request end","request_id":"28de4525-c178-4d8d-b7d7-57dac7a6a255","service":"task-manager","status_code":403,"timestamp":"2025-11-03T23:25:24.134Z"}
{"body_size_bytes":108,"environment":"development","host":"b91bb651854c","level":"info","message":"HTTP request start","method":"GET","request_id":"0cfd3a0a-7154-4b9f-8cd3-390d09d40bd8","route":"/api/v1/admin/dashboard","service":"task-manager","timestamp":"2025-11-03T23:30:15.537Z","user_id":"anonymous"}
{"environment":"development","host":"b91bb651854c","level":"info","message":"userAuth - token verified successfully","service":"task-manager","timestamp":"2025-11-03T23:30:15.540Z","userId":"690939d473aa9fecf01da6d6"}
{"body":{"email":"pm.lola2022@gmail.com","password":"Pm12345@","password_confirm":"Pm12345@","username":"spe1012"},"environment":"development","host":"b91bb651854c","level":"error","message":"Express error caught Access denied: admin role required","method":"GET","path":"/api/v1/admin/dashboard","service":"task-manager","status":403,"timestamp":"2025-11-03T23:30:15.541Z","user":{"id":"690939d473aa9fecf01da6d6"}}
{"duration":"0.006s","environment":"development","host":"b91bb651854c","level":"info","message":"HTTP request end","request_id":"0cfd3a0a-7154-4b9f-8cd3-390d09d40bd8","service":"task-manager","status_code":403,"timestamp":"2025-11-03T23:30:15.543Z"}
{"body_size_bytes":108,"environment":"development","host":"b91bb651854c","level":"info","message":"HTTP request start","method":"GET","request_id":"ae35ebef-1c93-40a7-ae99-d420e2418875","route":"/api/v1/users/current","service":"task-manager","timestamp":"2025-11-03T23:30:24.947Z","user_id":"anonymous"}
{"environment":"development","host":"b91bb651854c","level":"info","message":"userAuth - token verified successfully","service":"task-manager","timestamp":"2025-11-03T23:30:24.949Z","userId":"690939d473aa9fecf01da6d6"}
{"environment":"development","host":"b91bb651854c","level":"info","message":"Current user fetched from DB and cached","service":"task-manager","timestamp":"2025-11-03T23:30:24.956Z","userId":"690939d473aa9fecf01da6d6"}
{"duration":"0.011s","environment":"development","host":"b91bb651854c","level":"info","message":"HTTP request end","request_id":"ae35ebef-1c93-40a7-ae99-d420e2418875","service":"task-manager","status_code":200,"timestamp":"2025-11-03T23:30:24.958Z"}
{"body_size_bytes":108,"environment":"development","host":"b91bb651854c","level":"info","message":"HTTP request start","method":"GET","request_id":"b04cdf81-ce22-4d7e-acdf-2831ec028e28","route":"/api/v1/users/68c1970ed57b8f2e1f4f1e5a","service":"task-manager","timestamp":"2025-11-03T23:30:32.004Z","user_id":"anonymous"}
{"environment":"development","host":"b91bb651854c","level":"info","message":"userAuth - token verified successfully","service":"task-manager","timestamp":"2025-11-03T23:30:32.007Z","userId":"690939d473aa9fecf01da6d6"}
{"environment":"development","host":"b91bb651854c","level":"info","message":"Fetching single user","requestedBy":"690939d473aa9fecf01da6d6","requestedId":"68c1970ed57b8f2e1f4f1e5a","service":"task-manager","timestamp":"2025-11-03T23:30:32.008Z"}
{"environment":"development","host":"b91bb651854c","id":"68c1970ed57b8f2e1f4f1e5a","level":"warn","message":"User not found","service":"task-manager","timestamp":"2025-11-03T23:30:32.023Z"}
{"body":{"email":"pm.lola2022@gmail.com","password":"Pm12345@","password_confirm":"Pm12345@","username":"spe1012"},"environment":"development","host":"b91bb651854c","level":"error","message":"Express error caught User not found","method":"GET","path":"/api/v1/users/68c1970ed57b8f2e1f4f1e5a","service":"task-manager","status":404,"timestamp":"2025-11-03T23:30:32.024Z","user":{"id":"690939d473aa9fecf01da6d6"}}
{"duration":"0.021s","environment":"development","host":"b91bb651854c","level":"info","message":"HTTP request end","request_id":"b04cdf81-ce22-4d7e-acdf-2831ec028e28","service":"task-manager","status_code":404,"timestamp":"2025-11-03T23:30:32.025Z"}
{"body_size_bytes":108,"environment":"development","host":"b91bb651854c","level":"info","message":"HTTP request start","method":"GET","request_id":"e4f9a1dd-5a0b-4a83-b8b0-80dad30f5f5c","route":"/api/v1/admin/dashboard","service":"task-manager","timestamp":"2025-11-03T23:30:37.783Z","user_id":"anonymous"}
{"environment":"development","host":"b91bb651854c","level":"info","message":"userAuth - token verified successfully","service":"task-manager","timestamp":"2025-11-03T23:30:37.785Z","userId":"690939d473aa9fecf01da6d6"}
{"body":{"email":"pm.lola2022@gmail.com","password":"Pm12345@","password_confirm":"Pm12345@","username":"spe1012"},"environment":"development","host":"b91bb651854c","level":"error","message":"Express error caught Access denied: admin role required","method":"GET","path":"/api/v1/admin/dashboard","service":"task-manager","status":403,"timestamp":"2025-11-03T23:30:37.785Z","user":{"id":"690939d473aa9fecf01da6d6"}}
{"duration":"0.003s","environment":"development","host":"b91bb651854c","level":"info","message":"HTTP request end","request_id":"e4f9a1dd-5a0b-4a83-b8b0-80dad30f5f5c","service":"task-manager","status_code":403,"timestamp":"2025-11-03T23:30:37.787Z"}
{"body_size_bytes":0,"environment":"development","host":"b91bb651854c","level":"info","message":"HTTP request start","method":"POST","request_id":"49769d81-87db-458e-864b-5d8eb6c8e4b0","route":"/api/v1/auth/users/send-otp-verify","service":"task-manager","timestamp":"2025-11-03T23:30:46.752Z","user_id":"anonymous"}
{"environment":"development","host":"b91bb651854c","level":"info","message":"userAuth - token verified successfully","service":"task-manager","timestamp":"2025-11-03T23:30:46.754Z","userId":"690939d473aa9fecf01da6d6"}
{"environment":"development","host":"b91bb651854c","level":"info","message":"sendOtpVerificationEmail - start","service":"task-manager","timestamp":"2025-11-03T23:30:46.755Z","userId":"690939d473aa9fecf01da6d6"}
{"environment":"development","host":"b91bb651854c","level":"info","message":"sendOtpVerificationEmail - OTP saved successfully","otp":"589237","service":"task-manager","timestamp":"2025-11-03T23:30:46.770Z","userId":"690939d473aa9fecf01da6d6"}
{"environment":"development","host":"b91bb651854c","level":"info","message":"sendOtpVerificationEmail - OTP email ready to send","service":"task-manager","timestamp":"2025-11-03T23:30:46.770Z","userEmail":"pm.lola2022@gmail.com"}
{"duration":"0.021s","environment":"development","host":"b91bb651854c","level":"info","message":"HTTP request end","request_id":"49769d81-87db-458e-864b-5d8eb6c8e4b0","service":"task-manager","status_code":200,"timestamp":"2025-11-03T23:30:46.773Z"}
{"body_size_bytes":16,"environment":"development","host":"b91bb651854c","level":"info","message":"HTTP request start","method":"POST","request_id":"8a80cd91-f56e-4b43-9c43-3b5d20f40ddc","route":"/api/v1/auth/users/verify-email","service":"task-manager","timestamp":"2025-11-03T23:31:38.445Z","user_id":"anonymous"}
{"duration":"0.004s","environment":"development","host":"b91bb651854c","level":"info","message":"HTTP request end","request_id":"8a80cd91-f56e-4b43-9c43-3b5d20f40ddc","service":"task-manager","status_code":404,"timestamp":"2025-11-03T23:31:38.449Z"}
{"body_size_bytes":16,"environment":"development","host":"b91bb651854c","level":"info","message":"HTTP request start","method":"POST","request_id":"d2522e11-75f4-42dd-b76b-4ecba06c6a60","route":"/api/v1/auth/users/verify-otp","service":"task-manager","timestamp":"2025-11-03T23:33:29.483Z","user_id":"anonymous"}
{"duration":"0.002s","environment":"development","host":"b91bb651854c","level":"info","message":"HTTP request end","request_id":"d2522e11-75f4-42dd-b76b-4ecba06c6a60","service":"task-manager","status_code":404,"timestamp":"2025-11-03T23:33:29.485Z"}
{"body_size_bytes":16,"environment":"development","host":"b91bb651854c","level":"info","message":"HTTP request start","method":"POST","request_id":"9a59470e-04d9-464a-8edf-d6a64658209f","route":"/api/v1/auth/users/verify-otp","service":"task-manager","timestamp":"2025-11-03T23:33:31.210Z","user_id":"anonymous"}
{"duration":"0.001s","environment":"development","host":"b91bb651854c","level":"info","message":"HTTP request end","request_id":"9a59470e-04d9-464a-8edf-d6a64658209f","service":"task-manager","status_code":404,"timestamp":"2025-11-03T23:33:31.211Z"}
{"body_size_bytes":16,"environment":"development","host":"b91bb651854c","level":"info","message":"HTTP request start","method":"POST","request_id":"cb883155-19f7-4280-bf65-7945b909ec9e","route":"/api/v1/auth/users/verify-otp","service":"task-manager","timestamp":"2025-11-03T23:33:38.675Z","user_id":"anonymous"}
{"duration":"0.001s","environment":"development","host":"b91bb651854c","level":"info","message":"HTTP request end","request_id":"cb883155-19f7-4280-bf65-7945b909ec9e","service":"task-manager","status_code":404,"timestamp":"2025-11-03T23:33:38.677Z"}
{"body_size_bytes":16,"environment":"development","host":"b91bb651854c","level":"info","message":"HTTP request start","method":"POST","request_id":"67bdd3ec-9797-4bed-8491-9def87647540","route":"/api/v1/auth/users/verify-otp","service":"task-manager","timestamp":"2025-11-03T23:33:40.437Z","user_id":"anonymous"}
{"duration":"0.001s","environment":"development","host":"b91bb651854c","level":"info","message":"HTTP request end","request_id":"67bdd3ec-9797-4bed-8491-9def87647540","service":"task-manager","status_code":404,"timestamp":"2025-11-03T23:33:40.439Z"}
{"body_size_bytes":16,"environment":"development","host":"b91bb651854c","level":"info","message":"HTTP request start","method":"POST","request_id":"53122082-2f34-42f9-8d6e-f6efcc377e2d","route":"/api/v1/auth/users/verify-otp","service":"task-manager","timestamp":"2025-11-03T23:33:41.568Z","user_id":"anonymous"}
{"duration":"0.001s","environment":"development","host":"b91bb651854c","level":"info","message":"HTTP request end","request_id":"53122082-2f34-42f9-8d6e-f6efcc377e2d","service":"task-manager","status_code":404,"timestamp":"2025-11-03T23:33:41.570Z"}
{"body_size_bytes":16,"environment":"development","host":"b91bb651854c","level":"info","message":"HTTP request start","method":"POST","request_id":"07354339-e23d-426a-8b6f-62d26d76fcc3","route":"/api/v1/auth/users/verify-otp","service":"task-manager","timestamp":"2025-11-03T23:33:43.849Z","user_id":"anonymous"}
{"duration":"0.001s","environment":"development","host":"b91bb651854c","level":"info","message":"HTTP request end","request_id":"07354339-e23d-426a-8b6f-62d26d76fcc3","service":"task-manager","status_code":404,"timestamp":"2025-11-03T23:33:43.850Z"}
