{"body_size_bytes":0,"environment":"development","host":"a0c9f7c5f1eb","level":"info","message":"HTTP request start","method":"GET","request_id":"542830fc-9b74-44e9-ab4f-8253bd78c3f7","route":"/api/v1/tasks/6920e485997fd01bfe2282bb/paginate","service":"task-manager","timestamp":"2026-02-13T10:52:48.278Z","user_id":"anonymous"}
{"environment":"development","host":"a0c9f7c5f1eb","level":"info","message":"userAuth - no token provided","method":"GET","path":"/6920e485997fd01bfe2282bb/paginate","service":"task-manager","timestamp":"2026-02-13T10:52:48.285Z"}
{"environment":"development","host":"a0c9f7c5f1eb","level":"warn","message":"Unauthorized access attempt - no user in request","method":"GET","path":"/api/v1/tasks/6920e485997fd01bfe2282bb/paginate?page=1&limit=3","service":"task-manager","timestamp":"2026-02-13T10:52:48.287Z"}
{"body":{},"environment":"development","host":"a0c9f7c5f1eb","level":"error","message":"Express error caught Unauthorized: User not authenticated","method":"GET","path":"/api/v1/tasks/6920e485997fd01bfe2282bb/paginate","service":"task-manager","status":401,"timestamp":"2026-02-13T10:52:48.289Z","user":"anonymous"}
{"duration":"0.028s","environment":"development","host":"a0c9f7c5f1eb","level":"info","message":"HTTP request end","request_id":"542830fc-9b74-44e9-ab4f-8253bd78c3f7","service":"task-manager","status_code":401,"timestamp":"2026-02-13T10:52:48.305Z"}
{"body_size_bytes":56,"environment":"development","host":"a0c9f7c5f1eb","level":"info","message":"HTTP request start","method":"POST","request_id":"b5413c4a-0c17-462f-8d31-011ad057cf63","route":"/api/v1/auth/users/login","service":"task-manager","timestamp":"2026-02-13T10:53:03.008Z","user_id":"anonymous"}
{"body":{"email":"a.badila@laposte.net","password":"Amina35@"},"environment":"development","host":"a0c9f7c5f1eb","level":"info","message":"loginAccount - start","method":"POST","route":"/api/v1/auth/users/login","service":"task-manager","timestamp":"2026-02-13T10:53:03.010Z"}
{"email":"a.badila@laposte.net","environment":"development","host":"a0c9f7c5f1eb","level":"info","message":"loginAccount - user logged in successfully","service":"task-manager","timestamp":"2026-02-13T10:53:03.164Z","userId":"6920e485997fd01bfe2282bb"}
{"duration":"0.159s","environment":"development","host":"a0c9f7c5f1eb","level":"info","message":"HTTP request end","request_id":"b5413c4a-0c17-462f-8d31-011ad057cf63","service":"task-manager","status_code":200,"timestamp":"2026-02-13T10:53:03.167Z"}
{"body_size_bytes":0,"environment":"development","host":"a0c9f7c5f1eb","level":"info","message":"HTTP request start","method":"GET","request_id":"0bd2d3a6-6eaf-431c-9f6a-2e210845e08e","route":"/api/v1/tasks/6920e485997fd01bfe2282bb/paginate","service":"task-manager","timestamp":"2026-02-13T10:53:12.172Z","user_id":"anonymous"}
{"environment":"development","host":"a0c9f7c5f1eb","level":"info","message":"userAuth - token verified successfully","service":"task-manager","timestamp":"2026-02-13T10:53:12.179Z","userId":"6920e485997fd01bfe2282bb"}
{"allowedRoles":["user","admin"],"environment":"development","host":"a0c9f7c5f1eb","level":"info","message":"Role check initiated","method":"GET","path":"/api/v1/tasks/6920e485997fd01bfe2282bb/paginate?page=1&limit=3","service":"task-manager","timestamp":"2026-02-13T10:53:12.180Z","userId":"6920e485997fd01bfe2282bb","userRole":"user"}
{"environment":"development","host":"a0c9f7c5f1eb","level":"info","message":"Role authorized successfully","path":"/api/v1/tasks/6920e485997fd01bfe2282bb/paginate?page=1&limit=3","role":"user","service":"task-manager","timestamp":"2026-02-13T10:53:12.180Z","userId":"6920e485997fd01bfe2282bb"}
{"duration":"0.027s","environment":"development","host":"a0c9f7c5f1eb","level":"info","message":"HTTP request end","request_id":"0bd2d3a6-6eaf-431c-9f6a-2e210845e08e","service":"task-manager","status_code":200,"timestamp":"2026-02-13T10:53:12.200Z"}
{"body_size_bytes":0,"environment":"development","host":"a0c9f7c5f1eb","level":"info","message":"HTTP request start","method":"GET","request_id":"7e4f8ee3-3893-4d58-b861-e797a5c1b271","route":"/api/v1/tasks/6920e485997fd01bfe2282bb/paginate","service":"task-manager","timestamp":"2026-02-13T10:55:38.589Z","user_id":"anonymous"}
{"environment":"development","host":"a0c9f7c5f1eb","level":"info","message":"userAuth - token verified successfully","service":"task-manager","timestamp":"2026-02-13T10:55:38.594Z","userId":"6920e485997fd01bfe2282bb"}
{"allowedRoles":["user","admin"],"environment":"development","host":"a0c9f7c5f1eb","level":"info","message":"Role check initiated","method":"GET","path":"/api/v1/tasks/6920e485997fd01bfe2282bb/paginate?page=1&limit=10","service":"task-manager","timestamp":"2026-02-13T10:55:38.595Z","userId":"6920e485997fd01bfe2282bb","userRole":"user"}
{"environment":"development","host":"a0c9f7c5f1eb","level":"info","message":"Role authorized successfully","path":"/api/v1/tasks/6920e485997fd01bfe2282bb/paginate?page=1&limit=10","role":"user","service":"task-manager","timestamp":"2026-02-13T10:55:38.595Z","userId":"6920e485997fd01bfe2282bb"}
{"duration":"0.026s","environment":"development","host":"a0c9f7c5f1eb","level":"info","message":"HTTP request end","request_id":"7e4f8ee3-3893-4d58-b861-e797a5c1b271","service":"task-manager","status_code":200,"timestamp":"2026-02-13T10:55:38.615Z"}
{"body_size_bytes":0,"environment":"development","host":"a0c9f7c5f1eb","level":"info","message":"HTTP request start","method":"GET","request_id":"e746ed1b-22c5-4e3f-9450-6f883f0dabe6","route":"/api/v1/tasks/6920e485997fd01bfe2282bb/paginate","service":"task-manager","timestamp":"2026-02-13T10:55:46.075Z","user_id":"anonymous"}
{"environment":"development","host":"a0c9f7c5f1eb","level":"info","message":"userAuth - token verified successfully","service":"task-manager","timestamp":"2026-02-13T10:55:46.078Z","userId":"6920e485997fd01bfe2282bb"}
{"allowedRoles":["user","admin"],"environment":"development","host":"a0c9f7c5f1eb","level":"info","message":"Role check initiated","method":"GET","path":"/api/v1/tasks/6920e485997fd01bfe2282bb/paginate?page=1&limit=10?sort=name&order=asc","service":"task-manager","timestamp":"2026-02-13T10:55:46.078Z","userId":"6920e485997fd01bfe2282bb","userRole":"user"}
{"environment":"development","host":"a0c9f7c5f1eb","level":"info","message":"Role authorized successfully","path":"/api/v1/tasks/6920e485997fd01bfe2282bb/paginate?page=1&limit=10?sort=name&order=asc","role":"user","service":"task-manager","timestamp":"2026-02-13T10:55:46.079Z","userId":"6920e485997fd01bfe2282bb"}
{"duration":"0.017s","environment":"development","host":"a0c9f7c5f1eb","level":"info","message":"HTTP request end","request_id":"e746ed1b-22c5-4e3f-9450-6f883f0dabe6","service":"task-manager","status_code":200,"timestamp":"2026-02-13T10:55:46.092Z"}
{"body_size_bytes":0,"environment":"development","host":"a0c9f7c5f1eb","level":"info","message":"HTTP request start","method":"GET","request_id":"9f857395-fb04-460c-a807-a0aff64d5d9f","route":"/api/v1/tasks/6920e485997fd01bfe2282bb/paginate","service":"task-manager","timestamp":"2026-02-13T10:56:26.692Z","user_id":"anonymous"}
{"environment":"development","host":"a0c9f7c5f1eb","level":"info","message":"userAuth - token verified successfully","service":"task-manager","timestamp":"2026-02-13T10:56:26.695Z","userId":"6920e485997fd01bfe2282bb"}
{"allowedRoles":["user","admin"],"environment":"development","host":"a0c9f7c5f1eb","level":"info","message":"Role check initiated","method":"GET","path":"/api/v1/tasks/6920e485997fd01bfe2282bb/paginate?page=1&limit=10&order=asc","service":"task-manager","timestamp":"2026-02-13T10:56:26.696Z","userId":"6920e485997fd01bfe2282bb","userRole":"user"}
{"environment":"development","host":"a0c9f7c5f1eb","level":"info","message":"Role authorized successfully","path":"/api/v1/tasks/6920e485997fd01bfe2282bb/paginate?page=1&limit=10&order=asc","role":"user","service":"task-manager","timestamp":"2026-02-13T10:56:26.696Z","userId":"6920e485997fd01bfe2282bb"}
{"duration":"0.027s","environment":"development","host":"a0c9f7c5f1eb","level":"info","message":"HTTP request end","request_id":"9f857395-fb04-460c-a807-a0aff64d5d9f","service":"task-manager","status_code":200,"timestamp":"2026-02-13T10:56:26.719Z"}
{"body_size_bytes":0,"environment":"development","host":"a0c9f7c5f1eb","level":"info","message":"HTTP request start","method":"GET","request_id":"0b467819-98e2-4ed1-9c11-4618b470f99e","route":"/api/v1/tasks/6920e485997fd01bfe2282bb/paginate","service":"task-manager","timestamp":"2026-02-13T10:56:51.711Z","user_id":"anonymous"}
{"environment":"development","host":"a0c9f7c5f1eb","level":"info","message":"userAuth - token verified successfully","service":"task-manager","timestamp":"2026-02-13T10:56:51.715Z","userId":"6920e485997fd01bfe2282bb"}
{"allowedRoles":["user","admin"],"environment":"development","host":"a0c9f7c5f1eb","level":"info","message":"Role check initiated","method":"GET","path":"/api/v1/tasks/6920e485997fd01bfe2282bb/paginate?page=1&limit=10&sort=name","service":"task-manager","timestamp":"2026-02-13T10:56:51.716Z","userId":"6920e485997fd01bfe2282bb","userRole":"user"}
{"environment":"development","host":"a0c9f7c5f1eb","level":"info","message":"Role authorized successfully","path":"/api/v1/tasks/6920e485997fd01bfe2282bb/paginate?page=1&limit=10&sort=name","role":"user","service":"task-manager","timestamp":"2026-02-13T10:56:51.716Z","userId":"6920e485997fd01bfe2282bb"}
{"duration":"0.020s","environment":"development","host":"a0c9f7c5f1eb","level":"info","message":"HTTP request end","request_id":"0b467819-98e2-4ed1-9c11-4618b470f99e","service":"task-manager","status_code":200,"timestamp":"2026-02-13T10:56:51.732Z"}
{"body_size_bytes":0,"environment":"development","host":"a0c9f7c5f1eb","level":"info","message":"HTTP request start","method":"GET","request_id":"2798eac9-5efe-42d4-9401-e0679c3c2210","route":"/api/v1/tasks/6920e485997fd01bfe2282bb/paginate","service":"task-manager","timestamp":"2026-02-13T10:57:20.887Z","user_id":"anonymous"}
{"environment":"development","host":"a0c9f7c5f1eb","level":"info","message":"userAuth - token verified successfully","service":"task-manager","timestamp":"2026-02-13T10:57:20.893Z","userId":"6920e485997fd01bfe2282bb"}
{"allowedRoles":["user","admin"],"environment":"development","host":"a0c9f7c5f1eb","level":"info","message":"Role check initiated","method":"GET","path":"/api/v1/tasks/6920e485997fd01bfe2282bb/paginate?page=1&limit=10&sort=name&order=asc","service":"task-manager","timestamp":"2026-02-13T10:57:20.893Z","userId":"6920e485997fd01bfe2282bb","userRole":"user"}
{"environment":"development","host":"a0c9f7c5f1eb","level":"info","message":"Role authorized successfully","path":"/api/v1/tasks/6920e485997fd01bfe2282bb/paginate?page=1&limit=10&sort=name&order=asc","role":"user","service":"task-manager","timestamp":"2026-02-13T10:57:20.894Z","userId":"6920e485997fd01bfe2282bb"}
{"duration":"0.023s","environment":"development","host":"a0c9f7c5f1eb","level":"info","message":"HTTP request end","request_id":"2798eac9-5efe-42d4-9401-e0679c3c2210","service":"task-manager","status_code":200,"timestamp":"2026-02-13T10:57:20.911Z"}
{"body_size_bytes":0,"environment":"development","host":"a0c9f7c5f1eb","level":"info","message":"HTTP request start","method":"GET","request_id":"add2e73f-617e-4c0f-ad8d-7ee9b1a955da","route":"/api/v1/tasks/6920e485997fd01bfe2282bb/paginate","service":"task-manager","timestamp":"2026-02-13T10:57:39.468Z","user_id":"anonymous"}
{"environment":"development","host":"a0c9f7c5f1eb","level":"info","message":"userAuth - token verified successfully","service":"task-manager","timestamp":"2026-02-13T10:57:39.472Z","userId":"6920e485997fd01bfe2282bb"}
{"allowedRoles":["user","admin"],"environment":"development","host":"a0c9f7c5f1eb","level":"info","message":"Role check initiated","method":"GET","path":"/api/v1/tasks/6920e485997fd01bfe2282bb/paginate?page=1&limit=10&sort=name&order=desc","service":"task-manager","timestamp":"2026-02-13T10:57:39.472Z","userId":"6920e485997fd01bfe2282bb","userRole":"user"}
{"environment":"development","host":"a0c9f7c5f1eb","level":"info","message":"Role authorized successfully","path":"/api/v1/tasks/6920e485997fd01bfe2282bb/paginate?page=1&limit=10&sort=name&order=desc","role":"user","service":"task-manager","timestamp":"2026-02-13T10:57:39.473Z","userId":"6920e485997fd01bfe2282bb"}
{"duration":"0.015s","environment":"development","host":"a0c9f7c5f1eb","level":"info","message":"HTTP request end","request_id":"add2e73f-617e-4c0f-ad8d-7ee9b1a955da","service":"task-manager","status_code":200,"timestamp":"2026-02-13T10:57:39.484Z"}
{"body_size_bytes":0,"environment":"development","host":"a0c9f7c5f1eb","level":"info","message":"HTTP request start","method":"GET","request_id":"6d4c4efd-9927-4625-bf65-fdab6eee0ffd","route":"/api/v1/tasks/6920e485997fd01bfe2282bb/paginate","service":"task-manager","timestamp":"2026-02-13T10:57:54.199Z","user_id":"anonymous"}
{"environment":"development","host":"a0c9f7c5f1eb","level":"info","message":"userAuth - token verified successfully","service":"task-manager","timestamp":"2026-02-13T10:57:54.203Z","userId":"6920e485997fd01bfe2282bb"}
{"allowedRoles":["user","admin"],"environment":"development","host":"a0c9f7c5f1eb","level":"info","message":"Role check initiated","method":"GET","path":"/api/v1/tasks/6920e485997fd01bfe2282bb/paginate?page=1&limit=10&sort=status&order=desc","service":"task-manager","timestamp":"2026-02-13T10:57:54.203Z","userId":"6920e485997fd01bfe2282bb","userRole":"user"}
{"environment":"development","host":"a0c9f7c5f1eb","level":"info","message":"Role authorized successfully","path":"/api/v1/tasks/6920e485997fd01bfe2282bb/paginate?page=1&limit=10&sort=status&order=desc","role":"user","service":"task-manager","timestamp":"2026-02-13T10:57:54.204Z","userId":"6920e485997fd01bfe2282bb"}
{"duration":"0.015s","environment":"development","host":"a0c9f7c5f1eb","level":"info","message":"HTTP request end","request_id":"6d4c4efd-9927-4625-bf65-fdab6eee0ffd","service":"task-manager","status_code":200,"timestamp":"2026-02-13T10:57:54.214Z"}
{"body_size_bytes":0,"environment":"development","host":"a0c9f7c5f1eb","level":"info","message":"HTTP request start","method":"GET","request_id":"cde44b96-703f-4a16-bd2e-33bb8e2599b3","route":"/api/v1/tasks/6920e485997fd01bfe2282bb/paginate","service":"task-manager","timestamp":"2026-02-13T10:58:09.854Z","user_id":"anonymous"}
{"environment":"development","host":"a0c9f7c5f1eb","level":"info","message":"userAuth - token verified successfully","service":"task-manager","timestamp":"2026-02-13T10:58:09.860Z","userId":"6920e485997fd01bfe2282bb"}
{"allowedRoles":["user","admin"],"environment":"development","host":"a0c9f7c5f1eb","level":"info","message":"Role check initiated","method":"GET","path":"/api/v1/tasks/6920e485997fd01bfe2282bb/paginate?page=1&limit=10&sort=prority&order=desc","service":"task-manager","timestamp":"2026-02-13T10:58:09.860Z","userId":"6920e485997fd01bfe2282bb","userRole":"user"}
{"environment":"development","host":"a0c9f7c5f1eb","level":"info","message":"Role authorized successfully","path":"/api/v1/tasks/6920e485997fd01bfe2282bb/paginate?page=1&limit=10&sort=prority&order=desc","role":"user","service":"task-manager","timestamp":"2026-02-13T10:58:09.861Z","userId":"6920e485997fd01bfe2282bb"}
{"duration":"0.020s","environment":"development","host":"a0c9f7c5f1eb","level":"info","message":"HTTP request end","request_id":"cde44b96-703f-4a16-bd2e-33bb8e2599b3","service":"task-manager","status_code":200,"timestamp":"2026-02-13T10:58:09.874Z"}
{"body_size_bytes":0,"environment":"development","host":"a0c9f7c5f1eb","level":"info","message":"HTTP request start","method":"GET","request_id":"1a5fe3a3-c29e-4855-845f-18bc2ad7441b","route":"/api/v1/tasks/6920e485997fd01bfe2282bb/paginate","service":"task-manager","timestamp":"2026-02-13T10:58:18.718Z","user_id":"anonymous"}
{"environment":"development","host":"a0c9f7c5f1eb","level":"info","message":"userAuth - token verified successfully","service":"task-manager","timestamp":"2026-02-13T10:58:18.722Z","userId":"6920e485997fd01bfe2282bb"}
{"allowedRoles":["user","admin"],"environment":"development","host":"a0c9f7c5f1eb","level":"info","message":"Role check initiated","method":"GET","path":"/api/v1/tasks/6920e485997fd01bfe2282bb/paginate?sort=prority&order=desc","service":"task-manager","timestamp":"2026-02-13T10:58:18.722Z","userId":"6920e485997fd01bfe2282bb","userRole":"user"}
{"environment":"development","host":"a0c9f7c5f1eb","level":"info","message":"Role authorized successfully","path":"/api/v1/tasks/6920e485997fd01bfe2282bb/paginate?sort=prority&order=desc","role":"user","service":"task-manager","timestamp":"2026-02-13T10:58:18.723Z","userId":"6920e485997fd01bfe2282bb"}
{"duration":"0.014s","environment":"development","host":"a0c9f7c5f1eb","level":"info","message":"HTTP request end","request_id":"1a5fe3a3-c29e-4855-845f-18bc2ad7441b","service":"task-manager","status_code":200,"timestamp":"2026-02-13T10:58:18.733Z"}
{"body_size_bytes":0,"environment":"development","host":"a0c9f7c5f1eb","level":"info","message":"HTTP request start","method":"GET","request_id":"4fa09a4d-77f4-40ec-b74e-549ab5dafd19","route":"/api/v1/tasks/6920e485997fd01bfe2282bb/paginate","service":"task-manager","timestamp":"2026-02-13T10:58:32.484Z","user_id":"anonymous"}
{"environment":"development","host":"a0c9f7c5f1eb","level":"info","message":"userAuth - token verified successfully","service":"task-manager","timestamp":"2026-02-13T10:58:32.489Z","userId":"6920e485997fd01bfe2282bb"}
{"allowedRoles":["user","admin"],"environment":"development","host":"a0c9f7c5f1eb","level":"info","message":"Role check initiated","method":"GET","path":"/api/v1/tasks/6920e485997fd01bfe2282bb/paginate?sort=prority&order=desc","service":"task-manager","timestamp":"2026-02-13T10:58:32.489Z","userId":"6920e485997fd01bfe2282bb","userRole":"user"}
{"environment":"development","host":"a0c9f7c5f1eb","level":"info","message":"Role authorized successfully","path":"/api/v1/tasks/6920e485997fd01bfe2282bb/paginate?sort=prority&order=desc","role":"user","service":"task-manager","timestamp":"2026-02-13T10:58:32.490Z","userId":"6920e485997fd01bfe2282bb"}
{"duration":"0.020s","environment":"development","host":"a0c9f7c5f1eb","level":"info","message":"HTTP request end","request_id":"4fa09a4d-77f4-40ec-b74e-549ab5dafd19","service":"task-manager","status_code":200,"timestamp":"2026-02-13T10:58:32.504Z"}
{"body_size_bytes":0,"environment":"development","host":"a0c9f7c5f1eb","level":"info","message":"HTTP request start","method":"GET","request_id":"e9f450d1-e1db-43b4-a1f3-d625fec6308a","route":"/api/v1/tasks/6920e485997fd01bfe2282bb/paginate","service":"task-manager","timestamp":"2026-02-13T10:58:50.034Z","user_id":"anonymous"}
{"environment":"development","host":"a0c9f7c5f1eb","level":"info","message":"userAuth - token verified successfully","service":"task-manager","timestamp":"2026-02-13T10:58:50.038Z","userId":"6920e485997fd01bfe2282bb"}
{"allowedRoles":["user","admin"],"environment":"development","host":"a0c9f7c5f1eb","level":"info","message":"Role check initiated","method":"GET","path":"/api/v1/tasks/6920e485997fd01bfe2282bb/paginate?sort=prority&order=asc","service":"task-manager","timestamp":"2026-02-13T10:58:50.038Z","userId":"6920e485997fd01bfe2282bb","userRole":"user"}
{"environment":"development","host":"a0c9f7c5f1eb","level":"info","message":"Role authorized successfully","path":"/api/v1/tasks/6920e485997fd01bfe2282bb/paginate?sort=prority&order=asc","role":"user","service":"task-manager","timestamp":"2026-02-13T10:58:50.039Z","userId":"6920e485997fd01bfe2282bb"}
{"duration":"0.016s","environment":"development","host":"a0c9f7c5f1eb","level":"info","message":"HTTP request end","request_id":"e9f450d1-e1db-43b4-a1f3-d625fec6308a","service":"task-manager","status_code":200,"timestamp":"2026-02-13T10:58:50.050Z"}
{"body_size_bytes":0,"environment":"development","host":"a0c9f7c5f1eb","level":"info","message":"HTTP request start","method":"GET","request_id":"c658ca99-5c67-4667-913e-27fd1e55d2cd","route":"/api/v1/tasks/6920e485997fd01bfe2282bb/paginate","service":"task-manager","timestamp":"2026-02-13T22:43:31.590Z","user_id":"anonymous"}
{"environment":"development","host":"a0c9f7c5f1eb","level":"info","message":"userAuth - no token provided","method":"GET","path":"/6920e485997fd01bfe2282bb/paginate","service":"task-manager","timestamp":"2026-02-13T22:43:31.599Z"}
{"environment":"development","host":"a0c9f7c5f1eb","level":"warn","message":"Unauthorized access attempt - no user in request","method":"GET","path":"/api/v1/tasks/6920e485997fd01bfe2282bb/paginate","service":"task-manager","timestamp":"2026-02-13T22:43:31.601Z"}
{"body":{},"environment":"development","host":"a0c9f7c5f1eb","level":"error","message":"Express error caught Unauthorized: User not authenticated","method":"GET","path":"/api/v1/tasks/6920e485997fd01bfe2282bb/paginate","service":"task-manager","status":401,"timestamp":"2026-02-13T22:43:31.604Z","user":"anonymous"}
{"duration":"0.030s","environment":"development","host":"a0c9f7c5f1eb","level":"info","message":"HTTP request end","request_id":"c658ca99-5c67-4667-913e-27fd1e55d2cd","service":"task-manager","status_code":401,"timestamp":"2026-02-13T22:43:31.619Z"}
{"body_size_bytes":56,"environment":"development","host":"a0c9f7c5f1eb","level":"info","message":"HTTP request start","method":"POST","request_id":"e9e47b69-734d-4b0a-8294-ae0a9caaebc7","route":"/api/v1/auth/users/login","service":"task-manager","timestamp":"2026-02-13T22:43:53.605Z","user_id":"anonymous"}
{"body":{"email":"a.badila@laposte.net","password":"Amina35@"},"environment":"development","host":"a0c9f7c5f1eb","level":"info","message":"loginAccount - start","method":"POST","route":"/api/v1/auth/users/login","service":"task-manager","timestamp":"2026-02-13T22:43:53.609Z"}
{"email":"a.badila@laposte.net","environment":"development","host":"a0c9f7c5f1eb","level":"info","message":"loginAccount - user logged in successfully","service":"task-manager","timestamp":"2026-02-13T22:43:53.754Z","userId":"6920e485997fd01bfe2282bb"}
{"duration":"0.152s","environment":"development","host":"a0c9f7c5f1eb","level":"info","message":"HTTP request end","request_id":"e9e47b69-734d-4b0a-8294-ae0a9caaebc7","service":"task-manager","status_code":200,"timestamp":"2026-02-13T22:43:53.757Z"}
{"body_size_bytes":0,"environment":"development","host":"a0c9f7c5f1eb","level":"info","message":"HTTP request start","method":"GET","request_id":"154bef42-87bd-4c7d-8697-098fd3f988a3","route":"/api/v1/tasks/6920e485997fd01bfe2282bb/paginate","service":"task-manager","timestamp":"2026-02-13T22:44:03.616Z","user_id":"anonymous"}
{"environment":"development","host":"a0c9f7c5f1eb","level":"info","message":"userAuth - token verified successfully","service":"task-manager","timestamp":"2026-02-13T22:44:03.622Z","userId":"6920e485997fd01bfe2282bb"}
{"allowedRoles":["user","admin"],"environment":"development","host":"a0c9f7c5f1eb","level":"info","message":"Role check initiated","method":"GET","path":"/api/v1/tasks/6920e485997fd01bfe2282bb/paginate","service":"task-manager","timestamp":"2026-02-13T22:44:03.623Z","userId":"6920e485997fd01bfe2282bb","userRole":"user"}
{"environment":"development","host":"a0c9f7c5f1eb","level":"info","message":"Role authorized successfully","path":"/api/v1/tasks/6920e485997fd01bfe2282bb/paginate","role":"user","service":"task-manager","timestamp":"2026-02-13T22:44:03.624Z","userId":"6920e485997fd01bfe2282bb"}
{"duration":"0.045s","environment":"development","host":"a0c9f7c5f1eb","level":"info","message":"HTTP request end","request_id":"154bef42-87bd-4c7d-8697-098fd3f988a3","service":"task-manager","status_code":200,"timestamp":"2026-02-13T22:44:03.661Z"}
{"body_size_bytes":0,"environment":"development","host":"a0c9f7c5f1eb","level":"info","message":"HTTP request start","method":"GET","request_id":"96496b9b-2a11-4d58-a8e4-b872438a76c6","route":"/api/v1/tasks/6920e485997fd01bfe2282bb/paginate","service":"task-manager","timestamp":"2026-02-13T22:45:01.358Z","user_id":"anonymous"}
{"environment":"development","host":"a0c9f7c5f1eb","level":"info","message":"userAuth - token verified successfully","service":"task-manager","timestamp":"2026-02-13T22:45:01.362Z","userId":"6920e485997fd01bfe2282bb"}
{"allowedRoles":["user","admin"],"environment":"development","host":"a0c9f7c5f1eb","level":"info","message":"Role check initiated","method":"GET","path":"/api/v1/tasks/6920e485997fd01bfe2282bb/paginate?priority=Urgent","service":"task-manager","timestamp":"2026-02-13T22:45:01.363Z","userId":"6920e485997fd01bfe2282bb","userRole":"user"}
{"environment":"development","host":"a0c9f7c5f1eb","level":"info","message":"Role authorized successfully","path":"/api/v1/tasks/6920e485997fd01bfe2282bb/paginate?priority=Urgent","role":"user","service":"task-manager","timestamp":"2026-02-13T22:45:01.364Z","userId":"6920e485997fd01bfe2282bb"}
{"duration":"0.023s","environment":"development","host":"a0c9f7c5f1eb","level":"info","message":"HTTP request end","request_id":"96496b9b-2a11-4d58-a8e4-b872438a76c6","service":"task-manager","status_code":200,"timestamp":"2026-02-13T22:45:01.381Z"}
{"body_size_bytes":0,"environment":"development","host":"a0c9f7c5f1eb","level":"info","message":"HTTP request start","method":"GET","request_id":"5a4145cd-f8dd-4c8b-8283-aa781af73d1b","route":"/api/v1/tasks/6920e485997fd01bfe2282bb/paginate","service":"task-manager","timestamp":"2026-02-13T22:45:37.304Z","user_id":"anonymous"}
{"environment":"development","host":"a0c9f7c5f1eb","level":"info","message":"userAuth - token verified successfully","service":"task-manager","timestamp":"2026-02-13T22:45:37.308Z","userId":"6920e485997fd01bfe2282bb"}
{"allowedRoles":["user","admin"],"environment":"development","host":"a0c9f7c5f1eb","level":"info","message":"Role check initiated","method":"GET","path":"/api/v1/tasks/6920e485997fd01bfe2282bb/paginate?status=Open","service":"task-manager","timestamp":"2026-02-13T22:45:37.308Z","userId":"6920e485997fd01bfe2282bb","userRole":"user"}
{"environment":"development","host":"a0c9f7c5f1eb","level":"info","message":"Role authorized successfully","path":"/api/v1/tasks/6920e485997fd01bfe2282bb/paginate?status=Open","role":"user","service":"task-manager","timestamp":"2026-02-13T22:45:37.308Z","userId":"6920e485997fd01bfe2282bb"}
{"duration":"0.023s","environment":"development","host":"a0c9f7c5f1eb","level":"info","message":"HTTP request end","request_id":"5a4145cd-f8dd-4c8b-8283-aa781af73d1b","service":"task-manager","status_code":200,"timestamp":"2026-02-13T22:45:37.327Z"}
{"body_size_bytes":0,"environment":"development","host":"a0c9f7c5f1eb","level":"info","message":"HTTP request start","method":"GET","request_id":"a10b82e2-97fe-488b-98f7-fd00bdd236b8","route":"/api/v1/tasks/6920e485997fd01bfe2282bb/paginate","service":"task-manager","timestamp":"2026-02-13T22:47:00.335Z","user_id":"anonymous"}
{"environment":"development","host":"a0c9f7c5f1eb","level":"info","message":"userAuth - token verified successfully","service":"task-manager","timestamp":"2026-02-13T22:47:00.339Z","userId":"6920e485997fd01bfe2282bb"}
{"allowedRoles":["user","admin"],"environment":"development","host":"a0c9f7c5f1eb","level":"info","message":"Role check initiated","method":"GET","path":"/api/v1/tasks/6920e485997fd01bfe2282bb/paginate?createdAt=%2210-02-2026%22","service":"task-manager","timestamp":"2026-02-13T22:47:00.339Z","userId":"6920e485997fd01bfe2282bb","userRole":"user"}
{"environment":"development","host":"a0c9f7c5f1eb","level":"info","message":"Role authorized successfully","path":"/api/v1/tasks/6920e485997fd01bfe2282bb/paginate?createdAt=%2210-02-2026%22","role":"user","service":"task-manager","timestamp":"2026-02-13T22:47:00.340Z","userId":"6920e485997fd01bfe2282bb"}
{"duration":"0.024s","environment":"development","host":"a0c9f7c5f1eb","level":"info","message":"HTTP request end","request_id":"a10b82e2-97fe-488b-98f7-fd00bdd236b8","service":"task-manager","status_code":200,"timestamp":"2026-02-13T22:47:00.359Z"}
{"body_size_bytes":0,"environment":"development","host":"a0c9f7c5f1eb","level":"info","message":"HTTP request start","method":"GET","request_id":"2ae4d743-7bbc-401b-a31e-fb98b1f2a246","route":"/api/v1/tasks/6920e485997fd01bfe2282bb/paginate","service":"task-manager","timestamp":"2026-02-13T22:47:15.611Z","user_id":"anonymous"}
{"environment":"development","host":"a0c9f7c5f1eb","level":"info","message":"userAuth - token verified successfully","service":"task-manager","timestamp":"2026-02-13T22:47:15.616Z","userId":"6920e485997fd01bfe2282bb"}
{"allowedRoles":["user","admin"],"environment":"development","host":"a0c9f7c5f1eb","level":"info","message":"Role check initiated","method":"GET","path":"/api/v1/tasks/6920e485997fd01bfe2282bb/paginate?createdAt=%2209-02-2026%22","service":"task-manager","timestamp":"2026-02-13T22:47:15.616Z","userId":"6920e485997fd01bfe2282bb","userRole":"user"}
{"environment":"development","host":"a0c9f7c5f1eb","level":"info","message":"Role authorized successfully","path":"/api/v1/tasks/6920e485997fd01bfe2282bb/paginate?createdAt=%2209-02-2026%22","role":"user","service":"task-manager","timestamp":"2026-02-13T22:47:15.616Z","userId":"6920e485997fd01bfe2282bb"}
{"duration":"0.015s","environment":"development","host":"a0c9f7c5f1eb","level":"info","message":"HTTP request end","request_id":"2ae4d743-7bbc-401b-a31e-fb98b1f2a246","service":"task-manager","status_code":200,"timestamp":"2026-02-13T22:47:15.627Z"}
{"body_size_bytes":0,"environment":"development","host":"a0c9f7c5f1eb","level":"info","message":"HTTP request start","method":"GET","request_id":"4c795111-dfc0-4eb5-9036-e07c7886c3cd","route":"/api/v1/tasks/6920e485997fd01bfe2282bb/paginate","service":"task-manager","timestamp":"2026-02-13T22:47:33.598Z","user_id":"anonymous"}
{"environment":"development","host":"a0c9f7c5f1eb","level":"info","message":"userAuth - token verified successfully","service":"task-manager","timestamp":"2026-02-13T22:47:33.605Z","userId":"6920e485997fd01bfe2282bb"}
{"allowedRoles":["user","admin"],"environment":"development","host":"a0c9f7c5f1eb","level":"info","message":"Role check initiated","method":"GET","path":"/api/v1/tasks/6920e485997fd01bfe2282bb/paginate?createdAt=%2208-02-2026%22","service":"task-manager","timestamp":"2026-02-13T22:47:33.605Z","userId":"6920e485997fd01bfe2282bb","userRole":"user"}
{"environment":"development","host":"a0c9f7c5f1eb","level":"info","message":"Role authorized successfully","path":"/api/v1/tasks/6920e485997fd01bfe2282bb/paginate?createdAt=%2208-02-2026%22","role":"user","service":"task-manager","timestamp":"2026-02-13T22:47:33.606Z","userId":"6920e485997fd01bfe2282bb"}
{"duration":"0.020s","environment":"development","host":"a0c9f7c5f1eb","level":"info","message":"HTTP request end","request_id":"4c795111-dfc0-4eb5-9036-e07c7886c3cd","service":"task-manager","status_code":200,"timestamp":"2026-02-13T22:47:33.619Z"}
{"body_size_bytes":0,"environment":"development","host":"a0c9f7c5f1eb","level":"info","message":"HTTP request start","method":"GET","request_id":"88e043c1-4fd7-41ae-80f2-f9bea0b67801","route":"/api/v1/tasks/6920e485997fd01bfe2282bb/paginate","service":"task-manager","timestamp":"2026-02-13T22:47:44.781Z","user_id":"anonymous"}
{"environment":"development","host":"a0c9f7c5f1eb","level":"info","message":"userAuth - token verified successfully","service":"task-manager","timestamp":"2026-02-13T22:47:44.784Z","userId":"6920e485997fd01bfe2282bb"}
{"allowedRoles":["user","admin"],"environment":"development","host":"a0c9f7c5f1eb","level":"info","message":"Role check initiated","method":"GET","path":"/api/v1/tasks/6920e485997fd01bfe2282bb/paginate?createdAt=%2211-02-2026%22","service":"task-manager","timestamp":"2026-02-13T22:47:44.784Z","userId":"6920e485997fd01bfe2282bb","userRole":"user"}
{"environment":"development","host":"a0c9f7c5f1eb","level":"info","message":"Role authorized successfully","path":"/api/v1/tasks/6920e485997fd01bfe2282bb/paginate?createdAt=%2211-02-2026%22","role":"user","service":"task-manager","timestamp":"2026-02-13T22:47:44.785Z","userId":"6920e485997fd01bfe2282bb"}
{"duration":"0.013s","environment":"development","host":"a0c9f7c5f1eb","level":"info","message":"HTTP request end","request_id":"88e043c1-4fd7-41ae-80f2-f9bea0b67801","service":"task-manager","status_code":200,"timestamp":"2026-02-13T22:47:44.794Z"}
{"body_size_bytes":0,"environment":"development","host":"a0c9f7c5f1eb","level":"info","message":"HTTP request start","method":"GET","request_id":"782fb246-31c2-4040-acc4-da921429ac73","route":"/api/v1/tasks/6920e485997fd01bfe2282bb/paginate","service":"task-manager","timestamp":"2026-02-13T22:47:56.804Z","user_id":"anonymous"}
{"environment":"development","host":"a0c9f7c5f1eb","level":"info","message":"userAuth - token verified successfully","service":"task-manager","timestamp":"2026-02-13T22:47:56.808Z","userId":"6920e485997fd01bfe2282bb"}
{"allowedRoles":["user","admin"],"environment":"development","host":"a0c9f7c5f1eb","level":"info","message":"Role check initiated","method":"GET","path":"/api/v1/tasks/6920e485997fd01bfe2282bb/paginate?createdAt=%2212-02-2026%22","service":"task-manager","timestamp":"2026-02-13T22:47:56.809Z","userId":"6920e485997fd01bfe2282bb","userRole":"user"}
{"environment":"development","host":"a0c9f7c5f1eb","level":"info","message":"Role authorized successfully","path":"/api/v1/tasks/6920e485997fd01bfe2282bb/paginate?createdAt=%2212-02-2026%22","role":"user","service":"task-manager","timestamp":"2026-02-13T22:47:56.809Z","userId":"6920e485997fd01bfe2282bb"}
{"duration":"0.015s","environment":"development","host":"a0c9f7c5f1eb","level":"info","message":"HTTP request end","request_id":"782fb246-31c2-4040-acc4-da921429ac73","service":"task-manager","status_code":200,"timestamp":"2026-02-13T22:47:56.819Z"}
{"body_size_bytes":0,"environment":"development","host":"a0c9f7c5f1eb","level":"info","message":"HTTP request start","method":"GET","request_id":"2e5591f0-bca9-4506-9d0e-f0a9ac20c7b9","route":"/api/v1/tasks/6920e485997fd01bfe2282bb/paginate","service":"task-manager","timestamp":"2026-02-13T22:49:39.154Z","user_id":"anonymous"}
{"environment":"development","host":"a0c9f7c5f1eb","level":"info","message":"userAuth - token verified successfully","service":"task-manager","timestamp":"2026-02-13T22:49:39.159Z","userId":"6920e485997fd01bfe2282bb"}
{"allowedRoles":["user","admin"],"environment":"development","host":"a0c9f7c5f1eb","level":"info","message":"Role check initiated","method":"GET","path":"/api/v1/tasks/6920e485997fd01bfe2282bb/paginate?createdAt=%2202-10-2026%22","service":"task-manager","timestamp":"2026-02-13T22:49:39.159Z","userId":"6920e485997fd01bfe2282bb","userRole":"user"}
{"environment":"development","host":"a0c9f7c5f1eb","level":"info","message":"Role authorized successfully","path":"/api/v1/tasks/6920e485997fd01bfe2282bb/paginate?createdAt=%2202-10-2026%22","role":"user","service":"task-manager","timestamp":"2026-02-13T22:49:39.159Z","userId":"6920e485997fd01bfe2282bb"}
{"duration":"0.015s","environment":"development","host":"a0c9f7c5f1eb","level":"info","message":"HTTP request end","request_id":"2e5591f0-bca9-4506-9d0e-f0a9ac20c7b9","service":"task-manager","status_code":200,"timestamp":"2026-02-13T22:49:39.169Z"}
{"body_size_bytes":0,"environment":"development","host":"a0c9f7c5f1eb","level":"info","message":"HTTP request start","method":"GET","request_id":"96c5e19d-5392-4f53-a2b2-40d21450bbea","route":"/api/v1/tasks/6920e485997fd01bfe2282bb/paginate","service":"task-manager","timestamp":"2026-02-13T22:51:01.064Z","user_id":"anonymous"}
{"environment":"development","host":"a0c9f7c5f1eb","level":"info","message":"userAuth - token verified successfully","service":"task-manager","timestamp":"2026-02-13T22:51:01.067Z","userId":"6920e485997fd01bfe2282bb"}
{"allowedRoles":["user","admin"],"environment":"development","host":"a0c9f7c5f1eb","level":"info","message":"Role check initiated","method":"GET","path":"/api/v1/tasks/6920e485997fd01bfe2282bb/paginate?createdFrom=%2201-01-2026%22&createdTo=%2202-10-2026%22","service":"task-manager","timestamp":"2026-02-13T22:51:01.067Z","userId":"6920e485997fd01bfe2282bb","userRole":"user"}
{"environment":"development","host":"a0c9f7c5f1eb","level":"info","message":"Role authorized successfully","path":"/api/v1/tasks/6920e485997fd01bfe2282bb/paginate?createdFrom=%2201-01-2026%22&createdTo=%2202-10-2026%22","role":"user","service":"task-manager","timestamp":"2026-02-13T22:51:01.068Z","userId":"6920e485997fd01bfe2282bb"}
{"duration":"0.016s","environment":"development","host":"a0c9f7c5f1eb","level":"info","message":"HTTP request end","request_id":"96c5e19d-5392-4f53-a2b2-40d21450bbea","service":"task-manager","status_code":200,"timestamp":"2026-02-13T22:51:01.080Z"}
{"body_size_bytes":0,"environment":"development","host":"a0c9f7c5f1eb","level":"info","message":"HTTP request start","method":"GET","request_id":"170c7e54-1ee4-41e9-a249-4da35da7f944","route":"/api/v1/tasks/6920e485997fd01bfe2282bb/paginate","service":"task-manager","timestamp":"2026-02-13T22:51:37.719Z","user_id":"anonymous"}
{"environment":"development","host":"a0c9f7c5f1eb","level":"info","message":"userAuth - token verified successfully","service":"task-manager","timestamp":"2026-02-13T22:51:37.724Z","userId":"6920e485997fd01bfe2282bb"}
{"allowedRoles":["user","admin"],"environment":"development","host":"a0c9f7c5f1eb","level":"info","message":"Role check initiated","method":"GET","path":"/api/v1/tasks/6920e485997fd01bfe2282bb/paginate?createdFrom=%2201-01-2026%22&createdTo=%2202-10-2026%22&page=2","service":"task-manager","timestamp":"2026-02-13T22:51:37.725Z","userId":"6920e485997fd01bfe2282bb","userRole":"user"}
{"environment":"development","host":"a0c9f7c5f1eb","level":"info","message":"Role authorized successfully","path":"/api/v1/tasks/6920e485997fd01bfe2282bb/paginate?createdFrom=%2201-01-2026%22&createdTo=%2202-10-2026%22&page=2","role":"user","service":"task-manager","timestamp":"2026-02-13T22:51:37.725Z","userId":"6920e485997fd01bfe2282bb"}
{"duration":"0.018s","environment":"development","host":"a0c9f7c5f1eb","level":"info","message":"HTTP request end","request_id":"170c7e54-1ee4-41e9-a249-4da35da7f944","service":"task-manager","status_code":200,"timestamp":"2026-02-13T22:51:37.737Z"}
{"body_size_bytes":0,"environment":"development","host":"a0c9f7c5f1eb","level":"info","message":"HTTP request start","method":"GET","request_id":"9da92253-b21c-44ed-ab5c-6e19322a6c84","route":"/api/v1/tasks/6920e485997fd01bfe2282bb/paginate","service":"task-manager","timestamp":"2026-02-13T22:52:07.095Z","user_id":"anonymous"}
{"environment":"development","host":"a0c9f7c5f1eb","level":"info","message":"userAuth - token verified successfully","service":"task-manager","timestamp":"2026-02-13T22:52:07.100Z","userId":"6920e485997fd01bfe2282bb"}
{"allowedRoles":["user","admin"],"environment":"development","host":"a0c9f7c5f1eb","level":"info","message":"Role check initiated","method":"GET","path":"/api/v1/tasks/6920e485997fd01bfe2282bb/paginate","service":"task-manager","timestamp":"2026-02-13T22:52:07.101Z","userId":"6920e485997fd01bfe2282bb","userRole":"user"}
{"environment":"development","host":"a0c9f7c5f1eb","level":"info","message":"Role authorized successfully","path":"/api/v1/tasks/6920e485997fd01bfe2282bb/paginate","role":"user","service":"task-manager","timestamp":"2026-02-13T22:52:07.101Z","userId":"6920e485997fd01bfe2282bb"}
{"duration":"0.024s","environment":"development","host":"a0c9f7c5f1eb","level":"info","message":"HTTP request end","request_id":"9da92253-b21c-44ed-ab5c-6e19322a6c84","service":"task-manager","status_code":200,"timestamp":"2026-02-13T22:52:07.119Z"}
