{"body_size_bytes":0,"environment":"development","host":"2fae4984987d","level":"info","message":"HTTP request start","method":"POST","request_id":"228b35eb-1770-4acd-b19c-359f293c9cfa","route":"/api/v1/auth/users/logout","service":"task-manager","timestamp":"2025-11-21T15:51:29.264Z","user_id":"anonymous"}
{"environment":"development","host":"2fae4984987d","level":"info","message":"logoutAccount - start","method":"POST","route":"/api/v1/auth/users/logout","service":"task-manager","timestamp":"2025-11-21T15:51:29.268Z","userId":"anonymous"}
{"environment":"development","host":"2fae4984987d","level":"info","message":"logoutAccount - user logged out successfully","service":"task-manager","timestamp":"2025-11-21T15:51:29.269Z","userId":"anonymous"}
{"duration":"0.012s","environment":"development","host":"2fae4984987d","level":"info","message":"HTTP request end","request_id":"228b35eb-1770-4acd-b19c-359f293c9cfa","service":"task-manager","status_code":200,"timestamp":"2025-11-21T15:51:29.276Z"}
{"body_size_bytes":57,"environment":"development","host":"2fae4984987d","level":"info","message":"HTTP request start","method":"POST","request_id":"9b3dd6a1-7bf6-4d3f-94ea-43f96a4188c5","route":"/api/v1/auth/users/login","service":"task-manager","timestamp":"2025-11-21T15:54:51.430Z","user_id":"anonymous"}
{"body":{"email":"pm.lola2022@gmail.com","password":"Pm123456@"},"environment":"development","host":"2fae4984987d","level":"info","message":"loginAccount - start","method":"POST","route":"/api/v1/auth/users/login","service":"task-manager","timestamp":"2025-11-21T15:54:51.431Z"}
{"email":"pm.lola2022@gmail.com","environment":"development","host":"2fae4984987d","level":"warn","message":"loginAccount - invalid password","service":"task-manager","timestamp":"2025-11-21T15:54:51.517Z"}
{"body":{"email":"pm.lola2022@gmail.com","password":"Pm123456@"},"environment":"development","host":"2fae4984987d","level":"error","message":"Express error caught Invalid password","method":"POST","path":"/api/v1/auth/users/login","service":"task-manager","status":401,"timestamp":"2025-11-21T15:54:51.518Z","user":"anonymous"}
{"duration":"0.090s","environment":"development","host":"2fae4984987d","level":"info","message":"HTTP request end","request_id":"9b3dd6a1-7bf6-4d3f-94ea-43f96a4188c5","service":"task-manager","status_code":401,"timestamp":"2025-11-21T15:54:51.520Z"}
{"body_size_bytes":57,"environment":"development","host":"2fae4984987d","level":"info","message":"HTTP request start","method":"POST","request_id":"3d8846f8-e959-4cbe-ba4d-7d914e672fe5","route":"/api/v1/auth/users/login","service":"task-manager","timestamp":"2025-11-21T15:55:05.727Z","user_id":"anonymous"}
{"body":{"email":"pm.lola2022@gmail.com","password":"Pm12345@"},"environment":"development","host":"2fae4984987d","level":"info","message":"loginAccount - start","method":"POST","route":"/api/v1/auth/users/login","service":"task-manager","timestamp":"2025-11-21T15:55:05.728Z"}
{"email":"pm.lola2022@gmail.com","environment":"development","host":"2fae4984987d","level":"info","message":"loginAccount - user logged in successfully","service":"task-manager","timestamp":"2025-11-21T15:55:05.810Z","userId":"691ae2bcd0d83515c1a8e308"}
{"duration":"0.086s","environment":"development","host":"2fae4984987d","level":"info","message":"HTTP request end","request_id":"3d8846f8-e959-4cbe-ba4d-7d914e672fe5","service":"task-manager","status_code":200,"timestamp":"2025-11-21T15:55:05.814Z"}
{"body_size_bytes":0,"environment":"development","host":"2fae4984987d","level":"info","message":"HTTP request start","method":"GET","request_id":"f9c2d05f-b9ae-4248-845b-29a42ba176dc","route":"/api/v1/users/current","service":"task-manager","timestamp":"2025-11-21T15:55:10.759Z","user_id":"anonymous"}
{"environment":"development","host":"2fae4984987d","level":"info","message":"userAuth - token verified successfully","service":"task-manager","timestamp":"2025-11-21T15:55:10.765Z","userId":"691ae2bcd0d83515c1a8e308"}
{"environment":"development","host":"2fae4984987d","level":"info","message":"Current user fetched from DB and cached","service":"task-manager","timestamp":"2025-11-21T15:55:10.789Z","userId":"691ae2bcd0d83515c1a8e308"}
{"duration":"0.032s","environment":"development","host":"2fae4984987d","level":"info","message":"HTTP request end","request_id":"f9c2d05f-b9ae-4248-845b-29a42ba176dc","service":"task-manager","status_code":200,"timestamp":"2025-11-21T15:55:10.791Z"}
{"body_size_bytes":0,"environment":"development","host":"2fae4984987d","level":"info","message":"HTTP request start","method":"GET","request_id":"d800853d-d82e-4482-843f-1d2950c1b5d4","route":"/api/v1/users/current","service":"task-manager","timestamp":"2025-11-21T15:55:24.973Z","user_id":"anonymous"}
{"environment":"development","host":"2fae4984987d","level":"info","message":"userAuth - token verified successfully","service":"task-manager","timestamp":"2025-11-21T15:55:24.975Z","userId":"691ae2bcd0d83515c1a8e308"}
{"environment":"development","host":"2fae4984987d","level":"info","message":"Current user retrieved from cache","service":"task-manager","timestamp":"2025-11-21T15:55:24.976Z","userId":"691ae2bcd0d83515c1a8e308"}
{"duration":"0.005s","environment":"development","host":"2fae4984987d","level":"info","message":"HTTP request end","request_id":"d800853d-d82e-4482-843f-1d2950c1b5d4","service":"task-manager","status_code":200,"timestamp":"2025-11-21T15:55:24.978Z"}
{"body_size_bytes":0,"environment":"development","host":"2fae4984987d","level":"info","message":"HTTP request start","method":"GET","request_id":"798f2a0a-0250-4769-b3ef-b616449561b2","route":"/api/v1/users/current","service":"task-manager","timestamp":"2025-11-21T16:15:29.864Z","user_id":"anonymous"}
{"environment":"development","host":"2fae4984987d","level":"info","message":"userAuth - token verified successfully","service":"task-manager","timestamp":"2025-11-21T16:15:29.867Z","userId":"691ae2bcd0d83515c1a8e308"}
{"environment":"development","host":"2fae4984987d","level":"info","message":"Current user fetched from DB and cached","service":"task-manager","timestamp":"2025-11-21T16:15:29.871Z","userId":"691ae2bcd0d83515c1a8e308"}
{"duration":"0.009s","environment":"development","host":"2fae4984987d","level":"info","message":"HTTP request end","request_id":"798f2a0a-0250-4769-b3ef-b616449561b2","service":"task-manager","status_code":200,"timestamp":"2025-11-21T16:15:29.873Z"}
{"body_size_bytes":0,"environment":"development","host":"2fae4984987d","level":"info","message":"HTTP request start","method":"GET","request_id":"331366b2-f5d0-4527-9fa8-81ff97bdec69","route":"/api/v1/users/current","service":"task-manager","timestamp":"2025-11-21T16:28:23.932Z","user_id":"anonymous"}
{"environment":"development","host":"2fae4984987d","level":"info","message":"userAuth - token verified successfully","service":"task-manager","timestamp":"2025-11-21T16:28:23.934Z","userId":"691ae2bcd0d83515c1a8e308"}
{"environment":"development","host":"2fae4984987d","level":"info","message":"Current user fetched from DB and cached","service":"task-manager","timestamp":"2025-11-21T16:28:23.938Z","userId":"691ae2bcd0d83515c1a8e308"}
{"duration":"0.008s","environment":"development","host":"2fae4984987d","level":"info","message":"HTTP request end","request_id":"331366b2-f5d0-4527-9fa8-81ff97bdec69","service":"task-manager","status_code":304,"timestamp":"2025-11-21T16:28:23.940Z"}
{"body_size_bytes":0,"environment":"development","host":"2fae4984987d","level":"info","message":"HTTP request start","method":"GET","request_id":"f26bf7e7-e9a6-4b30-90b0-e9b3445339a9","route":"/api/v1/users/current","service":"task-manager","timestamp":"2025-11-21T16:28:26.370Z","user_id":"anonymous"}
{"environment":"development","host":"2fae4984987d","level":"info","message":"userAuth - token verified successfully","service":"task-manager","timestamp":"2025-11-21T16:28:26.372Z","userId":"691ae2bcd0d83515c1a8e308"}
{"environment":"development","host":"2fae4984987d","level":"info","message":"Current user retrieved from cache","service":"task-manager","timestamp":"2025-11-21T16:28:26.372Z","userId":"691ae2bcd0d83515c1a8e308"}
{"duration":"0.004s","environment":"development","host":"2fae4984987d","level":"info","message":"HTTP request end","request_id":"f26bf7e7-e9a6-4b30-90b0-e9b3445339a9","service":"task-manager","status_code":200,"timestamp":"2025-11-21T16:28:26.374Z"}
{"body_size_bytes":22,"environment":"development","host":"2fae4984987d","level":"info","message":"HTTP request start","method":"PUT","request_id":"b8234173-9325-4a14-8f02-2eca0de5f94f","route":"/api/v1/users/update/6918861cd03019ff2524a2f5","service":"task-manager","timestamp":"2025-11-21T16:38:09.734Z","user_id":"anonymous"}
{"duration":"0.004s","environment":"development","host":"2fae4984987d","level":"info","message":"HTTP request end","request_id":"b8234173-9325-4a14-8f02-2eca0de5f94f","service":"task-manager","status_code":500,"timestamp":"2025-11-21T16:38:09.738Z"}
{"body_size_bytes":57,"environment":"development","host":"2fae4984987d","level":"info","message":"HTTP request start","method":"POST","request_id":"d38cef5e-c7ef-479b-892a-ba22175f0ed6","route":"/api/v1/auth/users/login","service":"task-manager","timestamp":"2025-11-21T16:39:20.358Z","user_id":"anonymous"}
{"body":{"email":"pm.lola2022@gmail.com","password":"Pm12345@"},"environment":"development","host":"2fae4984987d","level":"info","message":"loginAccount - start","method":"POST","route":"/api/v1/auth/users/login","service":"task-manager","timestamp":"2025-11-21T16:39:20.359Z"}
{"email":"pm.lola2022@gmail.com","environment":"development","host":"2fae4984987d","level":"info","message":"loginAccount - user logged in successfully","service":"task-manager","timestamp":"2025-11-21T16:39:20.433Z","userId":"691ae2bcd0d83515c1a8e308"}
{"duration":"0.076s","environment":"development","host":"2fae4984987d","level":"info","message":"HTTP request end","request_id":"d38cef5e-c7ef-479b-892a-ba22175f0ed6","service":"task-manager","status_code":200,"timestamp":"2025-11-21T16:39:20.434Z"}
{"body_size_bytes":108,"environment":"development","host":"2fae4984987d","level":"info","message":"HTTP request start","method":"GET","request_id":"56ec3361-bc7d-4898-bb33-6cca9e6db024","route":"/api/v1/auth/users/is-auth","service":"task-manager","timestamp":"2025-11-21T16:39:38.342Z","user_id":"anonymous"}
{"environment":"development","host":"2fae4984987d","level":"info","message":"userAuth - token verified successfully","service":"task-manager","timestamp":"2025-11-21T16:39:38.345Z","userId":"691ae2bcd0d83515c1a8e308"}
{"environment":"development","host":"2fae4984987d","level":"info","message":"isAuthenticated - check","service":"task-manager","timestamp":"2025-11-21T16:39:38.345Z","userId":"691ae2bcd0d83515c1a8e308"}
{"duration":"0.005s","environment":"development","host":"2fae4984987d","level":"info","message":"HTTP request end","request_id":"56ec3361-bc7d-4898-bb33-6cca9e6db024","service":"task-manager","status_code":200,"timestamp":"2025-11-21T16:39:38.346Z"}
{"body_size_bytes":22,"environment":"development","host":"2fae4984987d","level":"info","message":"HTTP request start","method":"PUT","request_id":"8a336d65-bc93-4e19-aeb8-b8dd669b255a","route":"/api/v1/users/update/691ae2bcd0d83515c1a8e308","service":"task-manager","timestamp":"2025-11-21T16:40:12.396Z","user_id":"anonymous"}
{"duration":"0.002s","environment":"development","host":"2fae4984987d","level":"info","message":"HTTP request end","request_id":"8a336d65-bc93-4e19-aeb8-b8dd669b255a","service":"task-manager","status_code":500,"timestamp":"2025-11-21T16:40:12.398Z"}
{"body_size_bytes":22,"environment":"development","host":"2fae4984987d","level":"info","message":"HTTP request start","method":"PUT","request_id":"65c01255-cfef-4d16-9ca1-3018fb85fe4e","route":"/api/v1/users/update/691ae2bcd0d83515c1a8e308","service":"task-manager","timestamp":"2025-11-21T16:40:31.210Z","user_id":"anonymous"}
{"duration":"0.002s","environment":"development","host":"2fae4984987d","level":"info","message":"HTTP request end","request_id":"65c01255-cfef-4d16-9ca1-3018fb85fe4e","service":"task-manager","status_code":500,"timestamp":"2025-11-21T16:40:31.212Z"}
{"body_size_bytes":22,"environment":"development","host":"2fae4984987d","level":"info","message":"HTTP request start","method":"PUT","request_id":"bfaa6b48-a732-4d12-9a56-03a1b961d67b","route":"/api/v1/users/update/691ae2bcd0d83515c1a8e308","service":"task-manager","timestamp":"2025-11-21T16:41:49.520Z","user_id":"anonymous"}
{"duration":"0.002s","environment":"development","host":"2fae4984987d","level":"info","message":"HTTP request end","request_id":"bfaa6b48-a732-4d12-9a56-03a1b961d67b","service":"task-manager","status_code":500,"timestamp":"2025-11-21T16:41:49.521Z"}
{"body_size_bytes":22,"environment":"development","host":"2fae4984987d","level":"info","message":"HTTP request start","method":"PUT","request_id":"83c729c6-bc61-4820-a59c-307febb17abe","route":"/api/v1/users/update/691ae2bcd0d83515c1a8e308","service":"task-manager","timestamp":"2025-11-21T16:42:01.513Z","user_id":"anonymous"}
{"duration":"0.002s","environment":"development","host":"2fae4984987d","level":"info","message":"HTTP request end","request_id":"83c729c6-bc61-4820-a59c-307febb17abe","service":"task-manager","status_code":500,"timestamp":"2025-11-21T16:42:01.515Z"}
{"body_size_bytes":22,"environment":"development","host":"2fae4984987d","level":"info","message":"HTTP request start","method":"PUT","request_id":"3f6c4f06-5449-45c3-b14f-c3263c885166","route":"/api/v1/users/update/691ae2bcd0d83515c1a8e308","service":"task-manager","timestamp":"2025-11-21T16:42:14.133Z","user_id":"anonymous"}
{"duration":"0.001s","environment":"development","host":"2fae4984987d","level":"info","message":"HTTP request end","request_id":"3f6c4f06-5449-45c3-b14f-c3263c885166","service":"task-manager","status_code":500,"timestamp":"2025-11-21T16:42:14.134Z"}
{"body_size_bytes":22,"environment":"development","host":"efd50c52f6d5","level":"info","message":"HTTP request start","method":"PUT","request_id":"d52087cd-e6e3-4b0b-94b5-048c3e3951fd","route":"/api/v1/users/update/691ae2bcd0d83515c1a8e308","service":"task-manager","timestamp":"2025-11-21T16:57:57.053Z","user_id":"anonymous"}
{"environment":"development","host":"efd50c52f6d5","level":"info","message":"UPDATE_ACCOUNT request received for user ID: 691ae2bcd0d83515c1a8e308","service":"task-manager","timestamp":"2025-11-21T16:57:57.057Z"}
{"environment":"development","host":"efd50c52f6d5","level":"error","message":"UPDATE_ACCOUNT_ERROR: Cannot read properties of undefined (reading 'id')","service":"task-manager","timestamp":"2025-11-21T16:57:57.058Z"}
{"body":{"username":"Spencer"},"environment":"development","host":"efd50c52f6d5","level":"error","message":"Express error caught Cannot read properties of undefined (reading 'id')","method":"PUT","path":"/api/v1/users/update/691ae2bcd0d83515c1a8e308","service":"task-manager","status":500,"timestamp":"2025-11-21T16:57:57.059Z","user":"anonymous"}
{"duration":"0.015s","environment":"development","host":"efd50c52f6d5","level":"info","message":"HTTP request end","request_id":"d52087cd-e6e3-4b0b-94b5-048c3e3951fd","service":"task-manager","status_code":500,"timestamp":"2025-11-21T16:57:57.068Z"}
{"body_size_bytes":22,"environment":"development","host":"efd50c52f6d5","level":"info","message":"HTTP request start","method":"PUT","request_id":"dfebcc07-f591-434d-8a4b-510d9e6f43e3","route":"/api/v1/users/update/691ae2bcd0d83515c1a8e308","service":"task-manager","timestamp":"2025-11-21T17:04:02.951Z","user_id":"anonymous"}
{"environment":"development","host":"efd50c52f6d5","level":"info","message":"UPDATE_ACCOUNT request received for user ID: 691ae2bcd0d83515c1a8e308","service":"task-manager","timestamp":"2025-11-21T17:04:02.952Z"}
{"environment":"development","host":"efd50c52f6d5","level":"error","message":"UPDATE_ACCOUNT_ERROR: Cannot read properties of undefined (reading 'id')","service":"task-manager","timestamp":"2025-11-21T17:04:02.952Z"}
{"body":{"username":"Spencer"},"environment":"development","host":"efd50c52f6d5","level":"error","message":"Express error caught Cannot read properties of undefined (reading 'id')","method":"PUT","path":"/api/v1/users/update/691ae2bcd0d83515c1a8e308","service":"task-manager","status":500,"timestamp":"2025-11-21T17:04:02.954Z","user":"anonymous"}
{"duration":"0.005s","environment":"development","host":"efd50c52f6d5","level":"info","message":"HTTP request end","request_id":"dfebcc07-f591-434d-8a4b-510d9e6f43e3","service":"task-manager","status_code":500,"timestamp":"2025-11-21T17:04:02.955Z"}
{"body_size_bytes":57,"environment":"development","host":"efd50c52f6d5","level":"info","message":"HTTP request start","method":"POST","request_id":"59d7cf7d-333a-4374-864d-ffdc1131056a","route":"/api/v1/auth/users/login","service":"task-manager","timestamp":"2025-11-21T17:04:22.767Z","user_id":"anonymous"}
{"body":{"email":"pm.lola2022@gmail.com","password":"Pm12345@"},"environment":"development","host":"efd50c52f6d5","level":"info","message":"loginAccount - start","method":"POST","route":"/api/v1/auth/users/login","service":"task-manager","timestamp":"2025-11-21T17:04:22.768Z"}
{"email":"pm.lola2022@gmail.com","environment":"development","host":"efd50c52f6d5","level":"info","message":"loginAccount - user logged in successfully","service":"task-manager","timestamp":"2025-11-21T17:04:22.867Z","userId":"691ae2bcd0d83515c1a8e308"}
{"duration":"0.102s","environment":"development","host":"efd50c52f6d5","level":"info","message":"HTTP request end","request_id":"59d7cf7d-333a-4374-864d-ffdc1131056a","service":"task-manager","status_code":200,"timestamp":"2025-11-21T17:04:22.869Z"}
{"body_size_bytes":22,"environment":"development","host":"efd50c52f6d5","level":"info","message":"HTTP request start","method":"PUT","request_id":"fe21945f-cfc0-4cae-96fa-ecd54d16e7b7","route":"/api/v1/users/update/691ae2bcd0d83515c1a8e308","service":"task-manager","timestamp":"2025-11-21T17:04:45.493Z","user_id":"anonymous"}
{"environment":"development","host":"efd50c52f6d5","level":"info","message":"UPDATE_ACCOUNT request received for user ID: 691ae2bcd0d83515c1a8e308","service":"task-manager","timestamp":"2025-11-21T17:04:45.494Z"}
{"environment":"development","host":"efd50c52f6d5","level":"error","message":"UPDATE_ACCOUNT_ERROR: Cannot read properties of undefined (reading 'id')","service":"task-manager","timestamp":"2025-11-21T17:04:45.494Z"}
{"body":{"username":"Spencer"},"environment":"development","host":"efd50c52f6d5","level":"error","message":"Express error caught Cannot read properties of undefined (reading 'id')","method":"PUT","path":"/api/v1/users/update/691ae2bcd0d83515c1a8e308","service":"task-manager","status":500,"timestamp":"2025-11-21T17:04:45.495Z","user":"anonymous"}
{"duration":"0.003s","environment":"development","host":"efd50c52f6d5","level":"info","message":"HTTP request end","request_id":"fe21945f-cfc0-4cae-96fa-ecd54d16e7b7","service":"task-manager","status_code":500,"timestamp":"2025-11-21T17:04:45.496Z"}
{"body_size_bytes":22,"environment":"development","host":"efd50c52f6d5","level":"info","message":"HTTP request start","method":"PUT","request_id":"a49a54f7-5514-4865-9150-baddac6bbd19","route":"/api/v1/users/update/691ae2bcd0d83515c1a8e308","service":"task-manager","timestamp":"2025-11-21T17:05:06.124Z","user_id":"anonymous"}
{"environment":"development","host":"efd50c52f6d5","level":"info","message":"UPDATE_ACCOUNT request received for user ID: 691ae2bcd0d83515c1a8e308","service":"task-manager","timestamp":"2025-11-21T17:05:06.124Z"}
{"environment":"development","host":"efd50c52f6d5","level":"error","message":"UPDATE_ACCOUNT_ERROR: Cannot read properties of undefined (reading 'id')","service":"task-manager","timestamp":"2025-11-21T17:05:06.125Z"}
{"body":{"username":"Spencer"},"environment":"development","host":"efd50c52f6d5","level":"error","message":"Express error caught Cannot read properties of undefined (reading 'id')","method":"PUT","path":"/api/v1/users/update/691ae2bcd0d83515c1a8e308","service":"task-manager","status":500,"timestamp":"2025-11-21T17:05:06.125Z","user":"anonymous"}
{"duration":"0.003s","environment":"development","host":"efd50c52f6d5","level":"info","message":"HTTP request end","request_id":"a49a54f7-5514-4865-9150-baddac6bbd19","service":"task-manager","status_code":500,"timestamp":"2025-11-21T17:05:06.127Z"}
{"body_size_bytes":22,"environment":"development","host":"efd50c52f6d5","level":"info","message":"HTTP request start","method":"PUT","request_id":"35db0667-d606-4692-b478-ac0fa3bbe95a","route":"/api/v1/users/update/691ae2bcd0d83515c1a8e308","service":"task-manager","timestamp":"2025-11-21T17:09:13.962Z","user_id":"anonymous"}
{"environment":"development","host":"efd50c52f6d5","level":"info","message":"UPDATE_ACCOUNT request received for user ID: 691ae2bcd0d83515c1a8e308","service":"task-manager","timestamp":"2025-11-21T17:09:13.962Z"}
{"environment":"development","host":"efd50c52f6d5","level":"error","message":"UPDATE_ACCOUNT_ERROR: Cannot read properties of undefined (reading 'id')","service":"task-manager","timestamp":"2025-11-21T17:09:13.963Z"}
{"body":{"username":"Spencer"},"environment":"development","host":"efd50c52f6d5","level":"error","message":"Express error caught Cannot read properties of undefined (reading 'id')","method":"PUT","path":"/api/v1/users/update/691ae2bcd0d83515c1a8e308","service":"task-manager","status":500,"timestamp":"2025-11-21T17:09:13.963Z","user":"anonymous"}
{"duration":"0.003s","environment":"development","host":"efd50c52f6d5","level":"info","message":"HTTP request end","request_id":"35db0667-d606-4692-b478-ac0fa3bbe95a","service":"task-manager","status_code":500,"timestamp":"2025-11-21T17:09:13.965Z"}
{"body_size_bytes":22,"environment":"development","host":"efd50c52f6d5","level":"info","message":"HTTP request start","method":"PUT","request_id":"8f0d75a9-4eae-4a21-a7df-d37a629524e9","route":"/api/v1/users/update/691ae2bcd0d83515c1a8e308","service":"task-manager","timestamp":"2025-11-21T17:09:16.946Z","user_id":"anonymous"}
{"environment":"development","host":"efd50c52f6d5","level":"info","message":"UPDATE_ACCOUNT request received for user ID: 691ae2bcd0d83515c1a8e308","service":"task-manager","timestamp":"2025-11-21T17:09:16.946Z"}
{"environment":"development","host":"efd50c52f6d5","level":"error","message":"UPDATE_ACCOUNT_ERROR: Cannot read properties of undefined (reading 'id')","service":"task-manager","timestamp":"2025-11-21T17:09:16.947Z"}
{"body":{"username":"Spencer"},"environment":"development","host":"efd50c52f6d5","level":"error","message":"Express error caught Cannot read properties of undefined (reading 'id')","method":"PUT","path":"/api/v1/users/update/691ae2bcd0d83515c1a8e308","service":"task-manager","status":500,"timestamp":"2025-11-21T17:09:16.947Z","user":"anonymous"}
{"duration":"0.003s","environment":"development","host":"efd50c52f6d5","level":"info","message":"HTTP request end","request_id":"8f0d75a9-4eae-4a21-a7df-d37a629524e9","service":"task-manager","status_code":500,"timestamp":"2025-11-21T17:09:16.949Z"}
{"body_size_bytes":57,"environment":"development","host":"496aa7a3dfc8","level":"info","message":"HTTP request start","method":"POST","request_id":"62b8e3d5-dab0-4ef3-9737-c857ca42ff50","route":"/api/v1/auth/users/login","service":"task-manager","timestamp":"2025-11-21T17:10:14.721Z","user_id":"anonymous"}
{"body":{"email":"pm.lola2022@gmail.com","password":"Pm12345@"},"environment":"development","host":"496aa7a3dfc8","level":"info","message":"loginAccount - start","method":"POST","route":"/api/v1/auth/users/login","service":"task-manager","timestamp":"2025-11-21T17:10:14.724Z"}
{"email":"pm.lola2022@gmail.com","environment":"development","host":"496aa7a3dfc8","level":"info","message":"loginAccount - user logged in successfully","service":"task-manager","timestamp":"2025-11-21T17:10:14.820Z","userId":"691ae2bcd0d83515c1a8e308"}
{"duration":"0.105s","environment":"development","host":"496aa7a3dfc8","level":"info","message":"HTTP request end","request_id":"62b8e3d5-dab0-4ef3-9737-c857ca42ff50","service":"task-manager","status_code":200,"timestamp":"2025-11-21T17:10:14.827Z"}
{"body_size_bytes":22,"environment":"development","host":"496aa7a3dfc8","level":"info","message":"HTTP request start","method":"PUT","request_id":"c8e4e90c-2e84-43bf-8f59-9d42a6ef9d36","route":"/api/v1/users/update/691ae2bcd0d83515c1a8e308","service":"task-manager","timestamp":"2025-11-21T17:10:21.420Z","user_id":"anonymous"}
{"environment":"development","host":"496aa7a3dfc8","level":"info","message":"UPDATE_ACCOUNT request received for user ID: 691ae2bcd0d83515c1a8e308","service":"task-manager","timestamp":"2025-11-21T17:10:21.422Z"}
{"environment":"development","host":"496aa7a3dfc8","level":"error","message":"UPDATE_ACCOUNT_ERROR: Cannot read properties of undefined (reading 'id')","service":"task-manager","timestamp":"2025-11-21T17:10:21.423Z"}
{"body":{"username":"Spencer"},"environment":"development","host":"496aa7a3dfc8","level":"error","message":"Express error caught Cannot read properties of undefined (reading 'id')","method":"PUT","path":"/api/v1/users/update/691ae2bcd0d83515c1a8e308","service":"task-manager","status":500,"timestamp":"2025-11-21T17:10:21.424Z","user":"anonymous"}
{"duration":"0.007s","environment":"development","host":"496aa7a3dfc8","level":"info","message":"HTTP request end","request_id":"c8e4e90c-2e84-43bf-8f59-9d42a6ef9d36","service":"task-manager","status_code":500,"timestamp":"2025-11-21T17:10:21.427Z"}
{"body_size_bytes":22,"environment":"development","host":"496aa7a3dfc8","level":"info","message":"HTTP request start","method":"PUT","request_id":"6c8c14df-7efa-4259-a08b-457dbe712ab5","route":"/api/v1/users/update/691ae2bcd0d83515c1a8e308","service":"task-manager","timestamp":"2025-11-21T17:10:56.924Z","user_id":"anonymous"}
{"environment":"development","host":"496aa7a3dfc8","level":"info","message":"UPDATE_ACCOUNT request received for user ID: 691ae2bcd0d83515c1a8e308","service":"task-manager","timestamp":"2025-11-21T17:10:56.925Z"}
{"environment":"development","host":"496aa7a3dfc8","level":"error","message":"UPDATE_ACCOUNT_ERROR: Cannot read properties of undefined (reading 'id')","service":"task-manager","timestamp":"2025-11-21T17:10:56.926Z"}
{"body":{"username":"Spencer"},"environment":"development","host":"496aa7a3dfc8","level":"error","message":"Express error caught Cannot read properties of undefined (reading 'id')","method":"PUT","path":"/api/v1/users/update/691ae2bcd0d83515c1a8e308","service":"task-manager","status":500,"timestamp":"2025-11-21T17:10:56.927Z","user":"anonymous"}
{"duration":"0.004s","environment":"development","host":"496aa7a3dfc8","level":"info","message":"HTTP request end","request_id":"6c8c14df-7efa-4259-a08b-457dbe712ab5","service":"task-manager","status_code":500,"timestamp":"2025-11-21T17:10:56.929Z"}
{"body_size_bytes":22,"environment":"development","host":"496aa7a3dfc8","level":"info","message":"HTTP request start","method":"PUT","request_id":"02f04982-a682-4402-8262-86218c953b6f","route":"/api/v1/users/update/691ae2bcd0d83515c1a8e308","service":"task-manager","timestamp":"2025-11-21T17:15:02.533Z","user_id":"anonymous"}
{"environment":"development","host":"496aa7a3dfc8","level":"info","message":"UPDATE_ACCOUNT request received for user ID: 691ae2bcd0d83515c1a8e308","service":"task-manager","timestamp":"2025-11-21T17:15:02.533Z"}
{"environment":"development","host":"496aa7a3dfc8","level":"error","message":"UPDATE_ACCOUNT_ERROR: Cannot read properties of undefined (reading 'id')","service":"task-manager","timestamp":"2025-11-21T17:15:02.534Z"}
{"body":{"username":"Spencer"},"environment":"development","host":"496aa7a3dfc8","level":"error","message":"Express error caught Cannot read properties of undefined (reading 'id')","method":"PUT","path":"/api/v1/users/update/691ae2bcd0d83515c1a8e308","service":"task-manager","status":500,"timestamp":"2025-11-21T17:15:02.534Z","user":"anonymous"}
{"duration":"0.004s","environment":"development","host":"496aa7a3dfc8","level":"info","message":"HTTP request end","request_id":"02f04982-a682-4402-8262-86218c953b6f","service":"task-manager","status_code":500,"timestamp":"2025-11-21T17:15:02.537Z"}
{"body_size_bytes":22,"environment":"development","host":"496aa7a3dfc8","level":"info","message":"HTTP request start","method":"PUT","request_id":"a4f6f38f-ecf0-4705-9c39-b21e9b74017f","route":"/api/v1/users/update/691ae2bcd0d83515c1a8e308","service":"task-manager","timestamp":"2025-11-21T17:15:04.049Z","user_id":"anonymous"}
{"environment":"development","host":"496aa7a3dfc8","level":"info","message":"UPDATE_ACCOUNT request received for user ID: 691ae2bcd0d83515c1a8e308","service":"task-manager","timestamp":"2025-11-21T17:15:04.050Z"}
{"environment":"development","host":"496aa7a3dfc8","level":"error","message":"UPDATE_ACCOUNT_ERROR: Cannot read properties of undefined (reading 'id')","service":"task-manager","timestamp":"2025-11-21T17:15:04.050Z"}
{"body":{"username":"Spencer"},"environment":"development","host":"496aa7a3dfc8","level":"error","message":"Express error caught Cannot read properties of undefined (reading 'id')","method":"PUT","path":"/api/v1/users/update/691ae2bcd0d83515c1a8e308","service":"task-manager","status":500,"timestamp":"2025-11-21T17:15:04.050Z","user":"anonymous"}
{"duration":"0.003s","environment":"development","host":"496aa7a3dfc8","level":"info","message":"HTTP request end","request_id":"a4f6f38f-ecf0-4705-9c39-b21e9b74017f","service":"task-manager","status_code":500,"timestamp":"2025-11-21T17:15:04.052Z"}
{"body_size_bytes":22,"environment":"development","host":"496aa7a3dfc8","level":"info","message":"HTTP request start","method":"PUT","request_id":"d89d0d34-1d02-4683-8c41-a09d2ec047dd","route":"/api/v1/users/update/691ae2bcd0d83515c1a8e308","service":"task-manager","timestamp":"2025-11-21T17:15:05.952Z","user_id":"anonymous"}
{"environment":"development","host":"496aa7a3dfc8","level":"info","message":"UPDATE_ACCOUNT request received for user ID: 691ae2bcd0d83515c1a8e308","service":"task-manager","timestamp":"2025-11-21T17:15:05.953Z"}
{"environment":"development","host":"496aa7a3dfc8","level":"error","message":"UPDATE_ACCOUNT_ERROR: Cannot read properties of undefined (reading 'id')","service":"task-manager","timestamp":"2025-11-21T17:15:05.953Z"}
{"body":{"username":"Spencer"},"environment":"development","host":"496aa7a3dfc8","level":"error","message":"Express error caught Cannot read properties of undefined (reading 'id')","method":"PUT","path":"/api/v1/users/update/691ae2bcd0d83515c1a8e308","service":"task-manager","status":500,"timestamp":"2025-11-21T17:15:05.954Z","user":"anonymous"}
{"duration":"0.003s","environment":"development","host":"496aa7a3dfc8","level":"info","message":"HTTP request end","request_id":"d89d0d34-1d02-4683-8c41-a09d2ec047dd","service":"task-manager","status_code":500,"timestamp":"2025-11-21T17:15:05.955Z"}
{"body_size_bytes":57,"environment":"development","host":"dad6df1944ea","level":"info","message":"HTTP request start","method":"POST","request_id":"12feb8fd-f4c1-4b25-9701-2537b113dcf4","route":"/api/v1/auth/users/login","service":"task-manager","timestamp":"2025-11-21T17:16:17.470Z","user_id":"anonymous"}
{"body":{"email":"pm.lola2022@gmail.com","password":"Pm12345@"},"environment":"development","host":"dad6df1944ea","level":"info","message":"loginAccount - start","method":"POST","route":"/api/v1/auth/users/login","service":"task-manager","timestamp":"2025-11-21T17:16:17.473Z"}
{"email":"pm.lola2022@gmail.com","environment":"development","host":"dad6df1944ea","level":"info","message":"loginAccount - user logged in successfully","service":"task-manager","timestamp":"2025-11-21T17:16:17.567Z","userId":"691ae2bcd0d83515c1a8e308"}
{"duration":"0.105s","environment":"development","host":"dad6df1944ea","level":"info","message":"HTTP request end","request_id":"12feb8fd-f4c1-4b25-9701-2537b113dcf4","service":"task-manager","status_code":200,"timestamp":"2025-11-21T17:16:17.574Z"}
{"body_size_bytes":0,"environment":"development","host":"dad6df1944ea","level":"info","message":"HTTP request start","method":"GET","request_id":"6d8d0e2a-861b-41d9-b02f-2dfb156a2620","route":"/api/v1/task/all","service":"task-manager","timestamp":"2025-11-21T17:16:27.660Z","user_id":"anonymous"}
{"duration":"0.003s","environment":"development","host":"dad6df1944ea","level":"info","message":"HTTP request end","request_id":"6d8d0e2a-861b-41d9-b02f-2dfb156a2620","service":"task-manager","status_code":404,"timestamp":"2025-11-21T17:16:27.663Z"}
{"body_size_bytes":108,"environment":"development","host":"dad6df1944ea","level":"info","message":"HTTP request start","method":"GET","request_id":"64270143-bda9-491d-9b91-00b9edfaccb5","route":"/api/v1/users/","service":"task-manager","timestamp":"2025-11-21T17:16:37.116Z","user_id":"anonymous"}
{"environment":"development","host":"dad6df1944ea","level":"info","message":"userAuth - token verified successfully","service":"task-manager","timestamp":"2025-11-21T17:16:37.121Z","userId":"691ae2bcd0d83515c1a8e308"}
{"environment":"development","host":"dad6df1944ea","level":"warn","message":"No users found in database","requestedBy":"691ae2bcd0d83515c1a8e308","service":"task-manager","timestamp":"2025-11-21T17:16:37.126Z"}
{"body":{"email":"pm.lola2022@gmail.com","password":"Pm12345@","password_confirm":"Pm12345@","username":"spe1012"},"environment":"development","host":"dad6df1944ea","level":"error","message":"Express error caught No users found","method":"GET","path":"/api/v1/users/","service":"task-manager","status":404,"timestamp":"2025-11-21T17:16:37.128Z","user":{"id":"691ae2bcd0d83515c1a8e308","role":"admin"}}
{"duration":"0.013s","environment":"development","host":"dad6df1944ea","level":"info","message":"HTTP request end","request_id":"64270143-bda9-491d-9b91-00b9edfaccb5","service":"task-manager","status_code":404,"timestamp":"2025-11-21T17:16:37.130Z"}
{"body_size_bytes":0,"environment":"development","host":"dad6df1944ea","level":"info","message":"HTTP request start","method":"GET","request_id":"4f7f4896-6d99-4b84-97ec-79e6362b3533","route":"/api/v1/users/current","service":"task-manager","timestamp":"2025-11-21T17:16:47.643Z","user_id":"anonymous"}
{"environment":"development","host":"dad6df1944ea","level":"info","message":"userAuth - token verified successfully","service":"task-manager","timestamp":"2025-11-21T17:16:47.646Z","userId":"691ae2bcd0d83515c1a8e308"}
{"environment":"development","host":"dad6df1944ea","level":"info","message":"Current user fetched from DB and cached","service":"task-manager","timestamp":"2025-11-21T17:16:47.655Z","userId":"691ae2bcd0d83515c1a8e308"}
{"duration":"0.014s","environment":"development","host":"dad6df1944ea","level":"info","message":"HTTP request end","request_id":"4f7f4896-6d99-4b84-97ec-79e6362b3533","service":"task-manager","status_code":200,"timestamp":"2025-11-21T17:16:47.657Z"}
{"body_size_bytes":22,"environment":"development","host":"dad6df1944ea","level":"info","message":"HTTP request start","method":"PUT","request_id":"81b8cfe7-6d26-43f6-8636-fa3221704115","route":"/api/v1/users/update/691ae2bcd0d83515c1a8e308","service":"task-manager","timestamp":"2025-11-21T17:17:02.138Z","user_id":"anonymous"}
{"environment":"development","host":"dad6df1944ea","level":"info","message":"userAuth - token verified successfully","service":"task-manager","timestamp":"2025-11-21T17:17:02.143Z","userId":"691ae2bcd0d83515c1a8e308"}
{"body":{"username":"Spencer"},"environment":"development","host":"dad6df1944ea","level":"error","message":"Express error caught Access denied: user,admin role required","method":"PUT","path":"/api/v1/users/update/691ae2bcd0d83515c1a8e308","service":"task-manager","status":403,"timestamp":"2025-11-21T17:17:02.143Z","user":{"id":"691ae2bcd0d83515c1a8e308","role":"admin"}}
{"duration":"0.007s","environment":"development","host":"dad6df1944ea","level":"info","message":"HTTP request end","request_id":"81b8cfe7-6d26-43f6-8636-fa3221704115","service":"task-manager","status_code":403,"timestamp":"2025-11-21T17:17:02.145Z"}
{"body_size_bytes":22,"environment":"development","host":"dad6df1944ea","level":"info","message":"HTTP request start","method":"PUT","request_id":"a4167a30-0283-4ed8-aec8-fcdf40ca822f","route":"/api/v1/users/update/691ae2bcd0d83515c1a8e308","service":"task-manager","timestamp":"2025-11-21T17:18:01.879Z","user_id":"anonymous"}
{"environment":"development","host":"dad6df1944ea","level":"info","message":"userAuth - token verified successfully","service":"task-manager","timestamp":"2025-11-21T17:18:01.882Z","userId":"691ae2bcd0d83515c1a8e308"}
{"body":{"username":"Spencer"},"environment":"development","host":"dad6df1944ea","level":"error","message":"Express error caught Access denied: user,admin role required","method":"PUT","path":"/api/v1/users/update/691ae2bcd0d83515c1a8e308","service":"task-manager","status":403,"timestamp":"2025-11-21T17:18:01.882Z","user":{"id":"691ae2bcd0d83515c1a8e308","role":"admin"}}
{"duration":"0.004s","environment":"development","host":"dad6df1944ea","level":"info","message":"HTTP request end","request_id":"a4167a30-0283-4ed8-aec8-fcdf40ca822f","service":"task-manager","status_code":403,"timestamp":"2025-11-21T17:18:01.884Z"}
{"body_size_bytes":22,"environment":"development","host":"dad6df1944ea","level":"info","message":"HTTP request start","method":"PUT","request_id":"7d7d73fb-48a0-4b7b-8996-56fe79705a3c","route":"/api/v1/users/update/691ae2bcd0d83515c1a8e308","service":"task-manager","timestamp":"2025-11-21T17:18:03.951Z","user_id":"anonymous"}
{"environment":"development","host":"dad6df1944ea","level":"info","message":"userAuth - token verified successfully","service":"task-manager","timestamp":"2025-11-21T17:18:03.954Z","userId":"691ae2bcd0d83515c1a8e308"}
{"body":{"username":"Spencer"},"environment":"development","host":"dad6df1944ea","level":"error","message":"Express error caught Access denied: user,admin role required","method":"PUT","path":"/api/v1/users/update/691ae2bcd0d83515c1a8e308","service":"task-manager","status":403,"timestamp":"2025-11-21T17:18:03.954Z","user":{"id":"691ae2bcd0d83515c1a8e308","role":"admin"}}
{"duration":"0.005s","environment":"development","host":"dad6df1944ea","level":"info","message":"HTTP request end","request_id":"7d7d73fb-48a0-4b7b-8996-56fe79705a3c","service":"task-manager","status_code":403,"timestamp":"2025-11-21T17:18:03.956Z"}
{"body_size_bytes":22,"environment":"development","host":"dad6df1944ea","level":"info","message":"HTTP request start","method":"PUT","request_id":"1598f246-947e-47a5-8e9c-166173178b79","route":"/api/v1/users/update/691ae2bcd0d83515c1a8e308","service":"task-manager","timestamp":"2025-11-21T17:18:22.371Z","user_id":"anonymous"}
{"environment":"development","host":"dad6df1944ea","level":"info","message":"userAuth - token verified successfully","service":"task-manager","timestamp":"2025-11-21T17:18:22.373Z","userId":"691ae2bcd0d83515c1a8e308"}
{"body":{"username":"Spencer"},"environment":"development","host":"dad6df1944ea","level":"error","message":"Express error caught Access denied: user,admin role required","method":"PUT","path":"/api/v1/users/update/691ae2bcd0d83515c1a8e308","service":"task-manager","status":403,"timestamp":"2025-11-21T17:18:22.374Z","user":{"id":"691ae2bcd0d83515c1a8e308","role":"admin"}}
{"duration":"0.004s","environment":"development","host":"dad6df1944ea","level":"info","message":"HTTP request end","request_id":"1598f246-947e-47a5-8e9c-166173178b79","service":"task-manager","status_code":403,"timestamp":"2025-11-21T17:18:22.375Z"}
{"body_size_bytes":108,"environment":"development","host":"dad6df1944ea","level":"info","message":"HTTP request start","method":"DELETE","request_id":"dfe755d8-91f1-4e1f-b2de-3d5e92da3b26","route":"/api/v1/users/delete/6918861cd03019ff2524a2f5","service":"task-manager","timestamp":"2025-11-21T17:19:07.641Z","user_id":"anonymous"}
{"environment":"development","host":"dad6df1944ea","level":"info","message":"userAuth - token verified successfully","service":"task-manager","timestamp":"2025-11-21T17:19:07.644Z","userId":"691ae2bcd0d83515c1a8e308"}
{"body":{"email":"pm.lola2022@gmail.com","password":"Pm12345@","password_confirm":"Pm12345@","username":"spe1012"},"environment":"development","host":"dad6df1944ea","level":"error","message":"Express error caught Access denied: user,admin role required","method":"DELETE","path":"/api/v1/users/delete/6918861cd03019ff2524a2f5","service":"task-manager","status":403,"timestamp":"2025-11-21T17:19:07.644Z","user":{"id":"691ae2bcd0d83515c1a8e308","role":"admin"}}
{"duration":"0.005s","environment":"development","host":"dad6df1944ea","level":"info","message":"HTTP request end","request_id":"dfe755d8-91f1-4e1f-b2de-3d5e92da3b26","service":"task-manager","status_code":403,"timestamp":"2025-11-21T17:19:07.646Z"}
{"body_size_bytes":108,"environment":"development","host":"dad6df1944ea","level":"info","message":"HTTP request start","method":"GET","request_id":"203d383c-e71f-4f31-9ebf-420b17480428","route":"/api/v1/users/","service":"task-manager","timestamp":"2025-11-21T17:19:19.041Z","user_id":"anonymous"}
{"environment":"development","host":"dad6df1944ea","level":"info","message":"userAuth - token verified successfully","service":"task-manager","timestamp":"2025-11-21T17:19:19.043Z","userId":"691ae2bcd0d83515c1a8e308"}
{"environment":"development","host":"dad6df1944ea","level":"warn","message":"No users found in database","requestedBy":"691ae2bcd0d83515c1a8e308","service":"task-manager","timestamp":"2025-11-21T17:19:19.046Z"}
{"body":{"email":"pm.lola2022@gmail.com","password":"Pm12345@","password_confirm":"Pm12345@","username":"spe1012"},"environment":"development","host":"dad6df1944ea","level":"error","message":"Express error caught No users found","method":"GET","path":"/api/v1/users/","service":"task-manager","status":404,"timestamp":"2025-11-21T17:19:19.047Z","user":{"id":"691ae2bcd0d83515c1a8e308","role":"admin"}}
{"duration":"0.007s","environment":"development","host":"dad6df1944ea","level":"info","message":"HTTP request end","request_id":"203d383c-e71f-4f31-9ebf-420b17480428","service":"task-manager","status_code":404,"timestamp":"2025-11-21T17:19:19.048Z"}
{"body_size_bytes":0,"environment":"development","host":"dad6df1944ea","level":"info","message":"HTTP request start","method":"GET","request_id":"25bcfd41-f863-4fa6-90a2-3349ea3de64e","route":"/api/v1/users/current","service":"task-manager","timestamp":"2025-11-21T17:19:49.777Z","user_id":"anonymous"}
{"environment":"development","host":"dad6df1944ea","level":"info","message":"userAuth - token verified successfully","service":"task-manager","timestamp":"2025-11-21T17:19:49.780Z","userId":"691ae2bcd0d83515c1a8e308"}
{"environment":"development","host":"dad6df1944ea","level":"info","message":"Current user fetched from DB and cached","service":"task-manager","timestamp":"2025-11-21T17:19:49.784Z","userId":"691ae2bcd0d83515c1a8e308"}
{"duration":"0.008s","environment":"development","host":"dad6df1944ea","level":"info","message":"HTTP request end","request_id":"25bcfd41-f863-4fa6-90a2-3349ea3de64e","service":"task-manager","status_code":200,"timestamp":"2025-11-21T17:19:49.786Z"}
{"body_size_bytes":108,"environment":"development","host":"dad6df1944ea","level":"info","message":"HTTP request start","method":"GET","request_id":"14dcb91a-e2d6-4791-b14b-72b44637c807","route":"/api/v1/users/691ae2bcd0d83515c1a8e308","service":"task-manager","timestamp":"2025-11-21T17:20:04.080Z","user_id":"anonymous"}
{"environment":"development","host":"dad6df1944ea","level":"info","message":"userAuth - token verified successfully","service":"task-manager","timestamp":"2025-11-21T17:20:04.082Z","userId":"691ae2bcd0d83515c1a8e308"}
{"body":{"email":"pm.lola2022@gmail.com","password":"Pm12345@","password_confirm":"Pm12345@","username":"spe1012"},"environment":"development","host":"dad6df1944ea","level":"error","message":"Express error caught Access denied: user,admin role required","method":"GET","path":"/api/v1/users/691ae2bcd0d83515c1a8e308","service":"task-manager","status":403,"timestamp":"2025-11-21T17:20:04.083Z","user":{"id":"691ae2bcd0d83515c1a8e308","role":"admin"}}
{"duration":"0.004s","environment":"development","host":"dad6df1944ea","level":"info","message":"HTTP request end","request_id":"14dcb91a-e2d6-4791-b14b-72b44637c807","service":"task-manager","status_code":403,"timestamp":"2025-11-21T17:20:04.084Z"}
{"body_size_bytes":117,"environment":"development","host":"5c8a23f995f7","level":"info","message":"HTTP request start","method":"POST","request_id":"c502586d-a868-42fc-986a-332acb1ee2d9","route":"/api/v1/auth/users/register","service":"task-manager","timestamp":"2025-11-21T22:15:33.445Z","user_id":"anonymous"}
{"body":{"email":"a.badila@laposte.net","password":"Pm12345@","password_confirm":"Pm12345@","role":"user","username":"Bad"},"environment":"development","host":"5c8a23f995f7","level":"info","message":"createAccount - start","method":"POST","route":"/api/v1/auth/users/register","service":"task-manager","timestamp":"2025-11-21T22:15:33.451Z"}
{"email":"a.badila@laposte.net","environment":"development","host":"5c8a23f995f7","level":"info","message":"createAccount - user created successfully","service":"task-manager","timestamp":"2025-11-21T22:15:33.646Z","userId":"6920e485997fd01bfe2282bb"}
{"duration":"0.217s","environment":"development","host":"5c8a23f995f7","level":"info","message":"HTTP request end","request_id":"c502586d-a868-42fc-986a-332acb1ee2d9","service":"task-manager","status_code":201,"timestamp":"2025-11-21T22:15:33.662Z"}
{"body_size_bytes":56,"environment":"development","host":"5c8a23f995f7","level":"info","message":"HTTP request start","method":"POST","request_id":"ba73fe08-545a-44f3-b388-e56f499a312b","route":"/api/v1/auth/users/login","service":"task-manager","timestamp":"2025-11-21T22:17:16.984Z","user_id":"anonymous"}
{"body":{"email":"a.badila@laposte.net","password":"Pm12345@"},"environment":"development","host":"5c8a23f995f7","level":"info","message":"loginAccount - start","method":"POST","route":"/api/v1/auth/users/login","service":"task-manager","timestamp":"2025-11-21T22:17:16.987Z"}
{"email":"a.badila@laposte.net","environment":"development","host":"5c8a23f995f7","level":"info","message":"loginAccount - user logged in successfully","service":"task-manager","timestamp":"2025-11-21T22:17:17.120Z","userId":"6920e485997fd01bfe2282bb"}
{"duration":"0.138s","environment":"development","host":"5c8a23f995f7","level":"info","message":"HTTP request end","request_id":"ba73fe08-545a-44f3-b388-e56f499a312b","service":"task-manager","status_code":200,"timestamp":"2025-11-21T22:17:17.122Z"}
{"body_size_bytes":108,"environment":"development","host":"5c8a23f995f7","level":"info","message":"HTTP request start","method":"GET","request_id":"f1beb22d-40a1-4358-ae5d-b27f9293bcf9","route":"/api/v1/auth/users/is-auth","service":"task-manager","timestamp":"2025-11-21T22:17:34.988Z","user_id":"anonymous"}
{"environment":"development","host":"5c8a23f995f7","level":"info","message":"userAuth - token verified successfully","service":"task-manager","timestamp":"2025-11-21T22:17:34.998Z","userId":"6920e485997fd01bfe2282bb"}
{"environment":"development","host":"5c8a23f995f7","level":"info","message":"isAuthenticated - check","service":"task-manager","timestamp":"2025-11-21T22:17:34.999Z","userId":"6920e485997fd01bfe2282bb"}
{"duration":"0.014s","environment":"development","host":"5c8a23f995f7","level":"info","message":"HTTP request end","request_id":"f1beb22d-40a1-4358-ae5d-b27f9293bcf9","service":"task-manager","status_code":200,"timestamp":"2025-11-21T22:17:35.002Z"}
{"body_size_bytes":0,"environment":"development","host":"5c8a23f995f7","level":"info","message":"HTTP request start","method":"GET","request_id":"e1d494ce-cb28-43b0-8a5e-8f29b015c59d","route":"/api/v1/users/current","service":"task-manager","timestamp":"2025-11-21T22:18:06.108Z","user_id":"anonymous"}
{"environment":"development","host":"5c8a23f995f7","level":"info","message":"userAuth - token verified successfully","service":"task-manager","timestamp":"2025-11-21T22:18:06.113Z","userId":"6920e485997fd01bfe2282bb"}
{"environment":"development","host":"5c8a23f995f7","level":"info","message":"Current user fetched from DB and cached","service":"task-manager","timestamp":"2025-11-21T22:18:06.125Z","userId":"6920e485997fd01bfe2282bb"}
{"duration":"0.021s","environment":"development","host":"5c8a23f995f7","level":"info","message":"HTTP request end","request_id":"e1d494ce-cb28-43b0-8a5e-8f29b015c59d","service":"task-manager","status_code":200,"timestamp":"2025-11-21T22:18:06.129Z"}
{"body_size_bytes":21,"environment":"development","host":"5c8a23f995f7","level":"info","message":"HTTP request start","method":"PUT","request_id":"f4499da2-9bbd-4ea2-b869-f5c81566523b","route":"/api/v1/users/update/6920e485997fd01bfe2282bb","service":"task-manager","timestamp":"2025-11-21T22:19:01.563Z","user_id":"anonymous"}
{"environment":"development","host":"5c8a23f995f7","level":"info","message":"userAuth - token verified successfully","service":"task-manager","timestamp":"2025-11-21T22:19:01.567Z","userId":"6920e485997fd01bfe2282bb"}
{"environment":"development","host":"5c8a23f995f7","level":"info","message":"UPDATE_ACCOUNT request received for user ID: 6920e485997fd01bfe2282bb","service":"task-manager","timestamp":"2025-11-21T22:19:01.571Z"}
{"duration":"0.045s","environment":"development","host":"5c8a23f995f7","level":"info","message":"HTTP request end","request_id":"f4499da2-9bbd-4ea2-b869-f5c81566523b","service":"task-manager","status_code":200,"timestamp":"2025-11-21T22:19:01.607Z"}
{"body_size_bytes":0,"environment":"development","host":"5c8a23f995f7","level":"info","message":"HTTP request start","method":"PUT","request_id":"d70649ae-0a6a-4414-98c2-f4e9f39da722","route":"/api/v1/users/update/6920e485997fd01bfe2282bb","service":"task-manager","timestamp":"2025-11-21T22:20:27.140Z","user_id":"anonymous"}
{"environment":"development","host":"5c8a23f995f7","level":"info","message":"userAuth - token verified successfully","service":"task-manager","timestamp":"2025-11-21T22:20:27.144Z","userId":"6920e485997fd01bfe2282bb"}
{"body":{},"environment":"development","host":"5c8a23f995f7","level":"error","message":"Express error caught ENOENT: no such file or directory, open 'uploads/1763763627153.jpg'","method":"PUT","name":"Error","path":"/api/v1/users/update/6920e485997fd01bfe2282bb","service":"task-manager","stack":"Error: ENOENT: no such file or directory, open 'uploads/1763763627153.jpg'","status":500,"timestamp":"2025-11-21T22:20:27.160Z","user":{"id":"6920e485997fd01bfe2282bb","role":"user"}}
{"duration":"0.023s","environment":"development","host":"5c8a23f995f7","level":"info","message":"HTTP request end","request_id":"d70649ae-0a6a-4414-98c2-f4e9f39da722","service":"task-manager","status_code":500,"timestamp":"2025-11-21T22:20:27.163Z"}
{"body_size_bytes":0,"environment":"development","host":"916303f74824","level":"info","message":"HTTP request start","method":"PUT","request_id":"5acfc2de-e078-45c4-a291-8b943957292d","route":"/api/v1/users/update/6920e485997fd01bfe2282bb","service":"task-manager","timestamp":"2025-11-21T22:39:13.717Z","user_id":"anonymous"}
{"environment":"development","host":"916303f74824","level":"info","message":"userAuth - no token provided","method":"PUT","path":"/update/6920e485997fd01bfe2282bb","service":"task-manager","timestamp":"2025-11-21T22:39:13.723Z"}
{"body":{},"environment":"development","host":"916303f74824","level":"error","message":"Express error caught Access denied: user role required","method":"PUT","path":"/api/v1/users/update/6920e485997fd01bfe2282bb","service":"task-manager","status":403,"timestamp":"2025-11-21T22:39:13.725Z","user":"anonymous"}
{"duration":"0.020s","environment":"development","host":"916303f74824","level":"info","message":"HTTP request end","request_id":"5acfc2de-e078-45c4-a291-8b943957292d","service":"task-manager","status_code":403,"timestamp":"2025-11-21T22:39:13.738Z"}
{"body_size_bytes":56,"environment":"development","host":"916303f74824","level":"info","message":"HTTP request start","method":"POST","request_id":"f1f50ad2-29ca-415c-bffe-3820911f998c","route":"/api/v1/auth/users/login","service":"task-manager","timestamp":"2025-11-21T22:39:31.925Z","user_id":"anonymous"}
{"body":{"email":"a.badila@laposte.net","password":"Pm12345@"},"environment":"development","host":"916303f74824","level":"info","message":"loginAccount - start","method":"POST","route":"/api/v1/auth/users/login","service":"task-manager","timestamp":"2025-11-21T22:39:31.928Z"}
{"email":"a.badila@laposte.net","environment":"development","host":"916303f74824","level":"info","message":"loginAccount - user logged in successfully","service":"task-manager","timestamp":"2025-11-21T22:39:32.068Z","userId":"6920e485997fd01bfe2282bb"}
{"duration":"0.145s","environment":"development","host":"916303f74824","level":"info","message":"HTTP request end","request_id":"f1f50ad2-29ca-415c-bffe-3820911f998c","service":"task-manager","status_code":200,"timestamp":"2025-11-21T22:39:32.071Z"}
{"body_size_bytes":0,"environment":"development","host":"916303f74824","level":"info","message":"HTTP request start","method":"PUT","request_id":"91cdb2b3-141c-4f30-a813-0fee9edcb68f","route":"/api/v1/users/update/6920e485997fd01bfe2282bb","service":"task-manager","timestamp":"2025-11-21T22:39:45.603Z","user_id":"anonymous"}
{"environment":"development","host":"916303f74824","level":"info","message":"userAuth - token verified successfully","service":"task-manager","timestamp":"2025-11-21T22:39:45.611Z","userId":"6920e485997fd01bfe2282bb"}
{"environment":"development","host":"916303f74824","level":"info","message":"UPDATE_ACCOUNT request received for user ID: 6920e485997fd01bfe2282bb","service":"task-manager","timestamp":"2025-11-21T22:39:45.631Z"}
{"environment":"development","host":"916303f74824","level":"info","message":"Uploaded to Cloudinary:","service":"task-manager","timestamp":"2025-11-21T22:39:47.123Z"}
{"duration":"1.542s","environment":"development","host":"916303f74824","level":"info","message":"HTTP request end","request_id":"91cdb2b3-141c-4f30-a813-0fee9edcb68f","service":"task-manager","status_code":200,"timestamp":"2025-11-21T22:39:47.146Z"}
{"body_size_bytes":0,"environment":"development","host":"916303f74824","level":"info","message":"HTTP request start","method":"POST","request_id":"800d759b-cc5b-41a7-b3a8-c135d6fd0a54","route":"/api/v1/auth/users/logout","service":"task-manager","timestamp":"2025-11-21T22:47:28.587Z","user_id":"anonymous"}
{"environment":"development","host":"916303f74824","level":"info","message":"logoutAccount - start","method":"POST","route":"/api/v1/auth/users/logout","service":"task-manager","timestamp":"2025-11-21T22:47:28.593Z","userId":"anonymous"}
{"environment":"development","host":"916303f74824","level":"info","message":"logoutAccount - user logged out successfully","service":"task-manager","timestamp":"2025-11-21T22:47:28.598Z","userId":"anonymous"}
{"duration":"0.017s","environment":"development","host":"916303f74824","level":"info","message":"HTTP request end","request_id":"800d759b-cc5b-41a7-b3a8-c135d6fd0a54","service":"task-manager","status_code":200,"timestamp":"2025-11-21T22:47:28.604Z"}
{"body_size_bytes":56,"environment":"development","host":"916303f74824","level":"info","message":"HTTP request start","method":"POST","request_id":"7b114327-31c2-4ded-a5f5-5139d1d87e72","route":"/api/v1/auth/users/login","service":"task-manager","timestamp":"2025-11-21T22:49:10.667Z","user_id":"anonymous"}
{"body":{"email":"a.badila@laposte.net","password":"Pm12345@"},"environment":"development","host":"916303f74824","level":"info","message":"loginAccount - start","method":"POST","route":"/api/v1/auth/users/login","service":"task-manager","timestamp":"2025-11-21T22:49:10.668Z"}
{"email":"a.badila@laposte.net","environment":"development","host":"916303f74824","level":"info","message":"loginAccount - user logged in successfully","service":"task-manager","timestamp":"2025-11-21T22:49:10.799Z","userId":"6920e485997fd01bfe2282bb"}
{"duration":"0.137s","environment":"development","host":"916303f74824","level":"info","message":"HTTP request end","request_id":"7b114327-31c2-4ded-a5f5-5139d1d87e72","service":"task-manager","status_code":200,"timestamp":"2025-11-21T22:49:10.801Z"}
{"body_size_bytes":0,"environment":"development","host":"916303f74824","level":"info","message":"HTTP request start","method":"GET","request_id":"0ab28348-64ba-40b5-9ab7-125b8b07d1fa","route":"/api/v1/users/current","service":"task-manager","timestamp":"2025-11-21T22:49:23.574Z","user_id":"anonymous"}
{"environment":"development","host":"916303f74824","level":"info","message":"userAuth - token verified successfully","service":"task-manager","timestamp":"2025-11-21T22:49:23.584Z","userId":"6920e485997fd01bfe2282bb"}
{"environment":"development","host":"916303f74824","level":"info","message":"Current user fetched from DB and cached","service":"task-manager","timestamp":"2025-11-21T22:49:23.610Z","userId":"6920e485997fd01bfe2282bb"}
{"duration":"0.043s","environment":"development","host":"916303f74824","level":"info","message":"HTTP request end","request_id":"0ab28348-64ba-40b5-9ab7-125b8b07d1fa","service":"task-manager","status_code":200,"timestamp":"2025-11-21T22:49:23.618Z"}
{"body_size_bytes":0,"environment":"development","host":"916303f74824","level":"info","message":"HTTP request start","method":"PUT","request_id":"19c5e1be-7a88-4a13-a67d-bca84c678851","route":"/api/v1/users/update/undefined","service":"task-manager","timestamp":"2025-11-21T22:49:49.505Z","user_id":"anonymous"}
{"environment":"development","host":"916303f74824","level":"info","message":"userAuth - token verified successfully","service":"task-manager","timestamp":"2025-11-21T22:49:49.515Z","userId":"6920e485997fd01bfe2282bb"}
{"environment":"development","host":"916303f74824","level":"info","message":"UPDATE_ACCOUNT request received for user ID: undefined","service":"task-manager","timestamp":"2025-11-21T22:49:49.526Z"}
{"body":{"username":"Badilaa"},"environment":"development","host":"916303f74824","level":"error","message":"Express error caught Unauthorized","method":"PUT","path":"/api/v1/users/update/undefined","service":"task-manager","status":401,"timestamp":"2025-11-21T22:49:49.529Z","user":{"id":"6920e485997fd01bfe2282bb","role":"user"}}
{"duration":"0.029s","environment":"development","host":"916303f74824","level":"info","message":"HTTP request end","request_id":"19c5e1be-7a88-4a13-a67d-bca84c678851","service":"task-manager","status_code":401,"timestamp":"2025-11-21T22:49:49.535Z"}
{"body_size_bytes":56,"environment":"development","host":"916303f74824","level":"info","message":"HTTP request start","method":"POST","request_id":"bc7d055c-569d-4b0f-9119-1a65cd22cfb3","route":"/api/v1/auth/users/login","service":"task-manager","timestamp":"2025-11-21T22:50:08.349Z","user_id":"anonymous"}
{"body":{"email":"a.badila@laposte.net","password":"Pm12345@"},"environment":"development","host":"916303f74824","level":"info","message":"loginAccount - start","method":"POST","route":"/api/v1/auth/users/login","service":"task-manager","timestamp":"2025-11-21T22:50:08.350Z"}
{"email":"a.badila@laposte.net","environment":"development","host":"916303f74824","level":"info","message":"loginAccount - user logged in successfully","service":"task-manager","timestamp":"2025-11-21T22:50:08.469Z","userId":"6920e485997fd01bfe2282bb"}
{"duration":"0.122s","environment":"development","host":"916303f74824","level":"info","message":"HTTP request end","request_id":"bc7d055c-569d-4b0f-9119-1a65cd22cfb3","service":"task-manager","status_code":200,"timestamp":"2025-11-21T22:50:08.471Z"}
{"body_size_bytes":0,"environment":"development","host":"916303f74824","level":"info","message":"HTTP request start","method":"GET","request_id":"197b4d9f-6643-4eee-8e96-29e20a5584e9","route":"/api/v1/users/current","service":"task-manager","timestamp":"2025-11-21T23:07:48.552Z","user_id":"anonymous"}
{"environment":"development","host":"916303f74824","level":"info","message":"userAuth - token verified successfully","service":"task-manager","timestamp":"2025-11-21T23:07:48.575Z","userId":"6920e485997fd01bfe2282bb"}
{"environment":"development","host":"916303f74824","level":"info","message":"Current user fetched from DB and cached","service":"task-manager","timestamp":"2025-11-21T23:07:48.595Z","userId":"6920e485997fd01bfe2282bb"}
{"duration":"0.050s","environment":"development","host":"916303f74824","level":"info","message":"HTTP request end","request_id":"197b4d9f-6643-4eee-8e96-29e20a5584e9","service":"task-manager","status_code":304,"timestamp":"2025-11-21T23:07:48.602Z"}
{"body_size_bytes":0,"environment":"development","host":"916303f74824","level":"info","message":"HTTP request start","method":"GET","request_id":"2d448f75-c6ed-4f2f-b171-421b5bbf6d87","route":"/api/v1/users/current","service":"task-manager","timestamp":"2025-11-21T23:14:54.323Z","user_id":"anonymous"}
{"environment":"development","host":"916303f74824","level":"info","message":"userAuth - token verified successfully","service":"task-manager","timestamp":"2025-11-21T23:14:54.329Z","userId":"6920e485997fd01bfe2282bb"}
{"environment":"development","host":"916303f74824","level":"info","message":"Current user fetched from DB and cached","service":"task-manager","timestamp":"2025-11-21T23:14:54.340Z","userId":"6920e485997fd01bfe2282bb"}
{"duration":"0.019s","environment":"development","host":"916303f74824","level":"info","message":"HTTP request end","request_id":"2d448f75-c6ed-4f2f-b171-421b5bbf6d87","service":"task-manager","status_code":304,"timestamp":"2025-11-21T23:14:54.342Z"}
{"body_size_bytes":0,"environment":"development","host":"916303f74824","level":"info","message":"HTTP request start","method":"POST","request_id":"1bf6562c-c83f-4d84-ad0a-671bf3ee8594","route":"/api/v1/auth/users/logout","service":"task-manager","timestamp":"2025-11-21T23:14:59.214Z","user_id":"anonymous"}
{"environment":"development","host":"916303f74824","level":"info","message":"logoutAccount - start","method":"POST","route":"/api/v1/auth/users/logout","service":"task-manager","timestamp":"2025-11-21T23:14:59.216Z","userId":"anonymous"}
{"environment":"development","host":"916303f74824","level":"info","message":"logoutAccount - user logged out successfully","service":"task-manager","timestamp":"2025-11-21T23:14:59.217Z","userId":"anonymous"}
{"duration":"0.008s","environment":"development","host":"916303f74824","level":"info","message":"HTTP request end","request_id":"1bf6562c-c83f-4d84-ad0a-671bf3ee8594","service":"task-manager","status_code":200,"timestamp":"2025-11-21T23:14:59.223Z"}
{"body_size_bytes":56,"environment":"development","host":"916303f74824","level":"info","message":"HTTP request start","method":"POST","request_id":"6bcdbd06-f587-4ddb-a5fb-9c2e78291a58","route":"/api/v1/auth/users/login","service":"task-manager","timestamp":"2025-11-21T23:15:39.605Z","user_id":"anonymous"}
{"body":{"email":"a.badila@laposte.net","password":"Pm12345@"},"environment":"development","host":"916303f74824","level":"info","message":"loginAccount - start","method":"POST","route":"/api/v1/auth/users/login","service":"task-manager","timestamp":"2025-11-21T23:15:39.607Z"}
{"email":"a.badila@laposte.net","environment":"development","host":"916303f74824","level":"info","message":"loginAccount - user logged in successfully","service":"task-manager","timestamp":"2025-11-21T23:15:39.765Z","userId":"6920e485997fd01bfe2282bb"}
{"duration":"0.162s","environment":"development","host":"916303f74824","level":"info","message":"HTTP request end","request_id":"6bcdbd06-f587-4ddb-a5fb-9c2e78291a58","service":"task-manager","status_code":200,"timestamp":"2025-11-21T23:15:39.767Z"}
{"body_size_bytes":0,"environment":"development","host":"916303f74824","level":"info","message":"HTTP request start","method":"PUT","request_id":"b577221a-4da1-44a0-8450-d9664e0c40c4","route":"/api/v1/users/update/6920e485997fd01bfe2282bb","service":"task-manager","timestamp":"2025-11-21T23:16:09.151Z","user_id":"anonymous"}
{"environment":"development","host":"916303f74824","level":"info","message":"userAuth - token verified successfully","service":"task-manager","timestamp":"2025-11-21T23:16:09.159Z","userId":"6920e485997fd01bfe2282bb"}
{"environment":"development","host":"916303f74824","level":"info","message":"UPDATE_ACCOUNT request received for user ID: 6920e485997fd01bfe2282bb","service":"task-manager","timestamp":"2025-11-21T23:16:09.165Z"}
{"duration":"0.036s","environment":"development","host":"916303f74824","level":"info","message":"HTTP request end","request_id":"b577221a-4da1-44a0-8450-d9664e0c40c4","service":"task-manager","status_code":400,"timestamp":"2025-11-21T23:16:09.187Z"}
{"body_size_bytes":0,"environment":"development","host":"916303f74824","level":"info","message":"HTTP request start","method":"GET","request_id":"a9799e97-924b-42e6-aaa8-5085356caf9b","route":"/api/v1/users/current","service":"task-manager","timestamp":"2025-11-21T23:16:09.259Z","user_id":"anonymous"}
{"environment":"development","host":"916303f74824","level":"info","message":"userAuth - token verified successfully","service":"task-manager","timestamp":"2025-11-21T23:16:09.269Z","userId":"6920e485997fd01bfe2282bb"}
{"environment":"development","host":"916303f74824","level":"info","message":"Current user retrieved from cache","service":"task-manager","timestamp":"2025-11-21T23:16:09.271Z","userId":"6920e485997fd01bfe2282bb"}
{"duration":"0.019s","environment":"development","host":"916303f74824","level":"info","message":"HTTP request end","request_id":"a9799e97-924b-42e6-aaa8-5085356caf9b","service":"task-manager","status_code":200,"timestamp":"2025-11-21T23:16:09.278Z"}
{"body_size_bytes":0,"environment":"development","host":"916303f74824","level":"info","message":"HTTP request start","method":"PUT","request_id":"cf1f297e-a806-44de-8ce8-c7dd4984efd9","route":"/api/v1/users/update/6920e485997fd01bfe2282bb","service":"task-manager","timestamp":"2025-11-21T23:22:25.495Z","user_id":"anonymous"}
{"environment":"development","host":"916303f74824","level":"info","message":"userAuth - token verified successfully","service":"task-manager","timestamp":"2025-11-21T23:22:25.507Z","userId":"6920e485997fd01bfe2282bb"}
{"environment":"development","host":"916303f74824","level":"info","message":"UPDATE_ACCOUNT request received for user ID: 6920e485997fd01bfe2282bb","service":"task-manager","timestamp":"2025-11-21T23:22:25.513Z"}
{"duration":"0.036s","environment":"development","host":"916303f74824","level":"info","message":"HTTP request end","request_id":"cf1f297e-a806-44de-8ce8-c7dd4984efd9","service":"task-manager","status_code":400,"timestamp":"2025-11-21T23:22:25.532Z"}
{"body_size_bytes":0,"environment":"development","host":"916303f74824","level":"info","message":"HTTP request start","method":"GET","request_id":"1ecd397b-b367-4528-bf80-ff28e01e5773","route":"/api/v1/users/current","service":"task-manager","timestamp":"2025-11-21T23:22:25.596Z","user_id":"anonymous"}
{"environment":"development","host":"916303f74824","level":"info","message":"userAuth - token verified successfully","service":"task-manager","timestamp":"2025-11-21T23:22:25.609Z","userId":"6920e485997fd01bfe2282bb"}
{"environment":"development","host":"916303f74824","level":"info","message":"Current user fetched from DB and cached","service":"task-manager","timestamp":"2025-11-21T23:22:25.626Z","userId":"6920e485997fd01bfe2282bb"}
{"duration":"0.036s","environment":"development","host":"916303f74824","level":"info","message":"HTTP request end","request_id":"1ecd397b-b367-4528-bf80-ff28e01e5773","service":"task-manager","status_code":200,"timestamp":"2025-11-21T23:22:25.632Z"}
{"body_size_bytes":0,"environment":"development","host":"916303f74824","level":"info","message":"HTTP request start","method":"PUT","request_id":"42f13a8c-3bc7-4764-b314-c9feb3c30ed7","route":"/api/v1/users/update/6920e485997fd01bfe2282bb","service":"task-manager","timestamp":"2025-11-21T23:22:44.509Z","user_id":"anonymous"}
{"environment":"development","host":"916303f74824","level":"info","message":"userAuth - token verified successfully","service":"task-manager","timestamp":"2025-11-21T23:22:44.520Z","userId":"6920e485997fd01bfe2282bb"}
{"environment":"development","host":"916303f74824","level":"info","message":"UPDATE_ACCOUNT request received for user ID: 6920e485997fd01bfe2282bb","service":"task-manager","timestamp":"2025-11-21T23:22:44.526Z"}
{"duration":"0.030s","environment":"development","host":"916303f74824","level":"info","message":"HTTP request end","request_id":"42f13a8c-3bc7-4764-b314-c9feb3c30ed7","service":"task-manager","status_code":400,"timestamp":"2025-11-21T23:22:44.539Z"}
{"body_size_bytes":0,"environment":"development","host":"916303f74824","level":"info","message":"HTTP request start","method":"GET","request_id":"37c2ee41-eab3-4e09-91c5-f49c5255447a","route":"/api/v1/users/current","service":"task-manager","timestamp":"2025-11-21T23:22:44.601Z","user_id":"anonymous"}
{"environment":"development","host":"916303f74824","level":"info","message":"userAuth - token verified successfully","service":"task-manager","timestamp":"2025-11-21T23:22:44.611Z","userId":"6920e485997fd01bfe2282bb"}
{"environment":"development","host":"916303f74824","level":"info","message":"Current user retrieved from cache","service":"task-manager","timestamp":"2025-11-21T23:22:44.612Z","userId":"6920e485997fd01bfe2282bb"}
{"duration":"0.017s","environment":"development","host":"916303f74824","level":"info","message":"HTTP request end","request_id":"37c2ee41-eab3-4e09-91c5-f49c5255447a","service":"task-manager","status_code":200,"timestamp":"2025-11-21T23:22:44.618Z"}
{"body_size_bytes":0,"environment":"development","host":"916303f74824","level":"info","message":"HTTP request start","method":"PUT","request_id":"40c05aa3-8654-4718-b673-62056d8296ca","route":"/api/v1/users/update/6920e485997fd01bfe2282bb","service":"task-manager","timestamp":"2025-11-21T23:25:28.920Z","user_id":"anonymous"}
{"environment":"development","host":"916303f74824","level":"info","message":"userAuth - token verified successfully","service":"task-manager","timestamp":"2025-11-21T23:25:28.929Z","userId":"6920e485997fd01bfe2282bb"}
{"environment":"development","host":"916303f74824","level":"info","message":"UPDATE_ACCOUNT request received for user ID: 6920e485997fd01bfe2282bb","service":"task-manager","timestamp":"2025-11-21T23:25:28.935Z"}
{"duration":"0.025s","environment":"development","host":"916303f74824","level":"info","message":"HTTP request end","request_id":"40c05aa3-8654-4718-b673-62056d8296ca","service":"task-manager","status_code":400,"timestamp":"2025-11-21T23:25:28.945Z"}
{"body_size_bytes":0,"environment":"development","host":"916303f74824","level":"info","message":"HTTP request start","method":"GET","request_id":"9bea460f-e2f9-467c-afcc-6f2ba6fe5a83","route":"/api/v1/users/current","service":"task-manager","timestamp":"2025-11-21T23:25:28.985Z","user_id":"anonymous"}
{"environment":"development","host":"916303f74824","level":"info","message":"userAuth - token verified successfully","service":"task-manager","timestamp":"2025-11-21T23:25:28.996Z","userId":"6920e485997fd01bfe2282bb"}
{"environment":"development","host":"916303f74824","level":"info","message":"Current user fetched from DB and cached","service":"task-manager","timestamp":"2025-11-21T23:25:29.011Z","userId":"6920e485997fd01bfe2282bb"}
{"duration":"0.033s","environment":"development","host":"916303f74824","level":"info","message":"HTTP request end","request_id":"9bea460f-e2f9-467c-afcc-6f2ba6fe5a83","service":"task-manager","status_code":200,"timestamp":"2025-11-21T23:25:29.018Z"}
