{"body_size_bytes":56,"environment":"development","host":"33944f9876fa","level":"info","message":"HTTP request start","method":"POST","request_id":"51a8fc7d-f55c-46cf-9c41-3941d34cd6f0","route":"/api/v1/auth/users/login","service":"task-manager","timestamp":"2025-11-22T09:37:23.595Z","user_id":"anonymous"}
{"body":{"email":"a.badila@laposte.net","password":"Pm12345@"},"environment":"development","host":"33944f9876fa","level":"info","message":"loginAccount - start","method":"POST","route":"/api/v1/auth/users/login","service":"task-manager","timestamp":"2025-11-22T09:37:23.601Z"}
{"email":"a.badila@laposte.net","environment":"development","host":"33944f9876fa","level":"info","message":"loginAccount - user logged in successfully","service":"task-manager","timestamp":"2025-11-22T09:37:23.761Z","userId":"6920e485997fd01bfe2282bb"}
{"duration":"0.178s","environment":"development","host":"33944f9876fa","level":"info","message":"HTTP request end","request_id":"51a8fc7d-f55c-46cf-9c41-3941d34cd6f0","service":"task-manager","status_code":200,"timestamp":"2025-11-22T09:37:23.773Z"}
{"body_size_bytes":0,"environment":"development","host":"33944f9876fa","level":"info","message":"HTTP request start","method":"PUT","request_id":"416e7406-8812-448d-bc7a-b94075f4e4f2","route":"/api/v1/users/update/6920e485997fd01bfe2282bb","service":"task-manager","timestamp":"2025-11-22T09:38:32.645Z","user_id":"anonymous"}
{"environment":"development","host":"33944f9876fa","level":"info","message":"userAuth - token verified successfully","service":"task-manager","timestamp":"2025-11-22T09:38:32.653Z","userId":"6920e485997fd01bfe2282bb"}
{"environment":"development","host":"33944f9876fa","level":"info","message":"UPDATE_ACCOUNT request received for user ID: 6920e485997fd01bfe2282bb","service":"task-manager","timestamp":"2025-11-22T09:38:32.665Z"}
{"duration":"0.031s","environment":"development","host":"33944f9876fa","level":"info","message":"HTTP request end","request_id":"416e7406-8812-448d-bc7a-b94075f4e4f2","service":"task-manager","status_code":400,"timestamp":"2025-11-22T09:38:32.677Z"}
{"body_size_bytes":0,"environment":"development","host":"33944f9876fa","level":"info","message":"HTTP request start","method":"PUT","request_id":"274f3ba8-0ad3-4263-8abb-c6ab3d8fc427","route":"/api/v1/users/update/6920e485997fd01bfe2282bb","service":"task-manager","timestamp":"2025-11-22T10:02:52.403Z","user_id":"anonymous"}
{"environment":"development","host":"33944f9876fa","level":"info","message":"userAuth - no token provided","method":"PUT","path":"/update/6920e485997fd01bfe2282bb","service":"task-manager","timestamp":"2025-11-22T10:02:52.412Z"}
{"body":{},"environment":"development","host":"33944f9876fa","level":"error","message":"Express error caught Access denied: user role required","method":"PUT","path":"/api/v1/users/update/6920e485997fd01bfe2282bb","service":"task-manager","status":403,"timestamp":"2025-11-22T10:02:52.424Z","user":"anonymous"}
{"duration":"0.029s","environment":"development","host":"33944f9876fa","level":"info","message":"HTTP request end","request_id":"274f3ba8-0ad3-4263-8abb-c6ab3d8fc427","service":"task-manager","status_code":403,"timestamp":"2025-11-22T10:02:52.436Z"}
{"body_size_bytes":56,"environment":"development","host":"33944f9876fa","level":"info","message":"HTTP request start","method":"POST","request_id":"8e69d34b-4c0e-47c7-9a3d-137886be9f5c","route":"/api/v1/auth/users/login","service":"task-manager","timestamp":"2025-11-22T10:03:03.797Z","user_id":"anonymous"}
{"body":{"email":"a.badila@laposte.net","password":"Pm12345@"},"environment":"development","host":"33944f9876fa","level":"info","message":"loginAccount - start","method":"POST","route":"/api/v1/auth/users/login","service":"task-manager","timestamp":"2025-11-22T10:03:03.800Z"}
{"email":"a.badila@laposte.net","environment":"development","host":"33944f9876fa","level":"info","message":"loginAccount - user logged in successfully","service":"task-manager","timestamp":"2025-11-22T10:03:04.090Z","userId":"6920e485997fd01bfe2282bb"}
{"duration":"0.299s","environment":"development","host":"33944f9876fa","level":"info","message":"HTTP request end","request_id":"8e69d34b-4c0e-47c7-9a3d-137886be9f5c","service":"task-manager","status_code":200,"timestamp":"2025-11-22T10:03:04.096Z"}
{"body_size_bytes":0,"environment":"development","host":"33944f9876fa","level":"info","message":"HTTP request start","method":"PUT","request_id":"90fc3433-25b5-482d-9d3d-3fbbeba37e8d","route":"/api/v1/users/update/6920e485997fd01bfe2282bb","service":"task-manager","timestamp":"2025-11-22T10:03:14.555Z","user_id":"anonymous"}
{"environment":"development","host":"33944f9876fa","level":"info","message":"userAuth - token verified successfully","service":"task-manager","timestamp":"2025-11-22T10:03:14.567Z","userId":"6920e485997fd01bfe2282bb"}
{"environment":"development","host":"33944f9876fa","level":"info","message":"UPDATE_ACCOUNT request received for user ID: 6920e485997fd01bfe2282bb","service":"task-manager","timestamp":"2025-11-22T10:03:14.576Z"}
{"duration":"0.081s","environment":"development","host":"33944f9876fa","level":"info","message":"HTTP request end","request_id":"90fc3433-25b5-482d-9d3d-3fbbeba37e8d","service":"task-manager","status_code":200,"timestamp":"2025-11-22T10:03:14.637Z"}
{"body_size_bytes":0,"environment":"development","host":"33944f9876fa","level":"info","message":"HTTP request start","method":"PUT","request_id":"3f82e107-f0fd-468d-8dfe-e278631308a6","route":"/api/v1/users/update/6920e485997fd01bfe2282bb","service":"task-manager","timestamp":"2025-11-22T10:03:24.233Z","user_id":"anonymous"}
{"environment":"development","host":"33944f9876fa","level":"info","message":"userAuth - token verified successfully","service":"task-manager","timestamp":"2025-11-22T10:03:24.242Z","userId":"6920e485997fd01bfe2282bb"}
{"environment":"development","host":"33944f9876fa","level":"info","message":"UPDATE_ACCOUNT request received for user ID: 6920e485997fd01bfe2282bb","service":"task-manager","timestamp":"2025-11-22T10:03:24.249Z"}
{"duration":"0.037s","environment":"development","host":"33944f9876fa","level":"info","message":"HTTP request end","request_id":"3f82e107-f0fd-468d-8dfe-e278631308a6","service":"task-manager","status_code":400,"timestamp":"2025-11-22T10:03:24.270Z"}
{"body_size_bytes":56,"environment":"development","host":"a2384c5776c4","level":"info","message":"HTTP request start","method":"POST","request_id":"3a177ae1-93b5-4188-9304-ff1a09726714","route":"/api/v1/auth/users/login","service":"task-manager","timestamp":"2025-11-22T10:05:01.953Z","user_id":"anonymous"}
{"body":{"email":"a.badila@laposte.net","password":"Pm12345@"},"environment":"development","host":"a2384c5776c4","level":"info","message":"loginAccount - start","method":"POST","route":"/api/v1/auth/users/login","service":"task-manager","timestamp":"2025-11-22T10:05:01.983Z"}
{"email":"a.badila@laposte.net","environment":"development","host":"a2384c5776c4","level":"info","message":"loginAccount - user logged in successfully","service":"task-manager","timestamp":"2025-11-22T10:05:02.471Z","userId":"6920e485997fd01bfe2282bb"}
{"duration":"0.564s","environment":"development","host":"a2384c5776c4","level":"info","message":"HTTP request end","request_id":"3a177ae1-93b5-4188-9304-ff1a09726714","service":"task-manager","status_code":200,"timestamp":"2025-11-22T10:05:02.510Z"}
{"body_size_bytes":0,"environment":"development","host":"a2384c5776c4","level":"info","message":"HTTP request start","method":"PUT","request_id":"0e156858-6ae6-4d36-b290-55648a937bf9","route":"/api/v1/users/update/6920e485997fd01bfe2282bb","service":"task-manager","timestamp":"2025-11-22T10:05:14.719Z","user_id":"anonymous"}
{"environment":"development","host":"a2384c5776c4","level":"info","message":"userAuth - token verified successfully","service":"task-manager","timestamp":"2025-11-22T10:05:14.736Z","userId":"6920e485997fd01bfe2282bb"}
{"environment":"development","error":"\"username\" is not allowed to be empty","host":"a2384c5776c4","level":"warn","message":"UPDATE_ACCOUNT validation failed","service":"task-manager","timestamp":"2025-11-22T10:05:14.767Z"}
{"duration":"0.053s","environment":"development","host":"a2384c5776c4","level":"info","message":"HTTP request end","request_id":"0e156858-6ae6-4d36-b290-55648a937bf9","service":"task-manager","status_code":400,"timestamp":"2025-11-22T10:05:14.773Z"}
{"body_size_bytes":0,"environment":"development","host":"a2384c5776c4","level":"info","message":"HTTP request start","method":"PUT","request_id":"423d3f3d-0fe0-4e0e-9cae-a43b56b07d8a","route":"/api/v1/users/update/6920e485997fd01bfe2282bb","service":"task-manager","timestamp":"2025-11-22T10:05:29.529Z","user_id":"anonymous"}
{"environment":"development","host":"a2384c5776c4","level":"info","message":"userAuth - token verified successfully","service":"task-manager","timestamp":"2025-11-22T10:05:29.543Z","userId":"6920e485997fd01bfe2282bb"}
{"environment":"development","host":"a2384c5776c4","level":"info","message":"UPDATE_ACCOUNT request received for user ID: 6920e485997fd01bfe2282bb","service":"task-manager","timestamp":"2025-11-22T10:05:29.553Z"}
{"duration":"0.101s","environment":"development","host":"a2384c5776c4","level":"info","message":"HTTP request end","request_id":"423d3f3d-0fe0-4e0e-9cae-a43b56b07d8a","service":"task-manager","status_code":200,"timestamp":"2025-11-22T10:05:29.631Z"}
{"body_size_bytes":0,"environment":"development","host":"a2384c5776c4","level":"info","message":"HTTP request start","method":"PUT","request_id":"60d37470-1f19-4ec1-bc3e-f706aa01942b","route":"/api/v1/users/update/6920e485997fd01bfe2282bb","service":"task-manager","timestamp":"2025-11-22T10:05:47.014Z","user_id":"anonymous"}
{"environment":"development","host":"a2384c5776c4","level":"info","message":"userAuth - token verified successfully","service":"task-manager","timestamp":"2025-11-22T10:05:47.026Z","userId":"6920e485997fd01bfe2282bb"}
{"environment":"development","host":"a2384c5776c4","level":"info","message":"UPDATE_ACCOUNT request received for user ID: 6920e485997fd01bfe2282bb","service":"task-manager","timestamp":"2025-11-22T10:05:47.036Z"}
{"duration":"0.064s","environment":"development","host":"a2384c5776c4","level":"info","message":"HTTP request end","request_id":"60d37470-1f19-4ec1-bc3e-f706aa01942b","service":"task-manager","status_code":200,"timestamp":"2025-11-22T10:05:47.079Z"}
{"body_size_bytes":0,"environment":"development","host":"a2384c5776c4","level":"info","message":"HTTP request start","method":"PUT","request_id":"72330e95-1611-480c-8d3b-a5f3e672a1cb","route":"/api/v1/users/update/6920e485997fd01bfe2282bb","service":"task-manager","timestamp":"2025-11-22T10:06:03.604Z","user_id":"anonymous"}
{"environment":"development","host":"a2384c5776c4","level":"info","message":"userAuth - token verified successfully","service":"task-manager","timestamp":"2025-11-22T10:06:03.615Z","userId":"6920e485997fd01bfe2282bb"}
{"environment":"development","host":"a2384c5776c4","level":"info","message":"UPDATE_ACCOUNT request received for user ID: 6920e485997fd01bfe2282bb","service":"task-manager","timestamp":"2025-11-22T10:06:03.623Z"}
{"duration":"0.054s","environment":"development","host":"a2384c5776c4","level":"info","message":"HTTP request end","request_id":"72330e95-1611-480c-8d3b-a5f3e672a1cb","service":"task-manager","status_code":200,"timestamp":"2025-11-22T10:06:03.658Z"}
{"body_size_bytes":108,"environment":"development","host":"a2384c5776c4","level":"info","message":"HTTP request start","method":"POST","request_id":"79b2878e-c762-47a1-98f9-d3b8ce43b911","route":"/api/v1/auth/users/send-reset-password","service":"task-manager","timestamp":"2025-11-22T10:06:41.745Z","user_id":"anonymous"}
{"email":"pm.lola2022@gmail.com","environment":"development","host":"a2384c5776c4","level":"info","message":"PasswordResetEmail - start","service":"task-manager","timestamp":"2025-11-22T10:06:41.754Z"}
{"email":"pm.lola2022@gmail.com","environment":"development","host":"a2384c5776c4","level":"info","message":"PasswordResetEmail - OTP saved successfully","otp":"267193","service":"task-manager","timestamp":"2025-11-22T10:06:41.861Z"}
{"email":"pm.lola2022@gmail.com","environment":"development","host":"a2384c5776c4","level":"info","message":"PasswordResetEmail - OTP email sent successfully","service":"task-manager","timestamp":"2025-11-22T10:06:41.863Z"}
{"duration":"0.127s","environment":"development","host":"a2384c5776c4","level":"info","message":"HTTP request end","request_id":"79b2878e-c762-47a1-98f9-d3b8ce43b911","service":"task-manager","status_code":200,"timestamp":"2025-11-22T10:06:41.872Z"}
{"body_size_bytes":53,"environment":"development","host":"a2384c5776c4","level":"info","message":"HTTP request start","method":"POST","request_id":"d6d870f6-9d6d-4732-b32b-22bec5003aa8","route":"/api/v1/auth/users/send-reset-password","service":"task-manager","timestamp":"2025-11-22T10:09:09.060Z","user_id":"anonymous"}
{"email":"a.badila@laposte.net","environment":"development","host":"a2384c5776c4","level":"info","message":"PasswordResetEmail - start","service":"task-manager","timestamp":"2025-11-22T10:09:09.064Z"}
{"email":"a.badila@laposte.net","environment":"development","host":"a2384c5776c4","level":"info","message":"PasswordResetEmail - OTP saved successfully","otp":"770130","service":"task-manager","timestamp":"2025-11-22T10:09:09.094Z"}
{"email":"a.badila@laposte.net","environment":"development","host":"a2384c5776c4","level":"info","message":"PasswordResetEmail - OTP email sent successfully","service":"task-manager","timestamp":"2025-11-22T10:09:09.095Z"}
{"duration":"0.040s","environment":"development","host":"a2384c5776c4","level":"info","message":"HTTP request end","request_id":"d6d870f6-9d6d-4732-b32b-22bec5003aa8","service":"task-manager","status_code":200,"timestamp":"2025-11-22T10:09:09.101Z"}
{"body_size_bytes":72,"environment":"development","host":"a2384c5776c4","level":"info","message":"HTTP request start","method":"POST","request_id":"98cf33f0-7897-42c1-9e10-194bd6aac526","route":"/api/v1/auth/users/reset-password","service":"task-manager","timestamp":"2025-11-22T10:10:46.169Z","user_id":"anonymous"}
{"environment":"development","error":"\"password\" is required","host":"a2384c5776c4","level":"warn","message":"resetPassword - validation failed","service":"task-manager","timestamp":"2025-11-22T10:10:46.180Z"}
{"duration":"0.016s","environment":"development","host":"a2384c5776c4","level":"info","message":"HTTP request end","request_id":"98cf33f0-7897-42c1-9e10-194bd6aac526","service":"task-manager","status_code":400,"timestamp":"2025-11-22T10:10:46.188Z"}
{"body_size_bytes":72,"environment":"development","host":"a2384c5776c4","level":"info","message":"HTTP request start","method":"POST","request_id":"d6810c24-d1f3-4ad7-9fde-74c1992a6478","route":"/api/v1/auth/users/reset-password","service":"task-manager","timestamp":"2025-11-22T10:11:28.850Z","user_id":"anonymous"}
{"environment":"development","error":"\"password\" is required","host":"a2384c5776c4","level":"warn","message":"resetPassword - validation failed","service":"task-manager","timestamp":"2025-11-22T10:11:28.858Z"}
{"duration":"0.023s","environment":"development","host":"a2384c5776c4","level":"info","message":"HTTP request end","request_id":"d6810c24-d1f3-4ad7-9fde-74c1992a6478","service":"task-manager","status_code":400,"timestamp":"2025-11-22T10:11:28.873Z"}
{"body_size_bytes":72,"environment":"development","host":"a2384c5776c4","level":"info","message":"HTTP request start","method":"POST","request_id":"998b314a-4584-416c-ad2f-d65d168054f7","route":"/api/v1/auth/users/reset-password","service":"task-manager","timestamp":"2025-11-22T10:11:34.082Z","user_id":"anonymous"}
{"environment":"development","error":"\"password\" is required","host":"a2384c5776c4","level":"warn","message":"resetPassword - validation failed","service":"task-manager","timestamp":"2025-11-22T10:11:34.086Z"}
{"duration":"0.022s","environment":"development","host":"a2384c5776c4","level":"info","message":"HTTP request end","request_id":"998b314a-4584-416c-ad2f-d65d168054f7","service":"task-manager","status_code":400,"timestamp":"2025-11-22T10:11:34.109Z"}
{"body_size_bytes":72,"environment":"development","host":"a2384c5776c4","level":"info","message":"HTTP request start","method":"POST","request_id":"2fd0a7a0-e255-4a84-b20b-a8c6d1796f38","route":"/api/v1/auth/users/reset-password","service":"task-manager","timestamp":"2025-11-22T10:13:29.979Z","user_id":"anonymous"}
{"environment":"development","error":"\"password\" is required","host":"a2384c5776c4","level":"warn","message":"resetPassword - validation failed","service":"task-manager","timestamp":"2025-11-22T10:13:29.985Z"}
{"duration":"0.015s","environment":"development","host":"a2384c5776c4","level":"info","message":"HTTP request end","request_id":"2fd0a7a0-e255-4a84-b20b-a8c6d1796f38","service":"task-manager","status_code":400,"timestamp":"2025-11-22T10:13:29.994Z"}
{"body_size_bytes":72,"environment":"development","host":"a2384c5776c4","level":"info","message":"HTTP request start","method":"POST","request_id":"f61c15fb-cff2-4acd-9606-64c196d0e482","route":"/api/v1/auth/users/reset-password","service":"task-manager","timestamp":"2025-11-22T10:13:40.056Z","user_id":"anonymous"}
{"environment":"development","error":"\"password\" is required","host":"a2384c5776c4","level":"warn","message":"resetPassword - validation failed","service":"task-manager","timestamp":"2025-11-22T10:13:40.060Z"}
{"duration":"0.010s","environment":"development","host":"a2384c5776c4","level":"info","message":"HTTP request end","request_id":"f61c15fb-cff2-4acd-9606-64c196d0e482","service":"task-manager","status_code":400,"timestamp":"2025-11-22T10:13:40.066Z"}
{"body_size_bytes":72,"environment":"development","host":"a2384c5776c4","level":"info","message":"HTTP request start","method":"POST","request_id":"93975953-11ed-4173-a2af-d2efe0f555c6","route":"/api/v1/auth/users/reset-password","service":"task-manager","timestamp":"2025-11-22T10:18:53.772Z","user_id":"anonymous"}
{"email":"a.badila@laposte.net","environment":"development","host":"a2384c5776c4","level":"info","message":"resetPassword - start","service":"task-manager","timestamp":"2025-11-22T10:18:53.807Z"}
{"email":"a.badila@laposte.net","environment":"development","host":"a2384c5776c4","level":"info","message":"resetPassword - password reset successfully","service":"task-manager","timestamp":"2025-11-22T10:18:54.228Z"}
{"duration":"0.491s","environment":"development","host":"a2384c5776c4","level":"info","message":"HTTP request end","request_id":"93975953-11ed-4173-a2af-d2efe0f555c6","service":"task-manager","status_code":200,"timestamp":"2025-11-22T10:18:54.258Z"}
