{"body_size_bytes":0,"environment":"development","host":"a5aa3ad781e0","level":"info","message":"HTTP request start","method":"POST","request_id":"5caa527a-3410-467e-be9a-dc079c8c4d1e","route":"/api/v1/auth/users/logout","service":"task-manager","timestamp":"2026-02-19T09:11:32.043Z","user_id":"anonymous"}
{"environment":"development","host":"a5aa3ad781e0","level":"info","message":"logoutAccount - start","method":"POST","route":"/api/v1/auth/users/logout","service":"task-manager","timestamp":"2026-02-19T09:11:32.059Z","userId":"anonymous"}
{"environment":"development","host":"a5aa3ad781e0","level":"info","message":"logoutAccount - user logged out successfully","service":"task-manager","timestamp":"2026-02-19T09:11:32.066Z","userId":"anonymous"}
{"duration":"0.057s","environment":"development","host":"a5aa3ad781e0","level":"info","message":"HTTP request end","request_id":"5caa527a-3410-467e-be9a-dc079c8c4d1e","service":"task-manager","status_code":200,"timestamp":"2026-02-19T09:11:32.098Z"}
{"body_size_bytes":56,"environment":"development","host":"a5aa3ad781e0","level":"info","message":"HTTP request start","method":"POST","request_id":"f6f05069-33d7-4125-9852-313bc00fc726","route":"/api/v1/auth/users/login","service":"task-manager","timestamp":"2026-02-19T09:12:00.743Z","user_id":"anonymous"}
{"body":{"email":"a.badila@laposte.net","password":"Amina35@"},"environment":"development","host":"a5aa3ad781e0","level":"info","message":"loginAccount - start","method":"POST","route":"/api/v1/auth/users/login","service":"task-manager","timestamp":"2026-02-19T09:12:00.745Z"}
{"email":"a.badila@laposte.net","environment":"development","host":"a5aa3ad781e0","level":"info","message":"loginAccount - user logged in successfully","service":"task-manager","timestamp":"2026-02-19T09:12:00.915Z","userId":"6920e485997fd01bfe2282bb"}
{"duration":"0.174s","environment":"development","host":"a5aa3ad781e0","level":"info","message":"HTTP request end","request_id":"f6f05069-33d7-4125-9852-313bc00fc726","service":"task-manager","status_code":200,"timestamp":"2026-02-19T09:12:00.918Z"}
{"body_size_bytes":0,"environment":"development","host":"a5aa3ad781e0","level":"info","message":"HTTP request start","method":"POST","request_id":"c521fcea-1f79-4f25-9d9a-76d7c2c21ef9","route":"/api/v1/auth/users/logout","service":"task-manager","timestamp":"2026-02-19T09:13:49.213Z","user_id":"anonymous"}
{"environment":"development","host":"a5aa3ad781e0","level":"info","message":"logoutAccount - start","method":"POST","route":"/api/v1/auth/users/logout","service":"task-manager","timestamp":"2026-02-19T09:13:49.215Z","userId":"anonymous"}
{"environment":"development","host":"a5aa3ad781e0","level":"info","message":"logoutAccount - user logged out successfully","service":"task-manager","timestamp":"2026-02-19T09:13:49.216Z","userId":"anonymous"}
{"duration":"0.006s","environment":"development","host":"a5aa3ad781e0","level":"info","message":"HTTP request end","request_id":"c521fcea-1f79-4f25-9d9a-76d7c2c21ef9","service":"task-manager","status_code":200,"timestamp":"2026-02-19T09:13:49.219Z"}
{"body_size_bytes":56,"environment":"development","host":"a5aa3ad781e0","level":"info","message":"HTTP request start","method":"POST","request_id":"01f19b0f-e2ce-41c6-ad05-4230b230e3f2","route":"/api/v1/auth/users/login","service":"task-manager","timestamp":"2026-02-19T09:15:02.247Z","user_id":"anonymous"}
{"body":{"email":"a.badila@laposte.net","password":"Amina35@"},"environment":"development","host":"a5aa3ad781e0","level":"info","message":"loginAccount - start","method":"POST","route":"/api/v1/auth/users/login","service":"task-manager","timestamp":"2026-02-19T09:15:02.250Z"}
{"email":"a.badila@laposte.net","environment":"development","host":"a5aa3ad781e0","level":"info","message":"loginAccount - user logged in successfully","service":"task-manager","timestamp":"2026-02-19T09:15:02.508Z","userId":"6920e485997fd01bfe2282bb"}
{"duration":"0.262s","environment":"development","host":"a5aa3ad781e0","level":"info","message":"HTTP request end","request_id":"01f19b0f-e2ce-41c6-ad05-4230b230e3f2","service":"task-manager","status_code":200,"timestamp":"2026-02-19T09:15:02.509Z"}
{"body_size_bytes":0,"environment":"development","host":"22283c477530","level":"info","message":"HTTP request start","method":"POST","request_id":"6a29f6da-b3d2-403b-9841-d5f639930133","route":"/api/v1/auth/users/logout","service":"task-manager","timestamp":"2026-02-19T09:37:55.817Z","user_id":"anonymous"}
{"environment":"development","host":"22283c477530","level":"info","message":"logoutAccount - start","method":"POST","route":"/api/v1/auth/users/logout","service":"task-manager","timestamp":"2026-02-19T09:37:55.839Z","userId":"anonymous"}
{"environment":"development","host":"22283c477530","level":"info","message":"logoutAccount - user logged out successfully","service":"task-manager","timestamp":"2026-02-19T09:37:55.848Z","userId":"anonymous"}
{"duration":"0.073s","environment":"development","host":"22283c477530","level":"info","message":"HTTP request end","request_id":"6a29f6da-b3d2-403b-9841-d5f639930133","service":"task-manager","status_code":200,"timestamp":"2026-02-19T09:37:55.887Z"}
{"body_size_bytes":56,"environment":"development","host":"22283c477530","level":"info","message":"HTTP request start","method":"POST","request_id":"9557e0c8-4d56-4269-9da0-6700db7a096b","route":"/api/v1/auth/users/login","service":"task-manager","timestamp":"2026-02-19T09:38:10.891Z","user_id":"anonymous"}
{"body":{"email":"a.badila@laposte.net","password":"Amina35@"},"environment":"development","host":"22283c477530","level":"info","message":"loginAccount - start","method":"POST","route":"/api/v1/auth/users/login","service":"task-manager","timestamp":"2026-02-19T09:38:10.897Z"}
{"email":"a.badila@laposte.net","environment":"development","host":"22283c477530","level":"info","message":"loginAccount - user logged in successfully","service":"task-manager","timestamp":"2026-02-19T09:38:11.066Z","userId":"6920e485997fd01bfe2282bb"}
{"duration":"0.177s","environment":"development","host":"22283c477530","level":"info","message":"HTTP request end","request_id":"9557e0c8-4d56-4269-9da0-6700db7a096b","service":"task-manager","status_code":200,"timestamp":"2026-02-19T09:38:11.068Z"}
{"body_size_bytes":0,"environment":"development","host":"22283c477530","level":"info","message":"HTTP request start","method":"GET","request_id":"ab607edb-be99-41ea-92d3-e1f2bf3c08b3","route":"/api/v1/tasks/6920e485997fd01bfe2282bb/paginate","service":"task-manager","timestamp":"2026-02-19T09:38:13.146Z","user_id":"anonymous"}
{"environment":"development","host":"22283c477530","level":"info","message":"userAuth - token verified successfully","service":"task-manager","timestamp":"2026-02-19T09:38:13.173Z","userId":"6920e485997fd01bfe2282bb"}
{"allowedRoles":["user","admin"],"environment":"development","host":"22283c477530","level":"info","message":"Role check initiated","method":"GET","path":"/api/v1/tasks/6920e485997fd01bfe2282bb/paginate?page=1&limit=10&sort=createdAt&order=desc","service":"task-manager","timestamp":"2026-02-19T09:38:13.177Z","userId":"6920e485997fd01bfe2282bb","userRole":"user"}
{"environment":"development","host":"22283c477530","level":"info","message":"Role authorized successfully","path":"/api/v1/tasks/6920e485997fd01bfe2282bb/paginate?page=1&limit=10&sort=createdAt&order=desc","role":"user","service":"task-manager","timestamp":"2026-02-19T09:38:13.178Z","userId":"6920e485997fd01bfe2282bb"}
{"duration":"0.117s","environment":"development","host":"22283c477530","level":"info","message":"HTTP request end","request_id":"ab607edb-be99-41ea-92d3-e1f2bf3c08b3","service":"task-manager","status_code":200,"timestamp":"2026-02-19T09:38:13.263Z"}
{"body_size_bytes":0,"environment":"development","host":"22283c477530","level":"info","message":"HTTP request start","method":"GET","request_id":"ae530828-de1c-439d-ad08-cc623d2a027e","route":"/api/v1/tasks/6920e485997fd01bfe2282bb/paginate","service":"task-manager","timestamp":"2026-02-19T09:38:38.986Z","user_id":"anonymous"}
{"environment":"development","host":"22283c477530","level":"info","message":"userAuth - token verified successfully","service":"task-manager","timestamp":"2026-02-19T09:38:38.991Z","userId":"6920e485997fd01bfe2282bb"}
{"allowedRoles":["user","admin"],"environment":"development","host":"22283c477530","level":"info","message":"Role check initiated","method":"GET","path":"/api/v1/tasks/6920e485997fd01bfe2282bb/paginate?page=2&limit=10&sort=createdAt&order=desc","service":"task-manager","timestamp":"2026-02-19T09:38:38.992Z","userId":"6920e485997fd01bfe2282bb","userRole":"user"}
{"environment":"development","host":"22283c477530","level":"info","message":"Role authorized successfully","path":"/api/v1/tasks/6920e485997fd01bfe2282bb/paginate?page=2&limit=10&sort=createdAt&order=desc","role":"user","service":"task-manager","timestamp":"2026-02-19T09:38:38.992Z","userId":"6920e485997fd01bfe2282bb"}
{"duration":"0.024s","environment":"development","host":"22283c477530","level":"info","message":"HTTP request end","request_id":"ae530828-de1c-439d-ad08-cc623d2a027e","service":"task-manager","status_code":200,"timestamp":"2026-02-19T09:38:39.010Z"}
{"body_size_bytes":185,"environment":"development","host":"22283c477530","level":"info","message":"HTTP request start","method":"POST","request_id":"aba7580b-3420-493b-b646-90d213f748e7","route":"/api/v1/tasks/create","service":"task-manager","timestamp":"2026-02-19T09:40:04.414Z","user_id":"anonymous"}
{"environment":"development","host":"22283c477530","level":"info","message":"userAuth - token verified successfully","service":"task-manager","timestamp":"2026-02-19T09:40:04.425Z","userId":"6920e485997fd01bfe2282bb"}
{"allowedRoles":["user"],"environment":"development","host":"22283c477530","level":"info","message":"Role check initiated","method":"POST","path":"/api/v1/tasks/create","service":"task-manager","timestamp":"2026-02-19T09:40:04.426Z","userId":"6920e485997fd01bfe2282bb","userRole":"user"}
{"environment":"development","host":"22283c477530","level":"info","message":"Role authorized successfully","path":"/api/v1/tasks/create","role":"user","service":"task-manager","timestamp":"2026-02-19T09:40:04.427Z","userId":"6920e485997fd01bfe2282bb"}
{"createdBy":"6920e485997fd01bfe2282bb","environment":"development","host":"22283c477530","level":"info","message":"6 - Task created successfully","service":"task-manager","taskId":"6996da74803b2fefbde49243","timestamp":"2026-02-19T09:40:04.554Z"}
{"duration":"0.148s","environment":"development","host":"22283c477530","level":"info","message":"HTTP request end","request_id":"aba7580b-3420-493b-b646-90d213f748e7","service":"task-manager","status_code":201,"timestamp":"2026-02-19T09:40:04.562Z"}
{"body_size_bytes":0,"environment":"development","host":"22283c477530","level":"info","message":"HTTP request start","method":"GET","request_id":"dca764a7-b96e-4e2b-a7f9-46b981fb947a","route":"/api/v1/tasks/6920e485997fd01bfe2282bb/paginate","service":"task-manager","timestamp":"2026-02-19T09:40:04.591Z","user_id":"anonymous"}
{"environment":"development","host":"22283c477530","level":"info","message":"userAuth - token verified successfully","service":"task-manager","timestamp":"2026-02-19T09:40:04.601Z","userId":"6920e485997fd01bfe2282bb"}
{"allowedRoles":["user","admin"],"environment":"development","host":"22283c477530","level":"info","message":"Role check initiated","method":"GET","path":"/api/v1/tasks/6920e485997fd01bfe2282bb/paginate?page=2&limit=10&sort=createdAt&order=desc","service":"task-manager","timestamp":"2026-02-19T09:40:04.603Z","userId":"6920e485997fd01bfe2282bb","userRole":"user"}
{"environment":"development","host":"22283c477530","level":"info","message":"Role authorized successfully","path":"/api/v1/tasks/6920e485997fd01bfe2282bb/paginate?page=2&limit=10&sort=createdAt&order=desc","role":"user","service":"task-manager","timestamp":"2026-02-19T09:40:04.604Z","userId":"6920e485997fd01bfe2282bb"}
{"duration":"0.062s","environment":"development","host":"22283c477530","level":"info","message":"HTTP request end","request_id":"dca764a7-b96e-4e2b-a7f9-46b981fb947a","service":"task-manager","status_code":200,"timestamp":"2026-02-19T09:40:04.657Z"}
{"body_size_bytes":0,"environment":"development","host":"22283c477530","level":"info","message":"HTTP request start","method":"GET","request_id":"9c973708-adf2-403b-9156-da85d371f9c9","route":"/api/v1/tasks/6920e485997fd01bfe2282bb/paginate","service":"task-manager","timestamp":"2026-02-19T09:40:16.040Z","user_id":"anonymous"}
{"environment":"development","host":"22283c477530","level":"info","message":"userAuth - token verified successfully","service":"task-manager","timestamp":"2026-02-19T09:40:16.053Z","userId":"6920e485997fd01bfe2282bb"}
{"allowedRoles":["user","admin"],"environment":"development","host":"22283c477530","level":"info","message":"Role check initiated","method":"GET","path":"/api/v1/tasks/6920e485997fd01bfe2282bb/paginate?page=1&limit=10&sort=due&order=asc","service":"task-manager","timestamp":"2026-02-19T09:40:16.056Z","userId":"6920e485997fd01bfe2282bb","userRole":"user"}
{"environment":"development","host":"22283c477530","level":"info","message":"Role authorized successfully","path":"/api/v1/tasks/6920e485997fd01bfe2282bb/paginate?page=1&limit=10&sort=due&order=asc","role":"user","service":"task-manager","timestamp":"2026-02-19T09:40:16.057Z","userId":"6920e485997fd01bfe2282bb"}
{"duration":"0.068s","environment":"development","host":"22283c477530","level":"info","message":"HTTP request end","request_id":"9c973708-adf2-403b-9156-da85d371f9c9","service":"task-manager","status_code":200,"timestamp":"2026-02-19T09:40:16.108Z"}
{"body_size_bytes":0,"environment":"development","host":"22283c477530","level":"info","message":"HTTP request start","method":"GET","request_id":"03da0721-8d2b-4d81-9273-42b95fafff9f","route":"/api/v1/tasks/6920e485997fd01bfe2282bb/paginate","service":"task-manager","timestamp":"2026-02-19T09:40:22.885Z","user_id":"anonymous"}
{"environment":"development","host":"22283c477530","level":"info","message":"userAuth - token verified successfully","service":"task-manager","timestamp":"2026-02-19T09:40:22.896Z","userId":"6920e485997fd01bfe2282bb"}
{"allowedRoles":["user","admin"],"environment":"development","host":"22283c477530","level":"info","message":"Role check initiated","method":"GET","path":"/api/v1/tasks/6920e485997fd01bfe2282bb/paginate?page=1&limit=10&sort=due&order=desc","service":"task-manager","timestamp":"2026-02-19T09:40:22.898Z","userId":"6920e485997fd01bfe2282bb","userRole":"user"}
{"environment":"development","host":"22283c477530","level":"info","message":"Role authorized successfully","path":"/api/v1/tasks/6920e485997fd01bfe2282bb/paginate?page=1&limit=10&sort=due&order=desc","role":"user","service":"task-manager","timestamp":"2026-02-19T09:40:22.900Z","userId":"6920e485997fd01bfe2282bb"}
{"duration":"0.059s","environment":"development","host":"22283c477530","level":"info","message":"HTTP request end","request_id":"03da0721-8d2b-4d81-9273-42b95fafff9f","service":"task-manager","status_code":200,"timestamp":"2026-02-19T09:40:22.945Z"}
{"body_size_bytes":0,"environment":"development","host":"22283c477530","level":"info","message":"HTTP request start","method":"GET","request_id":"87a739d3-e8c4-4298-9b82-c9f380f6a98a","route":"/api/v1/tasks/6920e485997fd01bfe2282bb/paginate","service":"task-manager","timestamp":"2026-02-19T09:40:25.486Z","user_id":"anonymous"}
{"environment":"development","host":"22283c477530","level":"info","message":"userAuth - token verified successfully","service":"task-manager","timestamp":"2026-02-19T09:40:25.495Z","userId":"6920e485997fd01bfe2282bb"}
{"allowedRoles":["user","admin"],"environment":"development","host":"22283c477530","level":"info","message":"Role check initiated","method":"GET","path":"/api/v1/tasks/6920e485997fd01bfe2282bb/paginate?page=1&limit=10&sort=name&order=asc","service":"task-manager","timestamp":"2026-02-19T09:40:25.496Z","userId":"6920e485997fd01bfe2282bb","userRole":"user"}
{"environment":"development","host":"22283c477530","level":"info","message":"Role authorized successfully","path":"/api/v1/tasks/6920e485997fd01bfe2282bb/paginate?page=1&limit=10&sort=name&order=asc","role":"user","service":"task-manager","timestamp":"2026-02-19T09:40:25.498Z","userId":"6920e485997fd01bfe2282bb"}
{"duration":"0.066s","environment":"development","host":"22283c477530","level":"info","message":"HTTP request end","request_id":"87a739d3-e8c4-4298-9b82-c9f380f6a98a","service":"task-manager","status_code":200,"timestamp":"2026-02-19T09:40:25.552Z"}
{"body_size_bytes":0,"environment":"development","host":"22283c477530","level":"info","message":"HTTP request start","method":"GET","request_id":"dae4af2e-8cc8-4b51-8089-13444d902a56","route":"/api/v1/tasks/6920e485997fd01bfe2282bb/paginate","service":"task-manager","timestamp":"2026-02-19T09:40:28.153Z","user_id":"anonymous"}
{"environment":"development","host":"22283c477530","level":"info","message":"userAuth - token verified successfully","service":"task-manager","timestamp":"2026-02-19T09:40:28.164Z","userId":"6920e485997fd01bfe2282bb"}
{"allowedRoles":["user","admin"],"environment":"development","host":"22283c477530","level":"info","message":"Role check initiated","method":"GET","path":"/api/v1/tasks/6920e485997fd01bfe2282bb/paginate?page=1&limit=10&sort=name&order=desc","service":"task-manager","timestamp":"2026-02-19T09:40:28.166Z","userId":"6920e485997fd01bfe2282bb","userRole":"user"}
{"environment":"development","host":"22283c477530","level":"info","message":"Role authorized successfully","path":"/api/v1/tasks/6920e485997fd01bfe2282bb/paginate?page=1&limit=10&sort=name&order=desc","role":"user","service":"task-manager","timestamp":"2026-02-19T09:40:28.171Z","userId":"6920e485997fd01bfe2282bb"}
{"duration":"0.068s","environment":"development","host":"22283c477530","level":"info","message":"HTTP request end","request_id":"dae4af2e-8cc8-4b51-8089-13444d902a56","service":"task-manager","status_code":200,"timestamp":"2026-02-19T09:40:28.221Z"}
{"body_size_bytes":0,"environment":"development","host":"22283c477530","level":"info","message":"HTTP request start","method":"GET","request_id":"4f4de08f-83af-4a08-bb9b-ad7fd1659a80","route":"/api/v1/tasks/6920e485997fd01bfe2282bb/paginate","service":"task-manager","timestamp":"2026-02-19T09:40:30.003Z","user_id":"anonymous"}
{"environment":"development","host":"22283c477530","level":"info","message":"userAuth - token verified successfully","service":"task-manager","timestamp":"2026-02-19T09:40:30.014Z","userId":"6920e485997fd01bfe2282bb"}
{"allowedRoles":["user","admin"],"environment":"development","host":"22283c477530","level":"info","message":"Role check initiated","method":"GET","path":"/api/v1/tasks/6920e485997fd01bfe2282bb/paginate?page=1&limit=10&sort=name&order=asc","service":"task-manager","timestamp":"2026-02-19T09:40:30.016Z","userId":"6920e485997fd01bfe2282bb","userRole":"user"}
{"environment":"development","host":"22283c477530","level":"info","message":"Role authorized successfully","path":"/api/v1/tasks/6920e485997fd01bfe2282bb/paginate?page=1&limit=10&sort=name&order=asc","role":"user","service":"task-manager","timestamp":"2026-02-19T09:40:30.017Z","userId":"6920e485997fd01bfe2282bb"}
{"duration":"0.046s","environment":"development","host":"22283c477530","level":"info","message":"HTTP request end","request_id":"4f4de08f-83af-4a08-bb9b-ad7fd1659a80","service":"task-manager","status_code":304,"timestamp":"2026-02-19T09:40:30.050Z"}
{"body_size_bytes":0,"environment":"development","host":"22283c477530","level":"info","message":"HTTP request start","method":"GET","request_id":"2d5febfe-32ea-486b-af5b-a0f1a92899ed","route":"/api/v1/tasks/6920e485997fd01bfe2282bb/paginate","service":"task-manager","timestamp":"2026-02-19T09:40:36.874Z","user_id":"anonymous"}
{"environment":"development","host":"22283c477530","level":"info","message":"userAuth - token verified successfully","service":"task-manager","timestamp":"2026-02-19T09:40:36.882Z","userId":"6920e485997fd01bfe2282bb"}
{"allowedRoles":["user","admin"],"environment":"development","host":"22283c477530","level":"info","message":"Role check initiated","method":"GET","path":"/api/v1/tasks/6920e485997fd01bfe2282bb/paginate?page=1&limit=10&sort=name&order=desc","service":"task-manager","timestamp":"2026-02-19T09:40:36.883Z","userId":"6920e485997fd01bfe2282bb","userRole":"user"}
{"environment":"development","host":"22283c477530","level":"info","message":"Role authorized successfully","path":"/api/v1/tasks/6920e485997fd01bfe2282bb/paginate?page=1&limit=10&sort=name&order=desc","role":"user","service":"task-manager","timestamp":"2026-02-19T09:40:36.884Z","userId":"6920e485997fd01bfe2282bb"}
{"duration":"0.036s","environment":"development","host":"22283c477530","level":"info","message":"HTTP request end","request_id":"2d5febfe-32ea-486b-af5b-a0f1a92899ed","service":"task-manager","status_code":304,"timestamp":"2026-02-19T09:40:36.910Z"}
{"body_size_bytes":0,"environment":"development","host":"22283c477530","level":"info","message":"HTTP request start","method":"GET","request_id":"6a88d8b4-b4e0-4f9f-9010-64455e910149","route":"/api/v1/tasks/6920e485997fd01bfe2282bb/paginate","service":"task-manager","timestamp":"2026-02-19T09:40:38.403Z","user_id":"anonymous"}
{"environment":"development","host":"22283c477530","level":"info","message":"userAuth - token verified successfully","service":"task-manager","timestamp":"2026-02-19T09:40:38.415Z","userId":"6920e485997fd01bfe2282bb"}
{"allowedRoles":["user","admin"],"environment":"development","host":"22283c477530","level":"info","message":"Role check initiated","method":"GET","path":"/api/v1/tasks/6920e485997fd01bfe2282bb/paginate?page=1&limit=10&sort=name&order=asc","service":"task-manager","timestamp":"2026-02-19T09:40:38.416Z","userId":"6920e485997fd01bfe2282bb","userRole":"user"}
{"environment":"development","host":"22283c477530","level":"info","message":"Role authorized successfully","path":"/api/v1/tasks/6920e485997fd01bfe2282bb/paginate?page=1&limit=10&sort=name&order=asc","role":"user","service":"task-manager","timestamp":"2026-02-19T09:40:38.417Z","userId":"6920e485997fd01bfe2282bb"}
{"duration":"0.056s","environment":"development","host":"22283c477530","level":"info","message":"HTTP request end","request_id":"6a88d8b4-b4e0-4f9f-9010-64455e910149","service":"task-manager","status_code":304,"timestamp":"2026-02-19T09:40:38.459Z"}
{"body_size_bytes":0,"environment":"development","host":"22283c477530","level":"info","message":"HTTP request start","method":"GET","request_id":"62247589-e282-42fc-ba84-fb887597e21d","route":"/api/v1/tasks/6920e485997fd01bfe2282bb/paginate","service":"task-manager","timestamp":"2026-02-19T09:40:45.096Z","user_id":"anonymous"}
{"environment":"development","host":"22283c477530","level":"info","message":"userAuth - token verified successfully","service":"task-manager","timestamp":"2026-02-19T09:40:45.105Z","userId":"6920e485997fd01bfe2282bb"}
{"allowedRoles":["user","admin"],"environment":"development","host":"22283c477530","level":"info","message":"Role check initiated","method":"GET","path":"/api/v1/tasks/6920e485997fd01bfe2282bb/paginate?page=2&limit=10&sort=name&order=asc","service":"task-manager","timestamp":"2026-02-19T09:40:45.106Z","userId":"6920e485997fd01bfe2282bb","userRole":"user"}
{"environment":"development","host":"22283c477530","level":"info","message":"Role authorized successfully","path":"/api/v1/tasks/6920e485997fd01bfe2282bb/paginate?page=2&limit=10&sort=name&order=asc","role":"user","service":"task-manager","timestamp":"2026-02-19T09:40:45.111Z","userId":"6920e485997fd01bfe2282bb"}
{"duration":"0.054s","environment":"development","host":"22283c477530","level":"info","message":"HTTP request end","request_id":"62247589-e282-42fc-ba84-fb887597e21d","service":"task-manager","status_code":200,"timestamp":"2026-02-19T09:40:45.151Z"}
{"body_size_bytes":0,"environment":"development","host":"22283c477530","level":"info","message":"HTTP request start","method":"GET","request_id":"f6ecc0b7-88a2-4625-9eb2-c722449fe838","route":"/api/v1/tasks/6920e485997fd01bfe2282bb/paginate","service":"task-manager","timestamp":"2026-02-19T09:40:55.541Z","user_id":"anonymous"}
{"environment":"development","host":"22283c477530","level":"info","message":"userAuth - token verified successfully","service":"task-manager","timestamp":"2026-02-19T09:40:55.550Z","userId":"6920e485997fd01bfe2282bb"}
{"allowedRoles":["user","admin"],"environment":"development","host":"22283c477530","level":"info","message":"Role check initiated","method":"GET","path":"/api/v1/tasks/6920e485997fd01bfe2282bb/paginate?page=1&limit=10&sort=name&order=asc","service":"task-manager","timestamp":"2026-02-19T09:40:55.551Z","userId":"6920e485997fd01bfe2282bb","userRole":"user"}
{"environment":"development","host":"22283c477530","level":"info","message":"Role authorized successfully","path":"/api/v1/tasks/6920e485997fd01bfe2282bb/paginate?page=1&limit=10&sort=name&order=asc","role":"user","service":"task-manager","timestamp":"2026-02-19T09:40:55.552Z","userId":"6920e485997fd01bfe2282bb"}
{"duration":"0.044s","environment":"development","host":"22283c477530","level":"info","message":"HTTP request end","request_id":"f6ecc0b7-88a2-4625-9eb2-c722449fe838","service":"task-manager","status_code":304,"timestamp":"2026-02-19T09:40:55.585Z"}
{"body_size_bytes":0,"environment":"development","host":"22283c477530","level":"info","message":"HTTP request start","method":"GET","request_id":"8ed9b04d-a475-493e-9398-1f60f8db2a9a","route":"/api/v1/tasks/6920e485997fd01bfe2282bb/paginate","service":"task-manager","timestamp":"2026-02-19T09:41:04.011Z","user_id":"anonymous"}
{"environment":"development","host":"22283c477530","level":"info","message":"userAuth - token verified successfully","service":"task-manager","timestamp":"2026-02-19T09:41:04.020Z","userId":"6920e485997fd01bfe2282bb"}
{"allowedRoles":["user","admin"],"environment":"development","host":"22283c477530","level":"info","message":"Role check initiated","method":"GET","path":"/api/v1/tasks/6920e485997fd01bfe2282bb/paginate?page=1&limit=10&sort=name&order=desc","service":"task-manager","timestamp":"2026-02-19T09:41:04.021Z","userId":"6920e485997fd01bfe2282bb","userRole":"user"}
{"environment":"development","host":"22283c477530","level":"info","message":"Role authorized successfully","path":"/api/v1/tasks/6920e485997fd01bfe2282bb/paginate?page=1&limit=10&sort=name&order=desc","role":"user","service":"task-manager","timestamp":"2026-02-19T09:41:04.026Z","userId":"6920e485997fd01bfe2282bb"}
{"duration":"0.053s","environment":"development","host":"22283c477530","level":"info","message":"HTTP request end","request_id":"8ed9b04d-a475-493e-9398-1f60f8db2a9a","service":"task-manager","status_code":304,"timestamp":"2026-02-19T09:41:04.064Z"}
{"body_size_bytes":0,"environment":"development","host":"22283c477530","level":"info","message":"HTTP request start","method":"GET","request_id":"dd25c374-f46f-4b20-93d0-ce3fcf3acf76","route":"/api/v1/tasks/6920e485997fd01bfe2282bb/paginate","service":"task-manager","timestamp":"2026-02-19T09:41:12.524Z","user_id":"anonymous"}
{"environment":"development","host":"22283c477530","level":"info","message":"userAuth - token verified successfully","service":"task-manager","timestamp":"2026-02-19T09:41:12.543Z","userId":"6920e485997fd01bfe2282bb"}
{"allowedRoles":["user","admin"],"environment":"development","host":"22283c477530","level":"info","message":"Role check initiated","method":"GET","path":"/api/v1/tasks/6920e485997fd01bfe2282bb/paginate?page=2&limit=10&sort=name&order=desc","service":"task-manager","timestamp":"2026-02-19T09:41:12.544Z","userId":"6920e485997fd01bfe2282bb","userRole":"user"}
{"environment":"development","host":"22283c477530","level":"info","message":"Role authorized successfully","path":"/api/v1/tasks/6920e485997fd01bfe2282bb/paginate?page=2&limit=10&sort=name&order=desc","role":"user","service":"task-manager","timestamp":"2026-02-19T09:41:12.545Z","userId":"6920e485997fd01bfe2282bb"}
{"duration":"0.085s","environment":"development","host":"22283c477530","level":"info","message":"HTTP request end","request_id":"dd25c374-f46f-4b20-93d0-ce3fcf3acf76","service":"task-manager","status_code":200,"timestamp":"2026-02-19T09:41:12.609Z"}
{"body_size_bytes":0,"environment":"development","host":"22283c477530","level":"info","message":"HTTP request start","method":"GET","request_id":"0bcbb3fa-4b9c-4ca5-a21d-23925e066c57","route":"/api/v1/tasks/6920e485997fd01bfe2282bb/paginate","service":"task-manager","timestamp":"2026-02-19T09:43:34.111Z","user_id":"anonymous"}
{"environment":"development","host":"22283c477530","level":"info","message":"userAuth - token verified successfully","service":"task-manager","timestamp":"2026-02-19T09:43:34.119Z","userId":"6920e485997fd01bfe2282bb"}
{"allowedRoles":["user","admin"],"environment":"development","host":"22283c477530","level":"info","message":"Role check initiated","method":"GET","path":"/api/v1/tasks/6920e485997fd01bfe2282bb/paginate?page=2&limit=10&sort=name&order=desc","service":"task-manager","timestamp":"2026-02-19T09:43:34.120Z","userId":"6920e485997fd01bfe2282bb","userRole":"user"}
{"environment":"development","host":"22283c477530","level":"info","message":"Role authorized successfully","path":"/api/v1/tasks/6920e485997fd01bfe2282bb/paginate?page=2&limit=10&sort=name&order=desc","role":"user","service":"task-manager","timestamp":"2026-02-19T09:43:34.120Z","userId":"6920e485997fd01bfe2282bb"}
{"duration":"0.022s","environment":"development","host":"22283c477530","level":"info","message":"HTTP request end","request_id":"0bcbb3fa-4b9c-4ca5-a21d-23925e066c57","service":"task-manager","status_code":304,"timestamp":"2026-02-19T09:43:34.133Z"}
{"body_size_bytes":0,"environment":"development","host":"22283c477530","level":"info","message":"HTTP request start","method":"GET","request_id":"64469fb2-e06e-4c1c-8786-4e808c6cba17","route":"/api/v1/tasks/6920e485997fd01bfe2282bb/paginate","service":"task-manager","timestamp":"2026-02-19T09:43:40.969Z","user_id":"anonymous"}
{"environment":"development","host":"22283c477530","level":"info","message":"userAuth - token verified successfully","service":"task-manager","timestamp":"2026-02-19T09:43:40.975Z","userId":"6920e485997fd01bfe2282bb"}
{"allowedRoles":["user","admin"],"environment":"development","host":"22283c477530","level":"info","message":"Role check initiated","method":"GET","path":"/api/v1/tasks/6920e485997fd01bfe2282bb/paginate?page=1&limit=10&sort=name&order=desc","service":"task-manager","timestamp":"2026-02-19T09:43:40.975Z","userId":"6920e485997fd01bfe2282bb","userRole":"user"}
{"environment":"development","host":"22283c477530","level":"info","message":"Role authorized successfully","path":"/api/v1/tasks/6920e485997fd01bfe2282bb/paginate?page=1&limit=10&sort=name&order=desc","role":"user","service":"task-manager","timestamp":"2026-02-19T09:43:40.976Z","userId":"6920e485997fd01bfe2282bb"}
{"duration":"0.032s","environment":"development","host":"22283c477530","level":"info","message":"HTTP request end","request_id":"64469fb2-e06e-4c1c-8786-4e808c6cba17","service":"task-manager","status_code":304,"timestamp":"2026-02-19T09:43:41.001Z"}
{"body_size_bytes":96,"environment":"development","host":"22283c477530","level":"info","message":"HTTP request start","method":"POST","request_id":"13926c5d-534c-4a83-807a-77a0add9131c","route":"/api/v1/tasks/create","service":"task-manager","timestamp":"2026-02-19T09:45:08.927Z","user_id":"anonymous"}
{"environment":"development","host":"22283c477530","level":"info","message":"userAuth - token verified successfully","service":"task-manager","timestamp":"2026-02-19T09:45:08.931Z","userId":"6920e485997fd01bfe2282bb"}
{"allowedRoles":["user"],"environment":"development","host":"22283c477530","level":"info","message":"Role check initiated","method":"POST","path":"/api/v1/tasks/create","service":"task-manager","timestamp":"2026-02-19T09:45:08.931Z","userId":"6920e485997fd01bfe2282bb","userRole":"user"}
{"environment":"development","host":"22283c477530","level":"info","message":"Role authorized successfully","path":"/api/v1/tasks/create","role":"user","service":"task-manager","timestamp":"2026-02-19T09:45:08.932Z","userId":"6920e485997fd01bfe2282bb"}
{"createdBy":"6920e485997fd01bfe2282bb","environment":"development","host":"22283c477530","level":"info","message":"6 - Task created successfully","service":"task-manager","taskId":"6996dba4803b2fefbde49262","timestamp":"2026-02-19T09:45:08.944Z"}
{"duration":"0.020s","environment":"development","host":"22283c477530","level":"info","message":"HTTP request end","request_id":"13926c5d-534c-4a83-807a-77a0add9131c","service":"task-manager","status_code":201,"timestamp":"2026-02-19T09:45:08.946Z"}
{"body_size_bytes":0,"environment":"development","host":"22283c477530","level":"info","message":"HTTP request start","method":"GET","request_id":"bcfd879a-4b2d-4196-86d4-343f0f450b43","route":"/api/v1/tasks/6920e485997fd01bfe2282bb/paginate","service":"task-manager","timestamp":"2026-02-19T09:45:08.964Z","user_id":"anonymous"}
{"environment":"development","host":"22283c477530","level":"info","message":"userAuth - token verified successfully","service":"task-manager","timestamp":"2026-02-19T09:45:08.970Z","userId":"6920e485997fd01bfe2282bb"}
{"allowedRoles":["user","admin"],"environment":"development","host":"22283c477530","level":"info","message":"Role check initiated","method":"GET","path":"/api/v1/tasks/6920e485997fd01bfe2282bb/paginate?page=1&limit=10&sort=name&order=desc","service":"task-manager","timestamp":"2026-02-19T09:45:08.970Z","userId":"6920e485997fd01bfe2282bb","userRole":"user"}
{"environment":"development","host":"22283c477530","level":"info","message":"Role authorized successfully","path":"/api/v1/tasks/6920e485997fd01bfe2282bb/paginate?page=1&limit=10&sort=name&order=desc","role":"user","service":"task-manager","timestamp":"2026-02-19T09:45:08.971Z","userId":"6920e485997fd01bfe2282bb"}
{"duration":"0.019s","environment":"development","host":"22283c477530","level":"info","message":"HTTP request end","request_id":"bcfd879a-4b2d-4196-86d4-343f0f450b43","service":"task-manager","status_code":200,"timestamp":"2026-02-19T09:45:08.984Z"}
{"body_size_bytes":0,"environment":"development","host":"22283c477530","level":"info","message":"HTTP request start","method":"GET","request_id":"1397fb8b-01d5-411d-bb13-500262ab2dbf","route":"/api/v1/tasks/6920e485997fd01bfe2282bb/paginate","service":"task-manager","timestamp":"2026-02-19T09:45:24.104Z","user_id":"anonymous"}
{"environment":"development","host":"22283c477530","level":"info","message":"userAuth - token verified successfully","service":"task-manager","timestamp":"2026-02-19T09:45:24.110Z","userId":"6920e485997fd01bfe2282bb"}
{"allowedRoles":["user","admin"],"environment":"development","host":"22283c477530","level":"info","message":"Role check initiated","method":"GET","path":"/api/v1/tasks/6920e485997fd01bfe2282bb/paginate?page=1&limit=10&sort=name&order=desc","service":"task-manager","timestamp":"2026-02-19T09:45:24.110Z","userId":"6920e485997fd01bfe2282bb","userRole":"user"}
{"environment":"development","host":"22283c477530","level":"info","message":"Role authorized successfully","path":"/api/v1/tasks/6920e485997fd01bfe2282bb/paginate?page=1&limit=10&sort=name&order=desc","role":"user","service":"task-manager","timestamp":"2026-02-19T09:45:24.110Z","userId":"6920e485997fd01bfe2282bb"}
{"duration":"0.020s","environment":"development","host":"22283c477530","level":"info","message":"HTTP request end","request_id":"1397fb8b-01d5-411d-bb13-500262ab2dbf","service":"task-manager","status_code":304,"timestamp":"2026-02-19T09:45:24.123Z"}
{"body_size_bytes":0,"environment":"development","host":"22283c477530","level":"info","message":"HTTP request start","method":"GET","request_id":"161f37db-b20d-408b-8d3f-5d20c4ae88b7","route":"/api/v1/tasks/6920e485997fd01bfe2282bb/paginate","service":"task-manager","timestamp":"2026-02-19T09:45:53.023Z","user_id":"anonymous"}
{"environment":"development","host":"22283c477530","level":"info","message":"userAuth - token verified successfully","service":"task-manager","timestamp":"2026-02-19T09:45:53.033Z","userId":"6920e485997fd01bfe2282bb"}
{"allowedRoles":["user","admin"],"environment":"development","host":"22283c477530","level":"info","message":"Role check initiated","method":"GET","path":"/api/v1/tasks/6920e485997fd01bfe2282bb/paginate?page=1&limit=10&sort=name&order=desc","service":"task-manager","timestamp":"2026-02-19T09:45:53.034Z","userId":"6920e485997fd01bfe2282bb","userRole":"user"}
{"environment":"development","host":"22283c477530","level":"info","message":"Role authorized successfully","path":"/api/v1/tasks/6920e485997fd01bfe2282bb/paginate?page=1&limit=10&sort=name&order=desc","role":"user","service":"task-manager","timestamp":"2026-02-19T09:45:53.035Z","userId":"6920e485997fd01bfe2282bb"}
{"duration":"0.048s","environment":"development","host":"22283c477530","level":"info","message":"HTTP request end","request_id":"161f37db-b20d-408b-8d3f-5d20c4ae88b7","service":"task-manager","status_code":304,"timestamp":"2026-02-19T09:45:53.071Z"}
{"body_size_bytes":0,"environment":"development","host":"22283c477530","level":"info","message":"HTTP request start","method":"GET","request_id":"3d317008-70c2-4d4f-9393-65696e631cda","route":"/api/v1/tasks/6920e485997fd01bfe2282bb/paginate","service":"task-manager","timestamp":"2026-02-19T09:51:17.891Z","user_id":"anonymous"}
{"environment":"development","host":"22283c477530","level":"info","message":"userAuth - token verified successfully","service":"task-manager","timestamp":"2026-02-19T09:51:17.896Z","userId":"6920e485997fd01bfe2282bb"}
{"allowedRoles":["user","admin"],"environment":"development","host":"22283c477530","level":"info","message":"Role check initiated","method":"GET","path":"/api/v1/tasks/6920e485997fd01bfe2282bb/paginate?page=1&limit=10&sort=name&order=desc","service":"task-manager","timestamp":"2026-02-19T09:51:17.897Z","userId":"6920e485997fd01bfe2282bb","userRole":"user"}
{"environment":"development","host":"22283c477530","level":"info","message":"Role authorized successfully","path":"/api/v1/tasks/6920e485997fd01bfe2282bb/paginate?page=1&limit=10&sort=name&order=desc","role":"user","service":"task-manager","timestamp":"2026-02-19T09:51:17.897Z","userId":"6920e485997fd01bfe2282bb"}
{"duration":"0.020s","environment":"development","host":"22283c477530","level":"info","message":"HTTP request end","request_id":"3d317008-70c2-4d4f-9393-65696e631cda","service":"task-manager","status_code":304,"timestamp":"2026-02-19T09:51:17.911Z"}
{"body_size_bytes":0,"environment":"development","host":"13e489c71f4e","level":"info","message":"HTTP request start","method":"GET","request_id":"5cf3f2fe-64a7-4ec0-b5b9-8db5885d9d41","route":"/api/v1/tasks/6920e485997fd01bfe2282bb/paginate","service":"task-manager","timestamp":"2026-02-19T10:21:35.335Z","user_id":"anonymous"}
{"environment":"development","host":"13e489c71f4e","level":"info","message":"userAuth - token verified successfully","service":"task-manager","timestamp":"2026-02-19T10:21:35.384Z","userId":"6920e485997fd01bfe2282bb"}
{"allowedRoles":["user","admin"],"environment":"development","host":"13e489c71f4e","level":"info","message":"Role check initiated","method":"GET","path":"/api/v1/tasks/6920e485997fd01bfe2282bb/paginate?page=1&limit=10&sort=name&order=desc","service":"task-manager","timestamp":"2026-02-19T10:21:35.388Z","userId":"6920e485997fd01bfe2282bb","userRole":"user"}
{"environment":"development","host":"13e489c71f4e","level":"info","message":"Role authorized successfully","path":"/api/v1/tasks/6920e485997fd01bfe2282bb/paginate?page=1&limit=10&sort=name&order=desc","role":"user","service":"task-manager","timestamp":"2026-02-19T10:21:35.391Z","userId":"6920e485997fd01bfe2282bb"}
{"duration":"0.251s","environment":"development","host":"13e489c71f4e","level":"info","message":"HTTP request end","request_id":"5cf3f2fe-64a7-4ec0-b5b9-8db5885d9d41","service":"task-manager","status_code":304,"timestamp":"2026-02-19T10:21:35.584Z"}
{"body_size_bytes":0,"environment":"development","host":"13e489c71f4e","level":"info","message":"HTTP request start","method":"GET","request_id":"cb73884b-8ba1-4c01-8c5f-9a0e1b4dd6d9","route":"/api/v1/tasks/6920e485997fd01bfe2282bb/paginate","service":"task-manager","timestamp":"2026-02-19T10:21:38.181Z","user_id":"anonymous"}
{"environment":"development","host":"13e489c71f4e","level":"info","message":"userAuth - token verified successfully","service":"task-manager","timestamp":"2026-02-19T10:21:38.197Z","userId":"6920e485997fd01bfe2282bb"}
{"allowedRoles":["user","admin"],"environment":"development","host":"13e489c71f4e","level":"info","message":"Role check initiated","method":"GET","path":"/api/v1/tasks/6920e485997fd01bfe2282bb/paginate?page=1&limit=10&sort=name&order=desc","service":"task-manager","timestamp":"2026-02-19T10:21:38.199Z","userId":"6920e485997fd01bfe2282bb","userRole":"user"}
{"environment":"development","host":"13e489c71f4e","level":"info","message":"Role authorized successfully","path":"/api/v1/tasks/6920e485997fd01bfe2282bb/paginate?page=1&limit=10&sort=name&order=desc","role":"user","service":"task-manager","timestamp":"2026-02-19T10:21:38.204Z","userId":"6920e485997fd01bfe2282bb"}
{"duration":"0.136s","environment":"development","host":"13e489c71f4e","level":"info","message":"HTTP request end","request_id":"cb73884b-8ba1-4c01-8c5f-9a0e1b4dd6d9","service":"task-manager","status_code":304,"timestamp":"2026-02-19T10:21:38.321Z"}
{"body_size_bytes":109,"environment":"development","host":"13e489c71f4e","level":"info","message":"HTTP request start","method":"POST","request_id":"d9874887-87f7-4bec-a1b1-18fd201ea732","route":"/api/v1/tasks/create","service":"task-manager","timestamp":"2026-02-19T10:22:23.660Z","user_id":"anonymous"}
{"environment":"development","host":"13e489c71f4e","level":"info","message":"userAuth - token verified successfully","service":"task-manager","timestamp":"2026-02-19T10:22:23.670Z","userId":"6920e485997fd01bfe2282bb"}
{"allowedRoles":["user"],"environment":"development","host":"13e489c71f4e","level":"info","message":"Role check initiated","method":"POST","path":"/api/v1/tasks/create","service":"task-manager","timestamp":"2026-02-19T10:22:23.672Z","userId":"6920e485997fd01bfe2282bb","userRole":"user"}
{"environment":"development","host":"13e489c71f4e","level":"info","message":"Role authorized successfully","path":"/api/v1/tasks/create","role":"user","service":"task-manager","timestamp":"2026-02-19T10:22:23.674Z","userId":"6920e485997fd01bfe2282bb"}
{"createdBy":"6920e485997fd01bfe2282bb","environment":"development","host":"13e489c71f4e","level":"info","message":"6 - Task created successfully","service":"task-manager","taskId":"6996e45fc86278b5e9ecab03","timestamp":"2026-02-19T10:22:23.810Z"}
{"duration":"0.166s","environment":"development","host":"13e489c71f4e","level":"info","message":"HTTP request end","request_id":"d9874887-87f7-4bec-a1b1-18fd201ea732","service":"task-manager","status_code":201,"timestamp":"2026-02-19T10:22:23.827Z"}
{"body_size_bytes":0,"environment":"development","host":"13e489c71f4e","level":"info","message":"HTTP request start","method":"GET","request_id":"4f4ec624-4b0f-4051-9390-374bcd8b477c","route":"/api/v1/tasks/6920e485997fd01bfe2282bb/paginate","service":"task-manager","timestamp":"2026-02-19T10:22:23.868Z","user_id":"anonymous"}
{"environment":"development","host":"13e489c71f4e","level":"info","message":"userAuth - token verified successfully","service":"task-manager","timestamp":"2026-02-19T10:22:23.875Z","userId":"6920e485997fd01bfe2282bb"}
{"allowedRoles":["user","admin"],"environment":"development","host":"13e489c71f4e","level":"info","message":"Role check initiated","method":"GET","path":"/api/v1/tasks/6920e485997fd01bfe2282bb/paginate?page=1&limit=10&sort=name&order=desc","service":"task-manager","timestamp":"2026-02-19T10:22:23.876Z","userId":"6920e485997fd01bfe2282bb","userRole":"user"}
{"environment":"development","host":"13e489c71f4e","level":"info","message":"Role authorized successfully","path":"/api/v1/tasks/6920e485997fd01bfe2282bb/paginate?page=1&limit=10&sort=name&order=desc","role":"user","service":"task-manager","timestamp":"2026-02-19T10:22:23.877Z","userId":"6920e485997fd01bfe2282bb"}
{"duration":"0.038s","environment":"development","host":"13e489c71f4e","level":"info","message":"HTTP request end","request_id":"4f4ec624-4b0f-4051-9390-374bcd8b477c","service":"task-manager","status_code":200,"timestamp":"2026-02-19T10:22:23.906Z"}
{"body_size_bytes":0,"environment":"development","host":"13e489c71f4e","level":"info","message":"HTTP request start","method":"GET","request_id":"e8d11f0f-9e13-420f-96f4-5e7012f8bc97","route":"/api/v1/tasks/6920e485997fd01bfe2282bb/paginate","service":"task-manager","timestamp":"2026-02-19T10:22:47.700Z","user_id":"anonymous"}
{"environment":"development","host":"13e489c71f4e","level":"info","message":"userAuth - token verified successfully","service":"task-manager","timestamp":"2026-02-19T10:22:47.705Z","userId":"6920e485997fd01bfe2282bb"}
{"allowedRoles":["user","admin"],"environment":"development","host":"13e489c71f4e","level":"info","message":"Role check initiated","method":"GET","path":"/api/v1/tasks/6920e485997fd01bfe2282bb/paginate?page=1&limit=10&sort=name&order=desc&status=Open","service":"task-manager","timestamp":"2026-02-19T10:22:47.707Z","userId":"6920e485997fd01bfe2282bb","userRole":"user"}
{"environment":"development","host":"13e489c71f4e","level":"info","message":"Role authorized successfully","path":"/api/v1/tasks/6920e485997fd01bfe2282bb/paginate?page=1&limit=10&sort=name&order=desc&status=Open","role":"user","service":"task-manager","timestamp":"2026-02-19T10:22:47.707Z","userId":"6920e485997fd01bfe2282bb"}
{"duration":"0.029s","environment":"development","host":"13e489c71f4e","level":"info","message":"HTTP request end","request_id":"e8d11f0f-9e13-420f-96f4-5e7012f8bc97","service":"task-manager","status_code":200,"timestamp":"2026-02-19T10:22:47.729Z"}
{"body_size_bytes":0,"environment":"development","host":"13e489c71f4e","level":"info","message":"HTTP request start","method":"GET","request_id":"dc2be22b-545a-452b-bb1b-f9c99c9f26b0","route":"/api/v1/tasks/6920e485997fd01bfe2282bb/paginate","service":"task-manager","timestamp":"2026-02-19T10:22:51.112Z","user_id":"anonymous"}
{"environment":"development","host":"13e489c71f4e","level":"info","message":"userAuth - token verified successfully","service":"task-manager","timestamp":"2026-02-19T10:22:51.122Z","userId":"6920e485997fd01bfe2282bb"}
{"allowedRoles":["user","admin"],"environment":"development","host":"13e489c71f4e","level":"info","message":"Role check initiated","method":"GET","path":"/api/v1/tasks/6920e485997fd01bfe2282bb/paginate?page=1&limit=10&sort=name&order=desc&status=Done","service":"task-manager","timestamp":"2026-02-19T10:22:51.123Z","userId":"6920e485997fd01bfe2282bb","userRole":"user"}
{"environment":"development","host":"13e489c71f4e","level":"info","message":"Role authorized successfully","path":"/api/v1/tasks/6920e485997fd01bfe2282bb/paginate?page=1&limit=10&sort=name&order=desc&status=Done","role":"user","service":"task-manager","timestamp":"2026-02-19T10:22:51.124Z","userId":"6920e485997fd01bfe2282bb"}
{"duration":"0.059s","environment":"development","host":"13e489c71f4e","level":"info","message":"HTTP request end","request_id":"dc2be22b-545a-452b-bb1b-f9c99c9f26b0","service":"task-manager","status_code":200,"timestamp":"2026-02-19T10:22:51.172Z"}
{"body_size_bytes":0,"environment":"development","host":"13e489c71f4e","level":"info","message":"HTTP request start","method":"GET","request_id":"69d6c47c-6797-4f2f-822d-e12ca6fdbcd4","route":"/api/v1/tasks/6920e485997fd01bfe2282bb/paginate","service":"task-manager","timestamp":"2026-02-19T10:22:56.588Z","user_id":"anonymous"}
{"environment":"development","host":"13e489c71f4e","level":"info","message":"userAuth - token verified successfully","service":"task-manager","timestamp":"2026-02-19T10:22:56.592Z","userId":"6920e485997fd01bfe2282bb"}
{"allowedRoles":["user","admin"],"environment":"development","host":"13e489c71f4e","level":"info","message":"Role check initiated","method":"GET","path":"/api/v1/tasks/6920e485997fd01bfe2282bb/paginate?page=1&limit=10&sort=name&order=desc&status=Open","service":"task-manager","timestamp":"2026-02-19T10:22:56.593Z","userId":"6920e485997fd01bfe2282bb","userRole":"user"}
{"environment":"development","host":"13e489c71f4e","level":"info","message":"Role authorized successfully","path":"/api/v1/tasks/6920e485997fd01bfe2282bb/paginate?page=1&limit=10&sort=name&order=desc&status=Open","role":"user","service":"task-manager","timestamp":"2026-02-19T10:22:56.593Z","userId":"6920e485997fd01bfe2282bb"}
{"duration":"0.023s","environment":"development","host":"13e489c71f4e","level":"info","message":"HTTP request end","request_id":"69d6c47c-6797-4f2f-822d-e12ca6fdbcd4","service":"task-manager","status_code":304,"timestamp":"2026-02-19T10:22:56.611Z"}
{"body_size_bytes":0,"environment":"development","host":"13e489c71f4e","level":"info","message":"HTTP request start","method":"GET","request_id":"f75133e5-3733-4dfe-8314-05a1364ad3bc","route":"/api/v1/tasks/6920e485997fd01bfe2282bb/paginate","service":"task-manager","timestamp":"2026-02-19T10:23:04.576Z","user_id":"anonymous"}
{"environment":"development","host":"13e489c71f4e","level":"info","message":"userAuth - token verified successfully","service":"task-manager","timestamp":"2026-02-19T10:23:04.595Z","userId":"6920e485997fd01bfe2282bb"}
{"allowedRoles":["user","admin"],"environment":"development","host":"13e489c71f4e","level":"info","message":"Role check initiated","method":"GET","path":"/api/v1/tasks/6920e485997fd01bfe2282bb/paginate?page=1&limit=10&sort=name&order=desc&status=Open","service":"task-manager","timestamp":"2026-02-19T10:23:04.596Z","userId":"6920e485997fd01bfe2282bb","userRole":"user"}
{"environment":"development","host":"13e489c71f4e","level":"info","message":"Role authorized successfully","path":"/api/v1/tasks/6920e485997fd01bfe2282bb/paginate?page=1&limit=10&sort=name&order=desc&status=Open","role":"user","service":"task-manager","timestamp":"2026-02-19T10:23:04.597Z","userId":"6920e485997fd01bfe2282bb"}
{"duration":"0.071s","environment":"development","host":"13e489c71f4e","level":"info","message":"HTTP request end","request_id":"f75133e5-3733-4dfe-8314-05a1364ad3bc","service":"task-manager","status_code":304,"timestamp":"2026-02-19T10:23:04.647Z"}
{"body_size_bytes":0,"environment":"development","host":"13e489c71f4e","level":"info","message":"HTTP request start","method":"GET","request_id":"c39caff2-aff3-47da-bcc8-f6f62545cff6","route":"/api/v1/tasks/6920e485997fd01bfe2282bb/paginate","service":"task-manager","timestamp":"2026-02-19T10:57:49.848Z","user_id":"anonymous"}
{"environment":"development","error":"jwt expired","host":"13e489c71f4e","level":"error","message":"userAuth - token verification failed","service":"task-manager","timestamp":"2026-02-19T10:57:49.872Z","token":"eyJhbGciOiJIUzI1NiIsInR5cCI6IkpXVCJ9.eyJpZCI6IjY5MjBlNDg1OTk3ZmQwMWJmZTIyODJiYiIsImVtYWlsIjoiYS5iYWRpbGFAbGFwb3N0ZS5uZXQiLCJyb2xlIjoidXNlciIsImlhdCI6MTc3MTQ5Mzg5MSwiZXhwIjoxNzcxNDk3NDkxfQ.ZA5ogWS3pg4I6wJcLdVaaCcLe--wnw70CTyz76BB4zQ"}
{"body":{},"environment":"development","host":"13e489c71f4e","level":"error","message":"Express error caught Invalid or expired token.","method":"GET","path":"/api/v1/tasks/6920e485997fd01bfe2282bb/paginate","service":"task-manager","status":403,"timestamp":"2026-02-19T10:57:49.879Z","user":"anonymous"}
{"duration":"0.047s","environment":"development","host":"13e489c71f4e","level":"info","message":"HTTP request end","request_id":"c39caff2-aff3-47da-bcc8-f6f62545cff6","service":"task-manager","status_code":403,"timestamp":"2026-02-19T10:57:49.895Z"}
{"body_size_bytes":0,"environment":"development","host":"13e489c71f4e","level":"info","message":"HTTP request start","method":"GET","request_id":"abc984f9-9b81-4b7f-9d33-935889b841a2","route":"/api/v1/tasks/6920e485997fd01bfe2282bb/paginate","service":"task-manager","timestamp":"2026-02-19T10:57:56.367Z","user_id":"anonymous"}
{"environment":"development","error":"jwt expired","host":"13e489c71f4e","level":"error","message":"userAuth - token verification failed","service":"task-manager","timestamp":"2026-02-19T10:57:56.372Z","token":"eyJhbGciOiJIUzI1NiIsInR5cCI6IkpXVCJ9.eyJpZCI6IjY5MjBlNDg1OTk3ZmQwMWJmZTIyODJiYiIsImVtYWlsIjoiYS5iYWRpbGFAbGFwb3N0ZS5uZXQiLCJyb2xlIjoidXNlciIsImlhdCI6MTc3MTQ5Mzg5MSwiZXhwIjoxNzcxNDk3NDkxfQ.ZA5ogWS3pg4I6wJcLdVaaCcLe--wnw70CTyz76BB4zQ"}
{"body":{},"environment":"development","host":"13e489c71f4e","level":"error","message":"Express error caught Invalid or expired token.","method":"GET","path":"/api/v1/tasks/6920e485997fd01bfe2282bb/paginate","service":"task-manager","status":403,"timestamp":"2026-02-19T10:57:56.373Z","user":"anonymous"}
{"duration":"0.009s","environment":"development","host":"13e489c71f4e","level":"info","message":"HTTP request end","request_id":"abc984f9-9b81-4b7f-9d33-935889b841a2","service":"task-manager","status_code":403,"timestamp":"2026-02-19T10:57:56.376Z"}
{"body_size_bytes":0,"environment":"development","host":"13e489c71f4e","level":"info","message":"HTTP request start","method":"GET","request_id":"50e03426-1ce5-4a78-a744-4dcdca28de01","route":"/api/v1/tasks/6920e485997fd01bfe2282bb/paginate","service":"task-manager","timestamp":"2026-02-19T10:58:21.516Z","user_id":"anonymous"}
{"environment":"development","error":"jwt expired","host":"13e489c71f4e","level":"error","message":"userAuth - token verification failed","service":"task-manager","timestamp":"2026-02-19T10:58:21.527Z","token":"eyJhbGciOiJIUzI1NiIsInR5cCI6IkpXVCJ9.eyJpZCI6IjY5MjBlNDg1OTk3ZmQwMWJmZTIyODJiYiIsImVtYWlsIjoiYS5iYWRpbGFAbGFwb3N0ZS5uZXQiLCJyb2xlIjoidXNlciIsImlhdCI6MTc3MTQ5Mzg5MSwiZXhwIjoxNzcxNDk3NDkxfQ.ZA5ogWS3pg4I6wJcLdVaaCcLe--wnw70CTyz76BB4zQ"}
{"body":{},"environment":"development","host":"13e489c71f4e","level":"error","message":"Express error caught Invalid or expired token.","method":"GET","path":"/api/v1/tasks/6920e485997fd01bfe2282bb/paginate","service":"task-manager","status":403,"timestamp":"2026-02-19T10:58:21.530Z","user":"anonymous"}
{"duration":"0.024s","environment":"development","host":"13e489c71f4e","level":"info","message":"HTTP request end","request_id":"50e03426-1ce5-4a78-a744-4dcdca28de01","service":"task-manager","status_code":403,"timestamp":"2026-02-19T10:58:21.540Z"}
{"body_size_bytes":0,"environment":"development","host":"13e489c71f4e","level":"info","message":"HTTP request start","method":"GET","request_id":"8ca131aa-356c-4a64-b911-1dc8750bf7b1","route":"/api/v1/tasks/6920e485997fd01bfe2282bb/paginate","service":"task-manager","timestamp":"2026-02-19T10:58:33.666Z","user_id":"anonymous"}
{"environment":"development","error":"jwt expired","host":"13e489c71f4e","level":"error","message":"userAuth - token verification failed","service":"task-manager","timestamp":"2026-02-19T10:58:33.677Z","token":"eyJhbGciOiJIUzI1NiIsInR5cCI6IkpXVCJ9.eyJpZCI6IjY5MjBlNDg1OTk3ZmQwMWJmZTIyODJiYiIsImVtYWlsIjoiYS5iYWRpbGFAbGFwb3N0ZS5uZXQiLCJyb2xlIjoidXNlciIsImlhdCI6MTc3MTQ5Mzg5MSwiZXhwIjoxNzcxNDk3NDkxfQ.ZA5ogWS3pg4I6wJcLdVaaCcLe--wnw70CTyz76BB4zQ"}
{"body":{},"environment":"development","host":"13e489c71f4e","level":"error","message":"Express error caught Invalid or expired token.","method":"GET","path":"/api/v1/tasks/6920e485997fd01bfe2282bb/paginate","service":"task-manager","status":403,"timestamp":"2026-02-19T10:58:33.679Z","user":"anonymous"}
{"duration":"0.019s","environment":"development","host":"13e489c71f4e","level":"info","message":"HTTP request end","request_id":"8ca131aa-356c-4a64-b911-1dc8750bf7b1","service":"task-manager","status_code":403,"timestamp":"2026-02-19T10:58:33.685Z"}
{"body_size_bytes":0,"environment":"development","host":"13e489c71f4e","level":"info","message":"HTTP request start","method":"GET","request_id":"5c5621e8-d77c-4f29-a319-d625b9f12450","route":"/api/v1/tasks/6920e485997fd01bfe2282bb/paginate","service":"task-manager","timestamp":"2026-02-19T10:59:22.296Z","user_id":"anonymous"}
{"environment":"development","error":"jwt expired","host":"13e489c71f4e","level":"error","message":"userAuth - token verification failed","service":"task-manager","timestamp":"2026-02-19T10:59:22.300Z","token":"eyJhbGciOiJIUzI1NiIsInR5cCI6IkpXVCJ9.eyJpZCI6IjY5MjBlNDg1OTk3ZmQwMWJmZTIyODJiYiIsImVtYWlsIjoiYS5iYWRpbGFAbGFwb3N0ZS5uZXQiLCJyb2xlIjoidXNlciIsImlhdCI6MTc3MTQ5Mzg5MSwiZXhwIjoxNzcxNDk3NDkxfQ.ZA5ogWS3pg4I6wJcLdVaaCcLe--wnw70CTyz76BB4zQ"}
{"body":{},"environment":"development","host":"13e489c71f4e","level":"error","message":"Express error caught Invalid or expired token.","method":"GET","path":"/api/v1/tasks/6920e485997fd01bfe2282bb/paginate","service":"task-manager","status":403,"timestamp":"2026-02-19T10:59:22.301Z","user":"anonymous"}
{"duration":"0.008s","environment":"development","host":"13e489c71f4e","level":"info","message":"HTTP request end","request_id":"5c5621e8-d77c-4f29-a319-d625b9f12450","service":"task-manager","status_code":403,"timestamp":"2026-02-19T10:59:22.304Z"}
{"body_size_bytes":0,"environment":"development","host":"13e489c71f4e","level":"info","message":"HTTP request start","method":"GET","request_id":"4b0fd495-84ab-40d4-97f0-1dc280c33087","route":"/api/v1/tasks/6920e485997fd01bfe2282bb/paginate","service":"task-manager","timestamp":"2026-02-19T10:59:32.276Z","user_id":"anonymous"}
{"environment":"development","error":"jwt expired","host":"13e489c71f4e","level":"error","message":"userAuth - token verification failed","service":"task-manager","timestamp":"2026-02-19T10:59:32.290Z","token":"eyJhbGciOiJIUzI1NiIsInR5cCI6IkpXVCJ9.eyJpZCI6IjY5MjBlNDg1OTk3ZmQwMWJmZTIyODJiYiIsImVtYWlsIjoiYS5iYWRpbGFAbGFwb3N0ZS5uZXQiLCJyb2xlIjoidXNlciIsImlhdCI6MTc3MTQ5Mzg5MSwiZXhwIjoxNzcxNDk3NDkxfQ.ZA5ogWS3pg4I6wJcLdVaaCcLe--wnw70CTyz76BB4zQ"}
{"body":{},"environment":"development","host":"13e489c71f4e","level":"error","message":"Express error caught Invalid or expired token.","method":"GET","path":"/api/v1/tasks/6920e485997fd01bfe2282bb/paginate","service":"task-manager","status":403,"timestamp":"2026-02-19T10:59:32.292Z","user":"anonymous"}
{"duration":"0.022s","environment":"development","host":"13e489c71f4e","level":"info","message":"HTTP request end","request_id":"4b0fd495-84ab-40d4-97f0-1dc280c33087","service":"task-manager","status_code":403,"timestamp":"2026-02-19T10:59:32.298Z"}
{"body_size_bytes":0,"environment":"development","host":"e5c996cde154","level":"info","message":"HTTP request start","method":"GET","request_id":"36735fca-dd44-4c64-8b18-09fec7a10211","route":"/api/v1/tasks/6920e485997fd01bfe2282bb/paginate","service":"task-manager","timestamp":"2026-02-19T11:01:20.483Z","user_id":"anonymous"}
{"environment":"development","error":"jwt expired","host":"e5c996cde154","level":"error","message":"userAuth - token verification failed","service":"task-manager","timestamp":"2026-02-19T11:01:20.505Z","token":"eyJhbGciOiJIUzI1NiIsInR5cCI6IkpXVCJ9.eyJpZCI6IjY5MjBlNDg1OTk3ZmQwMWJmZTIyODJiYiIsImVtYWlsIjoiYS5iYWRpbGFAbGFwb3N0ZS5uZXQiLCJyb2xlIjoidXNlciIsImlhdCI6MTc3MTQ5Mzg5MSwiZXhwIjoxNzcxNDk3NDkxfQ.ZA5ogWS3pg4I6wJcLdVaaCcLe--wnw70CTyz76BB4zQ"}
{"body":{},"environment":"development","host":"e5c996cde154","level":"error","message":"Express error caught Invalid or expired token.","method":"GET","path":"/api/v1/tasks/6920e485997fd01bfe2282bb/paginate","service":"task-manager","status":403,"timestamp":"2026-02-19T11:01:20.507Z","user":"anonymous"}
{"duration":"0.037s","environment":"development","host":"e5c996cde154","level":"info","message":"HTTP request end","request_id":"36735fca-dd44-4c64-8b18-09fec7a10211","service":"task-manager","status_code":403,"timestamp":"2026-02-19T11:01:20.519Z"}
{"body_size_bytes":0,"environment":"development","host":"e5c996cde154","level":"info","message":"HTTP request start","method":"GET","request_id":"2d81633c-34cf-4272-a987-70dc708e3a7a","route":"/api/v1/tasks/6920e485997fd01bfe2282bb/paginate","service":"task-manager","timestamp":"2026-02-19T11:01:59.604Z","user_id":"anonymous"}
{"environment":"development","error":"jwt expired","host":"e5c996cde154","level":"error","message":"userAuth - token verification failed","service":"task-manager","timestamp":"2026-02-19T11:01:59.611Z","token":"eyJhbGciOiJIUzI1NiIsInR5cCI6IkpXVCJ9.eyJpZCI6IjY5MjBlNDg1OTk3ZmQwMWJmZTIyODJiYiIsImVtYWlsIjoiYS5iYWRpbGFAbGFwb3N0ZS5uZXQiLCJyb2xlIjoidXNlciIsImlhdCI6MTc3MTQ5Mzg5MSwiZXhwIjoxNzcxNDk3NDkxfQ.ZA5ogWS3pg4I6wJcLdVaaCcLe--wnw70CTyz76BB4zQ"}
{"body":{},"environment":"development","host":"e5c996cde154","level":"error","message":"Express error caught Invalid or expired token.","method":"GET","path":"/api/v1/tasks/6920e485997fd01bfe2282bb/paginate","service":"task-manager","status":403,"timestamp":"2026-02-19T11:01:59.614Z","user":"anonymous"}
{"duration":"0.013s","environment":"development","host":"e5c996cde154","level":"info","message":"HTTP request end","request_id":"2d81633c-34cf-4272-a987-70dc708e3a7a","service":"task-manager","status_code":403,"timestamp":"2026-02-19T11:01:59.617Z"}
{"body_size_bytes":56,"environment":"development","host":"e5c996cde154","level":"info","message":"HTTP request start","method":"POST","request_id":"6612a1ce-47cf-460c-bf73-b00b8707f5ce","route":"/api/v1/auth/users/login","service":"task-manager","timestamp":"2026-02-19T11:02:05.076Z","user_id":"anonymous"}
{"body":{"email":"a.badila@laposte.net","password":"Amina35@"},"environment":"development","host":"e5c996cde154","level":"info","message":"loginAccount - start","method":"POST","route":"/api/v1/auth/users/login","service":"task-manager","timestamp":"2026-02-19T11:02:05.079Z"}
{"email":"a.badila@laposte.net","environment":"development","host":"e5c996cde154","level":"info","message":"loginAccount - user logged in successfully","service":"task-manager","timestamp":"2026-02-19T11:02:05.259Z","userId":"6920e485997fd01bfe2282bb"}
{"duration":"0.186s","environment":"development","host":"e5c996cde154","level":"info","message":"HTTP request end","request_id":"6612a1ce-47cf-460c-bf73-b00b8707f5ce","service":"task-manager","status_code":200,"timestamp":"2026-02-19T11:02:05.262Z"}
{"body_size_bytes":0,"environment":"development","host":"e5c996cde154","level":"info","message":"HTTP request start","method":"GET","request_id":"12bc0ba8-8cef-46ed-a699-297cc47d2144","route":"/api/v1/tasks/6920e485997fd01bfe2282bb/paginate","service":"task-manager","timestamp":"2026-02-19T11:02:07.578Z","user_id":"anonymous"}
{"environment":"development","host":"e5c996cde154","level":"info","message":"userAuth - token verified successfully","service":"task-manager","timestamp":"2026-02-19T11:02:07.584Z","userId":"6920e485997fd01bfe2282bb"}
{"allowedRoles":["user","admin"],"environment":"development","host":"e5c996cde154","level":"info","message":"Role check initiated","method":"GET","path":"/api/v1/tasks/6920e485997fd01bfe2282bb/paginate?page=1&limit=10&sort=createdAt&order=desc","service":"task-manager","timestamp":"2026-02-19T11:02:07.586Z","userId":"6920e485997fd01bfe2282bb","userRole":"user"}
{"environment":"development","host":"e5c996cde154","level":"info","message":"Role authorized successfully","path":"/api/v1/tasks/6920e485997fd01bfe2282bb/paginate?page=1&limit=10&sort=createdAt&order=desc","role":"user","service":"task-manager","timestamp":"2026-02-19T11:02:07.588Z","userId":"6920e485997fd01bfe2282bb"}
{"duration":"0.016s","environment":"development","host":"e5c996cde154","level":"info","message":"HTTP request end","request_id":"12bc0ba8-8cef-46ed-a699-297cc47d2144","service":"task-manager","status_code":500,"timestamp":"2026-02-19T11:02:07.594Z"}
{"body_size_bytes":0,"environment":"development","host":"e5c996cde154","level":"info","message":"HTTP request start","method":"POST","request_id":"61bcae1a-ef7a-449a-826a-95828f1cfc6e","route":"/api/v1/auth/users/logout","service":"task-manager","timestamp":"2026-02-19T11:02:18.667Z","user_id":"anonymous"}
{"environment":"development","host":"e5c996cde154","level":"info","message":"logoutAccount - start","method":"POST","route":"/api/v1/auth/users/logout","service":"task-manager","timestamp":"2026-02-19T11:02:18.671Z","userId":"anonymous"}
{"environment":"development","host":"e5c996cde154","level":"info","message":"logoutAccount - user logged out successfully","service":"task-manager","timestamp":"2026-02-19T11:02:18.674Z","userId":"anonymous"}
{"duration":"0.018s","environment":"development","host":"e5c996cde154","level":"info","message":"HTTP request end","request_id":"61bcae1a-ef7a-449a-826a-95828f1cfc6e","service":"task-manager","status_code":200,"timestamp":"2026-02-19T11:02:18.686Z"}
{"body_size_bytes":56,"environment":"development","host":"e5c996cde154","level":"info","message":"HTTP request start","method":"POST","request_id":"3d90cb9e-b570-43ea-844f-f20c673c2755","route":"/api/v1/auth/users/login","service":"task-manager","timestamp":"2026-02-19T11:02:23.057Z","user_id":"anonymous"}
{"body":{"email":"a.badila@laposte.net","password":"Amina35@"},"environment":"development","host":"e5c996cde154","level":"info","message":"loginAccount - start","method":"POST","route":"/api/v1/auth/users/login","service":"task-manager","timestamp":"2026-02-19T11:02:23.060Z"}
{"email":"a.badila@laposte.net","environment":"development","host":"e5c996cde154","level":"info","message":"loginAccount - user logged in successfully","service":"task-manager","timestamp":"2026-02-19T11:02:23.377Z","userId":"6920e485997fd01bfe2282bb"}
{"duration":"0.322s","environment":"development","host":"e5c996cde154","level":"info","message":"HTTP request end","request_id":"3d90cb9e-b570-43ea-844f-f20c673c2755","service":"task-manager","status_code":200,"timestamp":"2026-02-19T11:02:23.379Z"}
{"body_size_bytes":0,"environment":"development","host":"e5c996cde154","level":"info","message":"HTTP request start","method":"GET","request_id":"285a6fed-37e0-400a-a68f-e2c553200bf1","route":"/api/v1/tasks/6920e485997fd01bfe2282bb/paginate","service":"task-manager","timestamp":"2026-02-19T11:02:24.898Z","user_id":"anonymous"}
{"environment":"development","host":"e5c996cde154","level":"info","message":"userAuth - token verified successfully","service":"task-manager","timestamp":"2026-02-19T11:02:24.908Z","userId":"6920e485997fd01bfe2282bb"}
{"allowedRoles":["user","admin"],"environment":"development","host":"e5c996cde154","level":"info","message":"Role check initiated","method":"GET","path":"/api/v1/tasks/6920e485997fd01bfe2282bb/paginate?page=1&limit=10&sort=createdAt&order=desc","service":"task-manager","timestamp":"2026-02-19T11:02:24.909Z","userId":"6920e485997fd01bfe2282bb","userRole":"user"}
{"environment":"development","host":"e5c996cde154","level":"info","message":"Role authorized successfully","path":"/api/v1/tasks/6920e485997fd01bfe2282bb/paginate?page=1&limit=10&sort=createdAt&order=desc","role":"user","service":"task-manager","timestamp":"2026-02-19T11:02:24.910Z","userId":"6920e485997fd01bfe2282bb"}
{"duration":"0.025s","environment":"development","host":"e5c996cde154","level":"info","message":"HTTP request end","request_id":"285a6fed-37e0-400a-a68f-e2c553200bf1","service":"task-manager","status_code":500,"timestamp":"2026-02-19T11:02:24.924Z"}
{"body_size_bytes":0,"environment":"development","host":"e5c996cde154","level":"info","message":"HTTP request start","method":"GET","request_id":"5dae8759-65ac-4903-af46-ed7a8502246f","route":"/api/v1/tasks/6920e485997fd01bfe2282bb/paginate","service":"task-manager","timestamp":"2026-02-19T11:02:28.199Z","user_id":"anonymous"}
{"environment":"development","host":"e5c996cde154","level":"info","message":"userAuth - token verified successfully","service":"task-manager","timestamp":"2026-02-19T11:02:28.203Z","userId":"6920e485997fd01bfe2282bb"}
{"allowedRoles":["user","admin"],"environment":"development","host":"e5c996cde154","level":"info","message":"Role check initiated","method":"GET","path":"/api/v1/tasks/6920e485997fd01bfe2282bb/paginate?page=1&limit=10&sort=createdAt&order=desc","service":"task-manager","timestamp":"2026-02-19T11:02:28.203Z","userId":"6920e485997fd01bfe2282bb","userRole":"user"}
{"environment":"development","host":"e5c996cde154","level":"info","message":"Role authorized successfully","path":"/api/v1/tasks/6920e485997fd01bfe2282bb/paginate?page=1&limit=10&sort=createdAt&order=desc","role":"user","service":"task-manager","timestamp":"2026-02-19T11:02:28.203Z","userId":"6920e485997fd01bfe2282bb"}
{"duration":"0.008s","environment":"development","host":"e5c996cde154","level":"info","message":"HTTP request end","request_id":"5dae8759-65ac-4903-af46-ed7a8502246f","service":"task-manager","status_code":500,"timestamp":"2026-02-19T11:02:28.207Z"}
{"body_size_bytes":0,"environment":"development","host":"e5c996cde154","level":"info","message":"HTTP request start","method":"GET","request_id":"f3ede25e-cd5f-40d2-bc25-5a39b39577c1","route":"/api/v1/tasks/6920e485997fd01bfe2282bb/paginate","service":"task-manager","timestamp":"2026-02-19T11:02:43.634Z","user_id":"anonymous"}
{"environment":"development","host":"e5c996cde154","level":"info","message":"userAuth - token verified successfully","service":"task-manager","timestamp":"2026-02-19T11:02:43.643Z","userId":"6920e485997fd01bfe2282bb"}
{"allowedRoles":["user","admin"],"environment":"development","host":"e5c996cde154","level":"info","message":"Role check initiated","method":"GET","path":"/api/v1/tasks/6920e485997fd01bfe2282bb/paginate?page=1&limit=10&sort=createdAt&order=desc","service":"task-manager","timestamp":"2026-02-19T11:02:43.644Z","userId":"6920e485997fd01bfe2282bb","userRole":"user"}
{"environment":"development","host":"e5c996cde154","level":"info","message":"Role authorized successfully","path":"/api/v1/tasks/6920e485997fd01bfe2282bb/paginate?page=1&limit=10&sort=createdAt&order=desc","role":"user","service":"task-manager","timestamp":"2026-02-19T11:02:43.645Z","userId":"6920e485997fd01bfe2282bb"}
{"duration":"0.023s","environment":"development","host":"e5c996cde154","level":"info","message":"HTTP request end","request_id":"f3ede25e-cd5f-40d2-bc25-5a39b39577c1","service":"task-manager","status_code":500,"timestamp":"2026-02-19T11:02:43.657Z"}
{"body_size_bytes":0,"environment":"development","host":"e5c996cde154","level":"info","message":"HTTP request start","method":"GET","request_id":"8ccfa71f-21c3-46aa-bed9-4ddb532f9ff8","route":"/api/v1/tasks/6920e485997fd01bfe2282bb/paginate","service":"task-manager","timestamp":"2026-02-19T11:03:02.653Z","user_id":"anonymous"}
{"environment":"development","host":"e5c996cde154","level":"info","message":"userAuth - token verified successfully","service":"task-manager","timestamp":"2026-02-19T11:03:02.670Z","userId":"6920e485997fd01bfe2282bb"}
{"allowedRoles":["user","admin"],"environment":"development","host":"e5c996cde154","level":"info","message":"Role check initiated","method":"GET","path":"/api/v1/tasks/6920e485997fd01bfe2282bb/paginate?page=1&limit=10&sort=createdAt&order=desc","service":"task-manager","timestamp":"2026-02-19T11:03:02.676Z","userId":"6920e485997fd01bfe2282bb","userRole":"user"}
{"environment":"development","host":"e5c996cde154","level":"info","message":"Role authorized successfully","path":"/api/v1/tasks/6920e485997fd01bfe2282bb/paginate?page=1&limit=10&sort=createdAt&order=desc","role":"user","service":"task-manager","timestamp":"2026-02-19T11:03:02.677Z","userId":"6920e485997fd01bfe2282bb"}
{"duration":"0.041s","environment":"development","host":"e5c996cde154","level":"info","message":"HTTP request end","request_id":"8ccfa71f-21c3-46aa-bed9-4ddb532f9ff8","service":"task-manager","status_code":500,"timestamp":"2026-02-19T11:03:02.696Z"}
{"body_size_bytes":0,"environment":"development","host":"e5c996cde154","level":"info","message":"HTTP request start","method":"GET","request_id":"6649d30b-64ca-481a-b75c-8efd69d43a72","route":"/api/v1/tasks/6920e485997fd01bfe2282bb/paginate","service":"task-manager","timestamp":"2026-02-19T11:04:40.256Z","user_id":"anonymous"}
{"environment":"development","host":"e5c996cde154","level":"info","message":"userAuth - token verified successfully","service":"task-manager","timestamp":"2026-02-19T11:04:40.263Z","userId":"6920e485997fd01bfe2282bb"}
{"allowedRoles":["user","admin"],"environment":"development","host":"e5c996cde154","level":"info","message":"Role check initiated","method":"GET","path":"/api/v1/tasks/6920e485997fd01bfe2282bb/paginate?page=1&limit=10&sort=createdAt&order=desc","service":"task-manager","timestamp":"2026-02-19T11:04:40.264Z","userId":"6920e485997fd01bfe2282bb","userRole":"user"}
{"environment":"development","host":"e5c996cde154","level":"info","message":"Role authorized successfully","path":"/api/v1/tasks/6920e485997fd01bfe2282bb/paginate?page=1&limit=10&sort=createdAt&order=desc","role":"user","service":"task-manager","timestamp":"2026-02-19T11:04:40.264Z","userId":"6920e485997fd01bfe2282bb"}
{"duration":"0.012s","environment":"development","host":"e5c996cde154","level":"info","message":"HTTP request end","request_id":"6649d30b-64ca-481a-b75c-8efd69d43a72","service":"task-manager","status_code":500,"timestamp":"2026-02-19T11:04:40.268Z"}
{"body_size_bytes":0,"environment":"development","host":"e5c996cde154","level":"info","message":"HTTP request start","method":"GET","request_id":"be4f8587-c83d-4707-a0e2-2c92db067513","route":"/api/v1/tasks/6920e485997fd01bfe2282bb/paginate","service":"task-manager","timestamp":"2026-02-19T11:04:43.001Z","user_id":"anonymous"}
{"environment":"development","host":"e5c996cde154","level":"info","message":"userAuth - token verified successfully","service":"task-manager","timestamp":"2026-02-19T11:04:43.018Z","userId":"6920e485997fd01bfe2282bb"}
{"allowedRoles":["user","admin"],"environment":"development","host":"e5c996cde154","level":"info","message":"Role check initiated","method":"GET","path":"/api/v1/tasks/6920e485997fd01bfe2282bb/paginate?page=1&limit=10&sort=createdAt&order=desc","service":"task-manager","timestamp":"2026-02-19T11:04:43.020Z","userId":"6920e485997fd01bfe2282bb","userRole":"user"}
{"environment":"development","host":"e5c996cde154","level":"info","message":"Role authorized successfully","path":"/api/v1/tasks/6920e485997fd01bfe2282bb/paginate?page=1&limit=10&sort=createdAt&order=desc","role":"user","service":"task-manager","timestamp":"2026-02-19T11:04:43.026Z","userId":"6920e485997fd01bfe2282bb"}
{"duration":"0.038s","environment":"development","host":"e5c996cde154","level":"info","message":"HTTP request end","request_id":"be4f8587-c83d-4707-a0e2-2c92db067513","service":"task-manager","status_code":500,"timestamp":"2026-02-19T11:04:43.040Z"}
{"body_size_bytes":0,"environment":"development","host":"c660c83f7f57","level":"info","message":"HTTP request start","method":"GET","request_id":"6fc5411b-fc7d-4af9-bb72-3b59c75987a6","route":"/api/v1/tasks/6920e485997fd01bfe2282bb/paginate","service":"task-manager","timestamp":"2026-02-19T11:05:47.929Z","user_id":"anonymous"}
{"environment":"development","host":"c660c83f7f57","level":"info","message":"userAuth - token verified successfully","service":"task-manager","timestamp":"2026-02-19T11:05:47.956Z","userId":"6920e485997fd01bfe2282bb"}
{"allowedRoles":["user","admin"],"environment":"development","host":"c660c83f7f57","level":"info","message":"Role check initiated","method":"GET","path":"/api/v1/tasks/6920e485997fd01bfe2282bb/paginate?page=1&limit=10&sort=createdAt&order=desc","service":"task-manager","timestamp":"2026-02-19T11:05:47.958Z","userId":"6920e485997fd01bfe2282bb","userRole":"user"}
{"environment":"development","host":"c660c83f7f57","level":"info","message":"Role authorized successfully","path":"/api/v1/tasks/6920e485997fd01bfe2282bb/paginate?page=1&limit=10&sort=createdAt&order=desc","role":"user","service":"task-manager","timestamp":"2026-02-19T11:05:47.960Z","userId":"6920e485997fd01bfe2282bb"}
{"duration":"0.052s","environment":"development","host":"c660c83f7f57","level":"info","message":"HTTP request end","request_id":"6fc5411b-fc7d-4af9-bb72-3b59c75987a6","service":"task-manager","status_code":500,"timestamp":"2026-02-19T11:05:47.980Z"}
{"body_size_bytes":0,"environment":"development","host":"c660c83f7f57","level":"info","message":"HTTP request start","method":"POST","request_id":"02978f96-5e36-4077-b294-dc43e09525e7","route":"/api/v1/auth/users/logout","service":"task-manager","timestamp":"2026-02-19T11:05:51.483Z","user_id":"anonymous"}
{"environment":"development","host":"c660c83f7f57","level":"info","message":"logoutAccount - start","method":"POST","route":"/api/v1/auth/users/logout","service":"task-manager","timestamp":"2026-02-19T11:05:51.487Z","userId":"anonymous"}
{"environment":"development","host":"c660c83f7f57","level":"info","message":"logoutAccount - user logged out successfully","service":"task-manager","timestamp":"2026-02-19T11:05:51.493Z","userId":"anonymous"}
{"duration":"0.021s","environment":"development","host":"c660c83f7f57","level":"info","message":"HTTP request end","request_id":"02978f96-5e36-4077-b294-dc43e09525e7","service":"task-manager","status_code":200,"timestamp":"2026-02-19T11:05:51.504Z"}
{"body_size_bytes":56,"environment":"development","host":"c660c83f7f57","level":"info","message":"HTTP request start","method":"POST","request_id":"e59ff504-7406-4603-9da0-9f9ba1da83db","route":"/api/v1/auth/users/login","service":"task-manager","timestamp":"2026-02-19T11:05:56.062Z","user_id":"anonymous"}
{"body":{"email":"a.badila@laposte.net","password":"Amina35@"},"environment":"development","host":"c660c83f7f57","level":"info","message":"loginAccount - start","method":"POST","route":"/api/v1/auth/users/login","service":"task-manager","timestamp":"2026-02-19T11:05:56.068Z"}
{"email":"a.badila@laposte.net","environment":"development","host":"c660c83f7f57","level":"info","message":"loginAccount - user logged in successfully","service":"task-manager","timestamp":"2026-02-19T11:05:56.464Z","userId":"6920e485997fd01bfe2282bb"}
{"duration":"0.405s","environment":"development","host":"c660c83f7f57","level":"info","message":"HTTP request end","request_id":"e59ff504-7406-4603-9da0-9f9ba1da83db","service":"task-manager","status_code":200,"timestamp":"2026-02-19T11:05:56.466Z"}
{"body_size_bytes":0,"environment":"development","host":"c660c83f7f57","level":"info","message":"HTTP request start","method":"GET","request_id":"44622bad-5f85-49bc-ac48-6898879179b9","route":"/api/v1/tasks/6920e485997fd01bfe2282bb/paginate","service":"task-manager","timestamp":"2026-02-19T11:05:58.566Z","user_id":"anonymous"}
{"environment":"development","host":"c660c83f7f57","level":"info","message":"userAuth - token verified successfully","service":"task-manager","timestamp":"2026-02-19T11:05:58.571Z","userId":"6920e485997fd01bfe2282bb"}
{"allowedRoles":["user","admin"],"environment":"development","host":"c660c83f7f57","level":"info","message":"Role check initiated","method":"GET","path":"/api/v1/tasks/6920e485997fd01bfe2282bb/paginate?page=1&limit=10&sort=createdAt&order=desc","service":"task-manager","timestamp":"2026-02-19T11:05:58.571Z","userId":"6920e485997fd01bfe2282bb","userRole":"user"}
{"environment":"development","host":"c660c83f7f57","level":"info","message":"Role authorized successfully","path":"/api/v1/tasks/6920e485997fd01bfe2282bb/paginate?page=1&limit=10&sort=createdAt&order=desc","role":"user","service":"task-manager","timestamp":"2026-02-19T11:05:58.572Z","userId":"6920e485997fd01bfe2282bb"}
{"duration":"0.008s","environment":"development","host":"c660c83f7f57","level":"info","message":"HTTP request end","request_id":"44622bad-5f85-49bc-ac48-6898879179b9","service":"task-manager","status_code":500,"timestamp":"2026-02-19T11:05:58.574Z"}
{"body_size_bytes":0,"environment":"development","host":"c660c83f7f57","level":"info","message":"HTTP request start","method":"GET","request_id":"31719ff3-1476-4de4-bdce-444609cdfb7c","route":"/api/v1/tasks/6920e485997fd01bfe2282bb/paginate","service":"task-manager","timestamp":"2026-02-19T11:06:03.965Z","user_id":"anonymous"}
{"environment":"development","host":"c660c83f7f57","level":"info","message":"userAuth - token verified successfully","service":"task-manager","timestamp":"2026-02-19T11:06:03.980Z","userId":"6920e485997fd01bfe2282bb"}
{"allowedRoles":["user","admin"],"environment":"development","host":"c660c83f7f57","level":"info","message":"Role check initiated","method":"GET","path":"/api/v1/tasks/6920e485997fd01bfe2282bb/paginate?page=1&limit=10&sort=createdAt&order=desc","service":"task-manager","timestamp":"2026-02-19T11:06:03.981Z","userId":"6920e485997fd01bfe2282bb","userRole":"user"}
{"environment":"development","host":"c660c83f7f57","level":"info","message":"Role authorized successfully","path":"/api/v1/tasks/6920e485997fd01bfe2282bb/paginate?page=1&limit=10&sort=createdAt&order=desc","role":"user","service":"task-manager","timestamp":"2026-02-19T11:06:03.988Z","userId":"6920e485997fd01bfe2282bb"}
{"duration":"0.061s","environment":"development","host":"c660c83f7f57","level":"info","message":"HTTP request end","request_id":"31719ff3-1476-4de4-bdce-444609cdfb7c","service":"task-manager","status_code":500,"timestamp":"2026-02-19T11:06:04.026Z"}
{"body_size_bytes":0,"environment":"development","host":"c660c83f7f57","level":"info","message":"HTTP request start","method":"GET","request_id":"5060dd7f-81f1-4fe8-81c1-7ff416959e07","route":"/api/v1/tasks/6920e485997fd01bfe2282bb/paginate","service":"task-manager","timestamp":"2026-02-19T11:06:33.839Z","user_id":"anonymous"}
{"environment":"development","host":"c660c83f7f57","level":"info","message":"userAuth - token verified successfully","service":"task-manager","timestamp":"2026-02-19T11:06:33.853Z","userId":"6920e485997fd01bfe2282bb"}
{"allowedRoles":["user","admin"],"environment":"development","host":"c660c83f7f57","level":"info","message":"Role check initiated","method":"GET","path":"/api/v1/tasks/6920e485997fd01bfe2282bb/paginate?page=1&limit=10&sort=createdAt&order=desc","service":"task-manager","timestamp":"2026-02-19T11:06:33.855Z","userId":"6920e485997fd01bfe2282bb","userRole":"user"}
{"environment":"development","host":"c660c83f7f57","level":"info","message":"Role authorized successfully","path":"/api/v1/tasks/6920e485997fd01bfe2282bb/paginate?page=1&limit=10&sort=createdAt&order=desc","role":"user","service":"task-manager","timestamp":"2026-02-19T11:06:33.857Z","userId":"6920e485997fd01bfe2282bb"}
{"duration":"0.032s","environment":"development","host":"c660c83f7f57","level":"info","message":"HTTP request end","request_id":"5060dd7f-81f1-4fe8-81c1-7ff416959e07","service":"task-manager","status_code":500,"timestamp":"2026-02-19T11:06:33.871Z"}
{"body_size_bytes":0,"environment":"development","host":"f06c6e077ef4","level":"info","message":"HTTP request start","method":"GET","request_id":"9dee436b-ca64-40c6-93b3-871d0580a4ac","route":"/api/v1/tasks/6920e485997fd01bfe2282bb/paginate","service":"task-manager","timestamp":"2026-02-19T11:10:24.480Z","user_id":"anonymous"}
{"environment":"development","host":"f06c6e077ef4","level":"info","message":"userAuth - token verified successfully","service":"task-manager","timestamp":"2026-02-19T11:10:24.527Z","userId":"6920e485997fd01bfe2282bb"}
{"allowedRoles":["user","admin"],"environment":"development","host":"f06c6e077ef4","level":"info","message":"Role check initiated","method":"GET","path":"/api/v1/tasks/6920e485997fd01bfe2282bb/paginate?page=1&limit=10&sort=createdAt&order=desc","service":"task-manager","timestamp":"2026-02-19T11:10:24.530Z","userId":"6920e485997fd01bfe2282bb","userRole":"user"}
{"environment":"development","host":"f06c6e077ef4","level":"info","message":"Role authorized successfully","path":"/api/v1/tasks/6920e485997fd01bfe2282bb/paginate?page=1&limit=10&sort=createdAt&order=desc","role":"user","service":"task-manager","timestamp":"2026-02-19T11:10:24.539Z","userId":"6920e485997fd01bfe2282bb"}
{"duration":"0.245s","environment":"development","host":"f06c6e077ef4","level":"info","message":"HTTP request end","request_id":"9dee436b-ca64-40c6-93b3-871d0580a4ac","service":"task-manager","status_code":200,"timestamp":"2026-02-19T11:10:24.723Z"}
{"body_size_bytes":152,"environment":"development","host":"f06c6e077ef4","level":"info","message":"HTTP request start","method":"POST","request_id":"c7432d69-dfd2-4245-a888-f8c667bc3071","route":"/api/v1/tasks/create","service":"task-manager","timestamp":"2026-02-19T11:11:30.022Z","user_id":"anonymous"}
{"environment":"development","host":"f06c6e077ef4","level":"info","message":"userAuth - token verified successfully","service":"task-manager","timestamp":"2026-02-19T11:11:30.034Z","userId":"6920e485997fd01bfe2282bb"}
{"allowedRoles":["user"],"environment":"development","host":"f06c6e077ef4","level":"info","message":"Role check initiated","method":"POST","path":"/api/v1/tasks/create","service":"task-manager","timestamp":"2026-02-19T11:11:30.036Z","userId":"6920e485997fd01bfe2282bb","userRole":"user"}
{"environment":"development","host":"f06c6e077ef4","level":"info","message":"Role authorized successfully","path":"/api/v1/tasks/create","role":"user","service":"task-manager","timestamp":"2026-02-19T11:11:30.038Z","userId":"6920e485997fd01bfe2282bb"}
{"createdBy":"6920e485997fd01bfe2282bb","environment":"development","host":"f06c6e077ef4","level":"info","message":"6 - Task created successfully","service":"task-manager","taskId":"6996efe220f728dc6ea1815d","timestamp":"2026-02-19T11:11:30.188Z"}
{"duration":"0.184s","environment":"development","host":"f06c6e077ef4","level":"info","message":"HTTP request end","request_id":"c7432d69-dfd2-4245-a888-f8c667bc3071","service":"task-manager","status_code":201,"timestamp":"2026-02-19T11:11:30.206Z"}
{"body_size_bytes":0,"environment":"development","host":"f06c6e077ef4","level":"info","message":"HTTP request start","method":"GET","request_id":"9abeeb49-8650-4406-960f-fe035195d70c","route":"/api/v1/tasks/6920e485997fd01bfe2282bb/paginate","service":"task-manager","timestamp":"2026-02-19T11:11:30.250Z","user_id":"anonymous"}
{"environment":"development","host":"f06c6e077ef4","level":"info","message":"userAuth - token verified successfully","service":"task-manager","timestamp":"2026-02-19T11:11:30.264Z","userId":"6920e485997fd01bfe2282bb"}
{"allowedRoles":["user","admin"],"environment":"development","host":"f06c6e077ef4","level":"info","message":"Role check initiated","method":"GET","path":"/api/v1/tasks/6920e485997fd01bfe2282bb/paginate?page=1&limit=10&sort=createdAt&order=desc","service":"task-manager","timestamp":"2026-02-19T11:11:30.267Z","userId":"6920e485997fd01bfe2282bb","userRole":"user"}
{"environment":"development","host":"f06c6e077ef4","level":"info","message":"Role authorized successfully","path":"/api/v1/tasks/6920e485997fd01bfe2282bb/paginate?page=1&limit=10&sort=createdAt&order=desc","role":"user","service":"task-manager","timestamp":"2026-02-19T11:11:30.267Z","userId":"6920e485997fd01bfe2282bb"}
{"duration":"0.065s","environment":"development","host":"f06c6e077ef4","level":"info","message":"HTTP request end","request_id":"9abeeb49-8650-4406-960f-fe035195d70c","service":"task-manager","status_code":200,"timestamp":"2026-02-19T11:11:30.315Z"}
{"body_size_bytes":0,"environment":"development","host":"f06c6e077ef4","level":"info","message":"HTTP request start","method":"POST","request_id":"ac43ef36-a5e1-4e1d-9f84-9d451e2b203a","route":"/api/v1/auth/users/logout","service":"task-manager","timestamp":"2026-02-19T11:11:47.623Z","user_id":"anonymous"}
{"environment":"development","host":"f06c6e077ef4","level":"info","message":"logoutAccount - start","method":"POST","route":"/api/v1/auth/users/logout","service":"task-manager","timestamp":"2026-02-19T11:11:47.625Z","userId":"anonymous"}
{"environment":"development","host":"f06c6e077ef4","level":"info","message":"logoutAccount - user logged out successfully","service":"task-manager","timestamp":"2026-02-19T11:11:47.627Z","userId":"anonymous"}
{"duration":"0.008s","environment":"development","host":"f06c6e077ef4","level":"info","message":"HTTP request end","request_id":"ac43ef36-a5e1-4e1d-9f84-9d451e2b203a","service":"task-manager","status_code":200,"timestamp":"2026-02-19T11:11:47.630Z"}
