{"body_size_bytes":0,"environment":"development","host":"872b47761d7b","level":"info","message":"HTTP request start","method":"POST","request_id":"1fd6d622-8a3f-4cf6-ad7f-175ed513467b","route":"/api/v1/auth/users/logout","service":"task-manager","timestamp":"2025-11-17T08:17:54.360Z","user_id":"anonymous"}
{"environment":"development","host":"872b47761d7b","level":"info","message":"logoutAccount - start","method":"POST","route":"/api/v1/auth/users/logout","service":"task-manager","timestamp":"2025-11-17T08:17:54.370Z","userId":"anonymous"}
{"environment":"development","host":"872b47761d7b","level":"info","message":"logoutAccount - user logged out successfully","service":"task-manager","timestamp":"2025-11-17T08:17:54.371Z","userId":"anonymous"}
{"duration":"0.014s","environment":"development","host":"872b47761d7b","level":"info","message":"HTTP request end","request_id":"1fd6d622-8a3f-4cf6-ad7f-175ed513467b","service":"task-manager","status_code":200,"timestamp":"2025-11-17T08:17:54.373Z"}
{"body_size_bytes":107,"environment":"development","host":"872b47761d7b","level":"info","message":"HTTP request start","method":"POST","request_id":"8264303c-ef7a-45be-be7a-aa50d83bce87","route":"/api/v1/auth/users/register","service":"task-manager","timestamp":"2025-11-17T08:18:23.426Z","user_id":"anonymous"}
{"body":{"email":"a.badila@laposte.net","password":"@Amina35","password_confirm":"@Amina35","username":"amina35"},"environment":"development","host":"872b47761d7b","level":"info","message":"createAccount - start","method":"POST","route":"/api/v1/auth/users/register","service":"task-manager","timestamp":"2025-11-17T08:18:23.427Z"}
{"email":"a.badila@laposte.net","environment":"development","host":"872b47761d7b","level":"info","message":"createAccount - user created successfully","service":"task-manager","timestamp":"2025-11-17T08:18:23.610Z","userId":"691ada4f3cb223fb766bfd80"}
{"duration":"0.186s","environment":"development","host":"872b47761d7b","level":"info","message":"HTTP request end","request_id":"8264303c-ef7a-45be-be7a-aa50d83bce87","service":"task-manager","status_code":201,"timestamp":"2025-11-17T08:18:23.612Z"}
{"body_size_bytes":56,"environment":"development","host":"872b47761d7b","level":"info","message":"HTTP request start","method":"POST","request_id":"1dfb854b-aece-49f6-b67d-f3fdf7c16e72","route":"/api/v1/auth/users/login","service":"task-manager","timestamp":"2025-11-17T08:18:29.379Z","user_id":"anonymous"}
{"body":{"email":"a.badila@laposte.net","password":"@Amina35"},"environment":"development","host":"872b47761d7b","level":"info","message":"loginAccount - start","method":"POST","route":"/api/v1/auth/users/login","service":"task-manager","timestamp":"2025-11-17T08:18:29.379Z"}
{"email":"a.badila@laposte.net","environment":"development","host":"872b47761d7b","level":"info","message":"loginAccount - user logged in successfully","service":"task-manager","timestamp":"2025-11-17T08:18:29.498Z","userId":"691ada4f3cb223fb766bfd80"}
{"duration":"0.121s","environment":"development","host":"872b47761d7b","level":"info","message":"HTTP request end","request_id":"1dfb854b-aece-49f6-b67d-f3fdf7c16e72","service":"task-manager","status_code":200,"timestamp":"2025-11-17T08:18:29.500Z"}
{"body_size_bytes":0,"environment":"development","host":"872b47761d7b","level":"info","message":"HTTP request start","method":"POST","request_id":"92b4eb6a-9db0-4da8-b9bf-ea04b836894d","route":"/api/v1/auth/users/send-otp-verify","service":"task-manager","timestamp":"2025-11-17T08:18:34.814Z","user_id":"anonymous"}
{"environment":"development","host":"872b47761d7b","level":"info","message":"userAuth - token verified successfully","service":"task-manager","timestamp":"2025-11-17T08:18:34.823Z","userId":"691ada4f3cb223fb766bfd80"}
{"environment":"development","host":"872b47761d7b","level":"info","message":"sendOtpVerificationEmail - start","service":"task-manager","timestamp":"2025-11-17T08:18:34.824Z","userId":"691ada4f3cb223fb766bfd80"}
{"environment":"development","host":"872b47761d7b","level":"info","message":"sendOtpVerificationEmail - OTP saved successfully","otp":"616506","service":"task-manager","timestamp":"2025-11-17T08:18:34.843Z","userId":"691ada4f3cb223fb766bfd80"}
{"environment":"development","host":"872b47761d7b","level":"info","message":"sendOtpVerificationEmail - OTP email ready to send","service":"task-manager","timestamp":"2025-11-17T08:18:34.845Z","userEmail":"a.badila@laposte.net"}
{"duration":"0.035s","environment":"development","host":"872b47761d7b","level":"info","message":"HTTP request end","request_id":"92b4eb6a-9db0-4da8-b9bf-ea04b836894d","service":"task-manager","status_code":200,"timestamp":"2025-11-17T08:18:34.849Z"}
{"body_size_bytes":16,"environment":"development","host":"872b47761d7b","level":"info","message":"HTTP request start","method":"POST","request_id":"0631eea8-c888-46e9-9142-eb97018e7f53","route":"/api/v1/auth/users/verify-otp","service":"task-manager","timestamp":"2025-11-17T08:19:06.915Z","user_id":"anonymous"}
{"environment":"development","host":"872b47761d7b","level":"info","message":"userAuth - token verified successfully","service":"task-manager","timestamp":"2025-11-17T08:19:06.928Z","userId":"691ada4f3cb223fb766bfd80"}
{"environment":"development","host":"872b47761d7b","level":"info","message":"verifyEmail - start","otp":"616506","service":"task-manager","timestamp":"2025-11-17T08:19:06.929Z","userId":"691ada4f3cb223fb766bfd80"}
{"environment":"development","host":"872b47761d7b","level":"info","message":"verifyEmail - email verified successfully","service":"task-manager","timestamp":"2025-11-17T08:19:06.951Z","userId":"691ada4f3cb223fb766bfd80"}
{"duration":"0.041s","environment":"development","host":"872b47761d7b","level":"info","message":"HTTP request end","request_id":"0631eea8-c888-46e9-9142-eb97018e7f53","service":"task-manager","status_code":200,"timestamp":"2025-11-17T08:19:06.957Z"}
{"body_size_bytes":56,"environment":"development","host":"872b47761d7b","level":"info","message":"HTTP request start","method":"POST","request_id":"066c089f-4f25-48d5-a56f-e49ade04b37d","route":"/api/v1/auth/users/login","service":"task-manager","timestamp":"2025-11-17T08:19:24.393Z","user_id":"anonymous"}
{"body":{"email":"a.badila@laposte.net","password":"@Amina35"},"environment":"development","host":"872b47761d7b","level":"info","message":"loginAccount - start","method":"POST","route":"/api/v1/auth/users/login","service":"task-manager","timestamp":"2025-11-17T08:19:24.394Z"}
{"email":"a.badila@laposte.net","environment":"development","host":"872b47761d7b","level":"info","message":"loginAccount - user logged in successfully","service":"task-manager","timestamp":"2025-11-17T08:19:24.564Z","userId":"691ada4f3cb223fb766bfd80"}
{"duration":"0.172s","environment":"development","host":"872b47761d7b","level":"info","message":"HTTP request end","request_id":"066c089f-4f25-48d5-a56f-e49ade04b37d","service":"task-manager","status_code":200,"timestamp":"2025-11-17T08:19:24.565Z"}
{"body_size_bytes":108,"environment":"development","host":"872b47761d7b","level":"info","message":"HTTP request start","method":"GET","request_id":"e4c51d23-fd0a-47a5-825e-fd2b0ecc58d2","route":"/api/v1/auth/users/is-auth","service":"task-manager","timestamp":"2025-11-17T08:32:51.368Z","user_id":"anonymous"}
{"environment":"development","host":"872b47761d7b","level":"info","message":"userAuth - no token provided","method":"GET","path":"/is-auth","service":"task-manager","timestamp":"2025-11-17T08:32:51.369Z"}
{"environment":"development","error":"Cannot read properties of null (reading 'id')","host":"872b47761d7b","level":"error","message":"isAuthenticated - error","service":"task-manager","timestamp":"2025-11-17T08:32:51.369Z"}
{"body":{"email":"pm.lola2022@gmail.com","password":"Pm12345@","password_confirm":"Pm12345@","username":"spe1012"},"environment":"development","host":"872b47761d7b","level":"error","message":"Express error caught Cannot read properties of null (reading 'id')","method":"GET","name":"TypeError","path":"/api/v1/auth/users/is-auth","service":"task-manager","stack":"TypeError: Cannot read properties of null (reading 'id')\n    at isAuthenticated (file:///usr/src/app/controllers/auth_controller.js:231:29)\n    at Layer.handleRequest (/usr/src/app/node_modules/router/lib/layer.js:152:17)\n    at next (/usr/src/app/node_modules/router/lib/route.js:157:13)\n    at userAuth (file:///usr/src/app/middleware/authenticate.js:15:12)\n    at Layer.handleRequest (/usr/src/app/node_modules/router/lib/layer.js:152:17)\n    at next (/usr/src/app/node_modules/router/lib/route.js:157:13)\n    at Route.dispatch (/usr/src/app/node_modules/router/lib/route.js:117:3)\n    at handle (/usr/src/app/node_modules/router/index.js:435:11)\n    at Layer.handleRequest (/usr/src/app/node_modules/router/lib/layer.js:152:17)\n    at /usr/src/app/node_modules/router/index.js:295:15","status":500,"timestamp":"2025-11-17T08:32:51.370Z","user":"anonymous"}
{"duration":"0.004s","environment":"development","host":"872b47761d7b","level":"info","message":"HTTP request end","request_id":"e4c51d23-fd0a-47a5-825e-fd2b0ecc58d2","service":"task-manager","status_code":500,"timestamp":"2025-11-17T08:32:51.372Z"}
{"body_size_bytes":0,"environment":"development","host":"872b47761d7b","level":"info","message":"HTTP request start","method":"GET","request_id":"9003f6a3-87c4-42a7-8522-73f5e500677b","route":"/api/v1/users/current","service":"task-manager","timestamp":"2025-11-17T08:35:22.183Z","user_id":"anonymous"}
{"environment":"development","host":"872b47761d7b","level":"info","message":"userAuth - no token provided","method":"GET","path":"/current","service":"task-manager","timestamp":"2025-11-17T08:35:22.184Z"}
{"environment":"development","host":"872b47761d7b","level":"warn","message":"Unauthorized attempt to access current user","service":"task-manager","timestamp":"2025-11-17T08:35:22.185Z"}
{"duration":"0.003s","environment":"development","host":"872b47761d7b","level":"info","message":"HTTP request end","request_id":"9003f6a3-87c4-42a7-8522-73f5e500677b","service":"task-manager","status_code":401,"timestamp":"2025-11-17T08:35:22.187Z"}
{"body_size_bytes":57,"environment":"development","host":"872b47761d7b","level":"info","message":"HTTP request start","method":"POST","request_id":"32a0fa2a-0b50-484e-b7ad-e4243478ccae","route":"/api/v1/auth/users/login","service":"task-manager","timestamp":"2025-11-17T08:35:31.325Z","user_id":"anonymous"}
{"body":{"email":"pm.lola2022@gmail.com","password":"Pm123456@"},"environment":"development","host":"872b47761d7b","level":"info","message":"loginAccount - start","method":"POST","route":"/api/v1/auth/users/login","service":"task-manager","timestamp":"2025-11-17T08:35:31.326Z"}
{"email":"pm.lola2022@gmail.com","environment":"development","host":"872b47761d7b","level":"warn","message":"loginAccount - invalid password","service":"task-manager","timestamp":"2025-11-17T08:35:31.424Z"}
{"body":{"email":"pm.lola2022@gmail.com","password":"Pm123456@"},"environment":"development","host":"872b47761d7b","level":"error","message":"Express error caught Invalid password","method":"POST","path":"/api/v1/auth/users/login","service":"task-manager","status":401,"timestamp":"2025-11-17T08:35:31.424Z","user":"anonymous"}
{"duration":"0.101s","environment":"development","host":"872b47761d7b","level":"info","message":"HTTP request end","request_id":"32a0fa2a-0b50-484e-b7ad-e4243478ccae","service":"task-manager","status_code":401,"timestamp":"2025-11-17T08:35:31.426Z"}
{"body_size_bytes":57,"environment":"development","host":"872b47761d7b","level":"info","message":"HTTP request start","method":"POST","request_id":"3aecaa71-ea7e-485f-a61e-a839490ce94a","route":"/api/v1/auth/users/login","service":"task-manager","timestamp":"2025-11-17T08:35:43.289Z","user_id":"anonymous"}
{"body":{"email":"pm.lola2022@gmail.com","password":"Pm12345@"},"environment":"development","host":"872b47761d7b","level":"info","message":"loginAccount - start","method":"POST","route":"/api/v1/auth/users/login","service":"task-manager","timestamp":"2025-11-17T08:35:43.289Z"}
{"email":"pm.lola2022@gmail.com","environment":"development","host":"872b47761d7b","level":"info","message":"loginAccount - user logged in successfully","service":"task-manager","timestamp":"2025-11-17T08:35:43.407Z","userId":"691999ab3cb223fb766bfcf0"}
{"duration":"0.120s","environment":"development","host":"872b47761d7b","level":"info","message":"HTTP request end","request_id":"3aecaa71-ea7e-485f-a61e-a839490ce94a","service":"task-manager","status_code":200,"timestamp":"2025-11-17T08:35:43.409Z"}
{"body_size_bytes":0,"environment":"development","host":"872b47761d7b","level":"info","message":"HTTP request start","method":"GET","request_id":"cc70fba8-62ba-4797-af64-7a4391d2c8e8","route":"/api/v1/users/current","service":"task-manager","timestamp":"2025-11-17T08:35:50.983Z","user_id":"anonymous"}
{"environment":"development","host":"872b47761d7b","level":"info","message":"userAuth - token verified successfully","service":"task-manager","timestamp":"2025-11-17T08:35:50.986Z","userId":"691999ab3cb223fb766bfcf0"}
{"environment":"development","host":"872b47761d7b","level":"info","message":"Current user fetched from DB and cached","service":"task-manager","timestamp":"2025-11-17T08:35:50.993Z","userId":"691999ab3cb223fb766bfcf0"}
{"duration":"0.012s","environment":"development","host":"872b47761d7b","level":"info","message":"HTTP request end","request_id":"cc70fba8-62ba-4797-af64-7a4391d2c8e8","service":"task-manager","status_code":200,"timestamp":"2025-11-17T08:35:50.995Z"}
{"body_size_bytes":0,"environment":"development","host":"872b47761d7b","level":"info","message":"HTTP request start","method":"GET","request_id":"92fade3c-49ec-4808-bf97-848ae9f5b09c","route":"/api/v1/users/current","service":"task-manager","timestamp":"2025-11-17T08:45:54.468Z","user_id":"anonymous"}
{"environment":"development","host":"872b47761d7b","level":"info","message":"userAuth - token verified successfully","service":"task-manager","timestamp":"2025-11-17T08:45:54.472Z","userId":"691999ab3cb223fb766bfcf0"}
{"environment":"development","host":"872b47761d7b","level":"info","message":"Current user fetched from DB and cached","service":"task-manager","timestamp":"2025-11-17T08:45:54.476Z","userId":"691999ab3cb223fb766bfcf0"}
{"duration":"0.009s","environment":"development","host":"872b47761d7b","level":"info","message":"HTTP request end","request_id":"92fade3c-49ec-4808-bf97-848ae9f5b09c","service":"task-manager","status_code":200,"timestamp":"2025-11-17T08:45:54.477Z"}
{"body_size_bytes":108,"environment":"development","host":"872b47761d7b","level":"info","message":"HTTP request start","method":"GET","request_id":"9877a30c-95e7-47e4-87d7-7f9ce49d2ba2","route":"/api/v1/auth/users/is-auth","service":"task-manager","timestamp":"2025-11-17T08:46:04.325Z","user_id":"anonymous"}
{"environment":"development","host":"872b47761d7b","level":"info","message":"userAuth - token verified successfully","service":"task-manager","timestamp":"2025-11-17T08:46:04.329Z","userId":"691999ab3cb223fb766bfcf0"}
{"environment":"development","host":"872b47761d7b","level":"info","message":"isAuthenticated - check","service":"task-manager","timestamp":"2025-11-17T08:46:04.329Z","userId":"691999ab3cb223fb766bfcf0"}
{"duration":"0.006s","environment":"development","host":"872b47761d7b","level":"info","message":"HTTP request end","request_id":"9877a30c-95e7-47e4-87d7-7f9ce49d2ba2","service":"task-manager","status_code":200,"timestamp":"2025-11-17T08:46:04.331Z"}
{"body_size_bytes":0,"environment":"development","host":"872b47761d7b","level":"info","message":"HTTP request start","method":"POST","request_id":"33b97dac-e7bc-4bf6-ba19-11b2183466fc","route":"/api/v1/auth/users/send-otp-verify","service":"task-manager","timestamp":"2025-11-17T08:48:39.704Z","user_id":"anonymous"}
{"environment":"development","host":"872b47761d7b","level":"info","message":"userAuth - token verified successfully","service":"task-manager","timestamp":"2025-11-17T08:48:39.708Z","userId":"691999ab3cb223fb766bfcf0"}
{"environment":"development","host":"872b47761d7b","level":"info","message":"sendOtpVerificationEmail - start","service":"task-manager","timestamp":"2025-11-17T08:48:39.708Z","userId":"691999ab3cb223fb766bfcf0"}
{"environment":"development","host":"872b47761d7b","level":"info","message":"sendOtpVerificationEmail - OTP saved successfully","otp":"796180","service":"task-manager","timestamp":"2025-11-17T08:48:39.714Z","userId":"691999ab3cb223fb766bfcf0"}
{"environment":"development","host":"872b47761d7b","level":"info","message":"sendOtpVerificationEmail - OTP email ready to send","service":"task-manager","timestamp":"2025-11-17T08:48:39.715Z","userEmail":"pm.lola2022@gmail.com"}
{"duration":"0.012s","environment":"development","host":"872b47761d7b","level":"info","message":"HTTP request end","request_id":"33b97dac-e7bc-4bf6-ba19-11b2183466fc","service":"task-manager","status_code":200,"timestamp":"2025-11-17T08:48:39.716Z"}
{"body_size_bytes":16,"environment":"development","host":"872b47761d7b","level":"info","message":"HTTP request start","method":"POST","request_id":"55165535-3dff-4ca4-bec0-06ca7f30aacf","route":"/api/v1/auth/users/verify-otp","service":"task-manager","timestamp":"2025-11-17T08:49:31.313Z","user_id":"anonymous"}
{"environment":"development","host":"872b47761d7b","level":"info","message":"userAuth - token verified successfully","service":"task-manager","timestamp":"2025-11-17T08:49:31.317Z","userId":"691999ab3cb223fb766bfcf0"}
{"environment":"development","host":"872b47761d7b","level":"info","message":"verifyEmail - start","otp":"796180","service":"task-manager","timestamp":"2025-11-17T08:49:31.317Z","userId":"691999ab3cb223fb766bfcf0"}
{"environment":"development","host":"872b47761d7b","level":"info","message":"verifyEmail - email verified successfully","service":"task-manager","timestamp":"2025-11-17T08:49:31.323Z","userId":"691999ab3cb223fb766bfcf0"}
{"duration":"0.011s","environment":"development","host":"872b47761d7b","level":"info","message":"HTTP request end","request_id":"55165535-3dff-4ca4-bec0-06ca7f30aacf","service":"task-manager","status_code":200,"timestamp":"2025-11-17T08:49:31.325Z"}
{"body_size_bytes":16,"environment":"development","host":"872b47761d7b","level":"info","message":"HTTP request start","method":"POST","request_id":"89185e60-44f1-46a8-b689-1a13c3e40846","route":"/api/v1/auth/users/verify-otp","service":"task-manager","timestamp":"2025-11-17T08:49:41.152Z","user_id":"anonymous"}
{"environment":"development","host":"872b47761d7b","level":"info","message":"userAuth - token verified successfully","service":"task-manager","timestamp":"2025-11-17T08:49:41.155Z","userId":"691999ab3cb223fb766bfcf0"}
{"environment":"development","host":"872b47761d7b","level":"info","message":"verifyEmail - start","otp":"796180","service":"task-manager","timestamp":"2025-11-17T08:49:41.156Z","userId":"691999ab3cb223fb766bfcf0"}
{"environment":"development","host":"872b47761d7b","level":"warn","message":"verifyEmail - invalid OTP","otp":"796180","service":"task-manager","timestamp":"2025-11-17T08:49:41.159Z","userId":"691999ab3cb223fb766bfcf0"}
{"body":{"otp":"796180"},"environment":"development","host":"872b47761d7b","level":"error","message":"Express error caught Invalid OTP.","method":"POST","path":"/api/v1/auth/users/verify-otp","service":"task-manager","status":400,"timestamp":"2025-11-17T08:49:41.159Z","user":{"id":"691999ab3cb223fb766bfcf0","role":"admin"}}
{"duration":"0.009s","environment":"development","host":"872b47761d7b","level":"info","message":"HTTP request end","request_id":"89185e60-44f1-46a8-b689-1a13c3e40846","service":"task-manager","status_code":400,"timestamp":"2025-11-17T08:49:41.161Z"}
{"body_size_bytes":123,"environment":"development","host":"872b47761d7b","level":"info","message":"HTTP request start","method":"POST","request_id":"229f3e61-c553-4924-959f-45adfcdb3f13","route":"/api/v1/auth/users/register","service":"task-manager","timestamp":"2025-11-17T08:51:06.127Z","user_id":"anonymous"}
{"body":{"email":"pm.lola2022@gmail.com","password":"Pm12345@","password_confirm":"Pm12345@","role":"admin","username":"spe1012"},"environment":"development","host":"872b47761d7b","level":"info","message":"createAccount - start","method":"POST","route":"/api/v1/auth/users/register","service":"task-manager","timestamp":"2025-11-17T08:51:06.128Z"}
{"email":"pm.lola2022@gmail.com","environment":"development","host":"872b47761d7b","level":"info","message":"createAccount - user created successfully","service":"task-manager","timestamp":"2025-11-17T08:51:06.249Z","userId":"691ae1fa3cb223fb766bfd92"}
{"duration":"0.123s","environment":"development","host":"872b47761d7b","level":"info","message":"HTTP request end","request_id":"229f3e61-c553-4924-959f-45adfcdb3f13","service":"task-manager","status_code":201,"timestamp":"2025-11-17T08:51:06.250Z"}
{"body_size_bytes":57,"environment":"development","host":"872b47761d7b","level":"info","message":"HTTP request start","method":"POST","request_id":"dedbc248-f020-4388-859c-d61b2ad1f1cd","route":"/api/v1/auth/users/login","service":"task-manager","timestamp":"2025-11-17T08:51:12.765Z","user_id":"anonymous"}
{"body":{"email":"pm.lola2022@gmail.com","password":"Pm12345@"},"environment":"development","host":"872b47761d7b","level":"info","message":"loginAccount - start","method":"POST","route":"/api/v1/auth/users/login","service":"task-manager","timestamp":"2025-11-17T08:51:12.765Z"}
{"email":"pm.lola2022@gmail.com","environment":"development","host":"872b47761d7b","level":"info","message":"loginAccount - user logged in successfully","service":"task-manager","timestamp":"2025-11-17T08:51:12.875Z","userId":"691ae1fa3cb223fb766bfd92"}
{"duration":"0.112s","environment":"development","host":"872b47761d7b","level":"info","message":"HTTP request end","request_id":"dedbc248-f020-4388-859c-d61b2ad1f1cd","service":"task-manager","status_code":200,"timestamp":"2025-11-17T08:51:12.877Z"}
{"body_size_bytes":0,"environment":"development","host":"872b47761d7b","level":"info","message":"HTTP request start","method":"POST","request_id":"159297e0-5376-4ab2-bb25-d4dd06fa731a","route":"/api/v1/auth/users/send-otp-verify","service":"task-manager","timestamp":"2025-11-17T08:51:19.577Z","user_id":"anonymous"}
{"environment":"development","host":"872b47761d7b","level":"info","message":"userAuth - token verified successfully","service":"task-manager","timestamp":"2025-11-17T08:51:19.580Z","userId":"691ae1fa3cb223fb766bfd92"}
{"environment":"development","host":"872b47761d7b","level":"info","message":"sendOtpVerificationEmail - start","service":"task-manager","timestamp":"2025-11-17T08:51:19.581Z","userId":"691ae1fa3cb223fb766bfd92"}
{"environment":"development","host":"872b47761d7b","level":"info","message":"sendOtpVerificationEmail - OTP saved successfully","otp":"257283","service":"task-manager","timestamp":"2025-11-17T08:51:19.587Z","userId":"691ae1fa3cb223fb766bfd92"}
{"environment":"development","host":"872b47761d7b","level":"info","message":"sendOtpVerificationEmail - OTP email ready to send","service":"task-manager","timestamp":"2025-11-17T08:51:19.588Z","userEmail":"pm.lola2022@gmail.com"}
{"duration":"0.012s","environment":"development","host":"872b47761d7b","level":"info","message":"HTTP request end","request_id":"159297e0-5376-4ab2-bb25-d4dd06fa731a","service":"task-manager","status_code":200,"timestamp":"2025-11-17T08:51:19.589Z"}
{"body_size_bytes":16,"environment":"development","host":"872b47761d7b","level":"info","message":"HTTP request start","method":"POST","request_id":"44fe42a2-e444-4c46-b429-9913a2716743","route":"/api/v1/auth/users/verify-otp","service":"task-manager","timestamp":"2025-11-17T08:51:50.892Z","user_id":"anonymous"}
{"environment":"development","host":"872b47761d7b","level":"info","message":"userAuth - token verified successfully","service":"task-manager","timestamp":"2025-11-17T08:51:50.896Z","userId":"691ae1fa3cb223fb766bfd92"}
{"environment":"development","host":"872b47761d7b","level":"info","message":"verifyEmail - start","otp":"257283","service":"task-manager","timestamp":"2025-11-17T08:51:50.896Z","userId":"691ae1fa3cb223fb766bfd92"}
{"environment":"development","host":"872b47761d7b","level":"info","message":"verifyEmail - email verified successfully","service":"task-manager","timestamp":"2025-11-17T08:51:50.902Z","userId":"691ae1fa3cb223fb766bfd92"}
{"duration":"0.011s","environment":"development","host":"872b47761d7b","level":"info","message":"HTTP request end","request_id":"44fe42a2-e444-4c46-b429-9913a2716743","service":"task-manager","status_code":200,"timestamp":"2025-11-17T08:51:50.903Z"}
{"body_size_bytes":123,"environment":"development","host":"6c750ca2ddc8","level":"info","message":"HTTP request start","method":"POST","request_id":"bac266d0-e485-4ace-ae69-bb962cbfb7cc","route":"/api/v1/auth/users/register","service":"task-manager","timestamp":"2025-11-17T08:54:20.501Z","user_id":"anonymous"}
{"body":{"email":"pm.lola2022@gmail.com","password":"Pm12345@","password_confirm":"Pm12345@","role":"admin","username":"spe1012"},"environment":"development","host":"6c750ca2ddc8","level":"info","message":"createAccount - start","method":"POST","route":"/api/v1/auth/users/register","service":"task-manager","timestamp":"2025-11-17T08:54:20.507Z"}
{"email":"pm.lola2022@gmail.com","environment":"development","host":"6c750ca2ddc8","level":"info","message":"createAccount - user created successfully","service":"task-manager","timestamp":"2025-11-17T08:54:20.668Z","userId":"691ae2bcd0d83515c1a8e308"}
{"duration":"0.179s","environment":"development","host":"6c750ca2ddc8","level":"info","message":"HTTP request end","request_id":"bac266d0-e485-4ace-ae69-bb962cbfb7cc","service":"task-manager","status_code":201,"timestamp":"2025-11-17T08:54:20.681Z"}
{"body_size_bytes":57,"environment":"development","host":"6c750ca2ddc8","level":"info","message":"HTTP request start","method":"POST","request_id":"01969731-ea5f-4356-b081-3397ace56812","route":"/api/v1/auth/users/login","service":"task-manager","timestamp":"2025-11-17T08:54:26.075Z","user_id":"anonymous"}
{"body":{"email":"pm.lola2022@gmail.com","password":"Pm12345@"},"environment":"development","host":"6c750ca2ddc8","level":"info","message":"loginAccount - start","method":"POST","route":"/api/v1/auth/users/login","service":"task-manager","timestamp":"2025-11-17T08:54:26.078Z"}
{"email":"pm.lola2022@gmail.com","environment":"development","host":"6c750ca2ddc8","level":"info","message":"loginAccount - user logged in successfully","service":"task-manager","timestamp":"2025-11-17T08:54:26.198Z","userId":"691ae2bcd0d83515c1a8e308"}
{"duration":"0.125s","environment":"development","host":"6c750ca2ddc8","level":"info","message":"HTTP request end","request_id":"01969731-ea5f-4356-b081-3397ace56812","service":"task-manager","status_code":200,"timestamp":"2025-11-17T08:54:26.200Z"}
{"body_size_bytes":0,"environment":"development","host":"6c750ca2ddc8","level":"info","message":"HTTP request start","method":"POST","request_id":"8cf2f408-3d78-480b-aff2-209343dfc0f3","route":"/api/v1/auth/users/send-otp-verify","service":"task-manager","timestamp":"2025-11-17T08:54:31.978Z","user_id":"anonymous"}
{"environment":"development","host":"6c750ca2ddc8","level":"info","message":"userAuth - token verified successfully","service":"task-manager","timestamp":"2025-11-17T08:54:31.985Z","userId":"691ae2bcd0d83515c1a8e308"}
{"environment":"development","host":"6c750ca2ddc8","level":"info","message":"sendOtpVerificationEmail - start","service":"task-manager","timestamp":"2025-11-17T08:54:31.986Z","userId":"691ae2bcd0d83515c1a8e308"}
{"environment":"development","host":"6c750ca2ddc8","level":"info","message":"sendOtpVerificationEmail - OTP saved successfully","otp":"149070","service":"task-manager","timestamp":"2025-11-17T08:54:32.002Z","userId":"691ae2bcd0d83515c1a8e308"}
{"environment":"development","host":"6c750ca2ddc8","level":"info","message":"sendOtpVerificationEmail - OTP email ready to send","service":"task-manager","timestamp":"2025-11-17T08:54:32.002Z","userEmail":"pm.lola2022@gmail.com"}
{"duration":"0.027s","environment":"development","host":"6c750ca2ddc8","level":"info","message":"HTTP request end","request_id":"8cf2f408-3d78-480b-aff2-209343dfc0f3","service":"task-manager","status_code":200,"timestamp":"2025-11-17T08:54:32.006Z"}
{"body_size_bytes":16,"environment":"development","host":"6c750ca2ddc8","level":"info","message":"HTTP request start","method":"POST","request_id":"9b71344d-0912-4e24-8957-f8088093d581","route":"/api/v1/auth/users/verify-otp","service":"task-manager","timestamp":"2025-11-17T08:54:59.872Z","user_id":"anonymous"}
{"environment":"development","host":"6c750ca2ddc8","level":"info","message":"userAuth - token verified successfully","service":"task-manager","timestamp":"2025-11-17T08:54:59.879Z","userId":"691ae2bcd0d83515c1a8e308"}
{"environment":"development","host":"6c750ca2ddc8","level":"info","message":"verifyEmail - start","otp":"149070","service":"task-manager","timestamp":"2025-11-17T08:54:59.880Z","userId":"691ae2bcd0d83515c1a8e308"}
{"environment":"development","host":"6c750ca2ddc8","level":"info","message":"verifyEmail - email verified successfully","service":"task-manager","timestamp":"2025-11-17T08:54:59.894Z","userId":"691ae2bcd0d83515c1a8e308"}
{"duration":"0.025s","environment":"development","host":"6c750ca2ddc8","level":"info","message":"HTTP request end","request_id":"9b71344d-0912-4e24-8957-f8088093d581","service":"task-manager","status_code":200,"timestamp":"2025-11-17T08:54:59.897Z"}
{"body_size_bytes":0,"environment":"development","host":"6c750ca2ddc8","level":"info","message":"HTTP request start","method":"POST","request_id":"9424f89b-c8a9-4daa-8efa-85429ab6203a","route":"/api/v1/auth/users/logout","service":"task-manager","timestamp":"2025-11-17T08:59:35.244Z","user_id":"anonymous"}
{"environment":"development","host":"6c750ca2ddc8","level":"info","message":"logoutAccount - start","method":"POST","route":"/api/v1/auth/users/logout","service":"task-manager","timestamp":"2025-11-17T08:59:35.245Z","userId":"anonymous"}
{"environment":"development","host":"6c750ca2ddc8","level":"info","message":"logoutAccount - user logged out successfully","service":"task-manager","timestamp":"2025-11-17T08:59:35.246Z","userId":"anonymous"}
{"duration":"0.005s","environment":"development","host":"6c750ca2ddc8","level":"info","message":"HTTP request end","request_id":"9424f89b-c8a9-4daa-8efa-85429ab6203a","service":"task-manager","status_code":200,"timestamp":"2025-11-17T08:59:35.249Z"}
{"body_size_bytes":107,"environment":"development","host":"6c750ca2ddc8","level":"info","message":"HTTP request start","method":"POST","request_id":"4a580238-478d-4448-946b-a922db2dd1d9","route":"/api/v1/auth/users/register","service":"task-manager","timestamp":"2025-11-17T09:00:03.902Z","user_id":"anonymous"}
{"body":{"email":"a.badila@laposte.net","password":"@Amina35","password_confirm":"@Amina35","username":"amina35"},"environment":"development","host":"6c750ca2ddc8","level":"info","message":"createAccount - start","method":"POST","route":"/api/v1/auth/users/register","service":"task-manager","timestamp":"2025-11-17T09:00:03.903Z"}
{"email":"a.badila@laposte.net","environment":"development","host":"6c750ca2ddc8","level":"info","message":"createAccount - user created successfully","service":"task-manager","timestamp":"2025-11-17T09:00:04.089Z","userId":"691ae414d0d83515c1a8e310"}
{"duration":"0.189s","environment":"development","host":"6c750ca2ddc8","level":"info","message":"HTTP request end","request_id":"4a580238-478d-4448-946b-a922db2dd1d9","service":"task-manager","status_code":201,"timestamp":"2025-11-17T09:00:04.091Z"}
{"body_size_bytes":56,"environment":"development","host":"6c750ca2ddc8","level":"info","message":"HTTP request start","method":"POST","request_id":"a1024553-f611-44be-8846-a978b0372c2f","route":"/api/v1/auth/users/login","service":"task-manager","timestamp":"2025-11-17T09:00:08.505Z","user_id":"anonymous"}
{"body":{"email":"a.badila@laposte.net","password":"@Amina35"},"environment":"development","host":"6c750ca2ddc8","level":"info","message":"loginAccount - start","method":"POST","route":"/api/v1/auth/users/login","service":"task-manager","timestamp":"2025-11-17T09:00:08.507Z"}
{"email":"a.badila@laposte.net","environment":"development","host":"6c750ca2ddc8","level":"info","message":"loginAccount - user logged in successfully","service":"task-manager","timestamp":"2025-11-17T09:00:08.685Z","userId":"691ae414d0d83515c1a8e310"}
{"duration":"0.182s","environment":"development","host":"6c750ca2ddc8","level":"info","message":"HTTP request end","request_id":"a1024553-f611-44be-8846-a978b0372c2f","service":"task-manager","status_code":200,"timestamp":"2025-11-17T09:00:08.686Z"}
{"body_size_bytes":0,"environment":"development","host":"6c750ca2ddc8","level":"info","message":"HTTP request start","method":"POST","request_id":"cf434dff-1d84-49e3-b1da-d4ff4d0bc025","route":"/api/v1/auth/users/send-otp-verify","service":"task-manager","timestamp":"2025-11-17T09:00:15.303Z","user_id":"anonymous"}
{"environment":"development","host":"6c750ca2ddc8","level":"info","message":"userAuth - token verified successfully","service":"task-manager","timestamp":"2025-11-17T09:00:15.313Z","userId":"691ae414d0d83515c1a8e310"}
{"environment":"development","host":"6c750ca2ddc8","level":"info","message":"sendOtpVerificationEmail - start","service":"task-manager","timestamp":"2025-11-17T09:00:15.314Z","userId":"691ae414d0d83515c1a8e310"}
{"environment":"development","host":"6c750ca2ddc8","level":"info","message":"sendOtpVerificationEmail - OTP saved successfully","otp":"768824","service":"task-manager","timestamp":"2025-11-17T09:00:15.338Z","userId":"691ae414d0d83515c1a8e310"}
{"environment":"development","host":"6c750ca2ddc8","level":"info","message":"sendOtpVerificationEmail - OTP email ready to send","service":"task-manager","timestamp":"2025-11-17T09:00:15.340Z","userEmail":"a.badila@laposte.net"}
{"duration":"0.042s","environment":"development","host":"6c750ca2ddc8","level":"info","message":"HTTP request end","request_id":"cf434dff-1d84-49e3-b1da-d4ff4d0bc025","service":"task-manager","status_code":200,"timestamp":"2025-11-17T09:00:15.345Z"}
{"body_size_bytes":16,"environment":"development","host":"6c750ca2ddc8","level":"info","message":"HTTP request start","method":"POST","request_id":"cce83389-70f7-40e8-8853-326748714d86","route":"/api/v1/auth/users/verify-otp","service":"task-manager","timestamp":"2025-11-17T09:00:41.263Z","user_id":"anonymous"}
{"environment":"development","host":"6c750ca2ddc8","level":"info","message":"userAuth - token verified successfully","service":"task-manager","timestamp":"2025-11-17T09:00:41.273Z","userId":"691ae414d0d83515c1a8e310"}
{"environment":"development","host":"6c750ca2ddc8","level":"info","message":"verifyEmail - start","otp":"768824","service":"task-manager","timestamp":"2025-11-17T09:00:41.274Z","userId":"691ae414d0d83515c1a8e310"}
{"environment":"development","host":"6c750ca2ddc8","level":"info","message":"verifyEmail - email verified successfully","service":"task-manager","timestamp":"2025-11-17T09:00:41.297Z","userId":"691ae414d0d83515c1a8e310"}
{"duration":"0.042s","environment":"development","host":"6c750ca2ddc8","level":"info","message":"HTTP request end","request_id":"cce83389-70f7-40e8-8853-326748714d86","service":"task-manager","status_code":200,"timestamp":"2025-11-17T09:00:41.305Z"}
{"body_size_bytes":0,"environment":"development","host":"6c750ca2ddc8","level":"info","message":"HTTP request start","method":"POST","request_id":"5e4426ca-02fa-4633-98b7-777ab9f69852","route":"/api/v1/auth/users/logout","service":"task-manager","timestamp":"2025-11-17T09:01:59.925Z","user_id":"anonymous"}
{"environment":"development","host":"6c750ca2ddc8","level":"info","message":"logoutAccount - start","method":"POST","route":"/api/v1/auth/users/logout","service":"task-manager","timestamp":"2025-11-17T09:01:59.927Z","userId":"anonymous"}
{"environment":"development","host":"6c750ca2ddc8","level":"info","message":"logoutAccount - user logged out successfully","service":"task-manager","timestamp":"2025-11-17T09:01:59.929Z","userId":"anonymous"}
{"duration":"0.011s","environment":"development","host":"6c750ca2ddc8","level":"info","message":"HTTP request end","request_id":"5e4426ca-02fa-4633-98b7-777ab9f69852","service":"task-manager","status_code":200,"timestamp":"2025-11-17T09:01:59.937Z"}
{"body_size_bytes":107,"environment":"development","host":"6c750ca2ddc8","level":"info","message":"HTTP request start","method":"POST","request_id":"58434034-7d43-4a2a-a449-91423b03635e","route":"/api/v1/auth/users/register","service":"task-manager","timestamp":"2025-11-17T09:02:25.970Z","user_id":"anonymous"}
{"body":{"email":"a.badila@laposte.net","password":"@Amina35","password_confirm":"@Amina35","username":"amina35"},"environment":"development","host":"6c750ca2ddc8","level":"info","message":"createAccount - start","method":"POST","route":"/api/v1/auth/users/register","service":"task-manager","timestamp":"2025-11-17T09:02:25.971Z"}
{"email":"a.badila@laposte.net","environment":"development","host":"6c750ca2ddc8","level":"info","message":"createAccount - user created successfully","service":"task-manager","timestamp":"2025-11-17T09:02:26.188Z","userId":"691ae4a2d0d83515c1a8e318"}
{"duration":"0.220s","environment":"development","host":"6c750ca2ddc8","level":"info","message":"HTTP request end","request_id":"58434034-7d43-4a2a-a449-91423b03635e","service":"task-manager","status_code":201,"timestamp":"2025-11-17T09:02:26.190Z"}
{"body_size_bytes":56,"environment":"development","host":"6c750ca2ddc8","level":"info","message":"HTTP request start","method":"POST","request_id":"bd5e9902-9f22-4748-8af4-c75ce4b5d9a9","route":"/api/v1/auth/users/login","service":"task-manager","timestamp":"2025-11-17T09:02:31.592Z","user_id":"anonymous"}
{"body":{"email":"a.badila@laposte.net","password":"@Amina35"},"environment":"development","host":"6c750ca2ddc8","level":"info","message":"loginAccount - start","method":"POST","route":"/api/v1/auth/users/login","service":"task-manager","timestamp":"2025-11-17T09:02:31.594Z"}
{"email":"a.badila@laposte.net","environment":"development","host":"6c750ca2ddc8","level":"info","message":"loginAccount - user logged in successfully","service":"task-manager","timestamp":"2025-11-17T09:02:31.786Z","userId":"691ae4a2d0d83515c1a8e318"}
{"duration":"0.195s","environment":"development","host":"6c750ca2ddc8","level":"info","message":"HTTP request end","request_id":"bd5e9902-9f22-4748-8af4-c75ce4b5d9a9","service":"task-manager","status_code":200,"timestamp":"2025-11-17T09:02:31.788Z"}
{"body_size_bytes":0,"environment":"development","host":"6c750ca2ddc8","level":"info","message":"HTTP request start","method":"POST","request_id":"cb7138bf-0ff2-41a9-a3ed-84a68e279b49","route":"/api/v1/auth/users/send-otp-verify","service":"task-manager","timestamp":"2025-11-17T09:02:35.911Z","user_id":"anonymous"}
{"environment":"development","host":"6c750ca2ddc8","level":"info","message":"userAuth - token verified successfully","service":"task-manager","timestamp":"2025-11-17T09:02:35.921Z","userId":"691ae4a2d0d83515c1a8e318"}
{"environment":"development","host":"6c750ca2ddc8","level":"info","message":"sendOtpVerificationEmail - start","service":"task-manager","timestamp":"2025-11-17T09:02:35.921Z","userId":"691ae4a2d0d83515c1a8e318"}
{"environment":"development","host":"6c750ca2ddc8","level":"info","message":"sendOtpVerificationEmail - OTP saved successfully","otp":"908565","service":"task-manager","timestamp":"2025-11-17T09:02:35.945Z","userId":"691ae4a2d0d83515c1a8e318"}
{"environment":"development","host":"6c750ca2ddc8","level":"info","message":"sendOtpVerificationEmail - OTP email ready to send","service":"task-manager","timestamp":"2025-11-17T09:02:35.946Z","userEmail":"a.badila@laposte.net"}
{"duration":"0.040s","environment":"development","host":"6c750ca2ddc8","level":"info","message":"HTTP request end","request_id":"cb7138bf-0ff2-41a9-a3ed-84a68e279b49","service":"task-manager","status_code":200,"timestamp":"2025-11-17T09:02:35.951Z"}
{"body_size_bytes":16,"environment":"development","host":"6c750ca2ddc8","level":"info","message":"HTTP request start","method":"POST","request_id":"70576aa9-60fe-4ed4-9874-647fd10794fa","route":"/api/v1/auth/users/verify-otp","service":"task-manager","timestamp":"2025-11-17T09:03:01.573Z","user_id":"anonymous"}
{"environment":"development","host":"6c750ca2ddc8","level":"info","message":"userAuth - token verified successfully","service":"task-manager","timestamp":"2025-11-17T09:03:01.583Z","userId":"691ae4a2d0d83515c1a8e318"}
{"environment":"development","host":"6c750ca2ddc8","level":"info","message":"verifyEmail - start","otp":"908565","service":"task-manager","timestamp":"2025-11-17T09:03:01.584Z","userId":"691ae4a2d0d83515c1a8e318"}
{"environment":"development","host":"6c750ca2ddc8","level":"info","message":"verifyEmail - email verified successfully","service":"task-manager","timestamp":"2025-11-17T09:03:01.608Z","userId":"691ae4a2d0d83515c1a8e318"}
{"duration":"0.039s","environment":"development","host":"6c750ca2ddc8","level":"info","message":"HTTP request end","request_id":"70576aa9-60fe-4ed4-9874-647fd10794fa","service":"task-manager","status_code":200,"timestamp":"2025-11-17T09:03:01.612Z"}
{"body_size_bytes":0,"environment":"development","host":"6c750ca2ddc8","level":"info","message":"HTTP request start","method":"POST","request_id":"9a9fc66e-1e8c-4ab3-bb53-f3fe2658c379","route":"/api/v1/auth/users/logout","service":"task-manager","timestamp":"2025-11-17T09:16:10.663Z","user_id":"anonymous"}
{"environment":"development","host":"6c750ca2ddc8","level":"info","message":"logoutAccount - start","method":"POST","route":"/api/v1/auth/users/logout","service":"task-manager","timestamp":"2025-11-17T09:16:10.664Z","userId":"anonymous"}
{"environment":"development","host":"6c750ca2ddc8","level":"info","message":"logoutAccount - user logged out successfully","service":"task-manager","timestamp":"2025-11-17T09:16:10.666Z","userId":"anonymous"}
{"duration":"0.009s","environment":"development","host":"6c750ca2ddc8","level":"info","message":"HTTP request end","request_id":"9a9fc66e-1e8c-4ab3-bb53-f3fe2658c379","service":"task-manager","status_code":200,"timestamp":"2025-11-17T09:16:10.671Z"}
{"body_size_bytes":107,"environment":"development","host":"6c750ca2ddc8","level":"info","message":"HTTP request start","method":"POST","request_id":"ad5f1037-b765-494b-9232-e752816df6c1","route":"/api/v1/auth/users/register","service":"task-manager","timestamp":"2025-11-17T09:16:55.382Z","user_id":"anonymous"}
{"body":{"email":"a.badila@laposte.net","password":"@Amina35","password_confirm":"@Amina35","username":"amina35"},"environment":"development","host":"6c750ca2ddc8","level":"info","message":"createAccount - start","method":"POST","route":"/api/v1/auth/users/register","service":"task-manager","timestamp":"2025-11-17T09:16:55.382Z"}
{"email":"a.badila@laposte.net","environment":"development","host":"6c750ca2ddc8","level":"info","message":"createAccount - user created successfully","service":"task-manager","timestamp":"2025-11-17T09:16:55.505Z","userId":"691ae807d0d83515c1a8e320"}
{"duration":"0.125s","environment":"development","host":"6c750ca2ddc8","level":"info","message":"HTTP request end","request_id":"ad5f1037-b765-494b-9232-e752816df6c1","service":"task-manager","status_code":201,"timestamp":"2025-11-17T09:16:55.507Z"}
{"body_size_bytes":56,"environment":"development","host":"6c750ca2ddc8","level":"info","message":"HTTP request start","method":"POST","request_id":"4a8fe56f-0cbe-42bc-8745-5867edb7abea","route":"/api/v1/auth/users/login","service":"task-manager","timestamp":"2025-11-17T09:17:00.279Z","user_id":"anonymous"}
{"body":{"email":"a.badila@laposte.net","password":"@Amina35"},"environment":"development","host":"6c750ca2ddc8","level":"info","message":"loginAccount - start","method":"POST","route":"/api/v1/auth/users/login","service":"task-manager","timestamp":"2025-11-17T09:17:00.280Z"}
{"email":"a.badila@laposte.net","environment":"development","host":"6c750ca2ddc8","level":"info","message":"loginAccount - user logged in successfully","service":"task-manager","timestamp":"2025-11-17T09:17:00.467Z","userId":"691ae807d0d83515c1a8e320"}
{"duration":"0.190s","environment":"development","host":"6c750ca2ddc8","level":"info","message":"HTTP request end","request_id":"4a8fe56f-0cbe-42bc-8745-5867edb7abea","service":"task-manager","status_code":200,"timestamp":"2025-11-17T09:17:00.468Z"}
{"body_size_bytes":0,"environment":"development","host":"6c750ca2ddc8","level":"info","message":"HTTP request start","method":"POST","request_id":"72999e7b-3669-4a88-b8f6-855a74d9e77b","route":"/api/v1/auth/users/send-otp-verify","service":"task-manager","timestamp":"2025-11-17T09:17:08.166Z","user_id":"anonymous"}
{"environment":"development","host":"6c750ca2ddc8","level":"info","message":"userAuth - token verified successfully","service":"task-manager","timestamp":"2025-11-17T09:17:08.177Z","userId":"691ae807d0d83515c1a8e320"}
{"environment":"development","host":"6c750ca2ddc8","level":"info","message":"sendOtpVerificationEmail - start","service":"task-manager","timestamp":"2025-11-17T09:17:08.178Z","userId":"691ae807d0d83515c1a8e320"}
{"environment":"development","host":"6c750ca2ddc8","level":"info","message":"sendOtpVerificationEmail - OTP saved successfully","otp":"567169","service":"task-manager","timestamp":"2025-11-17T09:17:08.196Z","userId":"691ae807d0d83515c1a8e320"}
{"environment":"development","host":"6c750ca2ddc8","level":"info","message":"sendOtpVerificationEmail - OTP email ready to send","service":"task-manager","timestamp":"2025-11-17T09:17:08.197Z","userEmail":"a.badila@laposte.net"}
{"duration":"0.037s","environment":"development","host":"6c750ca2ddc8","level":"info","message":"HTTP request end","request_id":"72999e7b-3669-4a88-b8f6-855a74d9e77b","service":"task-manager","status_code":200,"timestamp":"2025-11-17T09:17:08.203Z"}
{"body_size_bytes":16,"environment":"development","host":"6c750ca2ddc8","level":"info","message":"HTTP request start","method":"POST","request_id":"2eae2b1c-b28d-4c05-b21f-c7f70f8e2f89","route":"/api/v1/auth/users/verify-otp","service":"task-manager","timestamp":"2025-11-17T09:18:19.856Z","user_id":"anonymous"}
{"environment":"development","host":"6c750ca2ddc8","level":"info","message":"userAuth - token verified successfully","service":"task-manager","timestamp":"2025-11-17T09:18:19.867Z","userId":"691ae807d0d83515c1a8e320"}
{"environment":"development","host":"6c750ca2ddc8","level":"info","message":"verifyEmail - start","otp":"567169","service":"task-manager","timestamp":"2025-11-17T09:18:19.868Z","userId":"691ae807d0d83515c1a8e320"}
{"environment":"development","host":"6c750ca2ddc8","level":"info","message":"verifyEmail - email verified successfully","service":"task-manager","timestamp":"2025-11-17T09:18:19.885Z","userId":"691ae807d0d83515c1a8e320"}
{"duration":"0.031s","environment":"development","host":"6c750ca2ddc8","level":"info","message":"HTTP request end","request_id":"2eae2b1c-b28d-4c05-b21f-c7f70f8e2f89","service":"task-manager","status_code":200,"timestamp":"2025-11-17T09:18:19.888Z"}
