{"body_size_bytes":0,"environment":"development","host":"spencer-wawaku-Latitude-5490","level":"info","message":"HTTP request start","method":"GET","request_id":"bc64139d-9383-455b-a4b0-a2195b8086a6","route":"/","service":"task-manager","timestamp":"2026-02-02T22:09:12.095Z","user_id":"anonymous"}
{"duration":"0.038s","environment":"development","host":"spencer-wawaku-Latitude-5490","level":"info","message":"HTTP request end","request_id":"bc64139d-9383-455b-a4b0-a2195b8086a6","service":"task-manager","status_code":200,"timestamp":"2026-02-02T22:09:12.133Z"}
{"body_size_bytes":0,"environment":"development","host":"spencer-wawaku-Latitude-5490","level":"info","message":"HTTP request start","method":"GET","request_id":"d053fda0-fc05-4c60-927b-0ca3d54b1255","route":"/favicon.ico","service":"task-manager","timestamp":"2026-02-02T22:09:12.360Z","user_id":"anonymous"}
{"duration":"0.005s","environment":"development","host":"spencer-wawaku-Latitude-5490","level":"info","message":"HTTP request end","request_id":"d053fda0-fc05-4c60-927b-0ca3d54b1255","service":"task-manager","status_code":404,"timestamp":"2026-02-02T22:09:12.365Z"}
{"body_size_bytes":56,"environment":"development","host":"spencer-wawaku-Latitude-5490","level":"info","message":"HTTP request start","method":"POST","request_id":"2f639a00-e313-4b4e-95c6-0e23e1fe0c49","route":"/api/v1/auth/users/login","service":"task-manager","timestamp":"2026-02-02T22:09:20.155Z","user_id":"anonymous"}
{"body":{"email":"a.badila@laposte.net","password":"Amina35@"},"environment":"development","host":"spencer-wawaku-Latitude-5490","level":"info","message":"loginAccount - start","method":"POST","route":"/api/v1/auth/users/login","service":"task-manager","timestamp":"2026-02-02T22:09:20.160Z"}
{"body_size_bytes":56,"environment":"development","host":"53aacffb77ad","level":"info","message":"HTTP request start","method":"POST","request_id":"251584d4-0266-4a69-be60-954987a27d69","route":"/api/v1/auth/users/login","service":"task-manager","timestamp":"2026-02-02T22:56:23.191Z","user_id":"anonymous"}
{"body":{"email":"a.badila@laposte.net","password":"Amina35@"},"environment":"development","host":"53aacffb77ad","level":"info","message":"loginAccount - start","method":"POST","route":"/api/v1/auth/users/login","service":"task-manager","timestamp":"2026-02-02T22:56:23.197Z"}
{"email":"a.badila@laposte.net","environment":"development","host":"53aacffb77ad","level":"info","message":"loginAccount - user logged in successfully","service":"task-manager","timestamp":"2026-02-02T22:56:23.616Z","userId":"6920e485997fd01bfe2282bb"}
{"duration":"0.435s","environment":"development","host":"53aacffb77ad","level":"info","message":"HTTP request end","request_id":"251584d4-0266-4a69-be60-954987a27d69","service":"task-manager","status_code":200,"timestamp":"2026-02-02T22:56:23.624Z"}
{"body_size_bytes":0,"environment":"development","host":"53aacffb77ad","level":"info","message":"HTTP request start","method":"GET","request_id":"35650909-d86e-4962-b4d5-67eaa245dd83","route":"/api/v1/users/current","service":"task-manager","timestamp":"2026-02-02T22:56:23.707Z","user_id":"anonymous"}
{"environment":"development","host":"53aacffb77ad","level":"info","message":"userAuth - token verified successfully","service":"task-manager","timestamp":"2026-02-02T22:56:23.715Z","userId":"6920e485997fd01bfe2282bb"}
{"environment":"development","host":"53aacffb77ad","level":"info","message":"Current user fetched from DB and cached","service":"task-manager","timestamp":"2026-02-02T22:56:23.740Z","userId":"6920e485997fd01bfe2282bb"}
{"duration":"0.038s","environment":"development","host":"53aacffb77ad","level":"info","message":"HTTP request end","request_id":"35650909-d86e-4962-b4d5-67eaa245dd83","service":"task-manager","status_code":200,"timestamp":"2026-02-02T22:56:23.745Z"}
{"body_size_bytes":0,"environment":"development","host":"53aacffb77ad","level":"info","message":"HTTP request start","method":"POST","request_id":"970a24df-a490-4121-a542-1e181a3be644","route":"/api/v1/auth/users/send-otp-verify","service":"task-manager","timestamp":"2026-02-02T22:56:38.543Z","user_id":"anonymous"}
{"environment":"development","host":"53aacffb77ad","level":"info","message":"userAuth - token verified successfully","service":"task-manager","timestamp":"2026-02-02T22:56:38.557Z","userId":"6920e485997fd01bfe2282bb"}
{"environment":"development","host":"53aacffb77ad","level":"info","message":"sendOtpVerificationEmail - start","service":"task-manager","timestamp":"2026-02-02T22:56:38.560Z","userId":"6920e485997fd01bfe2282bb"}
{"environment":"development","host":"53aacffb77ad","level":"info","message":"sendOtpVerificationEmail - OTP saved successfully","otp":"929543","service":"task-manager","timestamp":"2026-02-02T22:56:38.661Z","userId":"6920e485997fd01bfe2282bb"}
{"environment":"development","host":"53aacffb77ad","level":"info","message":"sendOtpVerificationEmail - OTP email ready to send","service":"task-manager","timestamp":"2026-02-02T22:56:38.663Z","userEmail":"a.badila@laposte.net"}
{"duration":"0.125s","environment":"development","host":"53aacffb77ad","level":"info","message":"HTTP request end","request_id":"970a24df-a490-4121-a542-1e181a3be644","service":"task-manager","status_code":200,"timestamp":"2026-02-02T22:56:38.669Z"}
