{"body_size_bytes":108,"environment":"development","host":"852b89113d90","level":"info","message":"HTTP request start","method":"POST","request_id":"b0717437-d06a-4501-9c64-340438b7a88c","route":"/api/v1/auth/users/register","service":"task-manager","timestamp":"2025-11-01T15:01:21.579Z","user_id":"anonymous"}
{"duration":"0.011s","environment":"development","host":"852b89113d90","level":"info","message":"HTTP request end","request_id":"b0717437-d06a-4501-9c64-340438b7a88c","service":"task-manager","status_code":404,"timestamp":"2025-11-01T15:01:21.591Z"}
{"body_size_bytes":57,"environment":"development","host":"852b89113d90","level":"info","message":"HTTP request start","method":"POST","request_id":"541617fa-40b0-4101-af58-701e001b86b4","route":"/api/v1/auth/users/login","service":"task-manager","timestamp":"2025-11-01T15:01:33.332Z","user_id":"anonymous"}
{"body":{"email":"pm.lola2022@gmail.com","password":"Pm12345@"},"environment":"development","host":"852b89113d90","level":"error","message":"Express error caught logger is not defined","method":"POST","name":"ReferenceError","path":"/api/v1/auth/users/login","service":"task-manager","stack":"ReferenceError: logger is not defined\n    at loginAccount (file:///usr/src/app/controllers/auth_controller.js:118:9)\n    at Layer.handleRequest (/usr/src/app/node_modules/router/lib/layer.js:152:17)\n    at next (/usr/src/app/node_modules/router/lib/route.js:157:13)\n    at Route.dispatch (/usr/src/app/node_modules/router/lib/route.js:117:3)\n    at handle (/usr/src/app/node_modules/router/index.js:435:11)\n    at Layer.handleRequest (/usr/src/app/node_modules/router/lib/layer.js:152:17)\n    at /usr/src/app/node_modules/router/index.js:295:15\n    at processParams (/usr/src/app/node_modules/router/index.js:582:12)\n    at next (/usr/src/app/node_modules/router/index.js:291:5)\n    at Function.handle (/usr/src/app/node_modules/router/index.js:186:3)","status":500,"timestamp":"2025-11-01T15:01:33.336Z","user":"anonymous"}
{"duration":"0.006s","environment":"development","host":"852b89113d90","level":"info","message":"HTTP request end","request_id":"541617fa-40b0-4101-af58-701e001b86b4","service":"task-manager","status_code":500,"timestamp":"2025-11-01T15:01:33.339Z"}
{"body_size_bytes":108,"environment":"development","host":"852b89113d90","level":"info","message":"HTTP request start","method":"POST","request_id":"0b0e6a88-521e-4891-8173-d18a74b7bcf7","route":"/api/v1/auth/users/register","service":"task-manager","timestamp":"2025-11-01T15:02:37.085Z","user_id":"anonymous"}
{"duration":"0.003s","environment":"development","host":"852b89113d90","level":"info","message":"HTTP request end","request_id":"0b0e6a88-521e-4891-8173-d18a74b7bcf7","service":"task-manager","status_code":404,"timestamp":"2025-11-01T15:02:37.088Z"}
{"body_size_bytes":108,"environment":"development","host":"852b89113d90","level":"info","message":"HTTP request start","method":"POST","request_id":"0987b80f-fce1-4abb-9da6-5257a3c55ff0","route":"/api/v1/auth/users/register","service":"task-manager","timestamp":"2025-11-01T15:02:44.777Z","user_id":"anonymous"}
{"duration":"0.006s","environment":"development","host":"852b89113d90","level":"info","message":"HTTP request end","request_id":"0987b80f-fce1-4abb-9da6-5257a3c55ff0","service":"task-manager","status_code":404,"timestamp":"2025-11-01T15:02:44.782Z"}
{"body_size_bytes":108,"environment":"development","host":"08443aae9097","level":"info","message":"HTTP request start","method":"POST","request_id":"c2271dbf-a9d7-4fa6-a1b4-60e0d4579a03","route":"/api/v1/auth/users/register","service":"task-manager","timestamp":"2025-11-01T15:04:41.683Z","user_id":"anonymous"}
{"body":{"email":"pm.lola2022@gmail.com","password":"Pm12345@","password_confirm":"Pm12345@","username":"spe1012"},"environment":"development","host":"08443aae9097","level":"info","message":"createAccount - start","method":"POST","route":"/api/v1/auth/users/register","service":"task-manager","timestamp":"2025-11-01T15:04:41.688Z"}
{"email":"pm.lola2022@gmail.com","environment":"development","host":"08443aae9097","level":"info","message":"createAccount - user created successfully","service":"task-manager","timestamp":"2025-11-01T15:04:41.825Z","userId":"69062189e7649691466917f0"}
{"duration":"0.158s","environment":"development","host":"08443aae9097","level":"info","message":"HTTP request end","request_id":"c2271dbf-a9d7-4fa6-a1b4-60e0d4579a03","service":"task-manager","status_code":201,"timestamp":"2025-11-01T15:04:41.845Z"}
{"body_size_bytes":57,"environment":"development","host":"08443aae9097","level":"info","message":"HTTP request start","method":"POST","request_id":"2b2f894b-0a64-4126-94c3-98c6dfc63d88","route":"/api/v1/auth/users/login","service":"task-manager","timestamp":"2025-11-01T15:06:41.514Z","user_id":"anonymous"}
{"body":{"email":"pm.lola2022@gmail.com","password":"Pm12345@"},"environment":"development","host":"08443aae9097","level":"info","message":"loginAccount - start","method":"POST","route":"/api/v1/auth/users/login","service":"task-manager","timestamp":"2025-11-01T15:06:41.516Z"}
{"email":"pm.lola2022@gmail.com","environment":"development","host":"08443aae9097","level":"info","message":"loginAccount - user logged in successfully","service":"task-manager","timestamp":"2025-11-01T15:06:41.612Z","userId":"69062189e7649691466917f0"}
{"duration":"0.100s","environment":"development","host":"08443aae9097","level":"info","message":"HTTP request end","request_id":"2b2f894b-0a64-4126-94c3-98c6dfc63d88","service":"task-manager","status_code":200,"timestamp":"2025-11-01T15:06:41.614Z"}
{"body_size_bytes":0,"environment":"development","host":"08443aae9097","level":"info","message":"HTTP request start","method":"POST","request_id":"b8d62d05-0700-40d1-b3b8-2c3a094902d8","route":"/api/v1/auth/users/logout","service":"task-manager","timestamp":"2025-11-01T15:07:17.391Z","user_id":"anonymous"}
{"environment":"development","host":"08443aae9097","level":"info","message":"logoutAccount - start","method":"POST","route":"/api/v1/auth/users/logout","service":"task-manager","timestamp":"2025-11-01T15:07:17.396Z","userId":"anonymous"}
{"environment":"development","host":"08443aae9097","level":"info","message":"logoutAccount - user logged out successfully","service":"task-manager","timestamp":"2025-11-01T15:07:17.398Z","userId":"anonymous"}
{"duration":"0.012s","environment":"development","host":"08443aae9097","level":"info","message":"HTTP request end","request_id":"b8d62d05-0700-40d1-b3b8-2c3a094902d8","service":"task-manager","status_code":200,"timestamp":"2025-11-01T15:07:17.404Z"}
{"body_size_bytes":57,"environment":"development","host":"08443aae9097","level":"info","message":"HTTP request start","method":"POST","request_id":"49e64dc1-3d60-4df0-9720-0d1fd550124d","route":"/api/v1/auth/users/login","service":"task-manager","timestamp":"2025-11-01T15:08:37.919Z","user_id":"anonymous"}
{"body":{"email":"pm.lola2022@gmail.com","password":"Pm12345@"},"environment":"development","host":"08443aae9097","level":"info","message":"loginAccount - start","method":"POST","route":"/api/v1/auth/users/login","service":"task-manager","timestamp":"2025-11-01T15:08:37.920Z"}
{"email":"pm.lola2022@gmail.com","environment":"development","host":"08443aae9097","level":"info","message":"loginAccount - user logged in successfully","service":"task-manager","timestamp":"2025-11-01T15:08:37.995Z","userId":"69062189e7649691466917f0"}
{"duration":"0.078s","environment":"development","host":"08443aae9097","level":"info","message":"HTTP request end","request_id":"49e64dc1-3d60-4df0-9720-0d1fd550124d","service":"task-manager","status_code":200,"timestamp":"2025-11-01T15:08:37.997Z"}
{"body_size_bytes":108,"environment":"development","host":"08443aae9097","level":"info","message":"HTTP request start","method":"GET","request_id":"6c92cde1-2a6f-40b6-83c0-e10d05515f4d","route":"/api/v1/users/current","service":"task-manager","timestamp":"2025-11-01T15:08:44.025Z","user_id":"anonymous"}
{"environment":"development","host":"08443aae9097","level":"info","message":"userAuth - token verified successfully","service":"task-manager","timestamp":"2025-11-01T15:08:44.031Z","userId":"69062189e7649691466917f0"}
{"environment":"development","host":"08443aae9097","level":"warn","message":"User not found","service":"task-manager","timestamp":"2025-11-01T15:08:44.037Z"}
{"body":{"email":"pm.lola2022@gmail.com","password":"Pm12345@","password_confirm":"Pm12345@","username":"spe1012"},"environment":"development","host":"08443aae9097","level":"error","message":"Express error caught User not found","method":"GET","path":"/api/v1/users/current","service":"task-manager","status":404,"timestamp":"2025-11-01T15:08:44.039Z","user":"69062189e7649691466917f0"}
{"duration":"0.016s","environment":"development","host":"08443aae9097","level":"info","message":"HTTP request end","request_id":"6c92cde1-2a6f-40b6-83c0-e10d05515f4d","service":"task-manager","status_code":404,"timestamp":"2025-11-01T15:08:44.041Z"}
{"body_size_bytes":108,"environment":"development","host":"08443aae9097","level":"info","message":"HTTP request start","method":"GET","request_id":"f6d08b7b-1175-4f91-8984-28c2aae6a5c2","route":"/api/v1/users/","service":"task-manager","timestamp":"2025-11-01T15:09:03.129Z","user_id":"anonymous"}
{"environment":"development","host":"08443aae9097","level":"info","message":"userAuth - token verified successfully","service":"task-manager","timestamp":"2025-11-01T15:09:03.133Z","userId":"69062189e7649691466917f0"}
{"count":1,"environment":"development","host":"08443aae9097","level":"info","message":"Users fetched from DB and cached successfully","requestedBy":"anonymous","service":"task-manager","timestamp":"2025-11-01T15:09:03.150Z"}
{"duration":"0.022s","environment":"development","host":"08443aae9097","level":"info","message":"HTTP request end","request_id":"f6d08b7b-1175-4f91-8984-28c2aae6a5c2","service":"task-manager","status_code":200,"timestamp":"2025-11-01T15:09:03.151Z"}
{"body_size_bytes":108,"environment":"development","host":"08443aae9097","level":"info","message":"HTTP request start","method":"GET","request_id":"40a5a58b-4a09-4862-a013-9fa465fd4bac","route":"/api/v1/users/68c1970ed57b8f2e1f4f1e5a","service":"task-manager","timestamp":"2025-11-01T15:10:30.830Z","user_id":"anonymous"}
{"environment":"development","host":"08443aae9097","level":"info","message":"userAuth - token verified successfully","service":"task-manager","timestamp":"2025-11-01T15:10:30.835Z","userId":"69062189e7649691466917f0"}
{"environment":"development","host":"08443aae9097","level":"info","message":"Fetching single user","requestedBy":"anonymous","requestedId":"68c1970ed57b8f2e1f4f1e5a","service":"task-manager","timestamp":"2025-11-01T15:10:30.837Z"}
{"environment":"development","host":"08443aae9097","id":"68c1970ed57b8f2e1f4f1e5a","level":"warn","message":"User not found","service":"task-manager","timestamp":"2025-11-01T15:10:30.848Z"}
{"body":{"email":"pm.lola2022@gmail.com","password":"Pm12345@","password_confirm":"Pm12345@","username":"spe1012"},"environment":"development","host":"08443aae9097","level":"error","message":"Express error caught User not found","method":"GET","path":"/api/v1/users/68c1970ed57b8f2e1f4f1e5a","service":"task-manager","status":404,"timestamp":"2025-11-01T15:10:30.849Z","user":"69062189e7649691466917f0"}
{"duration":"0.022s","environment":"development","host":"08443aae9097","level":"info","message":"HTTP request end","request_id":"40a5a58b-4a09-4862-a013-9fa465fd4bac","service":"task-manager","status_code":404,"timestamp":"2025-11-01T15:10:30.852Z"}
{"body_size_bytes":0,"environment":"development","host":"08443aae9097","level":"info","message":"HTTP request start","method":"DELETE","request_id":"7eef8a84-7c00-4eea-ab52-3a2326edd772","route":"/api/v1/users/delete/69062189e7649691466917f0","service":"task-manager","timestamp":"2025-11-01T15:15:25.816Z","user_id":"anonymous"}
{"duration":"0.192s","environment":"development","host":"08443aae9097","level":"info","message":"HTTP request end","request_id":"7eef8a84-7c00-4eea-ab52-3a2326edd772","service":"task-manager","status_code":200,"timestamp":"2025-11-01T15:15:26.009Z"}
{"body_size_bytes":57,"environment":"development","host":"08443aae9097","level":"info","message":"HTTP request start","method":"POST","request_id":"79730cf0-523f-465a-bc46-fca1b7dab69d","route":"/api/v1/auth/users/login","service":"task-manager","timestamp":"2025-11-01T15:15:59.063Z","user_id":"anonymous"}
{"body":{"email":"pm.lola2022@gmail.com","password":"Pm12345@"},"environment":"development","host":"08443aae9097","level":"info","message":"loginAccount - start","method":"POST","route":"/api/v1/auth/users/login","service":"task-manager","timestamp":"2025-11-01T15:15:59.065Z"}
{"email":"pm.lola2022@gmail.com","environment":"development","host":"08443aae9097","level":"warn","message":"loginAccount - user not found","service":"task-manager","timestamp":"2025-11-01T15:15:59.078Z"}
{"body":{"email":"pm.lola2022@gmail.com","password":"Pm12345@"},"environment":"development","host":"08443aae9097","level":"error","message":"Express error caught User not found","method":"POST","path":"/api/v1/auth/users/login","service":"task-manager","status":404,"timestamp":"2025-11-01T15:15:59.080Z","user":"anonymous"}
{"duration":"0.024s","environment":"development","host":"08443aae9097","level":"info","message":"HTTP request end","request_id":"79730cf0-523f-465a-bc46-fca1b7dab69d","service":"task-manager","status_code":404,"timestamp":"2025-11-01T15:15:59.088Z"}
{"body_size_bytes":123,"environment":"development","host":"08443aae9097","level":"info","message":"HTTP request start","method":"POST","request_id":"5673525f-854f-4d0e-85a8-a1a0c521f646","route":"/api/v1/auth/users/register","service":"task-manager","timestamp":"2025-11-01T14:16:28.125Z","user_id":"anonymous"}
{"body":{"email":"pm.lola2022@gmail.com","password":"Pm12345@","password_confirm":"Pm12345@","role":"admin","username":"spe1012"},"environment":"development","host":"08443aae9097","level":"info","message":"createAccount - start","method":"POST","route":"/api/v1/auth/users/register","service":"task-manager","timestamp":"2025-11-01T14:16:28.127Z"}
{"email":"pm.lola2022@gmail.com","environment":"development","host":"08443aae9097","level":"info","message":"createAccount - user created successfully","service":"task-manager","timestamp":"2025-11-01T14:16:28.378Z","userId":"6906163ce7649691466917fb"}
{"duration":"0.261s","environment":"development","host":"08443aae9097","level":"info","message":"HTTP request end","request_id":"5673525f-854f-4d0e-85a8-a1a0c521f646","service":"task-manager","status_code":201,"timestamp":"2025-11-01T14:16:28.386Z"}
{"body_size_bytes":57,"environment":"development","host":"08443aae9097","level":"info","message":"HTTP request start","method":"POST","request_id":"173c3b58-c50c-4713-b221-1fc9711fc94b","route":"/api/v1/auth/users/login","service":"task-manager","timestamp":"2025-11-01T15:16:44.154Z","user_id":"anonymous"}
{"body":{"email":"pm.lola2022@gmail.com","password":"Pm12345@"},"environment":"development","host":"08443aae9097","level":"info","message":"loginAccount - start","method":"POST","route":"/api/v1/auth/users/login","service":"task-manager","timestamp":"2025-11-01T15:16:44.155Z"}
{"email":"pm.lola2022@gmail.com","environment":"development","host":"08443aae9097","level":"info","message":"loginAccount - user logged in successfully","service":"task-manager","timestamp":"2025-11-01T15:16:44.256Z","userId":"6906163ce7649691466917fb"}
{"duration":"0.104s","environment":"development","host":"08443aae9097","level":"info","message":"HTTP request end","request_id":"173c3b58-c50c-4713-b221-1fc9711fc94b","service":"task-manager","status_code":200,"timestamp":"2025-11-01T15:16:44.258Z"}
{"body_size_bytes":108,"environment":"development","host":"08443aae9097","level":"info","message":"HTTP request start","method":"GET","request_id":"f4cc6c5f-3ee4-4aa1-9787-7f643b82f101","route":"/api/v1/users/current","service":"task-manager","timestamp":"2025-11-01T15:17:09.170Z","user_id":"anonymous"}
{"environment":"development","host":"08443aae9097","level":"info","message":"userAuth - token verified successfully","service":"task-manager","timestamp":"2025-11-01T15:17:09.184Z","userId":"6906163ce7649691466917fb"}
{"environment":"development","host":"08443aae9097","level":"warn","message":"User not found","service":"task-manager","timestamp":"2025-11-01T15:17:09.235Z"}
{"body":{"email":"pm.lola2022@gmail.com","password":"Pm12345@","password_confirm":"Pm12345@","username":"spe1012"},"environment":"development","host":"08443aae9097","level":"error","message":"Express error caught User not found","method":"GET","path":"/api/v1/users/current","service":"task-manager","status":404,"timestamp":"2025-11-01T15:17:09.235Z","user":"6906163ce7649691466917fb"}
{"duration":"0.067s","environment":"development","host":"08443aae9097","level":"info","message":"HTTP request end","request_id":"f4cc6c5f-3ee4-4aa1-9787-7f643b82f101","service":"task-manager","status_code":404,"timestamp":"2025-11-01T15:17:09.237Z"}
{"body_size_bytes":108,"environment":"development","host":"08443aae9097","level":"info","message":"HTTP request start","method":"GET","request_id":"bdba8f03-751f-4763-b4b6-b6ade75b98ae","route":"/api/v1/users/current","service":"task-manager","timestamp":"2025-11-01T15:17:52.630Z","user_id":"anonymous"}
{"environment":"development","host":"08443aae9097","level":"info","message":"userAuth - token verified successfully","service":"task-manager","timestamp":"2025-11-01T15:17:52.636Z","userId":"6906163ce7649691466917fb"}
{"environment":"development","host":"08443aae9097","level":"warn","message":"User not found","service":"task-manager","timestamp":"2025-11-01T15:17:52.641Z"}
{"body":{"email":"pm.lola2022@gmail.com","password":"Pm12345@","password_confirm":"Pm12345@","username":"spe1012"},"environment":"development","host":"08443aae9097","level":"error","message":"Express error caught User not found","method":"GET","path":"/api/v1/users/current","service":"task-manager","status":404,"timestamp":"2025-11-01T15:17:52.644Z","user":"6906163ce7649691466917fb"}
{"duration":"0.020s","environment":"development","host":"08443aae9097","level":"info","message":"HTTP request end","request_id":"bdba8f03-751f-4763-b4b6-b6ade75b98ae","service":"task-manager","status_code":404,"timestamp":"2025-11-01T15:17:52.650Z"}
{"body_size_bytes":108,"environment":"development","host":"08443aae9097","level":"info","message":"HTTP request start","method":"GET","request_id":"b186fd9b-5931-4da0-8c4f-7a6bd8e66e7c","route":"/api/v1/users/current","service":"task-manager","timestamp":"2025-11-01T15:26:52.291Z","user_id":"anonymous"}
{"environment":"development","host":"08443aae9097","level":"info","message":"userAuth - token verified successfully","service":"task-manager","timestamp":"2025-11-01T15:26:52.298Z","userId":"6906163ce7649691466917fb"}
{"environment":"development","host":"08443aae9097","level":"warn","message":"User not found","service":"task-manager","timestamp":"2025-11-01T15:26:52.315Z"}
{"body":{"email":"pm.lola2022@gmail.com","password":"Pm12345@","password_confirm":"Pm12345@","username":"spe1012"},"environment":"development","host":"08443aae9097","level":"error","message":"Express error caught User not found","method":"GET","path":"/api/v1/users/current","service":"task-manager","status":404,"timestamp":"2025-11-01T15:26:52.318Z","user":"6906163ce7649691466917fb"}
{"duration":"0.031s","environment":"development","host":"08443aae9097","level":"info","message":"HTTP request end","request_id":"b186fd9b-5931-4da0-8c4f-7a6bd8e66e7c","service":"task-manager","status_code":404,"timestamp":"2025-11-01T15:26:52.321Z"}
{"body_size_bytes":57,"environment":"development","host":"42ec450a0e56","level":"info","message":"HTTP request start","method":"POST","request_id":"d2a3809a-45ae-421c-943e-16e1efea32de","route":"/api/v1/auth/users/login","service":"task-manager","timestamp":"2025-11-01T15:37:49.441Z","user_id":"anonymous"}
{"body":{"email":"pm.lola2022@gmail.com","password":"Pm12345@"},"environment":"development","host":"42ec450a0e56","level":"info","message":"loginAccount - start","method":"POST","route":"/api/v1/auth/users/login","service":"task-manager","timestamp":"2025-11-01T15:37:49.448Z"}
{"email":"pm.lola2022@gmail.com","environment":"development","host":"42ec450a0e56","level":"warn","message":"loginAccount - user not found","service":"task-manager","timestamp":"2025-11-01T15:37:49.471Z"}
{"body":{"email":"pm.lola2022@gmail.com","password":"Pm12345@"},"environment":"development","host":"42ec450a0e56","level":"error","message":"Express error caught User not found","method":"POST","path":"/api/v1/auth/users/login","service":"task-manager","status":404,"timestamp":"2025-11-01T15:37:49.474Z","user":"anonymous"}
{"duration":"0.041s","environment":"development","host":"42ec450a0e56","level":"info","message":"HTTP request end","request_id":"d2a3809a-45ae-421c-943e-16e1efea32de","service":"task-manager","status_code":404,"timestamp":"2025-11-01T15:37:49.482Z"}
{"body_size_bytes":57,"environment":"development","host":"42ec450a0e56","level":"info","message":"HTTP request start","method":"POST","request_id":"aebcb865-1f0c-4322-b9c4-d2970c3d034f","route":"/api/v1/auth/users/login","service":"task-manager","timestamp":"2025-11-01T15:38:00.450Z","user_id":"anonymous"}
{"body":{"email":"pm.lola2022@gmail.com","password":"Pm12345@"},"environment":"development","host":"42ec450a0e56","level":"info","message":"loginAccount - start","method":"POST","route":"/api/v1/auth/users/login","service":"task-manager","timestamp":"2025-11-01T15:38:00.452Z"}
{"email":"pm.lola2022@gmail.com","environment":"development","host":"42ec450a0e56","level":"warn","message":"loginAccount - user not found","service":"task-manager","timestamp":"2025-11-01T15:38:00.462Z"}
{"body":{"email":"pm.lola2022@gmail.com","password":"Pm12345@"},"environment":"development","host":"42ec450a0e56","level":"error","message":"Express error caught User not found","method":"POST","path":"/api/v1/auth/users/login","service":"task-manager","status":404,"timestamp":"2025-11-01T15:38:00.463Z","user":"anonymous"}
{"duration":"0.015s","environment":"development","host":"42ec450a0e56","level":"info","message":"HTTP request end","request_id":"aebcb865-1f0c-4322-b9c4-d2970c3d034f","service":"task-manager","status_code":404,"timestamp":"2025-11-01T15:38:00.466Z"}
{"body_size_bytes":123,"environment":"development","host":"42ec450a0e56","level":"info","message":"HTTP request start","method":"POST","request_id":"803a4816-446b-4470-b798-9207af14abac","route":"/api/v1/auth/users/register","service":"task-manager","timestamp":"2025-11-01T15:38:07.465Z","user_id":"anonymous"}
{"body":{"email":"pm.lola2022@gmail.com","password":"Pm12345@","password_confirm":"Pm12345@","role":"admin","username":"spe1012"},"environment":"development","host":"42ec450a0e56","level":"info","message":"createAccount - start","method":"POST","route":"/api/v1/auth/users/register","service":"task-manager","timestamp":"2025-11-01T15:38:07.468Z"}
{"email":"pm.lola2022@gmail.com","environment":"development","host":"42ec450a0e56","level":"info","message":"createAccount - user created successfully","service":"task-manager","timestamp":"2025-11-01T15:38:07.657Z","userId":"6906295fa526f86210285389"}
{"duration":"0.198s","environment":"development","host":"42ec450a0e56","level":"info","message":"HTTP request end","request_id":"803a4816-446b-4470-b798-9207af14abac","service":"task-manager","status_code":201,"timestamp":"2025-11-01T15:38:07.663Z"}
{"body_size_bytes":57,"environment":"development","host":"42ec450a0e56","level":"info","message":"HTTP request start","method":"POST","request_id":"1e923581-25ac-4490-a4e7-ebb84bfcf22d","route":"/api/v1/auth/users/login","service":"task-manager","timestamp":"2025-11-01T15:38:14.337Z","user_id":"anonymous"}
{"body":{"email":"pm.lola2022@gmail.com","password":"Pm12345@"},"environment":"development","host":"42ec450a0e56","level":"info","message":"loginAccount - start","method":"POST","route":"/api/v1/auth/users/login","service":"task-manager","timestamp":"2025-11-01T15:38:14.349Z"}
{"email":"pm.lola2022@gmail.com","environment":"development","host":"42ec450a0e56","level":"info","message":"loginAccount - user logged in successfully","service":"task-manager","timestamp":"2025-11-01T15:38:14.541Z","userId":"6906295fa526f86210285389"}
{"duration":"0.212s","environment":"development","host":"42ec450a0e56","level":"info","message":"HTTP request end","request_id":"1e923581-25ac-4490-a4e7-ebb84bfcf22d","service":"task-manager","status_code":200,"timestamp":"2025-11-01T15:38:14.544Z"}
{"body_size_bytes":108,"environment":"development","host":"42ec450a0e56","level":"info","message":"HTTP request start","method":"GET","request_id":"4211cb79-2397-4ffb-8805-dc0774c862fe","route":"/api/v1/users/current","service":"task-manager","timestamp":"2025-11-01T15:38:26.075Z","user_id":"anonymous"}
{"environment":"development","host":"42ec450a0e56","level":"info","message":"userAuth - token verified successfully","service":"task-manager","timestamp":"2025-11-01T15:38:26.085Z","userId":"6906295fa526f86210285389"}
{"environment":"development","host":"42ec450a0e56","level":"info","message":"Current user fetched from DB and cached","service":"task-manager","timestamp":"2025-11-01T15:38:26.102Z","userId":"6906295fa526f86210285389"}
{"duration":"0.030s","environment":"development","host":"42ec450a0e56","level":"info","message":"HTTP request end","request_id":"4211cb79-2397-4ffb-8805-dc0774c862fe","service":"task-manager","status_code":200,"timestamp":"2025-11-01T15:38:26.105Z"}
{"body_size_bytes":0,"environment":"development","host":"42ec450a0e56","level":"info","message":"HTTP request start","method":"POST","request_id":"dbee7b60-00bc-4788-a16c-ceb127683e56","route":"/api/v1/auth/users/send-otp-verify","service":"task-manager","timestamp":"2025-11-01T15:41:57.480Z","user_id":"anonymous"}
{"environment":"development","host":"42ec450a0e56","level":"info","message":"userAuth - token verified successfully","service":"task-manager","timestamp":"2025-11-01T15:41:57.491Z","userId":"6906295fa526f86210285389"}
{"environment":"development","host":"42ec450a0e56","level":"info","message":"sendOtpVerificationEmail - start","service":"task-manager","timestamp":"2025-11-01T15:41:57.493Z","userId":{"id":"6906295fa526f86210285389"}}
{"environment":"development","error":"Cast to ObjectId failed for value \"{ id: '6906295fa526f86210285389' }\" (type Object) at path \"_id\" for model \"User\"","host":"42ec450a0e56","level":"error","message":"sendOtpVerificationEmail - error","service":"task-manager","timestamp":"2025-11-01T15:41:57.504Z"}
{"body":{},"environment":"development","host":"42ec450a0e56","level":"error","message":"Express error caught Cast to ObjectId failed for value \"{ id: '6906295fa526f86210285389' }\" (type Object) at path \"_id\" for model \"User\"","method":"POST","name":"CastError","path":"/api/v1/auth/users/send-otp-verify","service":"task-manager","stack":"CastError: Cast to ObjectId failed for value \"{ id: '6906295fa526f86210285389' }\" (type Object) at path \"_id\" for model \"User\"\n    at SchemaObjectId.cast (/usr/src/app/node_modules/mongoose/lib/schema/objectId.js:251:11)\n    at SchemaType.applySetters (/usr/src/app/node_modules/mongoose/lib/schemaType.js:1258:12)\n    at SchemaType.castForQuery (/usr/src/app/node_modules/mongoose/lib/schemaType.js:1694:17)\n    at cast (/usr/src/app/node_modules/mongoose/lib/cast.js:319:34)\n    at Query.cast (/usr/src/app/node_modules/mongoose/lib/query.js:5060:12)\n    at Query._castConditions (/usr/src/app/node_modules/mongoose/lib/query.js:2374:10)\n    at model.Query._findOne (/usr/src/app/node_modules/mongoose/lib/query.js:2697:8)\n    at model.Query.exec (/usr/src/app/node_modules/mongoose/lib/query.js:4627:80)\n    at process.processTicksAndRejections (node:internal/process/task_queues:105:5)\n    at async sendOtpVerificationEmail (file:///usr/src/app/controllers/auth_controller.js:153:18)","status":500,"timestamp":"2025-11-01T15:41:57.508Z","user":{"id":"6906295fa526f86210285389"}}
{"duration":"0.033s","environment":"development","host":"42ec450a0e56","level":"info","message":"HTTP request end","request_id":"dbee7b60-00bc-4788-a16c-ceb127683e56","service":"task-manager","status_code":500,"timestamp":"2025-11-01T15:41:57.514Z"}
{"body_size_bytes":0,"environment":"development","host":"42ec450a0e56","level":"info","message":"HTTP request start","method":"POST","request_id":"576cca4b-e5dd-44b3-bd81-00b9fd7834fa","route":"/api/v1/auth/users/send-otp-verify","service":"task-manager","timestamp":"2025-11-01T15:45:44.955Z","user_id":"anonymous"}
{"environment":"development","host":"42ec450a0e56","level":"info","message":"userAuth - token verified successfully","service":"task-manager","timestamp":"2025-11-01T15:45:44.969Z","userId":"6906295fa526f86210285389"}
{"environment":"development","host":"42ec450a0e56","level":"info","message":"sendOtpVerificationEmail - start","service":"task-manager","timestamp":"2025-11-01T15:45:44.970Z","userId":{"id":"6906295fa526f86210285389"}}
{"environment":"development","error":"Cast to ObjectId failed for value \"{ id: '6906295fa526f86210285389' }\" (type Object) at path \"_id\" for model \"User\"","host":"42ec450a0e56","level":"error","message":"sendOtpVerificationEmail - error","service":"task-manager","timestamp":"2025-11-01T15:45:44.978Z"}
{"body":{},"environment":"development","host":"42ec450a0e56","level":"error","message":"Express error caught Cast to ObjectId failed for value \"{ id: '6906295fa526f86210285389' }\" (type Object) at path \"_id\" for model \"User\"","method":"POST","name":"CastError","path":"/api/v1/auth/users/send-otp-verify","service":"task-manager","stack":"CastError: Cast to ObjectId failed for value \"{ id: '6906295fa526f86210285389' }\" (type Object) at path \"_id\" for model \"User\"\n    at SchemaObjectId.cast (/usr/src/app/node_modules/mongoose/lib/schema/objectId.js:251:11)\n    at SchemaType.applySetters (/usr/src/app/node_modules/mongoose/lib/schemaType.js:1258:12)\n    at SchemaType.castForQuery (/usr/src/app/node_modules/mongoose/lib/schemaType.js:1694:17)\n    at cast (/usr/src/app/node_modules/mongoose/lib/cast.js:319:34)\n    at Query.cast (/usr/src/app/node_modules/mongoose/lib/query.js:5060:12)\n    at Query._castConditions (/usr/src/app/node_modules/mongoose/lib/query.js:2374:10)\n    at model.Query._findOne (/usr/src/app/node_modules/mongoose/lib/query.js:2697:8)\n    at model.Query.exec (/usr/src/app/node_modules/mongoose/lib/query.js:4627:80)\n    at process.processTicksAndRejections (node:internal/process/task_queues:105:5)\n    at async sendOtpVerificationEmail (file:///usr/src/app/controllers/auth_controller.js:153:18)","status":500,"timestamp":"2025-11-01T15:45:44.981Z","user":{"id":"6906295fa526f86210285389"}}
{"duration":"0.034s","environment":"development","host":"42ec450a0e56","level":"info","message":"HTTP request end","request_id":"576cca4b-e5dd-44b3-bd81-00b9fd7834fa","service":"task-manager","status_code":500,"timestamp":"2025-11-01T15:45:44.990Z"}
{"body_size_bytes":0,"environment":"development","host":"f8501da424e9","level":"info","message":"HTTP request start","method":"POST","request_id":"78de707e-3cc6-4605-9ee8-f26721e97f3f","route":"/api/v1/auth/users/send-otp-verify","service":"task-manager","timestamp":"2025-11-01T15:47:01.063Z","user_id":"anonymous"}
{"environment":"development","host":"f8501da424e9","level":"info","message":"userAuth - token verified successfully","service":"task-manager","timestamp":"2025-11-01T15:47:01.083Z","userId":"6906295fa526f86210285389"}
{"environment":"development","host":"f8501da424e9","level":"info","message":"sendOtpVerificationEmail - start","service":"task-manager","timestamp":"2025-11-01T15:47:01.084Z","userId":"6906295fa526f86210285389"}
{"environment":"development","host":"f8501da424e9","level":"warn","message":"sendOtpVerificationEmail - user not found","service":"task-manager","timestamp":"2025-11-01T15:47:01.127Z","userId":"6906295fa526f86210285389"}
{"body":{},"environment":"development","host":"f8501da424e9","level":"error","message":"Express error caught User not found","method":"POST","path":"/api/v1/auth/users/send-otp-verify","service":"task-manager","status":404,"timestamp":"2025-11-01T15:47:01.130Z","user":{"id":"6906295fa526f86210285389"}}
{"duration":"0.085s","environment":"development","host":"f8501da424e9","level":"info","message":"HTTP request end","request_id":"78de707e-3cc6-4605-9ee8-f26721e97f3f","service":"task-manager","status_code":404,"timestamp":"2025-11-01T15:47:01.148Z"}
{"body_size_bytes":123,"environment":"development","host":"f8501da424e9","level":"info","message":"HTTP request start","method":"POST","request_id":"3928724e-8d4f-4729-8c7e-f581fd15079c","route":"/api/v1/auth/users/register","service":"task-manager","timestamp":"2025-11-01T15:47:15.995Z","user_id":"anonymous"}
{"body":{"email":"pm.lola2022@gmail.com","password":"Pm12345@","password_confirm":"Pm12345@","role":"admin","username":"spe1012"},"environment":"development","host":"f8501da424e9","level":"info","message":"createAccount - start","method":"POST","route":"/api/v1/auth/users/register","service":"task-manager","timestamp":"2025-11-01T15:47:16.002Z"}
{"email":"pm.lola2022@gmail.com","environment":"development","host":"f8501da424e9","level":"info","message":"createAccount - user created successfully","service":"task-manager","timestamp":"2025-11-01T15:47:16.201Z","userId":"69062b84b4e0578b8bf420b5"}
{"duration":"0.211s","environment":"development","host":"f8501da424e9","level":"info","message":"HTTP request end","request_id":"3928724e-8d4f-4729-8c7e-f581fd15079c","service":"task-manager","status_code":201,"timestamp":"2025-11-01T15:47:16.206Z"}
{"body_size_bytes":57,"environment":"development","host":"f8501da424e9","level":"info","message":"HTTP request start","method":"POST","request_id":"73056c7a-5f6e-4733-99f0-6ccc14ce32bd","route":"/api/v1/auth/users/login","service":"task-manager","timestamp":"2025-11-01T15:47:21.861Z","user_id":"anonymous"}
{"body":{"email":"pm.lola2022@gmail.com","password":"Pm12345@"},"environment":"development","host":"f8501da424e9","level":"info","message":"loginAccount - start","method":"POST","route":"/api/v1/auth/users/login","service":"task-manager","timestamp":"2025-11-01T15:47:21.867Z"}
{"email":"pm.lola2022@gmail.com","environment":"development","host":"f8501da424e9","level":"info","message":"loginAccount - user logged in successfully","service":"task-manager","timestamp":"2025-11-01T15:47:22.132Z","userId":"69062b84b4e0578b8bf420b5"}
{"duration":"0.274s","environment":"development","host":"f8501da424e9","level":"info","message":"HTTP request end","request_id":"73056c7a-5f6e-4733-99f0-6ccc14ce32bd","service":"task-manager","status_code":200,"timestamp":"2025-11-01T15:47:22.135Z"}
{"body_size_bytes":0,"environment":"development","host":"f8501da424e9","level":"info","message":"HTTP request start","method":"POST","request_id":"0d706e7a-22ea-4368-9bf2-325e3071d005","route":"/api/v1/auth/users/send-otp-verify","service":"task-manager","timestamp":"2025-11-01T15:47:30.572Z","user_id":"anonymous"}
{"environment":"development","host":"f8501da424e9","level":"info","message":"userAuth - token verified successfully","service":"task-manager","timestamp":"2025-11-01T15:47:30.579Z","userId":"69062b84b4e0578b8bf420b5"}
{"environment":"development","host":"f8501da424e9","level":"info","message":"sendOtpVerificationEmail - start","service":"task-manager","timestamp":"2025-11-01T15:47:30.580Z","userId":"69062b84b4e0578b8bf420b5"}
{"environment":"development","host":"f8501da424e9","level":"info","message":"sendOtpVerificationEmail - OTP saved successfully","otp":"801817","service":"task-manager","timestamp":"2025-11-01T15:47:30.611Z","userId":"69062b84b4e0578b8bf420b5"}
{"environment":"development","host":"f8501da424e9","level":"info","message":"sendOtpVerificationEmail - OTP email ready to send","service":"task-manager","timestamp":"2025-11-01T15:47:30.616Z","userEmail":"pm.lola2022@gmail.com"}
{"duration":"0.049s","environment":"development","host":"f8501da424e9","level":"info","message":"HTTP request end","request_id":"0d706e7a-22ea-4368-9bf2-325e3071d005","service":"task-manager","status_code":200,"timestamp":"2025-11-01T15:47:30.621Z"}
