{"body_size_bytes":0,"environment":"development","host":"7de72d0f306c","level":"info","message":"HTTP request start","method":"GET","request_id":"5bcb2e22-d414-48e8-b19e-b659c84894f7","route":"/api/v1/tasks/6920e485997fd01bfe2282bb/tasks","service":"task-manager","timestamp":"2026-02-12T10:19:02.812Z","user_id":"anonymous"}
{"environment":"development","error":"jwt malformed","host":"7de72d0f306c","level":"error","message":"userAuth - token verification failed","service":"task-manager","timestamp":"2026-02-12T10:19:02.817Z","token":"undefined"}
{"body":{},"environment":"development","host":"7de72d0f306c","level":"error","message":"Express error caught Invalid or expired token.","method":"GET","path":"/api/v1/tasks/6920e485997fd01bfe2282bb/tasks","service":"task-manager","status":403,"timestamp":"2026-02-12T10:19:02.818Z","user":"anonymous"}
{"duration":"0.010s","environment":"development","host":"7de72d0f306c","level":"info","message":"HTTP request end","request_id":"5bcb2e22-d414-48e8-b19e-b659c84894f7","service":"task-manager","status_code":403,"timestamp":"2026-02-12T10:19:02.822Z"}
{"body_size_bytes":0,"environment":"development","host":"5092de2cedc3","level":"info","message":"HTTP request start","method":"GET","request_id":"493df395-b6e6-490e-9251-d46688d97a5e","route":"/tasks","service":"task-manager","timestamp":"2026-02-12T22:50:23.880Z","user_id":"anonymous"}
{"duration":"0.022s","environment":"development","host":"5092de2cedc3","level":"info","message":"HTTP request end","request_id":"493df395-b6e6-490e-9251-d46688d97a5e","service":"task-manager","status_code":404,"timestamp":"2026-02-12T22:50:23.900Z"}
{"body_size_bytes":0,"environment":"development","host":"5092de2cedc3","level":"info","message":"HTTP request start","method":"GET","request_id":"ede99d5e-2344-493d-9b96-f97972f22e1f","route":"/api/v1/tasks","service":"task-manager","timestamp":"2026-02-12T22:51:07.846Z","user_id":"anonymous"}
{"duration":"0.012s","environment":"development","host":"5092de2cedc3","level":"info","message":"HTTP request end","request_id":"ede99d5e-2344-493d-9b96-f97972f22e1f","service":"task-manager","status_code":404,"timestamp":"2026-02-12T22:51:07.860Z"}
{"body_size_bytes":0,"environment":"development","host":"5092de2cedc3","level":"info","message":"HTTP request start","method":"GET","request_id":"ef90f301-b151-4d54-80c6-5a7a93fa338f","route":"/api/v1/tasks","service":"task-manager","timestamp":"2026-02-12T22:51:10.845Z","user_id":"anonymous"}
{"duration":"0.003s","environment":"development","host":"5092de2cedc3","level":"info","message":"HTTP request end","request_id":"ef90f301-b151-4d54-80c6-5a7a93fa338f","service":"task-manager","status_code":404,"timestamp":"2026-02-12T22:51:10.848Z"}
{"body_size_bytes":0,"environment":"development","host":"5092de2cedc3","level":"info","message":"HTTP request start","method":"GET","request_id":"24ad61bc-2dd2-46ae-89ec-b162ffda6d64","route":"/api/v1/tasks/:id","service":"task-manager","timestamp":"2026-02-12T22:51:51.494Z","user_id":"anonymous"}
{"environment":"development","host":"5092de2cedc3","level":"info","message":"userAuth - no token provided","method":"GET","path":"/:id","service":"task-manager","timestamp":"2026-02-12T22:51:51.495Z"}
{"environment":"development","host":"5092de2cedc3","level":"warn","message":"Unauthorized access attempt - no user in request","method":"GET","path":"/api/v1/tasks/:id","service":"task-manager","timestamp":"2026-02-12T22:51:51.497Z"}
{"body":{},"environment":"development","host":"5092de2cedc3","level":"error","message":"Express error caught Unauthorized: User not authenticated","method":"GET","path":"/api/v1/tasks/:id","service":"task-manager","status":401,"timestamp":"2026-02-12T22:51:51.498Z","user":"anonymous"}
{"duration":"0.006s","environment":"development","host":"5092de2cedc3","level":"info","message":"HTTP request end","request_id":"24ad61bc-2dd2-46ae-89ec-b162ffda6d64","service":"task-manager","status_code":401,"timestamp":"2026-02-12T22:51:51.500Z"}
{"body_size_bytes":0,"environment":"development","host":"5092de2cedc3","level":"info","message":"HTTP request start","method":"GET","request_id":"66fb9ed1-cfd2-4943-b80b-062e48217eba","route":"/api/v1/tasks/6920e485997fd01bfe2282bb","service":"task-manager","timestamp":"2026-02-12T22:52:24.129Z","user_id":"anonymous"}
{"environment":"development","host":"5092de2cedc3","level":"info","message":"userAuth - no token provided","method":"GET","path":"/6920e485997fd01bfe2282bb","service":"task-manager","timestamp":"2026-02-12T22:52:24.131Z"}
{"environment":"development","host":"5092de2cedc3","level":"warn","message":"Unauthorized access attempt - no user in request","method":"GET","path":"/api/v1/tasks/6920e485997fd01bfe2282bb","service":"task-manager","timestamp":"2026-02-12T22:52:24.132Z"}
{"body":{},"environment":"development","host":"5092de2cedc3","level":"error","message":"Express error caught Unauthorized: User not authenticated","method":"GET","path":"/api/v1/tasks/6920e485997fd01bfe2282bb","service":"task-manager","status":401,"timestamp":"2026-02-12T22:52:24.134Z","user":"anonymous"}
{"duration":"0.011s","environment":"development","host":"5092de2cedc3","level":"info","message":"HTTP request end","request_id":"66fb9ed1-cfd2-4943-b80b-062e48217eba","service":"task-manager","status_code":401,"timestamp":"2026-02-12T22:52:24.140Z"}
{"body_size_bytes":0,"environment":"development","host":"5092de2cedc3","level":"info","message":"HTTP request start","method":"GET","request_id":"8d6e557a-b1d6-4fa4-b38f-cbaac6e66655","route":"/api/v1/tasks/6920e485997fd01bfe2282bb","service":"task-manager","timestamp":"2026-02-12T22:52:28.534Z","user_id":"anonymous"}
{"environment":"development","host":"5092de2cedc3","level":"info","message":"userAuth - no token provided","method":"GET","path":"/6920e485997fd01bfe2282bb","service":"task-manager","timestamp":"2026-02-12T22:52:28.535Z"}
{"environment":"development","host":"5092de2cedc3","level":"warn","message":"Unauthorized access attempt - no user in request","method":"GET","path":"/api/v1/tasks/6920e485997fd01bfe2282bb","service":"task-manager","timestamp":"2026-02-12T22:52:28.536Z"}
{"body":{},"environment":"development","host":"5092de2cedc3","level":"error","message":"Express error caught Unauthorized: User not authenticated","method":"GET","path":"/api/v1/tasks/6920e485997fd01bfe2282bb","service":"task-manager","status":401,"timestamp":"2026-02-12T22:52:28.536Z","user":"anonymous"}
{"duration":"0.003s","environment":"development","host":"5092de2cedc3","level":"info","message":"HTTP request end","request_id":"8d6e557a-b1d6-4fa4-b38f-cbaac6e66655","service":"task-manager","status_code":401,"timestamp":"2026-02-12T22:52:28.538Z"}
{"body_size_bytes":0,"environment":"development","host":"5092de2cedc3","level":"info","message":"HTTP request start","method":"GET","request_id":"e97dcd57-20f4-4f2f-91f4-9d7d4e363db1","route":"/api/v1/tasks/6920e485997fd01bfe2282bb","service":"task-manager","timestamp":"2026-02-12T22:52:30.245Z","user_id":"anonymous"}
{"environment":"development","host":"5092de2cedc3","level":"info","message":"userAuth - no token provided","method":"GET","path":"/6920e485997fd01bfe2282bb","service":"task-manager","timestamp":"2026-02-12T22:52:30.246Z"}
{"environment":"development","host":"5092de2cedc3","level":"warn","message":"Unauthorized access attempt - no user in request","method":"GET","path":"/api/v1/tasks/6920e485997fd01bfe2282bb","service":"task-manager","timestamp":"2026-02-12T22:52:30.246Z"}
{"body":{},"environment":"development","host":"5092de2cedc3","level":"error","message":"Express error caught Unauthorized: User not authenticated","method":"GET","path":"/api/v1/tasks/6920e485997fd01bfe2282bb","service":"task-manager","status":401,"timestamp":"2026-02-12T22:52:30.247Z","user":"anonymous"}
{"duration":"0.003s","environment":"development","host":"5092de2cedc3","level":"info","message":"HTTP request end","request_id":"e97dcd57-20f4-4f2f-91f4-9d7d4e363db1","service":"task-manager","status_code":401,"timestamp":"2026-02-12T22:52:30.248Z"}
{"body_size_bytes":0,"environment":"development","host":"5092de2cedc3","level":"info","message":"HTTP request start","method":"GET","request_id":"c7d51e0f-b92f-41b2-9d3f-154e9b78ddc2","route":"/api/v1/tasks/6920e485997fd01bfe2282bb","service":"task-manager","timestamp":"2026-02-12T22:52:44.419Z","user_id":"anonymous"}
{"environment":"development","host":"5092de2cedc3","level":"info","message":"userAuth - no token provided","method":"GET","path":"/6920e485997fd01bfe2282bb","service":"task-manager","timestamp":"2026-02-12T22:52:44.420Z"}
{"environment":"development","host":"5092de2cedc3","level":"warn","message":"Unauthorized access attempt - no user in request","method":"GET","path":"/api/v1/tasks/6920e485997fd01bfe2282bb","service":"task-manager","timestamp":"2026-02-12T22:52:44.421Z"}
{"body":{},"environment":"development","host":"5092de2cedc3","level":"error","message":"Express error caught Unauthorized: User not authenticated","method":"GET","path":"/api/v1/tasks/6920e485997fd01bfe2282bb","service":"task-manager","status":401,"timestamp":"2026-02-12T22:52:44.421Z","user":"anonymous"}
{"duration":"0.004s","environment":"development","host":"5092de2cedc3","level":"info","message":"HTTP request end","request_id":"c7d51e0f-b92f-41b2-9d3f-154e9b78ddc2","service":"task-manager","status_code":401,"timestamp":"2026-02-12T22:52:44.423Z"}
{"body_size_bytes":0,"environment":"development","host":"5092de2cedc3","level":"info","message":"HTTP request start","method":"GET","request_id":"80dbd679-3ae0-487d-b594-e56b0fbb0ac5","route":"/api/v1/tasks/6920e485997fd01bfe2282bb/paginate","service":"task-manager","timestamp":"2026-02-12T23:01:30.051Z","user_id":"anonymous"}
{"duration":"0.003s","environment":"development","host":"5092de2cedc3","level":"info","message":"HTTP request end","request_id":"80dbd679-3ae0-487d-b594-e56b0fbb0ac5","service":"task-manager","status_code":404,"timestamp":"2026-02-12T23:01:30.053Z"}
{"body_size_bytes":0,"environment":"development","host":"7028f2ce58a4","level":"info","message":"HTTP request start","method":"GET","request_id":"bf698431-5368-447c-a684-48547159196f","route":"/api/v1/tasks/6920e485997fd01bfe2282bb/paginate","service":"task-manager","timestamp":"2026-02-12T23:29:22.387Z","user_id":"anonymous"}
{"environment":"development","host":"7028f2ce58a4","level":"info","message":"userAuth - no token provided","method":"GET","path":"/6920e485997fd01bfe2282bb/paginate","service":"task-manager","timestamp":"2026-02-12T23:29:22.392Z"}
{"environment":"development","host":"7028f2ce58a4","level":"warn","message":"Unauthorized access attempt - no user in request","method":"GET","path":"/api/v1/tasks/6920e485997fd01bfe2282bb/paginate","service":"task-manager","timestamp":"2026-02-12T23:29:22.394Z"}
{"body":{},"environment":"development","host":"7028f2ce58a4","level":"error","message":"Express error caught Unauthorized: User not authenticated","method":"GET","path":"/api/v1/tasks/6920e485997fd01bfe2282bb/paginate","service":"task-manager","status":401,"timestamp":"2026-02-12T23:29:22.395Z","user":"anonymous"}
{"duration":"0.020s","environment":"development","host":"7028f2ce58a4","level":"info","message":"HTTP request end","request_id":"bf698431-5368-447c-a684-48547159196f","service":"task-manager","status_code":401,"timestamp":"2026-02-12T23:29:22.406Z"}
{"body_size_bytes":56,"environment":"development","host":"7028f2ce58a4","level":"info","message":"HTTP request start","method":"POST","request_id":"ca7200e2-6318-482e-a5ee-2ddbfb136fec","route":"/api/v1/auth/users/login","service":"task-manager","timestamp":"2026-02-12T23:29:34.522Z","user_id":"anonymous"}
{"body":{"email":"a.badila@laposte.net","password":"Amina35@"},"environment":"development","host":"7028f2ce58a4","level":"info","message":"loginAccount - start","method":"POST","route":"/api/v1/auth/users/login","service":"task-manager","timestamp":"2026-02-12T23:29:34.524Z"}
{"email":"a.badila@laposte.net","environment":"development","host":"7028f2ce58a4","level":"info","message":"loginAccount - user logged in successfully","service":"task-manager","timestamp":"2026-02-12T23:29:34.623Z","userId":"6920e485997fd01bfe2282bb"}
{"duration":"0.103s","environment":"development","host":"7028f2ce58a4","level":"info","message":"HTTP request end","request_id":"ca7200e2-6318-482e-a5ee-2ddbfb136fec","service":"task-manager","status_code":200,"timestamp":"2026-02-12T23:29:34.626Z"}
{"body_size_bytes":0,"environment":"development","host":"7028f2ce58a4","level":"info","message":"HTTP request start","method":"GET","request_id":"d2f2cb90-1892-410d-9051-e41a5870f710","route":"/api/v1/tasks/6920e485997fd01bfe2282bb/paginate","service":"task-manager","timestamp":"2026-02-12T23:29:45.288Z","user_id":"anonymous"}
{"environment":"development","host":"7028f2ce58a4","level":"info","message":"userAuth - token verified successfully","service":"task-manager","timestamp":"2026-02-12T23:29:45.293Z","userId":"6920e485997fd01bfe2282bb"}
{"allowedRoles":["user","admin"],"environment":"development","host":"7028f2ce58a4","level":"info","message":"Role check initiated","method":"GET","path":"/api/v1/tasks/6920e485997fd01bfe2282bb/paginate","service":"task-manager","timestamp":"2026-02-12T23:29:45.293Z","userId":"6920e485997fd01bfe2282bb","userRole":"user"}
{"environment":"development","host":"7028f2ce58a4","level":"info","message":"Role authorized successfully","path":"/api/v1/tasks/6920e485997fd01bfe2282bb/paginate","role":"user","service":"task-manager","timestamp":"2026-02-12T23:29:45.294Z","userId":"6920e485997fd01bfe2282bb"}
{"duration":"0.133s","environment":"development","host":"7028f2ce58a4","level":"info","message":"HTTP request end","request_id":"d2f2cb90-1892-410d-9051-e41a5870f710","service":"task-manager","status_code":200,"timestamp":"2026-02-12T23:29:45.421Z"}
{"body_size_bytes":0,"environment":"development","host":"7028f2ce58a4","level":"info","message":"HTTP request start","method":"GET","request_id":"3a0b04df-f4b8-4c88-9b41-29c36ed5d6f5","route":"/api/v1/tasks/6920e485997fd01bfe2282bb/tasks","service":"task-manager","timestamp":"2026-02-12T23:30:27.273Z","user_id":"anonymous"}
{"environment":"development","host":"7028f2ce58a4","level":"info","message":"userAuth - token verified successfully","service":"task-manager","timestamp":"2026-02-12T23:30:27.276Z","userId":"6920e485997fd01bfe2282bb"}
{"allowedRoles":["user","admin"],"environment":"development","host":"7028f2ce58a4","level":"info","message":"Role check initiated","method":"GET","path":"/api/v1/tasks/6920e485997fd01bfe2282bb/tasks","service":"task-manager","timestamp":"2026-02-12T23:30:27.276Z","userId":"6920e485997fd01bfe2282bb","userRole":"user"}
{"environment":"development","host":"7028f2ce58a4","level":"info","message":"Role authorized successfully","path":"/api/v1/tasks/6920e485997fd01bfe2282bb/tasks","role":"user","service":"task-manager","timestamp":"2026-02-12T23:30:27.276Z","userId":"6920e485997fd01bfe2282bb"}
{"count":19,"environment":"development","host":"7028f2ce58a4","level":"info","message":"8 - Tasks fetched from DB and cached successfully","requestedBy":"6920e485997fd01bfe2282bb","service":"task-manager","timestamp":"2026-02-12T23:30:27.298Z"}
{"duration":"0.029s","environment":"development","host":"7028f2ce58a4","level":"info","message":"HTTP request end","request_id":"3a0b04df-f4b8-4c88-9b41-29c36ed5d6f5","service":"task-manager","status_code":200,"timestamp":"2026-02-12T23:30:27.302Z"}
{"body_size_bytes":0,"environment":"development","host":"7028f2ce58a4","level":"info","message":"HTTP request start","method":"GET","request_id":"5a738c37-aa82-43c9-800c-03a7f2b168a8","route":"/api/v1/tasks/6920e485997fd01bfe2282bb/paginate","service":"task-manager","timestamp":"2026-02-12T23:32:53.624Z","user_id":"anonymous"}
{"environment":"development","host":"7028f2ce58a4","level":"info","message":"userAuth - token verified successfully","service":"task-manager","timestamp":"2026-02-12T23:32:53.627Z","userId":"6920e485997fd01bfe2282bb"}
{"allowedRoles":["user","admin"],"environment":"development","host":"7028f2ce58a4","level":"info","message":"Role check initiated","method":"GET","path":"/api/v1/tasks/6920e485997fd01bfe2282bb/paginate","service":"task-manager","timestamp":"2026-02-12T23:32:53.627Z","userId":"6920e485997fd01bfe2282bb","userRole":"user"}
{"environment":"development","host":"7028f2ce58a4","level":"info","message":"Role authorized successfully","path":"/api/v1/tasks/6920e485997fd01bfe2282bb/paginate","role":"user","service":"task-manager","timestamp":"2026-02-12T23:32:53.627Z","userId":"6920e485997fd01bfe2282bb"}
{"duration":"0.012s","environment":"development","host":"7028f2ce58a4","level":"info","message":"HTTP request end","request_id":"5a738c37-aa82-43c9-800c-03a7f2b168a8","service":"task-manager","status_code":200,"timestamp":"2026-02-12T23:32:53.636Z"}
{"body_size_bytes":0,"environment":"development","host":"7028f2ce58a4","level":"info","message":"HTTP request start","method":"GET","request_id":"cec2440f-c117-4e44-b3e5-60483a02527e","route":"/api/v1/tasks/6920e485997fd01bfe2282bb/paginate","service":"task-manager","timestamp":"2026-02-12T23:33:13.249Z","user_id":"anonymous"}
{"environment":"development","host":"7028f2ce58a4","level":"info","message":"userAuth - token verified successfully","service":"task-manager","timestamp":"2026-02-12T23:33:13.252Z","userId":"6920e485997fd01bfe2282bb"}
{"allowedRoles":["user","admin"],"environment":"development","host":"7028f2ce58a4","level":"info","message":"Role check initiated","method":"GET","path":"/api/v1/tasks/6920e485997fd01bfe2282bb/paginate","service":"task-manager","timestamp":"2026-02-12T23:33:13.252Z","userId":"6920e485997fd01bfe2282bb","userRole":"user"}
{"environment":"development","host":"7028f2ce58a4","level":"info","message":"Role authorized successfully","path":"/api/v1/tasks/6920e485997fd01bfe2282bb/paginate","role":"user","service":"task-manager","timestamp":"2026-02-12T23:33:13.252Z","userId":"6920e485997fd01bfe2282bb"}
{"duration":"0.010s","environment":"development","host":"7028f2ce58a4","level":"info","message":"HTTP request end","request_id":"cec2440f-c117-4e44-b3e5-60483a02527e","service":"task-manager","status_code":200,"timestamp":"2026-02-12T23:33:13.259Z"}
{"body_size_bytes":0,"environment":"development","host":"7028f2ce58a4","level":"info","message":"HTTP request start","method":"GET","request_id":"2ade9b7d-f580-4826-9d22-9989c36a5e55","route":"/api/v1/tasks/6920e485997fd01bfe2282bb/paginate","service":"task-manager","timestamp":"2026-02-12T23:33:33.891Z","user_id":"anonymous"}
{"environment":"development","host":"7028f2ce58a4","level":"info","message":"userAuth - token verified successfully","service":"task-manager","timestamp":"2026-02-12T23:33:33.893Z","userId":"6920e485997fd01bfe2282bb"}
{"allowedRoles":["user","admin"],"environment":"development","host":"7028f2ce58a4","level":"info","message":"Role check initiated","method":"GET","path":"/api/v1/tasks/6920e485997fd01bfe2282bb/paginate","service":"task-manager","timestamp":"2026-02-12T23:33:33.894Z","userId":"6920e485997fd01bfe2282bb","userRole":"user"}
{"environment":"development","host":"7028f2ce58a4","level":"info","message":"Role authorized successfully","path":"/api/v1/tasks/6920e485997fd01bfe2282bb/paginate","role":"user","service":"task-manager","timestamp":"2026-02-12T23:33:33.894Z","userId":"6920e485997fd01bfe2282bb"}
{"duration":"0.011s","environment":"development","host":"7028f2ce58a4","level":"info","message":"HTTP request end","request_id":"2ade9b7d-f580-4826-9d22-9989c36a5e55","service":"task-manager","status_code":200,"timestamp":"2026-02-12T23:33:33.902Z"}
{"body_size_bytes":0,"environment":"development","host":"7028f2ce58a4","level":"info","message":"HTTP request start","method":"GET","request_id":"14ec651f-6ce5-45ac-9198-3ba86d0c59d4","route":"/api/v1/tasks/6920e485997fd01bfe2282bb/paginate","service":"task-manager","timestamp":"2026-02-12T23:34:00.226Z","user_id":"anonymous"}
{"environment":"development","host":"7028f2ce58a4","level":"info","message":"userAuth - token verified successfully","service":"task-manager","timestamp":"2026-02-12T23:34:00.228Z","userId":"6920e485997fd01bfe2282bb"}
{"allowedRoles":["user","admin"],"environment":"development","host":"7028f2ce58a4","level":"info","message":"Role check initiated","method":"GET","path":"/api/v1/tasks/6920e485997fd01bfe2282bb/paginate","service":"task-manager","timestamp":"2026-02-12T23:34:00.229Z","userId":"6920e485997fd01bfe2282bb","userRole":"user"}
{"environment":"development","host":"7028f2ce58a4","level":"info","message":"Role authorized successfully","path":"/api/v1/tasks/6920e485997fd01bfe2282bb/paginate","role":"user","service":"task-manager","timestamp":"2026-02-12T23:34:00.229Z","userId":"6920e485997fd01bfe2282bb"}
{"duration":"0.010s","environment":"development","host":"7028f2ce58a4","level":"info","message":"HTTP request end","request_id":"14ec651f-6ce5-45ac-9198-3ba86d0c59d4","service":"task-manager","status_code":200,"timestamp":"2026-02-12T23:34:00.236Z"}
{"body_size_bytes":0,"environment":"development","host":"7028f2ce58a4","level":"info","message":"HTTP request start","method":"GET","request_id":"174c5adf-6955-4407-a740-f4d1576262fb","route":"/api/v1/tasks/6920e485997fd01bfe2282bb/paginate","service":"task-manager","timestamp":"2026-02-12T23:34:02.165Z","user_id":"anonymous"}
{"environment":"development","host":"7028f2ce58a4","level":"info","message":"userAuth - token verified successfully","service":"task-manager","timestamp":"2026-02-12T23:34:02.167Z","userId":"6920e485997fd01bfe2282bb"}
{"allowedRoles":["user","admin"],"environment":"development","host":"7028f2ce58a4","level":"info","message":"Role check initiated","method":"GET","path":"/api/v1/tasks/6920e485997fd01bfe2282bb/paginate","service":"task-manager","timestamp":"2026-02-12T23:34:02.167Z","userId":"6920e485997fd01bfe2282bb","userRole":"user"}
{"environment":"development","host":"7028f2ce58a4","level":"info","message":"Role authorized successfully","path":"/api/v1/tasks/6920e485997fd01bfe2282bb/paginate","role":"user","service":"task-manager","timestamp":"2026-02-12T23:34:02.167Z","userId":"6920e485997fd01bfe2282bb"}
{"duration":"0.010s","environment":"development","host":"7028f2ce58a4","level":"info","message":"HTTP request end","request_id":"174c5adf-6955-4407-a740-f4d1576262fb","service":"task-manager","status_code":200,"timestamp":"2026-02-12T23:34:02.175Z"}
{"body_size_bytes":0,"environment":"development","host":"a0c9f7c5f1eb","level":"info","message":"HTTP request start","method":"GET","request_id":"bb812338-0bc7-4a4f-aaa5-bae6a7142e85","route":"/api/v1/tasks/6920e485997fd01bfe2282bb/paginate","service":"task-manager","timestamp":"2026-02-12T23:37:39.299Z","user_id":"anonymous"}
{"environment":"development","host":"a0c9f7c5f1eb","level":"info","message":"userAuth - token verified successfully","service":"task-manager","timestamp":"2026-02-12T23:37:39.309Z","userId":"6920e485997fd01bfe2282bb"}
{"allowedRoles":["user","admin"],"environment":"development","host":"a0c9f7c5f1eb","level":"info","message":"Role check initiated","method":"GET","path":"/api/v1/tasks/6920e485997fd01bfe2282bb/paginate","service":"task-manager","timestamp":"2026-02-12T23:37:39.310Z","userId":"6920e485997fd01bfe2282bb","userRole":"user"}
{"environment":"development","host":"a0c9f7c5f1eb","level":"info","message":"Role authorized successfully","path":"/api/v1/tasks/6920e485997fd01bfe2282bb/paginate","role":"user","service":"task-manager","timestamp":"2026-02-12T23:37:39.311Z","userId":"6920e485997fd01bfe2282bb"}
{"duration":"0.056s","environment":"development","host":"a0c9f7c5f1eb","level":"info","message":"HTTP request end","request_id":"bb812338-0bc7-4a4f-aaa5-bae6a7142e85","service":"task-manager","status_code":200,"timestamp":"2026-02-12T23:37:39.356Z"}
{"body_size_bytes":0,"environment":"development","host":"a0c9f7c5f1eb","level":"info","message":"HTTP request start","method":"GET","request_id":"ab9491ec-c083-4d09-8fca-1531cedebe10","route":"/api/v1/tasks/6920e485997fd01bfe2282bb/paginate","service":"task-manager","timestamp":"2026-02-12T23:38:37.125Z","user_id":"anonymous"}
{"environment":"development","host":"a0c9f7c5f1eb","level":"info","message":"userAuth - token verified successfully","service":"task-manager","timestamp":"2026-02-12T23:38:37.128Z","userId":"6920e485997fd01bfe2282bb"}
{"allowedRoles":["user","admin"],"environment":"development","host":"a0c9f7c5f1eb","level":"info","message":"Role check initiated","method":"GET","path":"/api/v1/tasks/6920e485997fd01bfe2282bb/paginate?page=2","service":"task-manager","timestamp":"2026-02-12T23:38:37.128Z","userId":"6920e485997fd01bfe2282bb","userRole":"user"}
{"environment":"development","host":"a0c9f7c5f1eb","level":"info","message":"Role authorized successfully","path":"/api/v1/tasks/6920e485997fd01bfe2282bb/paginate?page=2","role":"user","service":"task-manager","timestamp":"2026-02-12T23:38:37.129Z","userId":"6920e485997fd01bfe2282bb"}
{"duration":"0.014s","environment":"development","host":"a0c9f7c5f1eb","level":"info","message":"HTTP request end","request_id":"ab9491ec-c083-4d09-8fca-1531cedebe10","service":"task-manager","status_code":200,"timestamp":"2026-02-12T23:38:37.139Z"}
{"body_size_bytes":0,"environment":"development","host":"a0c9f7c5f1eb","level":"info","message":"HTTP request start","method":"GET","request_id":"90f7a334-bda3-4a5a-aa25-ccfa87752a5f","route":"/api/v1/tasks/6920e485997fd01bfe2282bb/paginate","service":"task-manager","timestamp":"2026-02-12T23:39:20.062Z","user_id":"anonymous"}
{"environment":"development","host":"a0c9f7c5f1eb","level":"info","message":"userAuth - token verified successfully","service":"task-manager","timestamp":"2026-02-12T23:39:20.065Z","userId":"6920e485997fd01bfe2282bb"}
{"allowedRoles":["user","admin"],"environment":"development","host":"a0c9f7c5f1eb","level":"info","message":"Role check initiated","method":"GET","path":"/api/v1/tasks/6920e485997fd01bfe2282bb/paginate?page=2?limit=5","service":"task-manager","timestamp":"2026-02-12T23:39:20.065Z","userId":"6920e485997fd01bfe2282bb","userRole":"user"}
{"environment":"development","host":"a0c9f7c5f1eb","level":"info","message":"Role authorized successfully","path":"/api/v1/tasks/6920e485997fd01bfe2282bb/paginate?page=2?limit=5","role":"user","service":"task-manager","timestamp":"2026-02-12T23:39:20.065Z","userId":"6920e485997fd01bfe2282bb"}
{"duration":"0.011s","environment":"development","host":"a0c9f7c5f1eb","level":"info","message":"HTTP request end","request_id":"90f7a334-bda3-4a5a-aa25-ccfa87752a5f","service":"task-manager","status_code":200,"timestamp":"2026-02-12T23:39:20.073Z"}
{"body_size_bytes":0,"environment":"development","host":"a0c9f7c5f1eb","level":"info","message":"HTTP request start","method":"GET","request_id":"3ef270e6-32ec-4d37-b76c-eb722e9cb2db","route":"/api/v1/tasks/6920e485997fd01bfe2282bb/paginate","service":"task-manager","timestamp":"2026-02-12T23:39:29.364Z","user_id":"anonymous"}
{"environment":"development","host":"a0c9f7c5f1eb","level":"info","message":"userAuth - token verified successfully","service":"task-manager","timestamp":"2026-02-12T23:39:29.366Z","userId":"6920e485997fd01bfe2282bb"}
{"allowedRoles":["user","admin"],"environment":"development","host":"a0c9f7c5f1eb","level":"info","message":"Role check initiated","method":"GET","path":"/api/v1/tasks/6920e485997fd01bfe2282bb/paginate?page=2?limit=5","service":"task-manager","timestamp":"2026-02-12T23:39:29.366Z","userId":"6920e485997fd01bfe2282bb","userRole":"user"}
{"environment":"development","host":"a0c9f7c5f1eb","level":"info","message":"Role authorized successfully","path":"/api/v1/tasks/6920e485997fd01bfe2282bb/paginate?page=2?limit=5","role":"user","service":"task-manager","timestamp":"2026-02-12T23:39:29.367Z","userId":"6920e485997fd01bfe2282bb"}
{"duration":"0.012s","environment":"development","host":"a0c9f7c5f1eb","level":"info","message":"HTTP request end","request_id":"3ef270e6-32ec-4d37-b76c-eb722e9cb2db","service":"task-manager","status_code":200,"timestamp":"2026-02-12T23:39:29.375Z"}
{"body_size_bytes":0,"environment":"development","host":"a0c9f7c5f1eb","level":"info","message":"HTTP request start","method":"GET","request_id":"62824b99-b466-4e96-b604-7e7a5f7df05f","route":"/api/v1/tasks/6920e485997fd01bfe2282bb/paginate","service":"task-manager","timestamp":"2026-02-12T23:40:24.842Z","user_id":"anonymous"}
{"environment":"development","host":"a0c9f7c5f1eb","level":"info","message":"userAuth - token verified successfully","service":"task-manager","timestamp":"2026-02-12T23:40:24.845Z","userId":"6920e485997fd01bfe2282bb"}
{"allowedRoles":["user","admin"],"environment":"development","host":"a0c9f7c5f1eb","level":"info","message":"Role check initiated","method":"GET","path":"/api/v1/tasks/6920e485997fd01bfe2282bb/paginate?page=2?limit=5","service":"task-manager","timestamp":"2026-02-12T23:40:24.845Z","userId":"6920e485997fd01bfe2282bb","userRole":"user"}
{"environment":"development","host":"a0c9f7c5f1eb","level":"info","message":"Role authorized successfully","path":"/api/v1/tasks/6920e485997fd01bfe2282bb/paginate?page=2?limit=5","role":"user","service":"task-manager","timestamp":"2026-02-12T23:40:24.845Z","userId":"6920e485997fd01bfe2282bb"}
{"duration":"0.013s","environment":"development","host":"a0c9f7c5f1eb","level":"info","message":"HTTP request end","request_id":"62824b99-b466-4e96-b604-7e7a5f7df05f","service":"task-manager","status_code":200,"timestamp":"2026-02-12T23:40:24.855Z"}
{"body_size_bytes":0,"environment":"development","host":"a0c9f7c5f1eb","level":"info","message":"HTTP request start","method":"GET","request_id":"158d8333-3420-472e-b07f-90f81ca285c2","route":"/api/v1/tasks/6920e485997fd01bfe2282bb/paginate","service":"task-manager","timestamp":"2026-02-12T23:41:19.018Z","user_id":"anonymous"}
{"environment":"development","host":"a0c9f7c5f1eb","level":"info","message":"userAuth - token verified successfully","service":"task-manager","timestamp":"2026-02-12T23:41:19.020Z","userId":"6920e485997fd01bfe2282bb"}
{"allowedRoles":["user","admin"],"environment":"development","host":"a0c9f7c5f1eb","level":"info","message":"Role check initiated","method":"GET","path":"/api/v1/tasks/6920e485997fd01bfe2282bb/paginate?page=1","service":"task-manager","timestamp":"2026-02-12T23:41:19.021Z","userId":"6920e485997fd01bfe2282bb","userRole":"user"}
{"environment":"development","host":"a0c9f7c5f1eb","level":"info","message":"Role authorized successfully","path":"/api/v1/tasks/6920e485997fd01bfe2282bb/paginate?page=1","role":"user","service":"task-manager","timestamp":"2026-02-12T23:41:19.021Z","userId":"6920e485997fd01bfe2282bb"}
{"duration":"0.011s","environment":"development","host":"a0c9f7c5f1eb","level":"info","message":"HTTP request end","request_id":"158d8333-3420-472e-b07f-90f81ca285c2","service":"task-manager","status_code":200,"timestamp":"2026-02-12T23:41:19.029Z"}
{"body_size_bytes":0,"environment":"development","host":"a0c9f7c5f1eb","level":"info","message":"HTTP request start","method":"GET","request_id":"606b0992-d260-497a-b037-dac6d7f025a2","route":"/api/v1/tasks/6920e485997fd01bfe2282bb/paginate","service":"task-manager","timestamp":"2026-02-12T23:41:47.786Z","user_id":"anonymous"}
{"environment":"development","host":"a0c9f7c5f1eb","level":"info","message":"userAuth - token verified successfully","service":"task-manager","timestamp":"2026-02-12T23:41:47.788Z","userId":"6920e485997fd01bfe2282bb"}
{"allowedRoles":["user","admin"],"environment":"development","host":"a0c9f7c5f1eb","level":"info","message":"Role check initiated","method":"GET","path":"/api/v1/tasks/6920e485997fd01bfe2282bb/paginate?page=1&limit=5","service":"task-manager","timestamp":"2026-02-12T23:41:47.789Z","userId":"6920e485997fd01bfe2282bb","userRole":"user"}
{"environment":"development","host":"a0c9f7c5f1eb","level":"info","message":"Role authorized successfully","path":"/api/v1/tasks/6920e485997fd01bfe2282bb/paginate?page=1&limit=5","role":"user","service":"task-manager","timestamp":"2026-02-12T23:41:47.789Z","userId":"6920e485997fd01bfe2282bb"}
{"duration":"0.010s","environment":"development","host":"a0c9f7c5f1eb","level":"info","message":"HTTP request end","request_id":"606b0992-d260-497a-b037-dac6d7f025a2","service":"task-manager","status_code":200,"timestamp":"2026-02-12T23:41:47.796Z"}
